2017-07-26 19:45:03,660 INFO o.a.j.u.JMeterUtils: Setting Locale to en_US
2017-07-26 19:45:03,670 INFO o.a.j.JMeter: Loading user properties from: /Users/jeb228/Software/forMac/JMeter/apache-jmeter-3.2/bin/user.properties
2017-07-26 19:45:03,671 INFO o.a.j.JMeter: Loading system properties from: /Users/jeb228/Software/forMac/JMeter/apache-jmeter-3.2/bin/system.properties
2017-07-26 19:45:03,672 INFO o.a.j.JMeter: Setting JMeter property: dir.base=/Users/jeb228/Development/DataDistributionAPI/testing/tests_and_results/OrganizationResearchAreas/_results
2017-07-26 19:45:03,672 INFO o.a.j.JMeter: Setting JMeter property: dir.output=/Users/jeb228/Development/DataDistributionAPI/testing/tests_and_results/OrganizationResearchAreas/_results/vivo_ora_drill_L6_1
2017-07-26 19:45:03,672 INFO o.a.j.JMeter: Setting JMeter property: context.path=vivo
2017-07-26 19:45:03,672 INFO o.a.j.JMeter: Setting JMeter property: action.name=ora_drill_L6
2017-07-26 19:45:03,672 INFO o.a.j.JMeter: Setting JMeter property: file.uris=/Users/jeb228/Development/DataDistributionAPI/testing/tests_and_results/OrganizationResearchAreas/OrganizationUris.csv
2017-07-26 19:45:03,672 INFO o.a.j.JMeter: Setting JMeter property: sample_variables=LABEL
2017-07-26 19:45:03,676 INFO o.a.j.JMeter: Copyright (c) 1998-2017 The Apache Software Foundation
2017-07-26 19:45:03,676 INFO o.a.j.JMeter: Version 3.2 r1790748
2017-07-26 19:45:03,676 INFO o.a.j.JMeter: java.version=1.8.0_131
2017-07-26 19:45:03,676 INFO o.a.j.JMeter: java.vm.name=Java HotSpot(TM) 64-Bit Server VM
2017-07-26 19:45:03,676 INFO o.a.j.JMeter: os.name=Mac OS X
2017-07-26 19:45:03,676 INFO o.a.j.JMeter: os.arch=x86_64
2017-07-26 19:45:03,676 INFO o.a.j.JMeter: os.version=10.12.6
2017-07-26 19:45:03,676 INFO o.a.j.JMeter: file.encoding=UTF-8
2017-07-26 19:45:03,676 INFO o.a.j.JMeter: Max memory     =536870912
2017-07-26 19:45:03,676 INFO o.a.j.JMeter: Available Processors =4
2017-07-26 19:45:03,679 INFO o.a.j.JMeter: Default Locale=English (United States)
2017-07-26 19:45:03,679 INFO o.a.j.JMeter: JMeter  Locale=English (United States)
2017-07-26 19:45:03,679 INFO o.a.j.JMeter: JMeterHome=/Users/jeb228/Software/forMac/JMeter/apache-jmeter-3.2
2017-07-26 19:45:03,679 INFO o.a.j.JMeter: user.dir  =/Users/jeb228/Development/DataDistributionAPI/testing/tests_and_results/OrganizationResearchAreas/_results
2017-07-26 19:45:03,679 INFO o.a.j.JMeter: PWD       =/Users/jeb228/Development/DataDistributionAPI/testing/tests_and_results/OrganizationResearchAreas/_results
2017-07-26 19:45:03,685 INFO o.a.j.JMeter: IP: 10.0.1.36 Name: lib-jeb228-maclap.local FullName: 10.0.1.36
2017-07-26 19:45:03,688 INFO o.a.j.s.FileServer: Default base='/Users/jeb228/Development/DataDistributionAPI/testing/tests_and_results/OrganizationResearchAreas/_results'
2017-07-26 19:45:03,688 INFO o.a.j.s.FileServer: Set new base='/Users/jeb228/Development/DataDistributionAPI/testing/tests_and_results/OrganizationResearchAreas'
2017-07-26 19:45:03,770 INFO o.a.j.s.SaveService: Testplan (JMX) version: 2.2. Testlog (JTL) version: 2.2
2017-07-26 19:45:03,780 INFO o.a.j.s.SaveService: Using SaveService properties file encoding UTF-8
2017-07-26 19:45:03,792 INFO o.a.j.s.SaveService: Using SaveService properties version 3.2
2017-07-26 19:45:03,798 INFO o.a.j.s.SaveService: Loading file: /Users/jeb228/Development/DataDistributionAPI/testing/tests_and_results/OrganizationResearchAreas/OrganizationResearchAreas.jmx
2017-07-26 19:45:03,832 INFO o.a.j.p.h.s.HTTPSamplerBase: Parser for text/html is org.apache.jmeter.protocol.http.parser.LagartoBasedHtmlParser
2017-07-26 19:45:03,832 INFO o.a.j.p.h.s.HTTPSamplerBase: Parser for application/xhtml+xml is org.apache.jmeter.protocol.http.parser.LagartoBasedHtmlParser
2017-07-26 19:45:03,832 INFO o.a.j.p.h.s.HTTPSamplerBase: Parser for application/xml is org.apache.jmeter.protocol.http.parser.LagartoBasedHtmlParser
2017-07-26 19:45:03,832 INFO o.a.j.p.h.s.HTTPSamplerBase: Parser for text/xml is org.apache.jmeter.protocol.http.parser.LagartoBasedHtmlParser
2017-07-26 19:45:03,832 INFO o.a.j.p.h.s.HTTPSamplerBase: Parser for text/vnd.wap.wml is org.apache.jmeter.protocol.http.parser.RegexpHTMLParser
2017-07-26 19:45:03,832 INFO o.a.j.p.h.s.HTTPSamplerBase: Parser for text/css is org.apache.jmeter.protocol.http.parser.CssParser
2017-07-26 19:45:03,839 INFO o.a.j.JMeter: Creating summariser <summary>
2017-07-26 19:45:03,846 INFO o.a.j.e.StandardJMeterEngine: Running the test!
2017-07-26 19:45:03,847 INFO o.a.j.s.SampleEvent: List of sample_variables: [LABEL]
2017-07-26 19:45:03,847 INFO o.a.j.s.SampleEvent: List of sample_variables: [LABEL]
2017-07-26 19:45:03,850 INFO o.a.j.e.u.CompoundVariable: Note: Function class names must contain the string: '.functions.'
2017-07-26 19:45:03,850 INFO o.a.j.e.u.CompoundVariable: Note: Function class names must not contain the string: '.gui.'
2017-07-26 19:45:04,077 INFO o.a.j.JMeter: Running test (1501112704077)
2017-07-26 19:45:04,109 INFO o.a.j.e.StandardJMeterEngine: Starting ThreadGroup: 1 : The thread Group
2017-07-26 19:45:04,109 INFO o.a.j.e.StandardJMeterEngine: Starting 1 threads for group The thread Group.
2017-07-26 19:45:04,109 INFO o.a.j.e.StandardJMeterEngine: Thread will continue on error
2017-07-26 19:45:04,110 INFO o.a.j.t.ThreadGroup: Starting thread group... number=1 threads=1 ramp-up=1 perThread=1000.0 delayedStart=false
2017-07-26 19:45:04,113 INFO o.a.j.t.ThreadGroup: Started thread group number 1
2017-07-26 19:45:04,113 INFO o.a.j.e.StandardJMeterEngine: All thread groups have been started
2017-07-26 19:45:04,199 INFO o.a.j.t.JMeterThread: Thread started: The thread Group 1-1
2017-07-26 19:45:04,201 INFO o.a.j.s.FileServer: Stored: /Users/jeb228/Development/DataDistributionAPI/testing/tests_and_results/OrganizationResearchAreas/OrganizationUris.csv
2017-07-26 19:45:04,212 INFO o.a.j.p.h.s.HTTPHCAbstractImpl: Local host = lib-jeb228-maclap.local
2017-07-26 19:45:04,215 INFO o.a.j.p.h.s.HTTPHC4Impl: HTTP request retry count = 0
2017-07-26 19:45:04,220 INFO o.a.j.s.SampleResult: Note: Sample TimeStamps are START times
2017-07-26 19:45:04,221 INFO o.a.j.s.SampleResult: sampleresult.default.encoding is set to ISO-8859-1
2017-07-26 19:45:04,221 INFO o.a.j.s.SampleResult: sampleresult.useNanoTime=true
2017-07-26 19:45:04,221 INFO o.a.j.s.SampleResult: sampleresult.nanoThreadSleep=5000
2017-07-26 19:47:31,344 INFO o.a.j.r.Summariser: summary +      7 in 00:02:27 =    0.0/s Avg: 21014 Min: 20869 Max: 21428 Err:     0 (0.00%) Active: 1 Started: 1 Finished: 0
2017-07-26 19:48:33,956 INFO o.a.j.r.Summariser: summary +      3 in 00:01:03 =    0.0/s Avg: 20869 Min: 20782 Max: 21005 Err:     0 (0.00%) Active: 1 Started: 1 Finished: 0
2017-07-26 19:48:33,956 INFO o.a.j.r.Summariser: summary =     10 in 00:03:30 =    0.0/s Avg: 20970 Min: 20782 Max: 21428 Err:     0 (0.00%)
2017-07-26 19:51:00,921 INFO o.a.j.r.Summariser: summary +      7 in 00:02:27 =    0.0/s Avg: 20994 Min: 20898 Max: 21302 Err:     0 (0.00%) Active: 1 Started: 1 Finished: 0
2017-07-26 19:51:00,922 INFO o.a.j.r.Summariser: summary =     17 in 00:05:57 =    0.0/s Avg: 20980 Min: 20782 Max: 21428 Err:     0 (0.00%)
2017-07-26 19:52:03,528 INFO o.a.j.r.Summariser: summary +      3 in 00:01:03 =    0.0/s Avg: 20868 Min: 20814 Max: 20927 Err:     0 (0.00%) Active: 1 Started: 1 Finished: 0
2017-07-26 19:52:03,528 INFO o.a.j.r.Summariser: summary =     20 in 00:06:59 =    0.0/s Avg: 20963 Min: 20782 Max: 21428 Err:     0 (0.00%)
2017-07-26 19:54:30,566 INFO o.a.j.r.Summariser: summary +      7 in 00:02:27 =    0.0/s Avg: 21004 Min: 20870 Max: 21297 Err:     0 (0.00%) Active: 1 Started: 1 Finished: 0
2017-07-26 19:54:30,567 INFO o.a.j.r.Summariser: summary =     27 in 00:09:26 =    0.0/s Avg: 20974 Min: 20782 Max: 21428 Err:     0 (0.00%)
2017-07-26 19:55:33,080 INFO o.a.j.r.Summariser: summary +      3 in 00:01:03 =    0.0/s Avg: 20837 Min: 20789 Max: 20924 Err:     0 (0.00%) Active: 1 Started: 1 Finished: 0
2017-07-26 19:55:33,080 INFO o.a.j.r.Summariser: summary =     30 in 00:10:29 =    0.0/s Avg: 20960 Min: 20782 Max: 21428 Err:     0 (0.00%)
2017-07-26 19:58:00,147 INFO o.a.j.r.Summariser: summary +      7 in 00:02:27 =    0.0/s Avg: 21008 Min: 20914 Max: 21310 Err:     0 (0.00%) Active: 1 Started: 1 Finished: 0
2017-07-26 19:58:00,147 INFO o.a.j.r.Summariser: summary =     37 in 00:12:56 =    0.0/s Avg: 20969 Min: 20782 Max: 21428 Err:     0 (0.00%)
2017-07-26 19:59:02,685 INFO o.a.j.r.Summariser: summary +      3 in 00:01:03 =    0.0/s Avg: 20845 Min: 20797 Max: 20920 Err:     0 (0.00%) Active: 1 Started: 1 Finished: 0
2017-07-26 19:59:02,685 INFO o.a.j.r.Summariser: summary =     40 in 00:13:59 =    0.0/s Avg: 20960 Min: 20782 Max: 21428 Err:     0 (0.00%)
2017-07-26 20:00:05,908 INFO o.a.j.r.Summariser: summary +      3 in 00:01:03 =    0.0/s Avg: 21073 Min: 20930 Max: 21335 Err:     0 (0.00%) Active: 1 Started: 1 Finished: 0
2017-07-26 20:00:05,908 INFO o.a.j.r.Summariser: summary =     43 in 00:15:02 =    0.0/s Avg: 20968 Min: 20782 Max: 21428 Err:     0 (0.00%)
2017-07-26 20:02:32,170 INFO o.a.j.r.Summariser: summary +      7 in 00:02:26 =    0.0/s Avg: 20894 Min: 20832 Max: 21003 Err:     0 (0.00%) Active: 1 Started: 1 Finished: 0
2017-07-26 20:02:32,170 INFO o.a.j.r.Summariser: summary =     50 in 00:17:28 =    0.0/s Avg: 20957 Min: 20782 Max: 21428 Err:     0 (0.00%)
2017-07-26 20:03:35,390 INFO o.a.j.r.Summariser: summary +      3 in 00:01:03 =    0.0/s Avg: 21072 Min: 20967 Max: 21271 Err:     0 (0.00%) Active: 1 Started: 1 Finished: 0
2017-07-26 20:03:35,391 INFO o.a.j.r.Summariser: summary =     53 in 00:18:31 =    0.0/s Avg: 20964 Min: 20782 Max: 21428 Err:     0 (0.00%)
2017-07-26 20:06:01,961 INFO o.a.j.r.Summariser: summary +      7 in 00:02:27 =    0.0/s Avg: 20938 Min: 20770 Max: 21131 Err:     0 (0.00%) Active: 1 Started: 1 Finished: 0
2017-07-26 20:06:01,962 INFO o.a.j.r.Summariser: summary =     60 in 00:20:58 =    0.0/s Avg: 20961 Min: 20770 Max: 21428 Err:     0 (0.00%)
2017-07-26 20:07:05,179 INFO o.a.j.r.Summariser: summary +      3 in 00:01:03 =    0.0/s Avg: 21072 Min: 20908 Max: 21355 Err:     0 (0.00%) Active: 1 Started: 1 Finished: 0
2017-07-26 20:07:05,180 INFO o.a.j.r.Summariser: summary =     63 in 00:22:01 =    0.0/s Avg: 20966 Min: 20770 Max: 21428 Err:     0 (0.00%)
2017-07-26 20:09:31,578 INFO o.a.j.r.Summariser: summary +      7 in 00:02:26 =    0.0/s Avg: 20913 Min: 20861 Max: 20993 Err:     0 (0.00%) Active: 1 Started: 1 Finished: 0
2017-07-26 20:09:31,578 INFO o.a.j.r.Summariser: summary =     70 in 00:24:28 =    0.0/s Avg: 20961 Min: 20770 Max: 21428 Err:     0 (0.00%)
2017-07-26 20:10:35,065 INFO o.a.j.r.Summariser: summary +      3 in 00:01:03 =    0.0/s Avg: 21161 Min: 20980 Max: 21299 Err:     0 (0.00%) Active: 1 Started: 1 Finished: 0
2017-07-26 20:10:35,065 INFO o.a.j.r.Summariser: summary =     73 in 00:25:31 =    0.0/s Avg: 20969 Min: 20770 Max: 21428 Err:     0 (0.00%)
2017-07-26 20:13:01,447 INFO o.a.j.r.Summariser: summary +      7 in 00:02:26 =    0.0/s Avg: 20911 Min: 20818 Max: 21035 Err:     0 (0.00%) Active: 1 Started: 1 Finished: 0
2017-07-26 20:13:01,448 INFO o.a.j.r.Summariser: summary =     80 in 00:27:57 =    0.0/s Avg: 20964 Min: 20770 Max: 21428 Err:     0 (0.00%)
2017-07-26 20:14:04,605 INFO o.a.j.r.Summariser: summary +      3 in 00:01:03 =    0.0/s Avg: 21051 Min: 20933 Max: 21272 Err:     0 (0.00%) Active: 1 Started: 1 Finished: 0
2017-07-26 20:14:04,605 INFO o.a.j.r.Summariser: summary =     83 in 00:29:01 =    0.0/s Avg: 20967 Min: 20770 Max: 21428 Err:     0 (0.00%)
2017-07-26 20:16:31,377 INFO o.a.j.r.Summariser: summary +      7 in 00:02:27 =    0.0/s Avg: 20967 Min: 20879 Max: 21180 Err:     0 (0.00%) Active: 1 Started: 1 Finished: 0
2017-07-26 20:16:31,378 INFO o.a.j.r.Summariser: summary =     90 in 00:31:27 =    0.0/s Avg: 20967 Min: 20770 Max: 21428 Err:     0 (0.00%)
2017-07-26 20:17:34,699 INFO o.a.j.r.Summariser: summary +      3 in 00:01:03 =    0.0/s Avg: 21106 Min: 20920 Max: 21454 Err:     0 (0.00%) Active: 1 Started: 1 Finished: 0
2017-07-26 20:17:34,699 INFO o.a.j.r.Summariser: summary =     93 in 00:32:31 =    0.0/s Avg: 20972 Min: 20770 Max: 21454 Err:     0 (0.00%)
2017-07-26 20:20:01,154 INFO o.a.j.r.Summariser: summary +      7 in 00:02:26 =    0.0/s Avg: 20921 Min: 20814 Max: 21053 Err:     0 (0.00%) Active: 1 Started: 1 Finished: 0
2017-07-26 20:20:01,155 INFO o.a.j.r.Summariser: summary =    100 in 00:34:57 =    0.0/s Avg: 20968 Min: 20770 Max: 21454 Err:     0 (0.00%)
2017-07-26 20:20:01,155 INFO o.a.j.t.JMeterThread: Thread is done: The thread Group 1-1
2017-07-26 20:20:01,155 INFO o.a.j.t.JMeterThread: Thread finished: The thread Group 1-1
2017-07-26 20:20:01,155 INFO o.a.j.e.StandardJMeterEngine: Notifying test listeners of end of test
2017-07-26 20:20:01,155 INFO o.a.j.s.FileServer: Close: /Users/jeb228/Development/DataDistributionAPI/testing/tests_and_results/OrganizationResearchAreas/OrganizationUris.csv
2017-07-26 20:20:01,156 INFO o.a.j.r.Summariser: summary =    100 in 00:34:57 =    0.0/s Avg: 20968 Min: 20770 Max: 21454 Err:     0 (0.00%)
