2017-07-24 21:21:41,509 INFO o.a.j.u.JMeterUtils: Setting Locale to en_US
2017-07-24 21:21:41,522 INFO o.a.j.JMeter: Loading user properties from: /Users/jeb228/Software/forMac/JMeter/apache-jmeter-3.2/bin/user.properties
2017-07-24 21:21:41,522 INFO o.a.j.JMeter: Loading system properties from: /Users/jeb228/Software/forMac/JMeter/apache-jmeter-3.2/bin/system.properties
2017-07-24 21:21:41,523 INFO o.a.j.JMeter: Setting JMeter property: dir.base=/Users/jeb228/Development/DataDistributionAPI/testing/tests_and_results/OrganizationResearchAreas/_results
2017-07-24 21:21:41,523 INFO o.a.j.JMeter: Setting JMeter property: dir.output=/Users/jeb228/Development/DataDistributionAPI/testing/tests_and_results/OrganizationResearchAreas/_results/vivo_ora_drill_L6_1
2017-07-24 21:21:41,523 INFO o.a.j.JMeter: Setting JMeter property: context.path=vivo
2017-07-24 21:21:41,523 INFO o.a.j.JMeter: Setting JMeter property: action.name=ora_drill_L6
2017-07-24 21:21:41,523 INFO o.a.j.JMeter: Setting JMeter property: file.uris=/Users/jeb228/Development/DataDistributionAPI/testing/tests_and_results/OrganizationResearchAreas/OrganizationUris.csv
2017-07-24 21:21:41,523 INFO o.a.j.JMeter: Setting JMeter property: sample_variables=LABEL
2017-07-24 21:21:41,527 INFO o.a.j.JMeter: Copyright (c) 1998-2017 The Apache Software Foundation
2017-07-24 21:21:41,527 INFO o.a.j.JMeter: Version 3.2 r1790748
2017-07-24 21:21:41,527 INFO o.a.j.JMeter: java.version=1.8.0_131
2017-07-24 21:21:41,527 INFO o.a.j.JMeter: java.vm.name=Java HotSpot(TM) 64-Bit Server VM
2017-07-24 21:21:41,528 INFO o.a.j.JMeter: os.name=Mac OS X
2017-07-24 21:21:41,528 INFO o.a.j.JMeter: os.arch=x86_64
2017-07-24 21:21:41,528 INFO o.a.j.JMeter: os.version=10.12.6
2017-07-24 21:21:41,528 INFO o.a.j.JMeter: file.encoding=UTF-8
2017-07-24 21:21:41,528 INFO o.a.j.JMeter: Max memory     =536870912
2017-07-24 21:21:41,528 INFO o.a.j.JMeter: Available Processors =4
2017-07-24 21:21:41,531 INFO o.a.j.JMeter: Default Locale=English (United States)
2017-07-24 21:21:41,531 INFO o.a.j.JMeter: JMeter  Locale=English (United States)
2017-07-24 21:21:41,531 INFO o.a.j.JMeter: JMeterHome=/Users/jeb228/Software/forMac/JMeter/apache-jmeter-3.2
2017-07-24 21:21:41,531 INFO o.a.j.JMeter: user.dir  =/Users/jeb228/Development/DataDistributionAPI/testing/tests_and_results/OrganizationResearchAreas/_results
2017-07-24 21:21:41,531 INFO o.a.j.JMeter: PWD       =/Users/jeb228/Development/DataDistributionAPI/testing/tests_and_results/OrganizationResearchAreas/_results
2017-07-24 21:21:41,537 INFO o.a.j.JMeter: IP: 10.0.1.36 Name: lib-jeb228-maclap.local FullName: 10.0.1.36
2017-07-24 21:21:41,540 INFO o.a.j.s.FileServer: Default base='/Users/jeb228/Development/DataDistributionAPI/testing/tests_and_results/OrganizationResearchAreas/_results'
2017-07-24 21:21:41,540 INFO o.a.j.s.FileServer: Set new base='/Users/jeb228/Development/DataDistributionAPI/testing/tests_and_results/OrganizationResearchAreas'
2017-07-24 21:21:41,625 INFO o.a.j.s.SaveService: Testplan (JMX) version: 2.2. Testlog (JTL) version: 2.2
2017-07-24 21:21:41,635 INFO o.a.j.s.SaveService: Using SaveService properties file encoding UTF-8
2017-07-24 21:21:41,648 INFO o.a.j.s.SaveService: Using SaveService properties version 3.2
2017-07-24 21:21:41,652 INFO o.a.j.s.SaveService: Loading file: /Users/jeb228/Development/DataDistributionAPI/testing/tests_and_results/OrganizationResearchAreas/OrganizationResearchAreas.jmx
2017-07-24 21:21:41,687 INFO o.a.j.p.h.s.HTTPSamplerBase: Parser for text/html is org.apache.jmeter.protocol.http.parser.LagartoBasedHtmlParser
2017-07-24 21:21:41,687 INFO o.a.j.p.h.s.HTTPSamplerBase: Parser for application/xhtml+xml is org.apache.jmeter.protocol.http.parser.LagartoBasedHtmlParser
2017-07-24 21:21:41,687 INFO o.a.j.p.h.s.HTTPSamplerBase: Parser for application/xml is org.apache.jmeter.protocol.http.parser.LagartoBasedHtmlParser
2017-07-24 21:21:41,687 INFO o.a.j.p.h.s.HTTPSamplerBase: Parser for text/xml is org.apache.jmeter.protocol.http.parser.LagartoBasedHtmlParser
2017-07-24 21:21:41,687 INFO o.a.j.p.h.s.HTTPSamplerBase: Parser for text/vnd.wap.wml is org.apache.jmeter.protocol.http.parser.RegexpHTMLParser
2017-07-24 21:21:41,687 INFO o.a.j.p.h.s.HTTPSamplerBase: Parser for text/css is org.apache.jmeter.protocol.http.parser.CssParser
2017-07-24 21:21:41,694 INFO o.a.j.JMeter: Creating summariser <summary>
2017-07-24 21:21:41,703 INFO o.a.j.e.StandardJMeterEngine: Running the test!
2017-07-24 21:21:41,703 INFO o.a.j.s.SampleEvent: List of sample_variables: [LABEL]
2017-07-24 21:21:41,703 INFO o.a.j.s.SampleEvent: List of sample_variables: [LABEL]
2017-07-24 21:21:41,705 INFO o.a.j.e.u.CompoundVariable: Note: Function class names must contain the string: '.functions.'
2017-07-24 21:21:41,706 INFO o.a.j.e.u.CompoundVariable: Note: Function class names must not contain the string: '.gui.'
2017-07-24 21:21:41,940 INFO o.a.j.JMeter: Running test (1500945701940)
2017-07-24 21:21:41,970 INFO o.a.j.e.StandardJMeterEngine: Starting ThreadGroup: 1 : The thread Group
2017-07-24 21:21:41,970 INFO o.a.j.e.StandardJMeterEngine: Starting 1 threads for group The thread Group.
2017-07-24 21:21:41,970 INFO o.a.j.e.StandardJMeterEngine: Thread will continue on error
2017-07-24 21:21:41,971 INFO o.a.j.t.ThreadGroup: Starting thread group... number=1 threads=1 ramp-up=1 perThread=1000.0 delayedStart=false
2017-07-24 21:21:41,974 INFO o.a.j.t.ThreadGroup: Started thread group number 1
2017-07-24 21:21:41,974 INFO o.a.j.e.StandardJMeterEngine: All thread groups have been started
2017-07-24 21:21:42,056 INFO o.a.j.t.JMeterThread: Thread started: The thread Group 1-1
2017-07-24 21:21:42,058 INFO o.a.j.s.FileServer: Stored: /Users/jeb228/Development/DataDistributionAPI/testing/tests_and_results/OrganizationResearchAreas/OrganizationUris.csv
2017-07-24 21:21:42,070 INFO o.a.j.p.h.s.HTTPHCAbstractImpl: Local host = lib-jeb228-maclap.local
2017-07-24 21:21:42,073 INFO o.a.j.p.h.s.HTTPHC4Impl: HTTP request retry count = 0
2017-07-24 21:21:42,079 INFO o.a.j.s.SampleResult: Note: Sample TimeStamps are START times
2017-07-24 21:21:42,079 INFO o.a.j.s.SampleResult: sampleresult.default.encoding is set to ISO-8859-1
2017-07-24 21:21:42,079 INFO o.a.j.s.SampleResult: sampleresult.useNanoTime=true
2017-07-24 21:21:42,079 INFO o.a.j.s.SampleResult: sampleresult.nanoThreadSleep=5000
2017-07-24 21:22:03,311 INFO o.a.j.r.Summariser: summary +      1 in 00:00:21 =    0.0/s Avg: 21216 Min: 21216 Max: 21216 Err:     0 (0.00%) Active: 1 Started: 1 Finished: 0
2017-07-24 21:24:31,244 INFO o.a.j.r.Summariser: summary +      7 in 00:02:28 =    0.0/s Avg: 21132 Min: 20922 Max: 21356 Err:     0 (0.00%) Active: 1 Started: 1 Finished: 0
2017-07-24 21:24:31,245 INFO o.a.j.r.Summariser: summary =      8 in 00:02:49 =    0.0/s Avg: 21142 Min: 20922 Max: 21356 Err:     0 (0.00%)
2017-07-24 21:25:34,242 INFO o.a.j.r.Summariser: summary +      3 in 00:01:03 =    0.0/s Avg: 20998 Min: 20568 Max: 21548 Err:     0 (0.00%) Active: 1 Started: 1 Finished: 0
2017-07-24 21:25:34,243 INFO o.a.j.r.Summariser: summary =     11 in 00:03:52 =    0.0/s Avg: 21103 Min: 20568 Max: 21548 Err:     0 (0.00%)
2017-07-24 21:28:02,552 INFO o.a.j.r.Summariser: summary +      7 in 00:02:28 =    0.0/s Avg: 21186 Min: 20981 Max: 21493 Err:     0 (0.00%) Active: 1 Started: 1 Finished: 0
2017-07-24 21:28:02,552 INFO o.a.j.r.Summariser: summary =     18 in 00:06:21 =    0.0/s Avg: 21135 Min: 20568 Max: 21548 Err:     0 (0.00%)
2017-07-24 21:29:05,515 INFO o.a.j.r.Summariser: summary +      3 in 00:01:03 =    0.0/s Avg: 20986 Min: 20553 Max: 21454 Err:     0 (0.00%) Active: 1 Started: 1 Finished: 0
2017-07-24 21:29:05,516 INFO o.a.j.r.Summariser: summary =     21 in 00:07:24 =    0.0/s Avg: 21114 Min: 20553 Max: 21548 Err:     0 (0.00%)
2017-07-24 21:30:30,002 INFO o.a.j.r.Summariser: summary +      4 in 00:01:24 =    0.0/s Avg: 21121 Min: 21058 Max: 21279 Err:     0 (0.00%) Active: 1 Started: 1 Finished: 0
2017-07-24 21:30:30,003 INFO o.a.j.r.Summariser: summary =     25 in 00:08:48 =    0.0/s Avg: 21115 Min: 20553 Max: 21548 Err:     0 (0.00%)
2017-07-24 21:31:33,425 INFO o.a.j.r.Summariser: summary +      3 in 00:01:03 =    0.0/s Avg: 21139 Min: 20940 Max: 21340 Err:     0 (0.00%) Active: 1 Started: 1 Finished: 0
2017-07-24 21:31:33,426 INFO o.a.j.r.Summariser: summary =     28 in 00:09:51 =    0.0/s Avg: 21117 Min: 20553 Max: 21548 Err:     0 (0.00%)
2017-07-24 21:34:01,306 INFO o.a.j.r.Summariser: summary +      7 in 00:02:28 =    0.0/s Avg: 21124 Min: 20608 Max: 21509 Err:     0 (0.00%) Active: 1 Started: 1 Finished: 0
2017-07-24 21:34:01,306 INFO o.a.j.r.Summariser: summary =     35 in 00:12:19 =    0.0/s Avg: 21119 Min: 20553 Max: 21548 Err:     0 (0.00%)
2017-07-24 21:35:04,725 INFO o.a.j.r.Summariser: summary +      3 in 00:01:03 =    0.0/s Avg: 21139 Min: 20952 Max: 21300 Err:     0 (0.00%) Active: 1 Started: 1 Finished: 0
2017-07-24 21:35:04,725 INFO o.a.j.r.Summariser: summary =     38 in 00:13:23 =    0.0/s Avg: 21120 Min: 20553 Max: 21548 Err:     0 (0.00%)
2017-07-24 21:37:32,050 INFO o.a.j.r.Summariser: summary +      7 in 00:02:27 =    0.0/s Avg: 21045 Min: 20544 Max: 21397 Err:     0 (0.00%) Active: 1 Started: 1 Finished: 0
2017-07-24 21:37:32,050 INFO o.a.j.r.Summariser: summary =     45 in 00:15:50 =    0.0/s Avg: 21109 Min: 20544 Max: 21548 Err:     0 (0.00%)
2017-07-24 21:38:35,465 INFO o.a.j.r.Summariser: summary +      3 in 00:01:03 =    0.0/s Avg: 21137 Min: 20986 Max: 21250 Err:     0 (0.00%) Active: 1 Started: 1 Finished: 0
2017-07-24 21:38:35,466 INFO o.a.j.r.Summariser: summary =     48 in 00:16:54 =    0.0/s Avg: 21110 Min: 20544 Max: 21548 Err:     0 (0.00%)
2017-07-24 21:41:02,894 INFO o.a.j.r.Summariser: summary +      7 in 00:02:27 =    0.0/s Avg: 21060 Min: 20600 Max: 21402 Err:     0 (0.00%) Active: 1 Started: 1 Finished: 0
2017-07-24 21:41:02,894 INFO o.a.j.r.Summariser: summary =     55 in 00:19:21 =    0.0/s Avg: 21104 Min: 20544 Max: 21548 Err:     0 (0.00%)
2017-07-24 21:43:30,646 INFO o.a.j.r.Summariser: summary +      7 in 00:02:28 =    0.0/s Avg: 21106 Min: 20571 Max: 21433 Err:     0 (0.00%) Active: 1 Started: 1 Finished: 0
2017-07-24 21:43:30,646 INFO o.a.j.r.Summariser: summary =     62 in 00:21:49 =    0.0/s Avg: 21104 Min: 20544 Max: 21548 Err:     0 (0.00%)
2017-07-24 21:44:34,000 INFO o.a.j.r.Summariser: summary +      3 in 00:01:03 =    0.0/s Avg: 21117 Min: 21015 Max: 21206 Err:     0 (0.00%) Active: 1 Started: 1 Finished: 0
2017-07-24 21:44:34,000 INFO o.a.j.r.Summariser: summary =     65 in 00:22:52 =    0.0/s Avg: 21105 Min: 20544 Max: 21548 Err:     0 (0.00%)
2017-07-24 21:47:01,401 INFO o.a.j.r.Summariser: summary +      7 in 00:02:27 =    0.0/s Avg: 21056 Min: 20619 Max: 21426 Err:     0 (0.00%) Active: 1 Started: 1 Finished: 0
2017-07-24 21:47:01,401 INFO o.a.j.r.Summariser: summary =     72 in 00:25:19 =    0.0/s Avg: 21100 Min: 20544 Max: 21548 Err:     0 (0.00%)
2017-07-24 21:48:04,799 INFO o.a.j.r.Summariser: summary +      3 in 00:01:03 =    0.0/s Avg: 21132 Min: 21086 Max: 21177 Err:     0 (0.00%) Active: 1 Started: 1 Finished: 0
2017-07-24 21:48:04,799 INFO o.a.j.r.Summariser: summary =     75 in 00:26:23 =    0.0/s Avg: 21101 Min: 20544 Max: 21548 Err:     0 (0.00%)
2017-07-24 21:50:32,291 INFO o.a.j.r.Summariser: summary +      7 in 00:02:27 =    0.0/s Avg: 21069 Min: 20561 Max: 21443 Err:     0 (0.00%) Active: 1 Started: 1 Finished: 0
2017-07-24 21:50:32,292 INFO o.a.j.r.Summariser: summary =     82 in 00:28:50 =    0.0/s Avg: 21099 Min: 20544 Max: 21548 Err:     0 (0.00%)
2017-07-24 21:51:35,995 INFO o.a.j.r.Summariser: summary +      3 in 00:01:04 =    0.0/s Avg: 21233 Min: 21069 Max: 21328 Err:     0 (0.00%) Active: 1 Started: 1 Finished: 0
2017-07-24 21:51:35,996 INFO o.a.j.r.Summariser: summary =     85 in 00:29:54 =    0.0/s Avg: 21103 Min: 20544 Max: 21548 Err:     0 (0.00%)
2017-07-24 21:53:00,750 INFO o.a.j.r.Summariser: summary +      4 in 00:01:25 =    0.0/s Avg: 21188 Min: 21035 Max: 21306 Err:     0 (0.00%) Active: 1 Started: 1 Finished: 0
2017-07-24 21:53:00,750 INFO o.a.j.r.Summariser: summary =     89 in 00:31:19 =    0.0/s Avg: 21107 Min: 20544 Max: 21548 Err:     0 (0.00%)
2017-07-24 21:54:03,909 INFO o.a.j.r.Summariser: summary +      3 in 00:01:03 =    0.0/s Avg: 21051 Min: 20551 Max: 21484 Err:     0 (0.00%) Active: 1 Started: 1 Finished: 0
2017-07-24 21:54:03,910 INFO o.a.j.r.Summariser: summary =     92 in 00:32:22 =    0.0/s Avg: 21105 Min: 20544 Max: 21548 Err:     0 (0.00%)
2017-07-24 21:56:31,676 INFO o.a.j.r.Summariser: summary +      7 in 00:02:28 =    0.0/s Avg: 21109 Min: 20924 Max: 21326 Err:     0 (0.00%) Active: 1 Started: 1 Finished: 0
2017-07-24 21:56:31,677 INFO o.a.j.r.Summariser: summary =     99 in 00:34:50 =    0.0/s Avg: 21106 Min: 20544 Max: 21548 Err:     0 (0.00%)
2017-07-24 21:56:52,266 INFO o.a.j.t.JMeterThread: Thread is done: The thread Group 1-1
2017-07-24 21:56:52,266 INFO o.a.j.t.JMeterThread: Thread finished: The thread Group 1-1
2017-07-24 21:56:52,267 INFO o.a.j.e.StandardJMeterEngine: Notifying test listeners of end of test
2017-07-24 21:56:52,267 INFO o.a.j.s.FileServer: Close: /Users/jeb228/Development/DataDistributionAPI/testing/tests_and_results/OrganizationResearchAreas/OrganizationUris.csv
2017-07-24 21:56:52,268 INFO o.a.j.r.Summariser: summary +      1 in 00:00:21 =    0.0/s Avg: 20588 Min: 20588 Max: 20588 Err:     0 (0.00%) Active: 0 Started: 1 Finished: 1
2017-07-24 21:56:52,268 INFO o.a.j.r.Summariser: summary =    100 in 00:35:10 =    0.0/s Avg: 21100 Min: 20544 Max: 21548 Err:     0 (0.00%)
