2017-07-25 18:12:55,460 INFO o.a.j.u.JMeterUtils: Setting Locale to en_US
2017-07-25 18:12:55,471 INFO o.a.j.JMeter: Loading user properties from: /Users/jeb228/Software/forMac/JMeter/apache-jmeter-3.2/bin/user.properties
2017-07-25 18:12:55,472 INFO o.a.j.JMeter: Loading system properties from: /Users/jeb228/Software/forMac/JMeter/apache-jmeter-3.2/bin/system.properties
2017-07-25 18:12:55,472 INFO o.a.j.JMeter: Setting JMeter property: dir.base=/Users/jeb228/Development/DataDistributionAPI/testing/tests_and_results/DepartmentWordCloud/_results
2017-07-25 18:12:55,472 INFO o.a.j.JMeter: Setting JMeter property: dir.output=/Users/jeb228/Development/DataDistributionAPI/testing/tests_and_results/DepartmentWordCloud/_results/vivo_dwc_3queries_2
2017-07-25 18:12:55,473 INFO o.a.j.JMeter: Setting JMeter property: context.path=vivo
2017-07-25 18:12:55,473 INFO o.a.j.JMeter: Setting JMeter property: action.name=dwc_3queries
2017-07-25 18:12:55,473 INFO o.a.j.JMeter: Setting JMeter property: file.uris=/Users/jeb228/Development/DataDistributionAPI/testing/tests_and_results/DepartmentWordCloud/DepartmentUris.csv
2017-07-25 18:12:55,473 INFO o.a.j.JMeter: Setting JMeter property: sample_variables=LABEL
2017-07-25 18:12:55,476 INFO o.a.j.JMeter: Copyright (c) 1998-2017 The Apache Software Foundation
2017-07-25 18:12:55,476 INFO o.a.j.JMeter: Version 3.2 r1790748
2017-07-25 18:12:55,476 INFO o.a.j.JMeter: java.version=1.8.0_131
2017-07-25 18:12:55,476 INFO o.a.j.JMeter: java.vm.name=Java HotSpot(TM) 64-Bit Server VM
2017-07-25 18:12:55,477 INFO o.a.j.JMeter: os.name=Mac OS X
2017-07-25 18:12:55,477 INFO o.a.j.JMeter: os.arch=x86_64
2017-07-25 18:12:55,477 INFO o.a.j.JMeter: os.version=10.12.6
2017-07-25 18:12:55,477 INFO o.a.j.JMeter: file.encoding=UTF-8
2017-07-25 18:12:55,477 INFO o.a.j.JMeter: Max memory     =536870912
2017-07-25 18:12:55,477 INFO o.a.j.JMeter: Available Processors =4
2017-07-25 18:12:55,480 INFO o.a.j.JMeter: Default Locale=English (United States)
2017-07-25 18:12:55,480 INFO o.a.j.JMeter: JMeter  Locale=English (United States)
2017-07-25 18:12:55,480 INFO o.a.j.JMeter: JMeterHome=/Users/jeb228/Software/forMac/JMeter/apache-jmeter-3.2
2017-07-25 18:12:55,480 INFO o.a.j.JMeter: user.dir  =/Users/jeb228/Development/DataDistributionAPI/testing/tests_and_results/DepartmentWordCloud/_results
2017-07-25 18:12:55,480 INFO o.a.j.JMeter: PWD       =/Users/jeb228/Development/DataDistributionAPI/testing/tests_and_results/DepartmentWordCloud/_results
2017-07-25 18:12:55,487 INFO o.a.j.JMeter: IP: 10.0.1.36 Name: lib-jeb228-maclap.local FullName: 10.0.1.36
2017-07-25 18:12:55,490 INFO o.a.j.s.FileServer: Default base='/Users/jeb228/Development/DataDistributionAPI/testing/tests_and_results/DepartmentWordCloud/_results'
2017-07-25 18:12:55,490 INFO o.a.j.s.FileServer: Set new base='/Users/jeb228/Development/DataDistributionAPI/testing/tests_and_results/DepartmentWordCloud'
2017-07-25 18:12:55,573 INFO o.a.j.s.SaveService: Testplan (JMX) version: 2.2. Testlog (JTL) version: 2.2
2017-07-25 18:12:55,582 INFO o.a.j.s.SaveService: Using SaveService properties file encoding UTF-8
2017-07-25 18:12:55,594 INFO o.a.j.s.SaveService: Using SaveService properties version 3.2
2017-07-25 18:12:55,599 INFO o.a.j.s.SaveService: Loading file: /Users/jeb228/Development/DataDistributionAPI/testing/tests_and_results/DepartmentWordCloud/DepartmentWordClouds.jmx
2017-07-25 18:12:55,633 INFO o.a.j.p.h.s.HTTPSamplerBase: Parser for text/html is org.apache.jmeter.protocol.http.parser.LagartoBasedHtmlParser
2017-07-25 18:12:55,633 INFO o.a.j.p.h.s.HTTPSamplerBase: Parser for application/xhtml+xml is org.apache.jmeter.protocol.http.parser.LagartoBasedHtmlParser
2017-07-25 18:12:55,633 INFO o.a.j.p.h.s.HTTPSamplerBase: Parser for application/xml is org.apache.jmeter.protocol.http.parser.LagartoBasedHtmlParser
2017-07-25 18:12:55,633 INFO o.a.j.p.h.s.HTTPSamplerBase: Parser for text/xml is org.apache.jmeter.protocol.http.parser.LagartoBasedHtmlParser
2017-07-25 18:12:55,633 INFO o.a.j.p.h.s.HTTPSamplerBase: Parser for text/vnd.wap.wml is org.apache.jmeter.protocol.http.parser.RegexpHTMLParser
2017-07-25 18:12:55,633 INFO o.a.j.p.h.s.HTTPSamplerBase: Parser for text/css is org.apache.jmeter.protocol.http.parser.CssParser
2017-07-25 18:12:55,640 INFO o.a.j.JMeter: Creating summariser <summary>
2017-07-25 18:12:55,648 INFO o.a.j.e.StandardJMeterEngine: Running the test!
2017-07-25 18:12:55,648 INFO o.a.j.s.SampleEvent: List of sample_variables: [LABEL]
2017-07-25 18:12:55,648 INFO o.a.j.s.SampleEvent: List of sample_variables: [LABEL]
2017-07-25 18:12:55,651 INFO o.a.j.e.u.CompoundVariable: Note: Function class names must contain the string: '.functions.'
2017-07-25 18:12:55,651 INFO o.a.j.e.u.CompoundVariable: Note: Function class names must not contain the string: '.gui.'
2017-07-25 18:12:55,882 INFO o.a.j.JMeter: Running test (1501020775882)
2017-07-25 18:12:55,912 INFO o.a.j.e.StandardJMeterEngine: Starting ThreadGroup: 1 : The thread Group
2017-07-25 18:12:55,912 INFO o.a.j.e.StandardJMeterEngine: Starting 1 threads for group The thread Group.
2017-07-25 18:12:55,912 INFO o.a.j.e.StandardJMeterEngine: Thread will continue on error
2017-07-25 18:12:55,912 INFO o.a.j.t.ThreadGroup: Starting thread group... number=1 threads=1 ramp-up=1 perThread=1000.0 delayedStart=false
2017-07-25 18:12:55,916 INFO o.a.j.t.ThreadGroup: Started thread group number 1
2017-07-25 18:12:55,917 INFO o.a.j.e.StandardJMeterEngine: All thread groups have been started
2017-07-25 18:12:56,002 INFO o.a.j.t.JMeterThread: Thread started: The thread Group 1-1
2017-07-25 18:12:56,005 INFO o.a.j.s.FileServer: Stored: /Users/jeb228/Development/DataDistributionAPI/testing/tests_and_results/DepartmentWordCloud/DepartmentUris.csv
2017-07-25 18:12:56,016 INFO o.a.j.p.h.s.HTTPHCAbstractImpl: Local host = lib-jeb228-maclap.local
2017-07-25 18:12:56,020 INFO o.a.j.p.h.s.HTTPHC4Impl: HTTP request retry count = 0
2017-07-25 18:12:56,024 INFO o.a.j.s.SampleResult: Note: Sample TimeStamps are START times
2017-07-25 18:12:56,025 INFO o.a.j.s.SampleResult: sampleresult.default.encoding is set to ISO-8859-1
2017-07-25 18:12:56,025 INFO o.a.j.s.SampleResult: sampleresult.useNanoTime=true
2017-07-25 18:12:56,025 INFO o.a.j.s.SampleResult: sampleresult.nanoThreadSleep=5000
2017-07-25 18:14:33,597 INFO o.a.j.r.Summariser: summary +      2 in 00:01:38 =    0.0/s Avg: 48777 Min: 48064 Max: 49490 Err:     0 (0.00%) Active: 1 Started: 1 Finished: 0
2017-07-25 18:17:05,229 INFO o.a.j.r.Summariser: summary +      3 in 00:02:32 =    0.0/s Avg: 50543 Min: 49367 Max: 52454 Err:     0 (0.00%) Active: 1 Started: 1 Finished: 0
2017-07-25 18:17:05,229 INFO o.a.j.r.Summariser: summary =      5 in 00:04:09 =    0.0/s Avg: 49836 Min: 48064 Max: 52454 Err:     0 (0.00%)
2017-07-25 18:19:30,217 INFO o.a.j.r.Summariser: summary +      3 in 00:02:25 =    0.0/s Avg: 48328 Min: 48030 Max: 48697 Err:     0 (0.00%) Active: 1 Started: 1 Finished: 0
2017-07-25 18:19:30,217 INFO o.a.j.r.Summariser: summary =      8 in 00:06:34 =    0.0/s Avg: 49271 Min: 48030 Max: 52454 Err:     0 (0.00%)
2017-07-25 18:21:05,650 INFO o.a.j.r.Summariser: summary +      2 in 00:01:35 =    0.0/s Avg: 47716 Min: 47523 Max: 47909 Err:     0 (0.00%) Active: 1 Started: 1 Finished: 0
2017-07-25 18:21:05,650 INFO o.a.j.r.Summariser: summary =     10 in 00:08:10 =    0.0/s Avg: 48960 Min: 47523 Max: 52454 Err:     0 (0.00%)
2017-07-25 18:23:32,159 INFO o.a.j.r.Summariser: summary +      3 in 00:02:27 =    0.0/s Avg: 48835 Min: 48503 Max: 49356 Err:     0 (0.00%) Active: 1 Started: 1 Finished: 0
2017-07-25 18:23:32,159 INFO o.a.j.r.Summariser: summary =     13 in 00:10:36 =    0.0/s Avg: 48931 Min: 47523 Max: 52454 Err:     0 (0.00%)
2017-07-25 18:27:33,652 INFO o.a.j.r.Summariser: summary +      5 in 00:04:01 =    0.0/s Avg: 48297 Min: 48035 Max: 48500 Err:     0 (0.00%) Active: 1 Started: 1 Finished: 0
2017-07-25 18:27:33,652 INFO o.a.j.r.Summariser: summary =     18 in 00:14:38 =    0.0/s Avg: 48755 Min: 47523 Max: 52454 Err:     0 (0.00%)
2017-07-25 18:31:35,556 INFO o.a.j.r.Summariser: summary +      5 in 00:04:02 =    0.0/s Avg: 48380 Min: 47700 Max: 49345 Err:     0 (0.00%) Active: 1 Started: 1 Finished: 0
2017-07-25 18:31:35,556 INFO o.a.j.r.Summariser: summary =     23 in 00:18:40 =    0.0/s Avg: 48673 Min: 47523 Max: 52454 Err:     0 (0.00%)
2017-07-25 18:34:00,866 INFO o.a.j.r.Summariser: summary +      3 in 00:02:25 =    0.0/s Avg: 48435 Min: 48213 Max: 48547 Err:     0 (0.00%) Active: 1 Started: 1 Finished: 0
2017-07-25 18:34:00,866 INFO o.a.j.r.Summariser: summary =     26 in 00:21:05 =    0.0/s Avg: 48646 Min: 47523 Max: 52454 Err:     0 (0.00%)
2017-07-25 18:40:34,778 INFO o.a.j.r.Summariser: summary +      8 in 00:06:34 =    0.0/s Avg: 49237 Min: 47774 Max: 54854 Err:     0 (0.00%) Active: 1 Started: 1 Finished: 0
2017-07-25 18:40:34,778 INFO o.a.j.r.Summariser: summary =     34 in 00:27:39 =    0.0/s Avg: 48785 Min: 47523 Max: 54854 Err:     0 (0.00%)
2017-07-25 18:44:33,879 INFO o.a.j.r.Summariser: summary +      5 in 00:03:59 =    0.0/s Avg: 47819 Min: 47202 Max: 48204 Err:     0 (0.00%) Active: 1 Started: 1 Finished: 0
2017-07-25 18:44:33,879 INFO o.a.j.r.Summariser: summary =     39 in 00:31:38 =    0.0/s Avg: 48661 Min: 47202 Max: 54854 Err:     0 (0.00%)
2017-07-25 18:48:33,886 INFO o.a.j.r.Summariser: summary +      5 in 00:04:00 =    0.0/s Avg: 48000 Min: 47163 Max: 48857 Err:     0 (0.00%) Active: 1 Started: 1 Finished: 0
2017-07-25 18:48:33,886 INFO o.a.j.r.Summariser: summary =     44 in 00:35:38 =    0.0/s Avg: 48586 Min: 47163 Max: 54854 Err:     0 (0.00%)
2017-07-25 18:52:32,315 INFO o.a.j.r.Summariser: summary +      5 in 00:03:58 =    0.0/s Avg: 47684 Min: 47313 Max: 48201 Err:     0 (0.00%) Active: 1 Started: 1 Finished: 0
2017-07-25 18:52:32,316 INFO o.a.j.r.Summariser: summary =     49 in 00:39:36 =    0.0/s Avg: 48494 Min: 47163 Max: 54854 Err:     0 (0.00%)
2017-07-25 18:56:32,251 INFO o.a.j.r.Summariser: summary +      5 in 00:04:00 =    0.0/s Avg: 47986 Min: 47271 Max: 48978 Err:     0 (0.00%) Active: 1 Started: 1 Finished: 0
2017-07-25 18:56:32,251 INFO o.a.j.r.Summariser: summary =     54 in 00:43:36 =    0.0/s Avg: 48447 Min: 47163 Max: 54854 Err:     0 (0.00%)
2017-07-25 19:00:30,334 INFO o.a.j.r.Summariser: summary +      5 in 00:03:58 =    0.0/s Avg: 47616 Min: 47033 Max: 48086 Err:     0 (0.00%) Active: 1 Started: 1 Finished: 0
2017-07-25 19:00:30,335 INFO o.a.j.r.Summariser: summary =     59 in 00:47:34 =    0.0/s Avg: 48376 Min: 47033 Max: 54854 Err:     0 (0.00%)
2017-07-25 19:04:30,332 INFO o.a.j.r.Summariser: summary +      5 in 00:04:00 =    0.0/s Avg: 47998 Min: 47237 Max: 48684 Err:     0 (0.00%) Active: 1 Started: 1 Finished: 0
2017-07-25 19:04:30,332 INFO o.a.j.r.Summariser: summary =     64 in 00:51:34 =    0.0/s Avg: 48347 Min: 47033 Max: 54854 Err:     0 (0.00%)
2017-07-25 19:10:04,190 INFO o.a.j.r.Summariser: summary +      7 in 00:05:34 =    0.0/s Avg: 47693 Min: 47166 Max: 48834 Err:     0 (0.00%) Active: 1 Started: 1 Finished: 0
2017-07-25 19:10:04,191 INFO o.a.j.r.Summariser: summary =     71 in 00:57:08 =    0.0/s Avg: 48282 Min: 47033 Max: 54854 Err:     0 (0.00%)
2017-07-25 19:14:03,329 INFO o.a.j.r.Summariser: summary +      5 in 00:03:59 =    0.0/s Avg: 47826 Min: 47625 Max: 47963 Err:     0 (0.00%) Active: 1 Started: 1 Finished: 0
2017-07-25 19:14:03,330 INFO o.a.j.r.Summariser: summary =     76 in 01:01:07 =    0.0/s Avg: 48252 Min: 47033 Max: 54854 Err:     0 (0.00%)
2017-07-25 19:18:01,293 INFO o.a.j.r.Summariser: summary +      5 in 00:03:58 =    0.0/s Avg: 47592 Min: 47144 Max: 48638 Err:     0 (0.00%) Active: 1 Started: 1 Finished: 0
2017-07-25 19:18:01,294 INFO o.a.j.r.Summariser: summary =     81 in 01:05:05 =    0.0/s Avg: 48212 Min: 47033 Max: 54854 Err:     0 (0.00%)
2017-07-25 19:23:35,051 INFO o.a.j.r.Summariser: summary +      7 in 00:05:34 =    0.0/s Avg: 47678 Min: 47395 Max: 47926 Err:     0 (0.00%) Active: 1 Started: 1 Finished: 0
2017-07-25 19:23:35,051 INFO o.a.j.r.Summariser: summary =     88 in 01:10:39 =    0.0/s Avg: 48169 Min: 47033 Max: 54854 Err:     0 (0.00%)
2017-07-25 19:27:33,023 INFO o.a.j.r.Summariser: summary +      5 in 00:03:58 =    0.0/s Avg: 47593 Min: 46909 Max: 48583 Err:     0 (0.00%) Active: 1 Started: 1 Finished: 0
2017-07-25 19:27:33,023 INFO o.a.j.r.Summariser: summary =     93 in 01:14:37 =    0.0/s Avg: 48138 Min: 46909 Max: 54854 Err:     0 (0.00%)
2017-07-25 19:31:30,959 INFO o.a.j.r.Summariser: summary +      5 in 00:03:58 =    0.0/s Avg: 47586 Min: 47273 Max: 47896 Err:     0 (0.00%) Active: 1 Started: 1 Finished: 0
2017-07-25 19:31:30,960 INFO o.a.j.r.Summariser: summary =     98 in 01:18:35 =    0.0/s Avg: 48110 Min: 46909 Max: 54854 Err:     0 (0.00%)
2017-07-25 19:33:05,005 INFO o.a.j.r.Summariser: summary +      2 in 00:01:34 =    0.0/s Avg: 47021 Min: 46999 Max: 47044 Err:     0 (0.00%) Active: 1 Started: 1 Finished: 0
2017-07-25 19:33:05,005 INFO o.a.j.r.Summariser: summary =    100 in 01:20:09 =    0.0/s Avg: 48088 Min: 46909 Max: 54854 Err:     0 (0.00%)
2017-07-25 19:33:05,005 INFO o.a.j.t.JMeterThread: Thread is done: The thread Group 1-1
2017-07-25 19:33:05,005 INFO o.a.j.t.JMeterThread: Thread finished: The thread Group 1-1
2017-07-25 19:33:05,006 INFO o.a.j.e.StandardJMeterEngine: Notifying test listeners of end of test
2017-07-25 19:33:05,006 INFO o.a.j.s.FileServer: Close: /Users/jeb228/Development/DataDistributionAPI/testing/tests_and_results/DepartmentWordCloud/DepartmentUris.csv
2017-07-25 19:33:05,007 INFO o.a.j.r.Summariser: summary =    100 in 01:20:09 =    0.0/s Avg: 48088 Min: 46909 Max: 54854 Err:     0 (0.00%)
