2017-07-26 14:10:32,226 INFO o.a.j.u.JMeterUtils: Setting Locale to en_US
2017-07-26 14:10:32,234 INFO o.a.j.JMeter: Loading user properties from: /Users/jeb228/Software/forMac/JMeter/apache-jmeter-3.2/bin/user.properties
2017-07-26 14:10:32,234 INFO o.a.j.JMeter: Loading system properties from: /Users/jeb228/Software/forMac/JMeter/apache-jmeter-3.2/bin/system.properties
2017-07-26 14:10:32,235 INFO o.a.j.JMeter: Setting JMeter property: dir.base=/Users/jeb228/Development/DataDistributionAPI/testing/tests_and_results/DepartmentWordCloud/_results
2017-07-26 14:10:32,235 INFO o.a.j.JMeter: Setting JMeter property: dir.output=/Users/jeb228/Development/DataDistributionAPI/testing/tests_and_results/DepartmentWordCloud/_results/scholars_dwc_3queries_1
2017-07-26 14:10:32,235 INFO o.a.j.JMeter: Setting JMeter property: context.path=scholars
2017-07-26 14:10:32,235 INFO o.a.j.JMeter: Setting JMeter property: action.name=dwc_3queries
2017-07-26 14:10:32,235 INFO o.a.j.JMeter: Setting JMeter property: file.uris=/Users/jeb228/Development/DataDistributionAPI/testing/tests_and_results/DepartmentWordCloud/DepartmentUris.csv
2017-07-26 14:10:32,235 INFO o.a.j.JMeter: Setting JMeter property: sample_variables=LABEL
2017-07-26 14:10:32,238 INFO o.a.j.JMeter: Copyright (c) 1998-2017 The Apache Software Foundation
2017-07-26 14:10:32,239 INFO o.a.j.JMeter: Version 3.2 r1790748
2017-07-26 14:10:32,239 INFO o.a.j.JMeter: java.version=1.8.0_131
2017-07-26 14:10:32,239 INFO o.a.j.JMeter: java.vm.name=Java HotSpot(TM) 64-Bit Server VM
2017-07-26 14:10:32,239 INFO o.a.j.JMeter: os.name=Mac OS X
2017-07-26 14:10:32,239 INFO o.a.j.JMeter: os.arch=x86_64
2017-07-26 14:10:32,239 INFO o.a.j.JMeter: os.version=10.12.6
2017-07-26 14:10:32,239 INFO o.a.j.JMeter: file.encoding=UTF-8
2017-07-26 14:10:32,239 INFO o.a.j.JMeter: Max memory     =536870912
2017-07-26 14:10:32,239 INFO o.a.j.JMeter: Available Processors =4
2017-07-26 14:10:32,242 INFO o.a.j.JMeter: Default Locale=English (United States)
2017-07-26 14:10:32,242 INFO o.a.j.JMeter: JMeter  Locale=English (United States)
2017-07-26 14:10:32,242 INFO o.a.j.JMeter: JMeterHome=/Users/jeb228/Software/forMac/JMeter/apache-jmeter-3.2
2017-07-26 14:10:32,242 INFO o.a.j.JMeter: user.dir  =/Users/jeb228/Development/DataDistributionAPI/testing/tests_and_results/DepartmentWordCloud/_results
2017-07-26 14:10:32,242 INFO o.a.j.JMeter: PWD       =/Users/jeb228/Development/DataDistributionAPI/testing/tests_and_results/DepartmentWordCloud/_results
2017-07-26 14:10:32,248 INFO o.a.j.JMeter: IP: 10.0.1.36 Name: lib-jeb228-maclap.local FullName: 10.0.1.36
2017-07-26 14:10:32,251 INFO o.a.j.s.FileServer: Default base='/Users/jeb228/Development/DataDistributionAPI/testing/tests_and_results/DepartmentWordCloud/_results'
2017-07-26 14:10:32,251 INFO o.a.j.s.FileServer: Set new base='/Users/jeb228/Development/DataDistributionAPI/testing/tests_and_results/DepartmentWordCloud'
2017-07-26 14:10:32,331 INFO o.a.j.s.SaveService: Testplan (JMX) version: 2.2. Testlog (JTL) version: 2.2
2017-07-26 14:10:32,340 INFO o.a.j.s.SaveService: Using SaveService properties file encoding UTF-8
2017-07-26 14:10:32,350 INFO o.a.j.s.SaveService: Using SaveService properties version 3.2
2017-07-26 14:10:32,354 INFO o.a.j.s.SaveService: Loading file: /Users/jeb228/Development/DataDistributionAPI/testing/tests_and_results/DepartmentWordCloud/DepartmentWordClouds.jmx
2017-07-26 14:10:32,387 INFO o.a.j.p.h.s.HTTPSamplerBase: Parser for text/html is org.apache.jmeter.protocol.http.parser.LagartoBasedHtmlParser
2017-07-26 14:10:32,387 INFO o.a.j.p.h.s.HTTPSamplerBase: Parser for application/xhtml+xml is org.apache.jmeter.protocol.http.parser.LagartoBasedHtmlParser
2017-07-26 14:10:32,387 INFO o.a.j.p.h.s.HTTPSamplerBase: Parser for application/xml is org.apache.jmeter.protocol.http.parser.LagartoBasedHtmlParser
2017-07-26 14:10:32,387 INFO o.a.j.p.h.s.HTTPSamplerBase: Parser for text/xml is org.apache.jmeter.protocol.http.parser.LagartoBasedHtmlParser
2017-07-26 14:10:32,387 INFO o.a.j.p.h.s.HTTPSamplerBase: Parser for text/vnd.wap.wml is org.apache.jmeter.protocol.http.parser.RegexpHTMLParser
2017-07-26 14:10:32,387 INFO o.a.j.p.h.s.HTTPSamplerBase: Parser for text/css is org.apache.jmeter.protocol.http.parser.CssParser
2017-07-26 14:10:32,394 INFO o.a.j.JMeter: Creating summariser <summary>
2017-07-26 14:10:32,401 INFO o.a.j.e.StandardJMeterEngine: Running the test!
2017-07-26 14:10:32,401 INFO o.a.j.s.SampleEvent: List of sample_variables: [LABEL]
2017-07-26 14:10:32,401 INFO o.a.j.s.SampleEvent: List of sample_variables: [LABEL]
2017-07-26 14:10:32,404 INFO o.a.j.e.u.CompoundVariable: Note: Function class names must contain the string: '.functions.'
2017-07-26 14:10:32,404 INFO o.a.j.e.u.CompoundVariable: Note: Function class names must not contain the string: '.gui.'
2017-07-26 14:10:32,641 INFO o.a.j.JMeter: Running test (1501092632641)
2017-07-26 14:10:32,673 INFO o.a.j.e.StandardJMeterEngine: Starting ThreadGroup: 1 : The thread Group
2017-07-26 14:10:32,673 INFO o.a.j.e.StandardJMeterEngine: Starting 1 threads for group The thread Group.
2017-07-26 14:10:32,673 INFO o.a.j.e.StandardJMeterEngine: Thread will continue on error
2017-07-26 14:10:32,674 INFO o.a.j.t.ThreadGroup: Starting thread group... number=1 threads=1 ramp-up=1 perThread=1000.0 delayedStart=false
2017-07-26 14:10:32,677 INFO o.a.j.t.ThreadGroup: Started thread group number 1
2017-07-26 14:10:32,677 INFO o.a.j.e.StandardJMeterEngine: All thread groups have been started
2017-07-26 14:10:32,902 INFO o.a.j.t.JMeterThread: Thread started: The thread Group 1-1
2017-07-26 14:10:32,907 INFO o.a.j.s.FileServer: Stored: /Users/jeb228/Development/DataDistributionAPI/testing/tests_and_results/DepartmentWordCloud/DepartmentUris.csv
2017-07-26 14:10:32,928 INFO o.a.j.p.h.s.HTTPHCAbstractImpl: Local host = lib-jeb228-maclap.local
2017-07-26 14:10:32,933 INFO o.a.j.p.h.s.HTTPHC4Impl: HTTP request retry count = 0
2017-07-26 14:10:32,940 INFO o.a.j.s.SampleResult: Note: Sample TimeStamps are START times
2017-07-26 14:10:32,940 INFO o.a.j.s.SampleResult: sampleresult.default.encoding is set to ISO-8859-1
2017-07-26 14:10:32,941 INFO o.a.j.s.SampleResult: sampleresult.useNanoTime=true
2017-07-26 14:10:32,941 INFO o.a.j.s.SampleResult: sampleresult.nanoThreadSleep=5000
2017-07-26 14:11:00,474 INFO o.a.j.r.Summariser: summary +     14 in 00:00:28 =    0.5/s Avg:  1964 Min:   731 Max:  3873 Err:     0 (0.00%) Active: 1 Started: 1 Finished: 0
2017-07-26 14:11:30,529 INFO o.a.j.r.Summariser: summary +     18 in 00:00:30 =    0.6/s Avg:  1669 Min:   693 Max:  4014 Err:     0 (0.00%) Active: 1 Started: 1 Finished: 0
2017-07-26 14:11:30,529 INFO o.a.j.r.Summariser: summary =     32 in 00:00:58 =    0.6/s Avg:  1798 Min:   693 Max:  4014 Err:     0 (0.00%)
2017-07-26 14:12:02,161 INFO o.a.j.r.Summariser: summary +     19 in 00:00:32 =    0.6/s Avg:  1664 Min:   732 Max:  3864 Err:     0 (0.00%) Active: 1 Started: 1 Finished: 0
2017-07-26 14:12:02,161 INFO o.a.j.r.Summariser: summary =     51 in 00:01:30 =    0.6/s Avg:  1748 Min:   693 Max:  4014 Err:     0 (0.00%)
2017-07-26 14:12:30,586 INFO o.a.j.r.Summariser: summary +     17 in 00:00:28 =    0.6/s Avg:  1671 Min:   776 Max:  3530 Err:     0 (0.00%) Active: 1 Started: 1 Finished: 0
2017-07-26 14:12:30,586 INFO o.a.j.r.Summariser: summary =     68 in 00:01:58 =    0.6/s Avg:  1729 Min:   693 Max:  4014 Err:     0 (0.00%)
2017-07-26 14:13:00,997 INFO o.a.j.r.Summariser: summary +     17 in 00:00:30 =    0.6/s Avg:  1788 Min:   689 Max:  3721 Err:     0 (0.00%) Active: 1 Started: 1 Finished: 0
2017-07-26 14:13:00,997 INFO o.a.j.r.Summariser: summary =     85 in 00:02:28 =    0.6/s Avg:  1741 Min:   689 Max:  4014 Err:     0 (0.00%)
2017-07-26 14:13:22,774 INFO o.a.j.t.JMeterThread: Thread is done: The thread Group 1-1
2017-07-26 14:13:22,774 INFO o.a.j.t.JMeterThread: Thread finished: The thread Group 1-1
2017-07-26 14:13:22,774 INFO o.a.j.e.StandardJMeterEngine: Notifying test listeners of end of test
2017-07-26 14:13:22,774 INFO o.a.j.s.FileServer: Close: /Users/jeb228/Development/DataDistributionAPI/testing/tests_and_results/DepartmentWordCloud/DepartmentUris.csv
2017-07-26 14:13:22,776 INFO o.a.j.r.Summariser: summary +     15 in 00:00:22 =    0.7/s Avg:  1451 Min:   681 Max:  3937 Err:     0 (0.00%) Active: 0 Started: 1 Finished: 1
2017-07-26 14:13:22,776 INFO o.a.j.r.Summariser: summary =    100 in 00:02:50 =    0.6/s Avg:  1697 Min:   681 Max:  4014 Err:     0 (0.00%)
