2017-07-25 21:39:39,221 INFO o.a.j.u.JMeterUtils: Setting Locale to en_US
2017-07-25 21:39:39,229 INFO o.a.j.JMeter: Loading user properties from: /Users/jeb228/Software/forMac/JMeter/apache-jmeter-3.2/bin/user.properties
2017-07-25 21:39:39,230 INFO o.a.j.JMeter: Loading system properties from: /Users/jeb228/Software/forMac/JMeter/apache-jmeter-3.2/bin/system.properties
2017-07-25 21:39:39,230 INFO o.a.j.JMeter: Setting JMeter property: dir.base=/Users/jeb228/Development/DataDistributionAPI/testing/tests_and_results/OrganizationResearchAreas/_results
2017-07-25 21:39:39,230 INFO o.a.j.JMeter: Setting JMeter property: dir.output=/Users/jeb228/Development/DataDistributionAPI/testing/tests_and_results/OrganizationResearchAreas/_results/vivo_ora_drill_L1L2_2
2017-07-25 21:39:39,230 INFO o.a.j.JMeter: Setting JMeter property: context.path=vivo
2017-07-25 21:39:39,230 INFO o.a.j.JMeter: Setting JMeter property: action.name=ora_drill_L1L2
2017-07-25 21:39:39,230 INFO o.a.j.JMeter: Setting JMeter property: file.uris=/Users/jeb228/Development/DataDistributionAPI/testing/tests_and_results/OrganizationResearchAreas/OrganizationUris.csv
2017-07-25 21:39:39,230 INFO o.a.j.JMeter: Setting JMeter property: sample_variables=LABEL
2017-07-25 21:39:39,234 INFO o.a.j.JMeter: Copyright (c) 1998-2017 The Apache Software Foundation
2017-07-25 21:39:39,234 INFO o.a.j.JMeter: Version 3.2 r1790748
2017-07-25 21:39:39,234 INFO o.a.j.JMeter: java.version=1.8.0_131
2017-07-25 21:39:39,234 INFO o.a.j.JMeter: java.vm.name=Java HotSpot(TM) 64-Bit Server VM
2017-07-25 21:39:39,234 INFO o.a.j.JMeter: os.name=Mac OS X
2017-07-25 21:39:39,234 INFO o.a.j.JMeter: os.arch=x86_64
2017-07-25 21:39:39,234 INFO o.a.j.JMeter: os.version=10.12.6
2017-07-25 21:39:39,234 INFO o.a.j.JMeter: file.encoding=UTF-8
2017-07-25 21:39:39,235 INFO o.a.j.JMeter: Max memory     =536870912
2017-07-25 21:39:39,235 INFO o.a.j.JMeter: Available Processors =4
2017-07-25 21:39:39,237 INFO o.a.j.JMeter: Default Locale=English (United States)
2017-07-25 21:39:39,237 INFO o.a.j.JMeter: JMeter  Locale=English (United States)
2017-07-25 21:39:39,238 INFO o.a.j.JMeter: JMeterHome=/Users/jeb228/Software/forMac/JMeter/apache-jmeter-3.2
2017-07-25 21:39:39,238 INFO o.a.j.JMeter: user.dir  =/Users/jeb228/Development/DataDistributionAPI/testing/tests_and_results/OrganizationResearchAreas/_results
2017-07-25 21:39:39,238 INFO o.a.j.JMeter: PWD       =/Users/jeb228/Development/DataDistributionAPI/testing/tests_and_results/OrganizationResearchAreas/_results
2017-07-25 21:39:39,244 INFO o.a.j.JMeter: IP: 10.0.1.36 Name: lib-jeb228-maclap.local FullName: 10.0.1.36
2017-07-25 21:39:39,247 INFO o.a.j.s.FileServer: Default base='/Users/jeb228/Development/DataDistributionAPI/testing/tests_and_results/OrganizationResearchAreas/_results'
2017-07-25 21:39:39,247 INFO o.a.j.s.FileServer: Set new base='/Users/jeb228/Development/DataDistributionAPI/testing/tests_and_results/OrganizationResearchAreas'
2017-07-25 21:39:39,332 INFO o.a.j.s.SaveService: Testplan (JMX) version: 2.2. Testlog (JTL) version: 2.2
2017-07-25 21:39:39,342 INFO o.a.j.s.SaveService: Using SaveService properties file encoding UTF-8
2017-07-25 21:39:39,346 INFO o.a.j.s.SaveService: Using SaveService properties version 3.2
2017-07-25 21:39:39,361 INFO o.a.j.s.SaveService: Loading file: /Users/jeb228/Development/DataDistributionAPI/testing/tests_and_results/OrganizationResearchAreas/OrganizationResearchAreas.jmx
2017-07-25 21:39:39,393 INFO o.a.j.p.h.s.HTTPSamplerBase: Parser for text/html is org.apache.jmeter.protocol.http.parser.LagartoBasedHtmlParser
2017-07-25 21:39:39,393 INFO o.a.j.p.h.s.HTTPSamplerBase: Parser for application/xhtml+xml is org.apache.jmeter.protocol.http.parser.LagartoBasedHtmlParser
2017-07-25 21:39:39,393 INFO o.a.j.p.h.s.HTTPSamplerBase: Parser for application/xml is org.apache.jmeter.protocol.http.parser.LagartoBasedHtmlParser
2017-07-25 21:39:39,393 INFO o.a.j.p.h.s.HTTPSamplerBase: Parser for text/xml is org.apache.jmeter.protocol.http.parser.LagartoBasedHtmlParser
2017-07-25 21:39:39,393 INFO o.a.j.p.h.s.HTTPSamplerBase: Parser for text/vnd.wap.wml is org.apache.jmeter.protocol.http.parser.RegexpHTMLParser
2017-07-25 21:39:39,393 INFO o.a.j.p.h.s.HTTPSamplerBase: Parser for text/css is org.apache.jmeter.protocol.http.parser.CssParser
2017-07-25 21:39:39,400 INFO o.a.j.JMeter: Creating summariser <summary>
2017-07-25 21:39:39,407 INFO o.a.j.e.StandardJMeterEngine: Running the test!
2017-07-25 21:39:39,408 INFO o.a.j.s.SampleEvent: List of sample_variables: [LABEL]
2017-07-25 21:39:39,408 INFO o.a.j.s.SampleEvent: List of sample_variables: [LABEL]
2017-07-25 21:39:39,411 INFO o.a.j.e.u.CompoundVariable: Note: Function class names must contain the string: '.functions.'
2017-07-25 21:39:39,411 INFO o.a.j.e.u.CompoundVariable: Note: Function class names must not contain the string: '.gui.'
2017-07-25 21:39:39,653 INFO o.a.j.JMeter: Running test (1501033179653)
2017-07-25 21:39:39,692 INFO o.a.j.e.StandardJMeterEngine: Starting ThreadGroup: 1 : The thread Group
2017-07-25 21:39:39,692 INFO o.a.j.e.StandardJMeterEngine: Starting 1 threads for group The thread Group.
2017-07-25 21:39:39,692 INFO o.a.j.e.StandardJMeterEngine: Thread will continue on error
2017-07-25 21:39:39,692 INFO o.a.j.t.ThreadGroup: Starting thread group... number=1 threads=1 ramp-up=1 perThread=1000.0 delayedStart=false
2017-07-25 21:39:39,696 INFO o.a.j.t.ThreadGroup: Started thread group number 1
2017-07-25 21:39:39,696 INFO o.a.j.e.StandardJMeterEngine: All thread groups have been started
2017-07-25 21:39:39,929 INFO o.a.j.t.JMeterThread: Thread started: The thread Group 1-1
2017-07-25 21:39:39,932 INFO o.a.j.s.FileServer: Stored: /Users/jeb228/Development/DataDistributionAPI/testing/tests_and_results/OrganizationResearchAreas/OrganizationUris.csv
2017-07-25 21:39:39,947 INFO o.a.j.p.h.s.HTTPHCAbstractImpl: Local host = lib-jeb228-maclap.local
2017-07-25 21:39:39,954 INFO o.a.j.p.h.s.HTTPHC4Impl: HTTP request retry count = 0
2017-07-25 21:39:39,964 INFO o.a.j.s.SampleResult: Note: Sample TimeStamps are START times
2017-07-25 21:39:39,965 INFO o.a.j.s.SampleResult: sampleresult.default.encoding is set to ISO-8859-1
2017-07-25 21:39:39,965 INFO o.a.j.s.SampleResult: sampleresult.useNanoTime=true
2017-07-25 21:39:39,965 INFO o.a.j.s.SampleResult: sampleresult.nanoThreadSleep=5000
2017-07-25 21:40:00,002 INFO o.a.j.r.Summariser: summary +      9 in 00:00:20 =    0.4/s Avg:  2223 Min:   398 Max:  3617 Err:     0 (0.00%) Active: 1 Started: 1 Finished: 0
2017-07-25 21:40:31,056 INFO o.a.j.r.Summariser: summary +     14 in 00:00:31 =    0.5/s Avg:  2217 Min:   403 Max:  3801 Err:     0 (0.00%) Active: 1 Started: 1 Finished: 0
2017-07-25 21:40:31,056 INFO o.a.j.r.Summariser: summary =     23 in 00:00:51 =    0.4/s Avg:  2219 Min:   398 Max:  3801 Err:     0 (0.00%)
2017-07-25 21:41:01,259 INFO o.a.j.r.Summariser: summary +     14 in 00:00:30 =    0.5/s Avg:  2157 Min:   396 Max:  3973 Err:     0 (0.00%) Active: 1 Started: 1 Finished: 0
2017-07-25 21:41:01,260 INFO o.a.j.r.Summariser: summary =     37 in 00:01:22 =    0.5/s Avg:  2196 Min:   396 Max:  3973 Err:     0 (0.00%)
2017-07-25 21:41:31,747 INFO o.a.j.r.Summariser: summary +     15 in 00:00:30 =    0.5/s Avg:  2031 Min:   406 Max:  3800 Err:     0 (0.00%) Active: 1 Started: 1 Finished: 0
2017-07-25 21:41:31,747 INFO o.a.j.r.Summariser: summary =     52 in 00:01:52 =    0.5/s Avg:  2148 Min:   396 Max:  3973 Err:     0 (0.00%)
2017-07-25 21:42:01,400 INFO o.a.j.r.Summariser: summary +     14 in 00:00:30 =    0.5/s Avg:  2117 Min:   404 Max:  3807 Err:     0 (0.00%) Active: 1 Started: 1 Finished: 0
2017-07-25 21:42:01,400 INFO o.a.j.r.Summariser: summary =     66 in 00:02:22 =    0.5/s Avg:  2142 Min:   396 Max:  3973 Err:     0 (0.00%)
2017-07-25 21:42:30,463 INFO o.a.j.r.Summariser: summary +     14 in 00:00:29 =    0.5/s Avg:  2075 Min:   400 Max:  3816 Err:     0 (0.00%) Active: 1 Started: 1 Finished: 0
2017-07-25 21:42:30,463 INFO o.a.j.r.Summariser: summary =     80 in 00:02:51 =    0.5/s Avg:  2130 Min:   396 Max:  3973 Err:     0 (0.00%)
2017-07-25 21:43:00,269 INFO o.a.j.r.Summariser: summary +     14 in 00:00:30 =    0.5/s Avg:  2128 Min:   407 Max:  3808 Err:     0 (0.00%) Active: 1 Started: 1 Finished: 0
2017-07-25 21:43:00,269 INFO o.a.j.r.Summariser: summary =     94 in 00:03:21 =    0.5/s Avg:  2130 Min:   396 Max:  3973 Err:     0 (0.00%)
2017-07-25 21:43:12,794 INFO o.a.j.t.JMeterThread: Thread is done: The thread Group 1-1
2017-07-25 21:43:12,794 INFO o.a.j.t.JMeterThread: Thread finished: The thread Group 1-1
2017-07-25 21:43:12,794 INFO o.a.j.e.StandardJMeterEngine: Notifying test listeners of end of test
2017-07-25 21:43:12,794 INFO o.a.j.s.FileServer: Close: /Users/jeb228/Development/DataDistributionAPI/testing/tests_and_results/OrganizationResearchAreas/OrganizationUris.csv
2017-07-25 21:43:12,796 INFO o.a.j.r.Summariser: summary +      6 in 00:00:13 =    0.5/s Avg:  2087 Min:   447 Max:  3546 Err:     0 (0.00%) Active: 0 Started: 1 Finished: 1
2017-07-25 21:43:12,796 INFO o.a.j.r.Summariser: summary =    100 in 00:03:33 =    0.5/s Avg:  2127 Min:   396 Max:  3973 Err:     0 (0.00%)
