2017-08-08 22:48:55,828 INFO o.a.j.u.JMeterUtils: Setting Locale to en_US
2017-08-08 22:48:55,838 INFO o.a.j.JMeter: Loading user properties from: /Users/jeb228/Software/forMac/JMeter/apache-jmeter-3.2/bin/user.properties
2017-08-08 22:48:55,838 INFO o.a.j.JMeter: Loading system properties from: /Users/jeb228/Software/forMac/JMeter/apache-jmeter-3.2/bin/system.properties
2017-08-08 22:48:55,839 INFO o.a.j.JMeter: Setting JMeter property: dir.base=/Users/jeb228/Development/DataDistributionAPI/testing/tests_and_results/DepartmentWordCloud/_results
2017-08-08 22:48:55,839 INFO o.a.j.JMeter: Setting JMeter property: dir.output=/Users/jeb228/Development/DataDistributionAPI/testing/tests_and_results/DepartmentWordCloud/_results/vivo_dwc_deeper_2
2017-08-08 22:48:55,839 INFO o.a.j.JMeter: Setting JMeter property: context.path=vivo
2017-08-08 22:48:55,839 INFO o.a.j.JMeter: Setting JMeter property: action.name=dwc_deeper
2017-08-08 22:48:55,839 INFO o.a.j.JMeter: Setting JMeter property: file.uris=/Users/jeb228/Development/DataDistributionAPI/testing/tests_and_results/DepartmentWordCloud/DepartmentUris.csv
2017-08-08 22:48:55,839 INFO o.a.j.JMeter: Setting JMeter property: sample_variables=LABEL
2017-08-08 22:48:55,842 INFO o.a.j.JMeter: Copyright (c) 1998-2017 The Apache Software Foundation
2017-08-08 22:48:55,842 INFO o.a.j.JMeter: Version 3.2 r1790748
2017-08-08 22:48:55,842 INFO o.a.j.JMeter: java.version=1.8.0_131
2017-08-08 22:48:55,842 INFO o.a.j.JMeter: java.vm.name=Java HotSpot(TM) 64-Bit Server VM
2017-08-08 22:48:55,842 INFO o.a.j.JMeter: os.name=Mac OS X
2017-08-08 22:48:55,842 INFO o.a.j.JMeter: os.arch=x86_64
2017-08-08 22:48:55,842 INFO o.a.j.JMeter: os.version=10.12.6
2017-08-08 22:48:55,843 INFO o.a.j.JMeter: file.encoding=UTF-8
2017-08-08 22:48:55,843 INFO o.a.j.JMeter: Max memory     =536870912
2017-08-08 22:48:55,843 INFO o.a.j.JMeter: Available Processors =4
2017-08-08 22:48:55,845 INFO o.a.j.JMeter: Default Locale=English (United States)
2017-08-08 22:48:55,846 INFO o.a.j.JMeter: JMeter  Locale=English (United States)
2017-08-08 22:48:55,846 INFO o.a.j.JMeter: JMeterHome=/Users/jeb228/Software/forMac/JMeter/apache-jmeter-3.2
2017-08-08 22:48:55,846 INFO o.a.j.JMeter: user.dir  =/Users/jeb228/Development/DataDistributionAPI/testing/tests_and_results/DepartmentWordCloud/_results
2017-08-08 22:48:55,846 INFO o.a.j.JMeter: PWD       =/Users/jeb228/Development/DataDistributionAPI/testing/tests_and_results/DepartmentWordCloud/_results
2017-08-08 22:48:55,852 INFO o.a.j.JMeter: IP: 10.0.1.38 Name: lib-jeb228-maclap.local FullName: 10.0.1.38
2017-08-08 22:48:55,854 INFO o.a.j.s.FileServer: Default base='/Users/jeb228/Development/DataDistributionAPI/testing/tests_and_results/DepartmentWordCloud/_results'
2017-08-08 22:48:55,854 INFO o.a.j.s.FileServer: Set new base='/Users/jeb228/Development/DataDistributionAPI/testing/tests_and_results/DepartmentWordCloud'
2017-08-08 22:48:55,935 INFO o.a.j.s.SaveService: Testplan (JMX) version: 2.2. Testlog (JTL) version: 2.2
2017-08-08 22:48:55,944 INFO o.a.j.s.SaveService: Using SaveService properties file encoding UTF-8
2017-08-08 22:48:55,956 INFO o.a.j.s.SaveService: Using SaveService properties version 3.2
2017-08-08 22:48:55,960 INFO o.a.j.s.SaveService: Loading file: /Users/jeb228/Development/DataDistributionAPI/testing/tests_and_results/DepartmentWordCloud/DepartmentWordClouds.jmx
2017-08-08 22:48:55,995 INFO o.a.j.p.h.s.HTTPSamplerBase: Parser for text/html is org.apache.jmeter.protocol.http.parser.LagartoBasedHtmlParser
2017-08-08 22:48:55,995 INFO o.a.j.p.h.s.HTTPSamplerBase: Parser for application/xhtml+xml is org.apache.jmeter.protocol.http.parser.LagartoBasedHtmlParser
2017-08-08 22:48:55,995 INFO o.a.j.p.h.s.HTTPSamplerBase: Parser for application/xml is org.apache.jmeter.protocol.http.parser.LagartoBasedHtmlParser
2017-08-08 22:48:55,995 INFO o.a.j.p.h.s.HTTPSamplerBase: Parser for text/xml is org.apache.jmeter.protocol.http.parser.LagartoBasedHtmlParser
2017-08-08 22:48:55,995 INFO o.a.j.p.h.s.HTTPSamplerBase: Parser for text/vnd.wap.wml is org.apache.jmeter.protocol.http.parser.RegexpHTMLParser
2017-08-08 22:48:55,995 INFO o.a.j.p.h.s.HTTPSamplerBase: Parser for text/css is org.apache.jmeter.protocol.http.parser.CssParser
2017-08-08 22:48:56,002 INFO o.a.j.JMeter: Creating summariser <summary>
2017-08-08 22:48:56,009 INFO o.a.j.e.StandardJMeterEngine: Running the test!
2017-08-08 22:48:56,010 INFO o.a.j.s.SampleEvent: List of sample_variables: [LABEL]
2017-08-08 22:48:56,010 INFO o.a.j.s.SampleEvent: List of sample_variables: [LABEL]
2017-08-08 22:48:56,013 INFO o.a.j.e.u.CompoundVariable: Note: Function class names must contain the string: '.functions.'
2017-08-08 22:48:56,013 INFO o.a.j.e.u.CompoundVariable: Note: Function class names must not contain the string: '.gui.'
2017-08-08 22:48:56,251 INFO o.a.j.JMeter: Running test (1502246936251)
2017-08-08 22:48:56,291 INFO o.a.j.e.StandardJMeterEngine: Starting ThreadGroup: 1 : The thread Group
2017-08-08 22:48:56,291 INFO o.a.j.e.StandardJMeterEngine: Starting 1 threads for group The thread Group.
2017-08-08 22:48:56,291 INFO o.a.j.e.StandardJMeterEngine: Thread will continue on error
2017-08-08 22:48:56,291 INFO o.a.j.t.ThreadGroup: Starting thread group... number=1 threads=1 ramp-up=1 perThread=1000.0 delayedStart=false
2017-08-08 22:48:56,295 INFO o.a.j.t.ThreadGroup: Started thread group number 1
2017-08-08 22:48:56,295 INFO o.a.j.e.StandardJMeterEngine: All thread groups have been started
2017-08-08 22:48:56,384 INFO o.a.j.t.JMeterThread: Thread started: The thread Group 1-1
2017-08-08 22:48:56,387 INFO o.a.j.s.FileServer: Stored: /Users/jeb228/Development/DataDistributionAPI/testing/tests_and_results/DepartmentWordCloud/DepartmentUris.csv
2017-08-08 22:48:56,398 INFO o.a.j.p.h.s.HTTPHCAbstractImpl: Local host = lib-jeb228-maclap.local
2017-08-08 22:48:56,401 INFO o.a.j.p.h.s.HTTPHC4Impl: HTTP request retry count = 0
2017-08-08 22:48:56,406 INFO o.a.j.s.SampleResult: Note: Sample TimeStamps are START times
2017-08-08 22:48:56,406 INFO o.a.j.s.SampleResult: sampleresult.default.encoding is set to ISO-8859-1
2017-08-08 22:48:56,407 INFO o.a.j.s.SampleResult: sampleresult.useNanoTime=true
2017-08-08 22:48:56,407 INFO o.a.j.s.SampleResult: sampleresult.nanoThreadSleep=5000
2017-08-08 22:49:30,927 INFO o.a.j.r.Summariser: summary +      5 in 00:00:35 =    0.1/s Avg:  6900 Min:  3912 Max: 15340 Err:     0 (0.00%) Active: 1 Started: 1 Finished: 0
2017-08-08 22:50:03,110 INFO o.a.j.r.Summariser: summary +      6 in 00:00:32 =    0.2/s Avg:  5363 Min:  2712 Max: 14600 Err:     0 (0.00%) Active: 1 Started: 1 Finished: 0
2017-08-08 22:50:03,110 INFO o.a.j.r.Summariser: summary =     11 in 00:01:07 =    0.2/s Avg:  6061 Min:  2712 Max: 15340 Err:     0 (0.00%)
2017-08-08 22:50:32,533 INFO o.a.j.r.Summariser: summary +      7 in 00:00:29 =    0.2/s Avg:  4202 Min:  2887 Max:  6348 Err:     0 (0.00%) Active: 1 Started: 1 Finished: 0
2017-08-08 22:50:32,533 INFO o.a.j.r.Summariser: summary =     18 in 00:01:36 =    0.2/s Avg:  5338 Min:  2712 Max: 15340 Err:     0 (0.00%)
2017-08-08 22:51:01,095 INFO o.a.j.r.Summariser: summary +      4 in 00:00:29 =    0.1/s Avg:  7140 Min:  3166 Max: 14644 Err:     0 (0.00%) Active: 1 Started: 1 Finished: 0
2017-08-08 22:51:01,095 INFO o.a.j.r.Summariser: summary =     22 in 00:02:05 =    0.2/s Avg:  5666 Min:  2712 Max: 15340 Err:     0 (0.00%)
2017-08-08 22:51:31,626 INFO o.a.j.r.Summariser: summary +      8 in 00:00:31 =    0.3/s Avg:  3815 Min:  2884 Max:  4557 Err:     0 (0.00%) Active: 1 Started: 1 Finished: 0
2017-08-08 22:51:31,626 INFO o.a.j.r.Summariser: summary =     30 in 00:02:35 =    0.2/s Avg:  5172 Min:  2712 Max: 15340 Err:     0 (0.00%)
2017-08-08 22:52:02,044 INFO o.a.j.r.Summariser: summary +      4 in 00:00:30 =    0.1/s Avg:  7604 Min:  3794 Max: 14882 Err:     0 (0.00%) Active: 1 Started: 1 Finished: 0
2017-08-08 22:52:02,044 INFO o.a.j.r.Summariser: summary =     34 in 00:03:06 =    0.2/s Avg:  5458 Min:  2712 Max: 15340 Err:     0 (0.00%)
2017-08-08 22:53:00,789 INFO o.a.j.r.Summariser: summary +     12 in 00:00:59 =    0.2/s Avg:  4895 Min:  2666 Max: 14383 Err:     0 (0.00%) Active: 1 Started: 1 Finished: 0
2017-08-08 22:53:00,790 INFO o.a.j.r.Summariser: summary =     46 in 00:04:05 =    0.2/s Avg:  5311 Min:  2666 Max: 15340 Err:     0 (0.00%)
2017-08-08 22:53:30,288 INFO o.a.j.r.Summariser: summary +      5 in 00:00:30 =    0.2/s Avg:  5899 Min:  3179 Max: 14656 Err:     0 (0.00%) Active: 1 Started: 1 Finished: 0
2017-08-08 22:53:30,288 INFO o.a.j.r.Summariser: summary =     51 in 00:04:34 =    0.2/s Avg:  5369 Min:  2666 Max: 15340 Err:     0 (0.00%)
2017-08-08 22:54:02,577 INFO o.a.j.r.Summariser: summary +      8 in 00:00:32 =    0.2/s Avg:  4035 Min:  3013 Max:  6279 Err:     0 (0.00%) Active: 1 Started: 1 Finished: 0
2017-08-08 22:54:02,578 INFO o.a.j.r.Summariser: summary =     59 in 00:05:06 =    0.2/s Avg:  5188 Min:  2666 Max: 15340 Err:     0 (0.00%)
2017-08-08 22:54:31,631 INFO o.a.j.r.Summariser: summary +      4 in 00:00:29 =    0.1/s Avg:  7262 Min:  3982 Max: 14592 Err:     0 (0.00%) Active: 1 Started: 1 Finished: 0
2017-08-08 22:54:31,632 INFO o.a.j.r.Summariser: summary =     63 in 00:05:35 =    0.2/s Avg:  5320 Min:  2666 Max: 15340 Err:     0 (0.00%)
2017-08-08 22:55:31,419 INFO o.a.j.r.Summariser: summary +     12 in 00:01:00 =    0.2/s Avg:  4981 Min:  2991 Max: 14318 Err:     0 (0.00%) Active: 1 Started: 1 Finished: 0
2017-08-08 22:55:31,419 INFO o.a.j.r.Summariser: summary =     75 in 00:06:35 =    0.2/s Avg:  5266 Min:  2666 Max: 15340 Err:     0 (0.00%)
2017-08-08 22:56:03,429 INFO o.a.j.r.Summariser: summary +      6 in 00:00:32 =    0.2/s Avg:  5334 Min:  2876 Max: 14398 Err:     0 (0.00%) Active: 1 Started: 1 Finished: 0
2017-08-08 22:56:03,430 INFO o.a.j.r.Summariser: summary =     81 in 00:07:07 =    0.2/s Avg:  5271 Min:  2666 Max: 15340 Err:     0 (0.00%)
2017-08-08 22:56:32,789 INFO o.a.j.r.Summariser: summary +      7 in 00:00:29 =    0.2/s Avg:  4193 Min:  2969 Max:  6270 Err:     0 (0.00%) Active: 1 Started: 1 Finished: 0
2017-08-08 22:56:32,789 INFO o.a.j.r.Summariser: summary =     88 in 00:07:37 =    0.2/s Avg:  5185 Min:  2666 Max: 15340 Err:     0 (0.00%)
2017-08-08 22:57:01,176 INFO o.a.j.r.Summariser: summary +      4 in 00:00:28 =    0.1/s Avg:  7096 Min:  2972 Max: 14407 Err:     0 (0.00%) Active: 1 Started: 1 Finished: 0
2017-08-08 22:57:01,177 INFO o.a.j.r.Summariser: summary =     92 in 00:08:05 =    0.2/s Avg:  5268 Min:  2666 Max: 15340 Err:     0 (0.00%)
2017-08-08 22:57:31,308 INFO o.a.j.r.Summariser: summary +      8 in 00:00:30 =    0.3/s Avg:  3766 Min:  2718 Max:  4594 Err:     0 (0.00%) Active: 1 Started: 1 Finished: 0
2017-08-08 22:57:31,308 INFO o.a.j.r.Summariser: summary =    100 in 00:08:35 =    0.2/s Avg:  5148 Min:  2666 Max: 15340 Err:     0 (0.00%)
2017-08-08 22:57:31,308 INFO o.a.j.t.JMeterThread: Thread is done: The thread Group 1-1
2017-08-08 22:57:31,308 INFO o.a.j.t.JMeterThread: Thread finished: The thread Group 1-1
2017-08-08 22:57:31,309 INFO o.a.j.e.StandardJMeterEngine: Notifying test listeners of end of test
2017-08-08 22:57:31,309 INFO o.a.j.s.FileServer: Close: /Users/jeb228/Development/DataDistributionAPI/testing/tests_and_results/DepartmentWordCloud/DepartmentUris.csv
2017-08-08 22:57:31,310 INFO o.a.j.r.Summariser: summary =    100 in 00:08:35 =    0.2/s Avg:  5148 Min:  2666 Max: 15340 Err:     0 (0.00%)
