2017-07-26 14:25:34,149 INFO o.a.j.u.JMeterUtils: Setting Locale to en_US
2017-07-26 14:25:34,159 INFO o.a.j.JMeter: Loading user properties from: /Users/jeb228/Software/forMac/JMeter/apache-jmeter-3.2/bin/user.properties
2017-07-26 14:25:34,159 INFO o.a.j.JMeter: Loading system properties from: /Users/jeb228/Software/forMac/JMeter/apache-jmeter-3.2/bin/system.properties
2017-07-26 14:25:34,160 INFO o.a.j.JMeter: Setting JMeter property: dir.base=/Users/jeb228/Development/DataDistributionAPI/testing/tests_and_results/DepartmentWordCloud/_results
2017-07-26 14:25:34,160 INFO o.a.j.JMeter: Setting JMeter property: dir.output=/Users/jeb228/Development/DataDistributionAPI/testing/tests_and_results/DepartmentWordCloud/_results/scholars_dwc_deeper_1
2017-07-26 14:25:34,160 INFO o.a.j.JMeter: Setting JMeter property: context.path=scholars
2017-07-26 14:25:34,160 INFO o.a.j.JMeter: Setting JMeter property: action.name=dwc_deeper
2017-07-26 14:25:34,160 INFO o.a.j.JMeter: Setting JMeter property: file.uris=/Users/jeb228/Development/DataDistributionAPI/testing/tests_and_results/DepartmentWordCloud/DepartmentUris.csv
2017-07-26 14:25:34,160 INFO o.a.j.JMeter: Setting JMeter property: sample_variables=LABEL
2017-07-26 14:25:34,163 INFO o.a.j.JMeter: Copyright (c) 1998-2017 The Apache Software Foundation
2017-07-26 14:25:34,163 INFO o.a.j.JMeter: Version 3.2 r1790748
2017-07-26 14:25:34,163 INFO o.a.j.JMeter: java.version=1.8.0_131
2017-07-26 14:25:34,164 INFO o.a.j.JMeter: java.vm.name=Java HotSpot(TM) 64-Bit Server VM
2017-07-26 14:25:34,164 INFO o.a.j.JMeter: os.name=Mac OS X
2017-07-26 14:25:34,164 INFO o.a.j.JMeter: os.arch=x86_64
2017-07-26 14:25:34,164 INFO o.a.j.JMeter: os.version=10.12.6
2017-07-26 14:25:34,164 INFO o.a.j.JMeter: file.encoding=UTF-8
2017-07-26 14:25:34,164 INFO o.a.j.JMeter: Max memory     =536870912
2017-07-26 14:25:34,164 INFO o.a.j.JMeter: Available Processors =4
2017-07-26 14:25:34,167 INFO o.a.j.JMeter: Default Locale=English (United States)
2017-07-26 14:25:34,167 INFO o.a.j.JMeter: JMeter  Locale=English (United States)
2017-07-26 14:25:34,167 INFO o.a.j.JMeter: JMeterHome=/Users/jeb228/Software/forMac/JMeter/apache-jmeter-3.2
2017-07-26 14:25:34,167 INFO o.a.j.JMeter: user.dir  =/Users/jeb228/Development/DataDistributionAPI/testing/tests_and_results/DepartmentWordCloud/_results
2017-07-26 14:25:34,167 INFO o.a.j.JMeter: PWD       =/Users/jeb228/Development/DataDistributionAPI/testing/tests_and_results/DepartmentWordCloud/_results
2017-07-26 14:25:34,173 INFO o.a.j.JMeter: IP: 10.0.1.36 Name: lib-jeb228-maclap.local FullName: 10.0.1.36
2017-07-26 14:25:34,176 INFO o.a.j.s.FileServer: Default base='/Users/jeb228/Development/DataDistributionAPI/testing/tests_and_results/DepartmentWordCloud/_results'
2017-07-26 14:25:34,176 INFO o.a.j.s.FileServer: Set new base='/Users/jeb228/Development/DataDistributionAPI/testing/tests_and_results/DepartmentWordCloud'
2017-07-26 14:25:34,262 INFO o.a.j.s.SaveService: Testplan (JMX) version: 2.2. Testlog (JTL) version: 2.2
2017-07-26 14:25:34,272 INFO o.a.j.s.SaveService: Using SaveService properties file encoding UTF-8
2017-07-26 14:25:34,287 INFO o.a.j.s.SaveService: Using SaveService properties version 3.2
2017-07-26 14:25:34,291 INFO o.a.j.s.SaveService: Loading file: /Users/jeb228/Development/DataDistributionAPI/testing/tests_and_results/DepartmentWordCloud/DepartmentWordClouds.jmx
2017-07-26 14:25:34,323 INFO o.a.j.p.h.s.HTTPSamplerBase: Parser for text/html is org.apache.jmeter.protocol.http.parser.LagartoBasedHtmlParser
2017-07-26 14:25:34,323 INFO o.a.j.p.h.s.HTTPSamplerBase: Parser for application/xhtml+xml is org.apache.jmeter.protocol.http.parser.LagartoBasedHtmlParser
2017-07-26 14:25:34,323 INFO o.a.j.p.h.s.HTTPSamplerBase: Parser for application/xml is org.apache.jmeter.protocol.http.parser.LagartoBasedHtmlParser
2017-07-26 14:25:34,323 INFO o.a.j.p.h.s.HTTPSamplerBase: Parser for text/xml is org.apache.jmeter.protocol.http.parser.LagartoBasedHtmlParser
2017-07-26 14:25:34,323 INFO o.a.j.p.h.s.HTTPSamplerBase: Parser for text/vnd.wap.wml is org.apache.jmeter.protocol.http.parser.RegexpHTMLParser
2017-07-26 14:25:34,323 INFO o.a.j.p.h.s.HTTPSamplerBase: Parser for text/css is org.apache.jmeter.protocol.http.parser.CssParser
2017-07-26 14:25:34,330 INFO o.a.j.JMeter: Creating summariser <summary>
2017-07-26 14:25:34,338 INFO o.a.j.e.StandardJMeterEngine: Running the test!
2017-07-26 14:25:34,338 INFO o.a.j.s.SampleEvent: List of sample_variables: [LABEL]
2017-07-26 14:25:34,338 INFO o.a.j.s.SampleEvent: List of sample_variables: [LABEL]
2017-07-26 14:25:34,340 INFO o.a.j.e.u.CompoundVariable: Note: Function class names must contain the string: '.functions.'
2017-07-26 14:25:34,341 INFO o.a.j.e.u.CompoundVariable: Note: Function class names must not contain the string: '.gui.'
2017-07-26 14:25:34,588 INFO o.a.j.JMeter: Running test (1501093534588)
2017-07-26 14:25:34,620 INFO o.a.j.e.StandardJMeterEngine: Starting ThreadGroup: 1 : The thread Group
2017-07-26 14:25:34,620 INFO o.a.j.e.StandardJMeterEngine: Starting 1 threads for group The thread Group.
2017-07-26 14:25:34,621 INFO o.a.j.e.StandardJMeterEngine: Thread will continue on error
2017-07-26 14:25:34,621 INFO o.a.j.t.ThreadGroup: Starting thread group... number=1 threads=1 ramp-up=1 perThread=1000.0 delayedStart=false
2017-07-26 14:25:34,624 INFO o.a.j.t.ThreadGroup: Started thread group number 1
2017-07-26 14:25:34,624 INFO o.a.j.e.StandardJMeterEngine: All thread groups have been started
2017-07-26 14:25:34,815 INFO o.a.j.t.JMeterThread: Thread started: The thread Group 1-1
2017-07-26 14:25:34,817 INFO o.a.j.s.FileServer: Stored: /Users/jeb228/Development/DataDistributionAPI/testing/tests_and_results/DepartmentWordCloud/DepartmentUris.csv
2017-07-26 14:25:34,832 INFO o.a.j.p.h.s.HTTPHCAbstractImpl: Local host = lib-jeb228-maclap.local
2017-07-26 14:25:34,838 INFO o.a.j.p.h.s.HTTPHC4Impl: HTTP request retry count = 0
2017-07-26 14:25:34,848 INFO o.a.j.s.SampleResult: Note: Sample TimeStamps are START times
2017-07-26 14:25:34,849 INFO o.a.j.s.SampleResult: sampleresult.default.encoding is set to ISO-8859-1
2017-07-26 14:25:34,849 INFO o.a.j.s.SampleResult: sampleresult.useNanoTime=true
2017-07-26 14:25:34,849 INFO o.a.j.s.SampleResult: sampleresult.nanoThreadSleep=5000
2017-07-26 14:26:00,398 INFO o.a.j.r.Summariser: summary +      2 in 00:00:26 =    0.1/s Avg: 12762 Min:  7687 Max: 17838 Err:     0 (0.00%) Active: 1 Started: 1 Finished: 0
2017-07-26 14:26:35,079 INFO o.a.j.r.Summariser: summary +      8 in 00:00:35 =    0.2/s Avg:  4334 Min:  3035 Max:  5591 Err:     0 (0.00%) Active: 1 Started: 1 Finished: 0
2017-07-26 14:26:35,079 INFO o.a.j.r.Summariser: summary =     10 in 00:01:00 =    0.2/s Avg:  6020 Min:  3035 Max: 17838 Err:     0 (0.00%)
2017-07-26 14:27:03,630 INFO o.a.j.r.Summariser: summary +      3 in 00:00:29 =    0.1/s Avg:  9515 Min:  4913 Max: 16017 Err:     0 (0.00%) Active: 1 Started: 1 Finished: 0
2017-07-26 14:27:03,631 INFO o.a.j.r.Summariser: summary =     13 in 00:01:29 =    0.1/s Avg:  6826 Min:  3035 Max: 17838 Err:     0 (0.00%)
2017-07-26 14:27:33,471 INFO o.a.j.r.Summariser: summary +      7 in 00:00:30 =    0.2/s Avg:  4262 Min:  3049 Max:  5880 Err:     0 (0.00%) Active: 1 Started: 1 Finished: 0
2017-07-26 14:27:33,472 INFO o.a.j.r.Summariser: summary =     20 in 00:01:59 =    0.2/s Avg:  5929 Min:  3035 Max: 17838 Err:     0 (0.00%)
2017-07-26 14:28:03,621 INFO o.a.j.r.Summariser: summary +      3 in 00:00:30 =    0.1/s Avg: 10049 Min:  5039 Max: 17132 Err:     0 (0.00%) Active: 1 Started: 1 Finished: 0
2017-07-26 14:28:03,621 INFO o.a.j.r.Summariser: summary =     23 in 00:02:29 =    0.2/s Avg:  6466 Min:  3035 Max: 17838 Err:     0 (0.00%)
2017-07-26 14:28:32,644 INFO o.a.j.r.Summariser: summary +      6 in 00:00:29 =    0.2/s Avg:  4836 Min:  3789 Max:  6389 Err:     0 (0.00%) Active: 1 Started: 1 Finished: 0
2017-07-26 14:28:32,644 INFO o.a.j.r.Summariser: summary =     29 in 00:02:58 =    0.2/s Avg:  6129 Min:  3035 Max: 17838 Err:     0 (0.00%)
2017-07-26 14:29:05,625 INFO o.a.j.r.Summariser: summary +      3 in 00:00:33 =    0.1/s Avg: 10993 Min:  5965 Max: 18927 Err:     0 (0.00%) Active: 1 Started: 1 Finished: 0
2017-07-26 14:29:05,626 INFO o.a.j.r.Summariser: summary =     32 in 00:03:31 =    0.2/s Avg:  6585 Min:  3035 Max: 18927 Err:     0 (0.00%)
2017-07-26 14:29:30,203 INFO o.a.j.r.Summariser: summary +      5 in 00:00:25 =    0.2/s Avg:  4914 Min:  3710 Max:  6241 Err:     0 (0.00%) Active: 1 Started: 1 Finished: 0
2017-07-26 14:29:30,203 INFO o.a.j.r.Summariser: summary =     37 in 00:03:56 =    0.2/s Avg:  6359 Min:  3035 Max: 18927 Err:     0 (0.00%)
2017-07-26 14:30:03,903 INFO o.a.j.r.Summariser: summary +      4 in 00:00:34 =    0.1/s Avg:  8424 Min:  3891 Max: 19416 Err:     0 (0.00%) Active: 1 Started: 1 Finished: 0
2017-07-26 14:30:03,903 INFO o.a.j.r.Summariser: summary =     41 in 00:04:29 =    0.2/s Avg:  6561 Min:  3035 Max: 19416 Err:     0 (0.00%)
2017-07-26 14:30:31,654 INFO o.a.j.r.Summariser: summary +      5 in 00:00:28 =    0.2/s Avg:  5549 Min:  3766 Max:  8299 Err:     0 (0.00%) Active: 1 Started: 1 Finished: 0
2017-07-26 14:30:31,654 INFO o.a.j.r.Summariser: summary =     46 in 00:04:57 =    0.2/s Avg:  6451 Min:  3035 Max: 19416 Err:     0 (0.00%)
2017-07-26 14:31:30,224 INFO o.a.j.r.Summariser: summary +      9 in 00:00:59 =    0.2/s Avg:  6507 Min:  3647 Max: 17279 Err:     0 (0.00%) Active: 1 Started: 1 Finished: 0
2017-07-26 14:31:30,225 INFO o.a.j.r.Summariser: summary =     55 in 00:05:56 =    0.2/s Avg:  6460 Min:  3035 Max: 19416 Err:     0 (0.00%)
2017-07-26 14:32:30,324 INFO o.a.j.r.Summariser: summary +      9 in 00:01:00 =    0.1/s Avg:  6677 Min:  3528 Max: 18699 Err:     0 (0.00%) Active: 1 Started: 1 Finished: 0
2017-07-26 14:32:30,325 INFO o.a.j.r.Summariser: summary =     64 in 00:06:56 =    0.2/s Avg:  6490 Min:  3035 Max: 19416 Err:     0 (0.00%)
2017-07-26 14:33:30,514 INFO o.a.j.r.Summariser: summary +     10 in 00:01:00 =    0.2/s Avg:  6018 Min:  3298 Max: 16977 Err:     0 (0.00%) Active: 1 Started: 1 Finished: 0
2017-07-26 14:33:30,514 INFO o.a.j.r.Summariser: summary =     74 in 00:07:56 =    0.2/s Avg:  6426 Min:  3035 Max: 19416 Err:     0 (0.00%)
2017-07-26 14:34:30,735 INFO o.a.j.r.Summariser: summary +      9 in 00:01:00 =    0.1/s Avg:  6690 Min:  3730 Max: 18970 Err:     0 (0.00%) Active: 1 Started: 1 Finished: 0
2017-07-26 14:34:30,736 INFO o.a.j.r.Summariser: summary =     83 in 00:08:56 =    0.2/s Avg:  6455 Min:  3035 Max: 19416 Err:     0 (0.00%)
2017-07-26 14:35:02,221 INFO o.a.j.r.Summariser: summary +      7 in 00:00:31 =    0.2/s Avg:  4497 Min:  3299 Max:  6008 Err:     0 (0.00%) Active: 1 Started: 1 Finished: 0
2017-07-26 14:35:02,222 INFO o.a.j.r.Summariser: summary =     90 in 00:09:28 =    0.2/s Avg:  6303 Min:  3035 Max: 19416 Err:     0 (0.00%)
2017-07-26 14:35:32,332 INFO o.a.j.r.Summariser: summary +      3 in 00:00:30 =    0.1/s Avg: 10035 Min:  4820 Max: 17519 Err:     0 (0.00%) Active: 1 Started: 1 Finished: 0
2017-07-26 14:35:32,332 INFO o.a.j.r.Summariser: summary =     93 in 00:09:58 =    0.2/s Avg:  6423 Min:  3035 Max: 19416 Err:     0 (0.00%)
2017-07-26 14:36:00,993 INFO o.a.j.r.Summariser: summary +      6 in 00:00:29 =    0.2/s Avg:  4776 Min:  3854 Max:  6157 Err:     0 (0.00%) Active: 1 Started: 1 Finished: 0
2017-07-26 14:36:00,993 INFO o.a.j.r.Summariser: summary =     99 in 00:10:26 =    0.2/s Avg:  6323 Min:  3035 Max: 19416 Err:     0 (0.00%)
2017-07-26 14:36:06,390 INFO o.a.j.t.JMeterThread: Thread is done: The thread Group 1-1
2017-07-26 14:36:06,390 INFO o.a.j.t.JMeterThread: Thread finished: The thread Group 1-1
2017-07-26 14:36:06,391 INFO o.a.j.e.StandardJMeterEngine: Notifying test listeners of end of test
2017-07-26 14:36:06,391 INFO o.a.j.s.FileServer: Close: /Users/jeb228/Development/DataDistributionAPI/testing/tests_and_results/DepartmentWordCloud/DepartmentUris.csv
2017-07-26 14:36:06,392 INFO o.a.j.r.Summariser: summary +      1 in 00:00:05 =    0.2/s Avg:  5396 Min:  5396 Max:  5396 Err:     0 (0.00%) Active: 0 Started: 1 Finished: 1
2017-07-26 14:36:06,392 INFO o.a.j.r.Summariser: summary =    100 in 00:10:32 =    0.2/s Avg:  6314 Min:  3035 Max: 19416 Err:     0 (0.00%)
