2017-07-23 16:36:25,881 INFO o.a.j.u.JMeterUtils: Setting Locale to en_US
2017-07-23 16:36:25,892 INFO o.a.j.JMeter: Loading user properties from: /Users/jeb228/Software/forMac/JMeter/apache-jmeter-3.2/bin/user.properties
2017-07-23 16:36:25,894 INFO o.a.j.JMeter: Loading system properties from: /Users/jeb228/Software/forMac/JMeter/apache-jmeter-3.2/bin/system.properties
2017-07-23 16:36:25,894 INFO o.a.j.JMeter: Setting JMeter property: dir.base=/Users/jeb228/Development/DataDistributionAPI/testing/tests_and_results/DepartmentWordCloud
2017-07-23 16:36:25,894 INFO o.a.j.JMeter: Setting JMeter property: dir.output=/Users/jeb228/Development/DataDistributionAPI/testing/tests_and_results/DepartmentWordCloud/dwc_drill_1
2017-07-23 16:36:25,894 INFO o.a.j.JMeter: Setting JMeter property: action.name=dwc_drill
2017-07-23 16:36:25,894 INFO o.a.j.JMeter: Setting JMeter property: file.uris=/Users/jeb228/Development/DataDistributionAPI/testing/tests_and_results/DepartmentWordCloud/DepartmentUris.csv
2017-07-23 16:36:25,894 INFO o.a.j.JMeter: Setting JMeter property: sample_variables=LABEL
2017-07-23 16:36:25,898 INFO o.a.j.JMeter: Copyright (c) 1998-2017 The Apache Software Foundation
2017-07-23 16:36:25,898 INFO o.a.j.JMeter: Version 3.2 r1790748
2017-07-23 16:36:25,898 INFO o.a.j.JMeter: java.version=1.8.0_131
2017-07-23 16:36:25,898 INFO o.a.j.JMeter: java.vm.name=Java HotSpot(TM) 64-Bit Server VM
2017-07-23 16:36:25,898 INFO o.a.j.JMeter: os.name=Mac OS X
2017-07-23 16:36:25,898 INFO o.a.j.JMeter: os.arch=x86_64
2017-07-23 16:36:25,898 INFO o.a.j.JMeter: os.version=10.12.6
2017-07-23 16:36:25,898 INFO o.a.j.JMeter: file.encoding=UTF-8
2017-07-23 16:36:25,898 INFO o.a.j.JMeter: Max memory     =536870912
2017-07-23 16:36:25,898 INFO o.a.j.JMeter: Available Processors =4
2017-07-23 16:36:25,901 INFO o.a.j.JMeter: Default Locale=English (United States)
2017-07-23 16:36:25,901 INFO o.a.j.JMeter: JMeter  Locale=English (United States)
2017-07-23 16:36:25,901 INFO o.a.j.JMeter: JMeterHome=/Users/jeb228/Software/forMac/JMeter/apache-jmeter-3.2
2017-07-23 16:36:25,901 INFO o.a.j.JMeter: user.dir  =/Users/jeb228/Development/DataDistributionAPI/testing/tests_and_results/DepartmentWordCloud
2017-07-23 16:36:25,901 INFO o.a.j.JMeter: PWD       =/Users/jeb228/Development/DataDistributionAPI/testing/tests_and_results/DepartmentWordCloud
2017-07-23 16:36:25,902 INFO o.a.j.JMeter: IP: 128.253.87.37 Name: lib-7215-dock.library.cornell.edu FullName: lib-7215-dock.library.cornell.edu
2017-07-23 16:36:25,905 INFO o.a.j.s.FileServer: Default base='/Users/jeb228/Development/DataDistributionAPI/testing/tests_and_results/DepartmentWordCloud'
2017-07-23 16:36:25,905 INFO o.a.j.s.FileServer: Set new base='/Users/jeb228/Development/DataDistributionAPI/testing/tests_and_results/DepartmentWordCloud'
2017-07-23 16:36:25,986 INFO o.a.j.s.SaveService: Testplan (JMX) version: 2.2. Testlog (JTL) version: 2.2
2017-07-23 16:36:25,997 INFO o.a.j.s.SaveService: Using SaveService properties file encoding UTF-8
2017-07-23 16:36:26,008 INFO o.a.j.s.SaveService: Using SaveService properties version 3.2
2017-07-23 16:36:26,012 INFO o.a.j.s.SaveService: Loading file: /Users/jeb228/Development/DataDistributionAPI/testing/tests_and_results/DepartmentWordCloud/DepartmentWordClouds.jmx
2017-07-23 16:36:26,047 INFO o.a.j.p.h.s.HTTPSamplerBase: Parser for text/html is org.apache.jmeter.protocol.http.parser.LagartoBasedHtmlParser
2017-07-23 16:36:26,047 INFO o.a.j.p.h.s.HTTPSamplerBase: Parser for application/xhtml+xml is org.apache.jmeter.protocol.http.parser.LagartoBasedHtmlParser
2017-07-23 16:36:26,047 INFO o.a.j.p.h.s.HTTPSamplerBase: Parser for application/xml is org.apache.jmeter.protocol.http.parser.LagartoBasedHtmlParser
2017-07-23 16:36:26,047 INFO o.a.j.p.h.s.HTTPSamplerBase: Parser for text/xml is org.apache.jmeter.protocol.http.parser.LagartoBasedHtmlParser
2017-07-23 16:36:26,047 INFO o.a.j.p.h.s.HTTPSamplerBase: Parser for text/vnd.wap.wml is org.apache.jmeter.protocol.http.parser.RegexpHTMLParser
2017-07-23 16:36:26,047 INFO o.a.j.p.h.s.HTTPSamplerBase: Parser for text/css is org.apache.jmeter.protocol.http.parser.CssParser
2017-07-23 16:36:26,054 INFO o.a.j.JMeter: Creating summariser <summary>
2017-07-23 16:36:26,062 INFO o.a.j.e.StandardJMeterEngine: Running the test!
2017-07-23 16:36:26,062 INFO o.a.j.s.SampleEvent: List of sample_variables: [LABEL]
2017-07-23 16:36:26,062 INFO o.a.j.s.SampleEvent: List of sample_variables: [LABEL]
2017-07-23 16:36:26,065 INFO o.a.j.e.u.CompoundVariable: Note: Function class names must contain the string: '.functions.'
2017-07-23 16:36:26,065 INFO o.a.j.e.u.CompoundVariable: Note: Function class names must not contain the string: '.gui.'
2017-07-23 16:36:26,306 INFO o.a.j.JMeter: Running test (1500842186306)
2017-07-23 16:36:26,338 INFO o.a.j.e.StandardJMeterEngine: Starting ThreadGroup: 1 : The thread Group
2017-07-23 16:36:26,338 INFO o.a.j.e.StandardJMeterEngine: Starting 1 threads for group The thread Group.
2017-07-23 16:36:26,338 INFO o.a.j.e.StandardJMeterEngine: Thread will continue on error
2017-07-23 16:36:26,338 INFO o.a.j.t.ThreadGroup: Starting thread group... number=1 threads=1 ramp-up=1 perThread=1000.0 delayedStart=false
2017-07-23 16:36:26,341 INFO o.a.j.t.ThreadGroup: Started thread group number 1
2017-07-23 16:36:26,341 INFO o.a.j.e.StandardJMeterEngine: All thread groups have been started
2017-07-23 16:36:26,559 INFO o.a.j.t.JMeterThread: Thread started: The thread Group 1-1
2017-07-23 16:36:26,563 INFO o.a.j.s.FileServer: Stored: /Users/jeb228/Development/DataDistributionAPI/testing/tests_and_results/DepartmentWordCloud/DepartmentUris.csv
2017-07-23 16:36:26,577 INFO o.a.j.p.h.s.HTTPHCAbstractImpl: Local host = lib-7215-dock.library.cornell.edu
2017-07-23 16:36:26,581 INFO o.a.j.p.h.s.HTTPHC4Impl: HTTP request retry count = 0
2017-07-23 16:36:26,587 INFO o.a.j.s.SampleResult: Note: Sample TimeStamps are START times
2017-07-23 16:36:26,587 INFO o.a.j.s.SampleResult: sampleresult.default.encoding is set to ISO-8859-1
2017-07-23 16:36:26,587 INFO o.a.j.s.SampleResult: sampleresult.useNanoTime=true
2017-07-23 16:36:26,587 INFO o.a.j.s.SampleResult: sampleresult.nanoThreadSleep=5000
2017-07-23 16:36:30,288 INFO o.a.j.r.Summariser: summary +      4 in 00:00:04 =    1.0/s Avg:   919 Min:   611 Max:  1447 Err:     0 (0.00%) Active: 1 Started: 1 Finished: 0
2017-07-23 16:37:00,291 INFO o.a.j.r.Summariser: summary +     47 in 00:00:30 =    1.6/s Avg:   637 Min:   145 Max:  1223 Err:     0 (0.00%) Active: 1 Started: 1 Finished: 0
2017-07-23 16:37:00,291 INFO o.a.j.r.Summariser: summary =     51 in 00:00:34 =    1.5/s Avg:   660 Min:   145 Max:  1447 Err:     0 (0.00%)
2017-07-23 16:37:30,061 INFO o.a.j.r.Summariser: summary +     48 in 00:00:30 =    1.6/s Avg:   619 Min:   144 Max:  1120 Err:     0 (0.00%) Active: 1 Started: 1 Finished: 0
2017-07-23 16:37:30,061 INFO o.a.j.r.Summariser: summary =     99 in 00:01:04 =    1.6/s Avg:   640 Min:   144 Max:  1447 Err:     0 (0.00%)
2017-07-23 16:37:30,213 INFO o.a.j.t.JMeterThread: Thread is done: The thread Group 1-1
2017-07-23 16:37:30,213 INFO o.a.j.t.JMeterThread: Thread finished: The thread Group 1-1
2017-07-23 16:37:30,213 INFO o.a.j.e.StandardJMeterEngine: Notifying test listeners of end of test
2017-07-23 16:37:30,214 INFO o.a.j.s.FileServer: Close: /Users/jeb228/Development/DataDistributionAPI/testing/tests_and_results/DepartmentWordCloud/DepartmentUris.csv
2017-07-23 16:37:30,215 INFO o.a.j.r.Summariser: summary +      1 in 00:00:00 =    6.5/s Avg:   151 Min:   151 Max:   151 Err:     0 (0.00%) Active: 0 Started: 1 Finished: 1
2017-07-23 16:37:30,215 INFO o.a.j.r.Summariser: summary =    100 in 00:01:04 =    1.6/s Avg:   635 Min:   144 Max:  1447 Err:     0 (0.00%)
