2017-07-26 18:49:05,221 INFO o.a.j.u.JMeterUtils: Setting Locale to en_US
2017-07-26 18:49:05,231 INFO o.a.j.JMeter: Loading user properties from: /Users/jeb228/Software/forMac/JMeter/apache-jmeter-3.2/bin/user.properties
2017-07-26 18:49:05,232 INFO o.a.j.JMeter: Loading system properties from: /Users/jeb228/Software/forMac/JMeter/apache-jmeter-3.2/bin/system.properties
2017-07-26 18:49:05,232 INFO o.a.j.JMeter: Setting JMeter property: dir.base=/Users/jeb228/Development/DataDistributionAPI/testing/tests_and_results/OrganizationResearchAreas/_results
2017-07-26 18:49:05,232 INFO o.a.j.JMeter: Setting JMeter property: dir.output=/Users/jeb228/Development/DataDistributionAPI/testing/tests_and_results/OrganizationResearchAreas/_results/vivo_ora_drill_L2_1
2017-07-26 18:49:05,232 INFO o.a.j.JMeter: Setting JMeter property: context.path=vivo
2017-07-26 18:49:05,232 INFO o.a.j.JMeter: Setting JMeter property: action.name=ora_drill_L2
2017-07-26 18:49:05,232 INFO o.a.j.JMeter: Setting JMeter property: file.uris=/Users/jeb228/Development/DataDistributionAPI/testing/tests_and_results/OrganizationResearchAreas/OrganizationUris.csv
2017-07-26 18:49:05,232 INFO o.a.j.JMeter: Setting JMeter property: sample_variables=LABEL
2017-07-26 18:49:05,236 INFO o.a.j.JMeter: Copyright (c) 1998-2017 The Apache Software Foundation
2017-07-26 18:49:05,236 INFO o.a.j.JMeter: Version 3.2 r1790748
2017-07-26 18:49:05,236 INFO o.a.j.JMeter: java.version=1.8.0_131
2017-07-26 18:49:05,236 INFO o.a.j.JMeter: java.vm.name=Java HotSpot(TM) 64-Bit Server VM
2017-07-26 18:49:05,236 INFO o.a.j.JMeter: os.name=Mac OS X
2017-07-26 18:49:05,236 INFO o.a.j.JMeter: os.arch=x86_64
2017-07-26 18:49:05,236 INFO o.a.j.JMeter: os.version=10.12.6
2017-07-26 18:49:05,237 INFO o.a.j.JMeter: file.encoding=UTF-8
2017-07-26 18:49:05,237 INFO o.a.j.JMeter: Max memory     =536870912
2017-07-26 18:49:05,237 INFO o.a.j.JMeter: Available Processors =4
2017-07-26 18:49:05,239 INFO o.a.j.JMeter: Default Locale=English (United States)
2017-07-26 18:49:05,239 INFO o.a.j.JMeter: JMeter  Locale=English (United States)
2017-07-26 18:49:05,239 INFO o.a.j.JMeter: JMeterHome=/Users/jeb228/Software/forMac/JMeter/apache-jmeter-3.2
2017-07-26 18:49:05,239 INFO o.a.j.JMeter: user.dir  =/Users/jeb228/Development/DataDistributionAPI/testing/tests_and_results/OrganizationResearchAreas/_results
2017-07-26 18:49:05,239 INFO o.a.j.JMeter: PWD       =/Users/jeb228/Development/DataDistributionAPI/testing/tests_and_results/OrganizationResearchAreas/_results
2017-07-26 18:49:05,245 INFO o.a.j.JMeter: IP: 10.0.1.36 Name: lib-jeb228-maclap.local FullName: 10.0.1.36
2017-07-26 18:49:05,248 INFO o.a.j.s.FileServer: Default base='/Users/jeb228/Development/DataDistributionAPI/testing/tests_and_results/OrganizationResearchAreas/_results'
2017-07-26 18:49:05,248 INFO o.a.j.s.FileServer: Set new base='/Users/jeb228/Development/DataDistributionAPI/testing/tests_and_results/OrganizationResearchAreas'
2017-07-26 18:49:05,324 INFO o.a.j.s.SaveService: Testplan (JMX) version: 2.2. Testlog (JTL) version: 2.2
2017-07-26 18:49:05,334 INFO o.a.j.s.SaveService: Using SaveService properties file encoding UTF-8
2017-07-26 18:49:05,337 INFO o.a.j.s.SaveService: Using SaveService properties version 3.2
2017-07-26 18:49:05,348 INFO o.a.j.s.SaveService: Loading file: /Users/jeb228/Development/DataDistributionAPI/testing/tests_and_results/OrganizationResearchAreas/OrganizationResearchAreas.jmx
2017-07-26 18:49:05,380 INFO o.a.j.p.h.s.HTTPSamplerBase: Parser for text/html is org.apache.jmeter.protocol.http.parser.LagartoBasedHtmlParser
2017-07-26 18:49:05,380 INFO o.a.j.p.h.s.HTTPSamplerBase: Parser for application/xhtml+xml is org.apache.jmeter.protocol.http.parser.LagartoBasedHtmlParser
2017-07-26 18:49:05,380 INFO o.a.j.p.h.s.HTTPSamplerBase: Parser for application/xml is org.apache.jmeter.protocol.http.parser.LagartoBasedHtmlParser
2017-07-26 18:49:05,380 INFO o.a.j.p.h.s.HTTPSamplerBase: Parser for text/xml is org.apache.jmeter.protocol.http.parser.LagartoBasedHtmlParser
2017-07-26 18:49:05,380 INFO o.a.j.p.h.s.HTTPSamplerBase: Parser for text/vnd.wap.wml is org.apache.jmeter.protocol.http.parser.RegexpHTMLParser
2017-07-26 18:49:05,380 INFO o.a.j.p.h.s.HTTPSamplerBase: Parser for text/css is org.apache.jmeter.protocol.http.parser.CssParser
2017-07-26 18:49:05,387 INFO o.a.j.JMeter: Creating summariser <summary>
2017-07-26 18:49:05,394 INFO o.a.j.e.StandardJMeterEngine: Running the test!
2017-07-26 18:49:05,395 INFO o.a.j.s.SampleEvent: List of sample_variables: [LABEL]
2017-07-26 18:49:05,395 INFO o.a.j.s.SampleEvent: List of sample_variables: [LABEL]
2017-07-26 18:49:05,397 INFO o.a.j.e.u.CompoundVariable: Note: Function class names must contain the string: '.functions.'
2017-07-26 18:49:05,398 INFO o.a.j.e.u.CompoundVariable: Note: Function class names must not contain the string: '.gui.'
2017-07-26 18:49:05,626 INFO o.a.j.JMeter: Running test (1501109345626)
2017-07-26 18:49:05,658 INFO o.a.j.e.StandardJMeterEngine: Starting ThreadGroup: 1 : The thread Group
2017-07-26 18:49:05,658 INFO o.a.j.e.StandardJMeterEngine: Starting 1 threads for group The thread Group.
2017-07-26 18:49:05,658 INFO o.a.j.e.StandardJMeterEngine: Thread will continue on error
2017-07-26 18:49:05,659 INFO o.a.j.t.ThreadGroup: Starting thread group... number=1 threads=1 ramp-up=1 perThread=1000.0 delayedStart=false
2017-07-26 18:49:05,662 INFO o.a.j.t.ThreadGroup: Started thread group number 1
2017-07-26 18:49:05,662 INFO o.a.j.e.StandardJMeterEngine: All thread groups have been started
2017-07-26 18:49:05,745 INFO o.a.j.t.JMeterThread: Thread started: The thread Group 1-1
2017-07-26 18:49:05,748 INFO o.a.j.s.FileServer: Stored: /Users/jeb228/Development/DataDistributionAPI/testing/tests_and_results/OrganizationResearchAreas/OrganizationUris.csv
2017-07-26 18:49:05,759 INFO o.a.j.p.h.s.HTTPHCAbstractImpl: Local host = lib-jeb228-maclap.local
2017-07-26 18:49:05,762 INFO o.a.j.p.h.s.HTTPHC4Impl: HTTP request retry count = 0
2017-07-26 18:49:05,768 INFO o.a.j.s.SampleResult: Note: Sample TimeStamps are START times
2017-07-26 18:49:05,768 INFO o.a.j.s.SampleResult: sampleresult.default.encoding is set to ISO-8859-1
2017-07-26 18:49:05,768 INFO o.a.j.s.SampleResult: sampleresult.useNanoTime=true
2017-07-26 18:49:05,768 INFO o.a.j.s.SampleResult: sampleresult.nanoThreadSleep=5000
2017-07-26 18:49:30,662 INFO o.a.j.r.Summariser: summary +      6 in 00:00:25 =    0.2/s Avg:  4145 Min:  1925 Max:  9244 Err:     0 (0.00%) Active: 1 Started: 1 Finished: 0
2017-07-26 18:50:00,890 INFO o.a.j.r.Summariser: summary +     10 in 00:00:30 =    0.3/s Avg:  3022 Min:   311 Max:  8285 Err:     0 (0.00%) Active: 1 Started: 1 Finished: 0
2017-07-26 18:50:00,890 INFO o.a.j.r.Summariser: summary =     16 in 00:00:55 =    0.3/s Avg:  3443 Min:   311 Max:  9244 Err:     0 (0.00%)
2017-07-26 18:50:31,985 INFO o.a.j.r.Summariser: summary +     10 in 00:00:31 =    0.3/s Avg:  3108 Min:   301 Max:  8806 Err:     0 (0.00%) Active: 1 Started: 1 Finished: 0
2017-07-26 18:50:31,986 INFO o.a.j.r.Summariser: summary =     26 in 00:01:26 =    0.3/s Avg:  3314 Min:   301 Max:  9244 Err:     0 (0.00%)
2017-07-26 18:51:02,534 INFO o.a.j.r.Summariser: summary +     10 in 00:00:31 =    0.3/s Avg:  3054 Min:   302 Max:  8225 Err:     0 (0.00%) Active: 1 Started: 1 Finished: 0
2017-07-26 18:51:02,534 INFO o.a.j.r.Summariser: summary =     36 in 00:01:57 =    0.3/s Avg:  3242 Min:   301 Max:  9244 Err:     0 (0.00%)
2017-07-26 18:51:33,215 INFO o.a.j.r.Summariser: summary +     10 in 00:00:31 =    0.3/s Avg:  3067 Min:   301 Max:  8294 Err:     0 (0.00%) Active: 1 Started: 1 Finished: 0
2017-07-26 18:51:33,215 INFO o.a.j.r.Summariser: summary =     46 in 00:02:28 =    0.3/s Avg:  3204 Min:   301 Max:  9244 Err:     0 (0.00%)
2017-07-26 18:52:00,031 INFO o.a.j.r.Summariser: summary +      9 in 00:00:27 =    0.3/s Avg:  2979 Min:   300 Max:  8250 Err:     0 (0.00%) Active: 1 Started: 1 Finished: 0
2017-07-26 18:52:00,031 INFO o.a.j.r.Summariser: summary =     55 in 00:02:54 =    0.3/s Avg:  3167 Min:   300 Max:  9244 Err:     0 (0.00%)
2017-07-26 18:52:30,294 INFO o.a.j.r.Summariser: summary +     10 in 00:00:30 =    0.3/s Avg:  3025 Min:   301 Max:  8286 Err:     0 (0.00%) Active: 1 Started: 1 Finished: 0
2017-07-26 18:52:30,295 INFO o.a.j.r.Summariser: summary =     65 in 00:03:25 =    0.3/s Avg:  3145 Min:   300 Max:  9244 Err:     0 (0.00%)
2017-07-26 18:53:00,990 INFO o.a.j.r.Summariser: summary +     10 in 00:00:31 =    0.3/s Avg:  3069 Min:   300 Max:  8310 Err:     0 (0.00%) Active: 1 Started: 1 Finished: 0
2017-07-26 18:53:00,990 INFO o.a.j.r.Summariser: summary =     75 in 00:03:55 =    0.3/s Avg:  3135 Min:   300 Max:  9244 Err:     0 (0.00%)
2017-07-26 18:53:32,213 INFO o.a.j.r.Summariser: summary +     10 in 00:00:31 =    0.3/s Avg:  3122 Min:   304 Max:  8573 Err:     0 (0.00%) Active: 1 Started: 1 Finished: 0
2017-07-26 18:53:32,214 INFO o.a.j.r.Summariser: summary =     85 in 00:04:27 =    0.3/s Avg:  3133 Min:   300 Max:  9244 Err:     0 (0.00%)
2017-07-26 18:54:00,211 INFO o.a.j.r.Summariser: summary +      9 in 00:00:28 =    0.3/s Avg:  3110 Min:   300 Max:  8295 Err:     0 (0.00%) Active: 1 Started: 1 Finished: 0
2017-07-26 18:54:00,211 INFO o.a.j.r.Summariser: summary =     94 in 00:04:55 =    0.3/s Avg:  3131 Min:   300 Max:  9244 Err:     0 (0.00%)
2017-07-26 18:54:13,028 INFO o.a.j.t.JMeterThread: Thread is done: The thread Group 1-1
2017-07-26 18:54:13,028 INFO o.a.j.t.JMeterThread: Thread finished: The thread Group 1-1
2017-07-26 18:54:13,028 INFO o.a.j.e.StandardJMeterEngine: Notifying test listeners of end of test
2017-07-26 18:54:13,029 INFO o.a.j.s.FileServer: Close: /Users/jeb228/Development/DataDistributionAPI/testing/tests_and_results/OrganizationResearchAreas/OrganizationUris.csv
2017-07-26 18:54:13,030 INFO o.a.j.r.Summariser: summary +      6 in 00:00:13 =    0.5/s Avg:  2136 Min:   301 Max:  3446 Err:     0 (0.00%) Active: 0 Started: 1 Finished: 1
2017-07-26 18:54:13,030 INFO o.a.j.r.Summariser: summary =    100 in 00:05:07 =    0.3/s Avg:  3072 Min:   300 Max:  9244 Err:     0 (0.00%)
