2017-07-24 16:06:34,614 INFO o.a.j.u.JMeterUtils: Setting Locale to en_US
2017-07-24 16:06:34,624 INFO o.a.j.JMeter: Loading user properties from: /Users/jeb228/Software/forMac/JMeter/apache-jmeter-3.2/bin/user.properties
2017-07-24 16:06:34,624 INFO o.a.j.JMeter: Loading system properties from: /Users/jeb228/Software/forMac/JMeter/apache-jmeter-3.2/bin/system.properties
2017-07-24 16:06:34,625 INFO o.a.j.JMeter: Setting JMeter property: dir.base=/Users/jeb228/Development/DataDistributionAPI/testing/tests_and_results/DepartmentWordCloud/_results
2017-07-24 16:06:34,625 INFO o.a.j.JMeter: Setting JMeter property: dir.output=/Users/jeb228/Development/DataDistributionAPI/testing/tests_and_results/DepartmentWordCloud/_results/vivo_dwc_optionals_1
2017-07-24 16:06:34,625 INFO o.a.j.JMeter: Setting JMeter property: context.path=vivo
2017-07-24 16:06:34,625 INFO o.a.j.JMeter: Setting JMeter property: action.name=dwc_optionals
2017-07-24 16:06:34,625 INFO o.a.j.JMeter: Setting JMeter property: file.uris=/Users/jeb228/Development/DataDistributionAPI/testing/tests_and_results/DepartmentWordCloud/DepartmentUris.csv
2017-07-24 16:06:34,625 INFO o.a.j.JMeter: Setting JMeter property: sample_variables=LABEL
2017-07-24 16:06:34,629 INFO o.a.j.JMeter: Copyright (c) 1998-2017 The Apache Software Foundation
2017-07-24 16:06:34,629 INFO o.a.j.JMeter: Version 3.2 r1790748
2017-07-24 16:06:34,629 INFO o.a.j.JMeter: java.version=1.8.0_131
2017-07-24 16:06:34,629 INFO o.a.j.JMeter: java.vm.name=Java HotSpot(TM) 64-Bit Server VM
2017-07-24 16:06:34,629 INFO o.a.j.JMeter: os.name=Mac OS X
2017-07-24 16:06:34,629 INFO o.a.j.JMeter: os.arch=x86_64
2017-07-24 16:06:34,629 INFO o.a.j.JMeter: os.version=10.12.6
2017-07-24 16:06:34,629 INFO o.a.j.JMeter: file.encoding=UTF-8
2017-07-24 16:06:34,629 INFO o.a.j.JMeter: Max memory     =536870912
2017-07-24 16:06:34,629 INFO o.a.j.JMeter: Available Processors =4
2017-07-24 16:06:34,632 INFO o.a.j.JMeter: Default Locale=English (United States)
2017-07-24 16:06:34,632 INFO o.a.j.JMeter: JMeter  Locale=English (United States)
2017-07-24 16:06:34,632 INFO o.a.j.JMeter: JMeterHome=/Users/jeb228/Software/forMac/JMeter/apache-jmeter-3.2
2017-07-24 16:06:34,632 INFO o.a.j.JMeter: user.dir  =/Users/jeb228/Development/DataDistributionAPI/testing/tests_and_results/DepartmentWordCloud/_results
2017-07-24 16:06:34,632 INFO o.a.j.JMeter: PWD       =/Users/jeb228/Development/DataDistributionAPI/testing/tests_and_results/DepartmentWordCloud/_results
2017-07-24 16:06:34,638 INFO o.a.j.JMeter: IP: 10.0.1.36 Name: lib-jeb228-maclap.local FullName: 10.0.1.36
2017-07-24 16:06:34,641 INFO o.a.j.s.FileServer: Default base='/Users/jeb228/Development/DataDistributionAPI/testing/tests_and_results/DepartmentWordCloud/_results'
2017-07-24 16:06:34,641 INFO o.a.j.s.FileServer: Set new base='/Users/jeb228/Development/DataDistributionAPI/testing/tests_and_results/DepartmentWordCloud'
2017-07-24 16:06:34,726 INFO o.a.j.s.SaveService: Testplan (JMX) version: 2.2. Testlog (JTL) version: 2.2
2017-07-24 16:06:34,737 INFO o.a.j.s.SaveService: Using SaveService properties file encoding UTF-8
2017-07-24 16:06:34,740 INFO o.a.j.s.SaveService: Using SaveService properties version 3.2
2017-07-24 16:06:34,752 INFO o.a.j.s.SaveService: Loading file: /Users/jeb228/Development/DataDistributionAPI/testing/tests_and_results/DepartmentWordCloud/DepartmentWordClouds.jmx
2017-07-24 16:06:34,786 INFO o.a.j.p.h.s.HTTPSamplerBase: Parser for text/html is org.apache.jmeter.protocol.http.parser.LagartoBasedHtmlParser
2017-07-24 16:06:34,786 INFO o.a.j.p.h.s.HTTPSamplerBase: Parser for application/xhtml+xml is org.apache.jmeter.protocol.http.parser.LagartoBasedHtmlParser
2017-07-24 16:06:34,786 INFO o.a.j.p.h.s.HTTPSamplerBase: Parser for application/xml is org.apache.jmeter.protocol.http.parser.LagartoBasedHtmlParser
2017-07-24 16:06:34,786 INFO o.a.j.p.h.s.HTTPSamplerBase: Parser for text/xml is org.apache.jmeter.protocol.http.parser.LagartoBasedHtmlParser
2017-07-24 16:06:34,786 INFO o.a.j.p.h.s.HTTPSamplerBase: Parser for text/vnd.wap.wml is org.apache.jmeter.protocol.http.parser.RegexpHTMLParser
2017-07-24 16:06:34,786 INFO o.a.j.p.h.s.HTTPSamplerBase: Parser for text/css is org.apache.jmeter.protocol.http.parser.CssParser
2017-07-24 16:06:34,793 INFO o.a.j.JMeter: Creating summariser <summary>
2017-07-24 16:06:34,801 INFO o.a.j.e.StandardJMeterEngine: Running the test!
2017-07-24 16:06:34,801 INFO o.a.j.s.SampleEvent: List of sample_variables: [LABEL]
2017-07-24 16:06:34,801 INFO o.a.j.s.SampleEvent: List of sample_variables: [LABEL]
2017-07-24 16:06:34,804 INFO o.a.j.e.u.CompoundVariable: Note: Function class names must contain the string: '.functions.'
2017-07-24 16:06:34,804 INFO o.a.j.e.u.CompoundVariable: Note: Function class names must not contain the string: '.gui.'
2017-07-24 16:06:35,051 INFO o.a.j.JMeter: Running test (1500926795051)
2017-07-24 16:06:35,082 INFO o.a.j.e.StandardJMeterEngine: Starting ThreadGroup: 1 : The thread Group
2017-07-24 16:06:35,082 INFO o.a.j.e.StandardJMeterEngine: Starting 1 threads for group The thread Group.
2017-07-24 16:06:35,082 INFO o.a.j.e.StandardJMeterEngine: Thread will continue on error
2017-07-24 16:06:35,083 INFO o.a.j.t.ThreadGroup: Starting thread group... number=1 threads=1 ramp-up=1 perThread=1000.0 delayedStart=false
2017-07-24 16:06:35,086 INFO o.a.j.t.ThreadGroup: Started thread group number 1
2017-07-24 16:06:35,086 INFO o.a.j.e.StandardJMeterEngine: All thread groups have been started
2017-07-24 16:06:35,348 INFO o.a.j.t.JMeterThread: Thread started: The thread Group 1-1
2017-07-24 16:06:35,351 INFO o.a.j.s.FileServer: Stored: /Users/jeb228/Development/DataDistributionAPI/testing/tests_and_results/DepartmentWordCloud/DepartmentUris.csv
2017-07-24 16:06:35,367 INFO o.a.j.p.h.s.HTTPHCAbstractImpl: Local host = lib-jeb228-maclap.local
2017-07-24 16:06:35,372 INFO o.a.j.p.h.s.HTTPHC4Impl: HTTP request retry count = 0
2017-07-24 16:06:35,380 INFO o.a.j.s.SampleResult: Note: Sample TimeStamps are START times
2017-07-24 16:06:35,380 INFO o.a.j.s.SampleResult: sampleresult.default.encoding is set to ISO-8859-1
2017-07-24 16:06:35,380 INFO o.a.j.s.SampleResult: sampleresult.useNanoTime=true
2017-07-24 16:06:35,380 INFO o.a.j.s.SampleResult: sampleresult.nanoThreadSleep=5000
2017-07-24 16:07:01,315 INFO o.a.j.r.Summariser: summary +      2 in 00:00:26 =    0.1/s Avg: 12952 Min:  4389 Max: 21515 Err:     0 (0.00%) Active: 1 Started: 1 Finished: 0
2017-07-24 16:07:30,086 INFO o.a.j.r.Summariser: summary +      7 in 00:00:29 =    0.2/s Avg:  4109 Min:  1699 Max:  7203 Err:     0 (0.00%) Active: 1 Started: 1 Finished: 0
2017-07-24 16:07:30,087 INFO o.a.j.r.Summariser: summary =      9 in 00:00:55 =    0.2/s Avg:  6074 Min:  1699 Max: 21515 Err:     0 (0.00%)
2017-07-24 16:08:00,046 INFO o.a.j.r.Summariser: summary +      5 in 00:00:30 =    0.2/s Avg:  5991 Min:  1645 Max: 14039 Err:     0 (0.00%) Active: 1 Started: 1 Finished: 0
2017-07-24 16:08:00,047 INFO o.a.j.r.Summariser: summary =     14 in 00:01:25 =    0.2/s Avg:  6044 Min:  1645 Max: 21515 Err:     0 (0.00%)
2017-07-24 16:08:30,479 INFO o.a.j.r.Summariser: summary +      7 in 00:00:30 =    0.2/s Avg:  4346 Min:  1563 Max: 14060 Err:     0 (0.00%) Active: 1 Started: 1 Finished: 0
2017-07-24 16:08:30,479 INFO o.a.j.r.Summariser: summary =     21 in 00:01:55 =    0.2/s Avg:  5478 Min:  1563 Max: 21515 Err:     0 (0.00%)
2017-07-24 16:09:00,929 INFO o.a.j.r.Summariser: summary +      9 in 00:00:30 =    0.3/s Avg:  3382 Min:  1566 Max:  6506 Err:     0 (0.00%) Active: 1 Started: 1 Finished: 0
2017-07-24 16:09:00,929 INFO o.a.j.r.Summariser: summary =     30 in 00:02:26 =    0.2/s Avg:  4849 Min:  1563 Max: 21515 Err:     0 (0.00%)
2017-07-24 16:09:34,730 INFO o.a.j.r.Summariser: summary +      5 in 00:00:34 =    0.1/s Avg:  6759 Min:  3497 Max: 13887 Err:     0 (0.00%) Active: 1 Started: 1 Finished: 0
2017-07-24 16:09:34,730 INFO o.a.j.r.Summariser: summary =     35 in 00:03:00 =    0.2/s Avg:  5122 Min:  1563 Max: 21515 Err:     0 (0.00%)
2017-07-24 16:10:03,325 INFO o.a.j.r.Summariser: summary +      7 in 00:00:29 =    0.2/s Avg:  4084 Min:  1614 Max: 14021 Err:     0 (0.00%) Active: 1 Started: 1 Finished: 0
2017-07-24 16:10:03,325 INFO o.a.j.r.Summariser: summary =     42 in 00:03:28 =    0.2/s Avg:  4949 Min:  1563 Max: 21515 Err:     0 (0.00%)
2017-07-24 16:10:30,279 INFO o.a.j.r.Summariser: summary +      8 in 00:00:27 =    0.3/s Avg:  3368 Min:  1573 Max:  6532 Err:     0 (0.00%) Active: 1 Started: 1 Finished: 0
2017-07-24 16:10:30,280 INFO o.a.j.r.Summariser: summary =     50 in 00:03:55 =    0.2/s Avg:  4696 Min:  1563 Max: 21515 Err:     0 (0.00%)
2017-07-24 16:11:04,225 INFO o.a.j.r.Summariser: summary +      5 in 00:00:34 =    0.1/s Avg:  6788 Min:  3435 Max: 14035 Err:     0 (0.00%) Active: 1 Started: 1 Finished: 0
2017-07-24 16:11:04,225 INFO o.a.j.r.Summariser: summary =     55 in 00:04:29 =    0.2/s Avg:  4886 Min:  1563 Max: 21515 Err:     0 (0.00%)
2017-07-24 16:11:33,088 INFO o.a.j.r.Summariser: summary +      7 in 00:00:29 =    0.2/s Avg:  4122 Min:  1628 Max: 13932 Err:     0 (0.00%) Active: 1 Started: 1 Finished: 0
2017-07-24 16:11:33,088 INFO o.a.j.r.Summariser: summary =     62 in 00:04:58 =    0.2/s Avg:  4800 Min:  1563 Max: 21515 Err:     0 (0.00%)
2017-07-24 16:12:00,191 INFO o.a.j.r.Summariser: summary +      8 in 00:00:27 =    0.3/s Avg:  3387 Min:  1559 Max:  6576 Err:     0 (0.00%) Active: 1 Started: 1 Finished: 0
2017-07-24 16:12:00,192 INFO o.a.j.r.Summariser: summary =     70 in 00:05:25 =    0.2/s Avg:  4639 Min:  1559 Max: 21515 Err:     0 (0.00%)
2017-07-24 16:12:34,092 INFO o.a.j.r.Summariser: summary +      5 in 00:00:34 =    0.1/s Avg:  6779 Min:  3523 Max: 14308 Err:     0 (0.00%) Active: 1 Started: 1 Finished: 0
2017-07-24 16:12:34,093 INFO o.a.j.r.Summariser: summary =     75 in 00:05:59 =    0.2/s Avg:  4781 Min:  1559 Max: 21515 Err:     0 (0.00%)
2017-07-24 16:13:02,251 INFO o.a.j.r.Summariser: summary +      7 in 00:00:28 =    0.2/s Avg:  4022 Min:  1538 Max: 13935 Err:     0 (0.00%) Active: 1 Started: 1 Finished: 0
2017-07-24 16:13:02,251 INFO o.a.j.r.Summariser: summary =     82 in 00:06:27 =    0.2/s Avg:  4716 Min:  1538 Max: 21515 Err:     0 (0.00%)
2017-07-24 16:14:02,783 INFO o.a.j.r.Summariser: summary +     13 in 00:01:01 =    0.2/s Avg:  4655 Min:  1606 Max: 14019 Err:     0 (0.00%) Active: 1 Started: 1 Finished: 0
2017-07-24 16:14:02,783 INFO o.a.j.r.Summariser: summary =     95 in 00:07:28 =    0.2/s Avg:  4708 Min:  1538 Max: 21515 Err:     0 (0.00%)
2017-07-24 16:14:13,426 INFO o.a.j.t.JMeterThread: Thread is done: The thread Group 1-1
2017-07-24 16:14:13,426 INFO o.a.j.t.JMeterThread: Thread finished: The thread Group 1-1
2017-07-24 16:14:13,426 INFO o.a.j.e.StandardJMeterEngine: Notifying test listeners of end of test
2017-07-24 16:14:13,426 INFO o.a.j.s.FileServer: Close: /Users/jeb228/Development/DataDistributionAPI/testing/tests_and_results/DepartmentWordCloud/DepartmentUris.csv
2017-07-24 16:14:13,427 INFO o.a.j.r.Summariser: summary +      5 in 00:00:11 =    0.5/s Avg:  2128 Min:  1518 Max:  3010 Err:     0 (0.00%) Active: 0 Started: 1 Finished: 1
2017-07-24 16:14:13,427 INFO o.a.j.r.Summariser: summary =    100 in 00:07:38 =    0.2/s Avg:  4579 Min:  1518 Max: 21515 Err:     0 (0.00%)
