2017-07-26 13:37:17,025 INFO o.a.j.u.JMeterUtils: Setting Locale to en_US
2017-07-26 13:37:17,034 INFO o.a.j.JMeter: Loading user properties from: /Users/jeb228/Software/forMac/JMeter/apache-jmeter-3.2/bin/user.properties
2017-07-26 13:37:17,034 INFO o.a.j.JMeter: Loading system properties from: /Users/jeb228/Software/forMac/JMeter/apache-jmeter-3.2/bin/system.properties
2017-07-26 13:37:17,035 INFO o.a.j.JMeter: Setting JMeter property: dir.base=/Users/jeb228/Development/DataDistributionAPI/testing/tests_and_results/OrganizationResearchAreas/_results
2017-07-26 13:37:17,035 INFO o.a.j.JMeter: Setting JMeter property: dir.output=/Users/jeb228/Development/DataDistributionAPI/testing/tests_and_results/OrganizationResearchAreas/_results/scholars_ora_drill_L4_1
2017-07-26 13:37:17,035 INFO o.a.j.JMeter: Setting JMeter property: context.path=scholars
2017-07-26 13:37:17,035 INFO o.a.j.JMeter: Setting JMeter property: action.name=ora_drill_L4
2017-07-26 13:37:17,035 INFO o.a.j.JMeter: Setting JMeter property: file.uris=/Users/jeb228/Development/DataDistributionAPI/testing/tests_and_results/OrganizationResearchAreas/OrganizationUris.csv
2017-07-26 13:37:17,035 INFO o.a.j.JMeter: Setting JMeter property: sample_variables=LABEL
2017-07-26 13:37:17,039 INFO o.a.j.JMeter: Copyright (c) 1998-2017 The Apache Software Foundation
2017-07-26 13:37:17,039 INFO o.a.j.JMeter: Version 3.2 r1790748
2017-07-26 13:37:17,039 INFO o.a.j.JMeter: java.version=1.8.0_131
2017-07-26 13:37:17,039 INFO o.a.j.JMeter: java.vm.name=Java HotSpot(TM) 64-Bit Server VM
2017-07-26 13:37:17,039 INFO o.a.j.JMeter: os.name=Mac OS X
2017-07-26 13:37:17,039 INFO o.a.j.JMeter: os.arch=x86_64
2017-07-26 13:37:17,039 INFO o.a.j.JMeter: os.version=10.12.6
2017-07-26 13:37:17,039 INFO o.a.j.JMeter: file.encoding=UTF-8
2017-07-26 13:37:17,039 INFO o.a.j.JMeter: Max memory     =536870912
2017-07-26 13:37:17,039 INFO o.a.j.JMeter: Available Processors =4
2017-07-26 13:37:17,042 INFO o.a.j.JMeter: Default Locale=English (United States)
2017-07-26 13:37:17,042 INFO o.a.j.JMeter: JMeter  Locale=English (United States)
2017-07-26 13:37:17,042 INFO o.a.j.JMeter: JMeterHome=/Users/jeb228/Software/forMac/JMeter/apache-jmeter-3.2
2017-07-26 13:37:17,042 INFO o.a.j.JMeter: user.dir  =/Users/jeb228/Development/DataDistributionAPI/testing/tests_and_results/OrganizationResearchAreas/_results
2017-07-26 13:37:17,043 INFO o.a.j.JMeter: PWD       =/Users/jeb228/Development/DataDistributionAPI/testing/tests_and_results/OrganizationResearchAreas/_results
2017-07-26 13:37:17,048 INFO o.a.j.JMeter: IP: 10.0.1.36 Name: lib-jeb228-maclap.local FullName: 10.0.1.36
2017-07-26 13:37:17,051 INFO o.a.j.s.FileServer: Default base='/Users/jeb228/Development/DataDistributionAPI/testing/tests_and_results/OrganizationResearchAreas/_results'
2017-07-26 13:37:17,051 INFO o.a.j.s.FileServer: Set new base='/Users/jeb228/Development/DataDistributionAPI/testing/tests_and_results/OrganizationResearchAreas'
2017-07-26 13:37:17,138 INFO o.a.j.s.SaveService: Testplan (JMX) version: 2.2. Testlog (JTL) version: 2.2
2017-07-26 13:37:17,149 INFO o.a.j.s.SaveService: Using SaveService properties file encoding UTF-8
2017-07-26 13:37:17,160 INFO o.a.j.s.SaveService: Using SaveService properties version 3.2
2017-07-26 13:37:17,164 INFO o.a.j.s.SaveService: Loading file: /Users/jeb228/Development/DataDistributionAPI/testing/tests_and_results/OrganizationResearchAreas/OrganizationResearchAreas.jmx
2017-07-26 13:37:17,199 INFO o.a.j.p.h.s.HTTPSamplerBase: Parser for text/html is org.apache.jmeter.protocol.http.parser.LagartoBasedHtmlParser
2017-07-26 13:37:17,199 INFO o.a.j.p.h.s.HTTPSamplerBase: Parser for application/xhtml+xml is org.apache.jmeter.protocol.http.parser.LagartoBasedHtmlParser
2017-07-26 13:37:17,199 INFO o.a.j.p.h.s.HTTPSamplerBase: Parser for application/xml is org.apache.jmeter.protocol.http.parser.LagartoBasedHtmlParser
2017-07-26 13:37:17,200 INFO o.a.j.p.h.s.HTTPSamplerBase: Parser for text/xml is org.apache.jmeter.protocol.http.parser.LagartoBasedHtmlParser
2017-07-26 13:37:17,200 INFO o.a.j.p.h.s.HTTPSamplerBase: Parser for text/vnd.wap.wml is org.apache.jmeter.protocol.http.parser.RegexpHTMLParser
2017-07-26 13:37:17,200 INFO o.a.j.p.h.s.HTTPSamplerBase: Parser for text/css is org.apache.jmeter.protocol.http.parser.CssParser
2017-07-26 13:37:17,207 INFO o.a.j.JMeter: Creating summariser <summary>
2017-07-26 13:37:17,215 INFO o.a.j.e.StandardJMeterEngine: Running the test!
2017-07-26 13:37:17,215 INFO o.a.j.s.SampleEvent: List of sample_variables: [LABEL]
2017-07-26 13:37:17,215 INFO o.a.j.s.SampleEvent: List of sample_variables: [LABEL]
2017-07-26 13:37:17,218 INFO o.a.j.e.u.CompoundVariable: Note: Function class names must contain the string: '.functions.'
2017-07-26 13:37:17,218 INFO o.a.j.e.u.CompoundVariable: Note: Function class names must not contain the string: '.gui.'
2017-07-26 13:37:17,455 INFO o.a.j.JMeter: Running test (1501090637455)
2017-07-26 13:37:17,486 INFO o.a.j.e.StandardJMeterEngine: Starting ThreadGroup: 1 : The thread Group
2017-07-26 13:37:17,486 INFO o.a.j.e.StandardJMeterEngine: Starting 1 threads for group The thread Group.
2017-07-26 13:37:17,486 INFO o.a.j.e.StandardJMeterEngine: Thread will continue on error
2017-07-26 13:37:17,486 INFO o.a.j.t.ThreadGroup: Starting thread group... number=1 threads=1 ramp-up=1 perThread=1000.0 delayedStart=false
2017-07-26 13:37:17,490 INFO o.a.j.t.ThreadGroup: Started thread group number 1
2017-07-26 13:37:17,490 INFO o.a.j.e.StandardJMeterEngine: All thread groups have been started
2017-07-26 13:37:17,649 INFO o.a.j.t.JMeterThread: Thread started: The thread Group 1-1
2017-07-26 13:37:17,652 INFO o.a.j.s.FileServer: Stored: /Users/jeb228/Development/DataDistributionAPI/testing/tests_and_results/OrganizationResearchAreas/OrganizationUris.csv
2017-07-26 13:37:17,665 INFO o.a.j.p.h.s.HTTPHCAbstractImpl: Local host = lib-jeb228-maclap.local
2017-07-26 13:37:17,671 INFO o.a.j.p.h.s.HTTPHC4Impl: HTTP request retry count = 0
2017-07-26 13:37:17,678 INFO o.a.j.s.SampleResult: Note: Sample TimeStamps are START times
2017-07-26 13:37:17,678 INFO o.a.j.s.SampleResult: sampleresult.default.encoding is set to ISO-8859-1
2017-07-26 13:37:17,678 INFO o.a.j.s.SampleResult: sampleresult.useNanoTime=true
2017-07-26 13:37:17,678 INFO o.a.j.s.SampleResult: sampleresult.nanoThreadSleep=5000
2017-07-26 13:37:30,687 INFO o.a.j.r.Summariser: summary +      2 in 00:00:13 =    0.2/s Avg:  6493 Min:  3796 Max:  9190 Err:     0 (0.00%) Active: 1 Started: 1 Finished: 0
2017-07-26 13:38:02,380 INFO o.a.j.r.Summariser: summary +     10 in 00:00:32 =    0.3/s Avg:  3168 Min:  1859 Max:  9002 Err:     0 (0.00%) Active: 1 Started: 1 Finished: 0
2017-07-26 13:38:02,381 INFO o.a.j.r.Summariser: summary =     12 in 00:00:45 =    0.3/s Avg:  3722 Min:  1859 Max:  9190 Err:     0 (0.00%)
2017-07-26 13:38:31,100 INFO o.a.j.r.Summariser: summary +      9 in 00:00:29 =    0.3/s Avg:  3190 Min:  1924 Max:  9205 Err:     0 (0.00%) Active: 1 Started: 1 Finished: 0
2017-07-26 13:38:31,100 INFO o.a.j.r.Summariser: summary =     21 in 00:01:14 =    0.3/s Avg:  3494 Min:  1859 Max:  9205 Err:     0 (0.00%)
2017-07-26 13:39:01,910 INFO o.a.j.r.Summariser: summary +      9 in 00:00:31 =    0.3/s Avg:  3422 Min:  2740 Max:  4360 Err:     0 (0.00%) Active: 1 Started: 1 Finished: 0
2017-07-26 13:39:01,911 INFO o.a.j.r.Summariser: summary =     30 in 00:01:44 =    0.3/s Avg:  3473 Min:  1859 Max:  9205 Err:     0 (0.00%)
2017-07-26 13:39:30,776 INFO o.a.j.r.Summariser: summary +      8 in 00:00:29 =    0.3/s Avg:  3607 Min:  2121 Max: 10431 Err:     0 (0.00%) Active: 1 Started: 1 Finished: 0
2017-07-26 13:39:30,776 INFO o.a.j.r.Summariser: summary =     38 in 00:02:13 =    0.3/s Avg:  3501 Min:  1859 Max: 10431 Err:     0 (0.00%)
2017-07-26 13:40:00,100 INFO o.a.j.r.Summariser: summary +      9 in 00:00:29 =    0.3/s Avg:  3257 Min:  1835 Max:  8963 Err:     0 (0.00%) Active: 1 Started: 1 Finished: 0
2017-07-26 13:40:00,100 INFO o.a.j.r.Summariser: summary =     47 in 00:02:43 =    0.3/s Avg:  3454 Min:  1835 Max: 10431 Err:     0 (0.00%)
2017-07-26 13:40:31,769 INFO o.a.j.r.Summariser: summary +     10 in 00:00:32 =    0.3/s Avg:  3166 Min:  1861 Max:  8860 Err:     0 (0.00%) Active: 1 Started: 1 Finished: 0
2017-07-26 13:40:31,770 INFO o.a.j.r.Summariser: summary =     57 in 00:03:14 =    0.3/s Avg:  3404 Min:  1835 Max: 10431 Err:     0 (0.00%)
2017-07-26 13:41:00,904 INFO o.a.j.r.Summariser: summary +      9 in 00:00:29 =    0.3/s Avg:  3236 Min:  1832 Max:  8846 Err:     0 (0.00%) Active: 1 Started: 1 Finished: 0
2017-07-26 13:41:00,904 INFO o.a.j.r.Summariser: summary =     66 in 00:03:43 =    0.3/s Avg:  3381 Min:  1832 Max: 10431 Err:     0 (0.00%)
2017-07-26 13:41:30,107 INFO o.a.j.r.Summariser: summary +      9 in 00:00:29 =    0.3/s Avg:  3244 Min:  1844 Max:  8930 Err:     0 (0.00%) Active: 1 Started: 1 Finished: 0
2017-07-26 13:41:30,107 INFO o.a.j.r.Summariser: summary =     75 in 00:04:13 =    0.3/s Avg:  3364 Min:  1832 Max: 10431 Err:     0 (0.00%)
2017-07-26 13:42:00,792 INFO o.a.j.r.Summariser: summary +      9 in 00:00:31 =    0.3/s Avg:  3408 Min:  1887 Max:  9498 Err:     0 (0.00%) Active: 1 Started: 1 Finished: 0
2017-07-26 13:42:00,792 INFO o.a.j.r.Summariser: summary =     84 in 00:04:43 =    0.3/s Avg:  3369 Min:  1832 Max: 10431 Err:     0 (0.00%)
2017-07-26 13:42:31,147 INFO o.a.j.r.Summariser: summary +      9 in 00:00:30 =    0.3/s Avg:  3372 Min:  1882 Max:  8948 Err:     0 (0.00%) Active: 1 Started: 1 Finished: 0
2017-07-26 13:42:31,147 INFO o.a.j.r.Summariser: summary =     93 in 00:05:14 =    0.3/s Avg:  3369 Min:  1832 Max: 10431 Err:     0 (0.00%)
2017-07-26 13:42:47,502 INFO o.a.j.t.JMeterThread: Thread is done: The thread Group 1-1
2017-07-26 13:42:47,502 INFO o.a.j.t.JMeterThread: Thread finished: The thread Group 1-1
2017-07-26 13:42:47,503 INFO o.a.j.e.StandardJMeterEngine: Notifying test listeners of end of test
2017-07-26 13:42:47,503 INFO o.a.j.s.FileServer: Close: /Users/jeb228/Development/DataDistributionAPI/testing/tests_and_results/OrganizationResearchAreas/OrganizationUris.csv
2017-07-26 13:42:47,503 INFO o.a.j.r.Summariser: summary +      7 in 00:00:16 =    0.4/s Avg:  2335 Min:  1882 Max:  2959 Err:     0 (0.00%) Active: 0 Started: 1 Finished: 1
2017-07-26 13:42:47,504 INFO o.a.j.r.Summariser: summary =    100 in 00:05:30 =    0.3/s Avg:  3297 Min:  1832 Max: 10431 Err:     0 (0.00%)
