2017-07-25 19:40:25,324 INFO o.a.j.u.JMeterUtils: Setting Locale to en_US
2017-07-25 19:40:25,333 INFO o.a.j.JMeter: Loading user properties from: /Users/jeb228/Software/forMac/JMeter/apache-jmeter-3.2/bin/user.properties
2017-07-25 19:40:25,334 INFO o.a.j.JMeter: Loading system properties from: /Users/jeb228/Software/forMac/JMeter/apache-jmeter-3.2/bin/system.properties
2017-07-25 19:40:25,334 INFO o.a.j.JMeter: Setting JMeter property: dir.base=/Users/jeb228/Development/DataDistributionAPI/testing/tests_and_results/DepartmentWordCloud/_results
2017-07-25 19:40:25,334 INFO o.a.j.JMeter: Setting JMeter property: dir.output=/Users/jeb228/Development/DataDistributionAPI/testing/tests_and_results/DepartmentWordCloud/_results/vivo_dwc_deeper_2
2017-07-25 19:40:25,334 INFO o.a.j.JMeter: Setting JMeter property: context.path=vivo
2017-07-25 19:40:25,334 INFO o.a.j.JMeter: Setting JMeter property: action.name=dwc_deeper
2017-07-25 19:40:25,334 INFO o.a.j.JMeter: Setting JMeter property: file.uris=/Users/jeb228/Development/DataDistributionAPI/testing/tests_and_results/DepartmentWordCloud/DepartmentUris.csv
2017-07-25 19:40:25,334 INFO o.a.j.JMeter: Setting JMeter property: sample_variables=LABEL
2017-07-25 19:40:25,338 INFO o.a.j.JMeter: Copyright (c) 1998-2017 The Apache Software Foundation
2017-07-25 19:40:25,338 INFO o.a.j.JMeter: Version 3.2 r1790748
2017-07-25 19:40:25,338 INFO o.a.j.JMeter: java.version=1.8.0_131
2017-07-25 19:40:25,338 INFO o.a.j.JMeter: java.vm.name=Java HotSpot(TM) 64-Bit Server VM
2017-07-25 19:40:25,338 INFO o.a.j.JMeter: os.name=Mac OS X
2017-07-25 19:40:25,338 INFO o.a.j.JMeter: os.arch=x86_64
2017-07-25 19:40:25,338 INFO o.a.j.JMeter: os.version=10.12.6
2017-07-25 19:40:25,338 INFO o.a.j.JMeter: file.encoding=UTF-8
2017-07-25 19:40:25,339 INFO o.a.j.JMeter: Max memory     =536870912
2017-07-25 19:40:25,339 INFO o.a.j.JMeter: Available Processors =4
2017-07-25 19:40:25,341 INFO o.a.j.JMeter: Default Locale=English (United States)
2017-07-25 19:40:25,342 INFO o.a.j.JMeter: JMeter  Locale=English (United States)
2017-07-25 19:40:25,342 INFO o.a.j.JMeter: JMeterHome=/Users/jeb228/Software/forMac/JMeter/apache-jmeter-3.2
2017-07-25 19:40:25,342 INFO o.a.j.JMeter: user.dir  =/Users/jeb228/Development/DataDistributionAPI/testing/tests_and_results/DepartmentWordCloud/_results
2017-07-25 19:40:25,342 INFO o.a.j.JMeter: PWD       =/Users/jeb228/Development/DataDistributionAPI/testing/tests_and_results/DepartmentWordCloud/_results
2017-07-25 19:40:25,348 INFO o.a.j.JMeter: IP: 10.0.1.36 Name: lib-jeb228-maclap.local FullName: 10.0.1.36
2017-07-25 19:40:25,351 INFO o.a.j.s.FileServer: Default base='/Users/jeb228/Development/DataDistributionAPI/testing/tests_and_results/DepartmentWordCloud/_results'
2017-07-25 19:40:25,351 INFO o.a.j.s.FileServer: Set new base='/Users/jeb228/Development/DataDistributionAPI/testing/tests_and_results/DepartmentWordCloud'
2017-07-25 19:40:25,429 INFO o.a.j.s.SaveService: Testplan (JMX) version: 2.2. Testlog (JTL) version: 2.2
2017-07-25 19:40:25,438 INFO o.a.j.s.SaveService: Using SaveService properties file encoding UTF-8
2017-07-25 19:40:25,442 INFO o.a.j.s.SaveService: Using SaveService properties version 3.2
2017-07-25 19:40:25,454 INFO o.a.j.s.SaveService: Loading file: /Users/jeb228/Development/DataDistributionAPI/testing/tests_and_results/DepartmentWordCloud/DepartmentWordClouds.jmx
2017-07-25 19:40:25,489 INFO o.a.j.p.h.s.HTTPSamplerBase: Parser for text/html is org.apache.jmeter.protocol.http.parser.LagartoBasedHtmlParser
2017-07-25 19:40:25,489 INFO o.a.j.p.h.s.HTTPSamplerBase: Parser for application/xhtml+xml is org.apache.jmeter.protocol.http.parser.LagartoBasedHtmlParser
2017-07-25 19:40:25,489 INFO o.a.j.p.h.s.HTTPSamplerBase: Parser for application/xml is org.apache.jmeter.protocol.http.parser.LagartoBasedHtmlParser
2017-07-25 19:40:25,489 INFO o.a.j.p.h.s.HTTPSamplerBase: Parser for text/xml is org.apache.jmeter.protocol.http.parser.LagartoBasedHtmlParser
2017-07-25 19:40:25,489 INFO o.a.j.p.h.s.HTTPSamplerBase: Parser for text/vnd.wap.wml is org.apache.jmeter.protocol.http.parser.RegexpHTMLParser
2017-07-25 19:40:25,489 INFO o.a.j.p.h.s.HTTPSamplerBase: Parser for text/css is org.apache.jmeter.protocol.http.parser.CssParser
2017-07-25 19:40:25,497 INFO o.a.j.JMeter: Creating summariser <summary>
2017-07-25 19:40:25,505 INFO o.a.j.e.StandardJMeterEngine: Running the test!
2017-07-25 19:40:25,505 INFO o.a.j.s.SampleEvent: List of sample_variables: [LABEL]
2017-07-25 19:40:25,505 INFO o.a.j.s.SampleEvent: List of sample_variables: [LABEL]
2017-07-25 19:40:25,508 INFO o.a.j.e.u.CompoundVariable: Note: Function class names must contain the string: '.functions.'
2017-07-25 19:40:25,508 INFO o.a.j.e.u.CompoundVariable: Note: Function class names must not contain the string: '.gui.'
2017-07-25 19:40:25,747 INFO o.a.j.JMeter: Running test (1501026025747)
2017-07-25 19:40:25,784 INFO o.a.j.e.StandardJMeterEngine: Starting ThreadGroup: 1 : The thread Group
2017-07-25 19:40:25,784 INFO o.a.j.e.StandardJMeterEngine: Starting 1 threads for group The thread Group.
2017-07-25 19:40:25,784 INFO o.a.j.e.StandardJMeterEngine: Thread will continue on error
2017-07-25 19:40:25,784 INFO o.a.j.t.ThreadGroup: Starting thread group... number=1 threads=1 ramp-up=1 perThread=1000.0 delayedStart=false
2017-07-25 19:40:25,788 INFO o.a.j.t.ThreadGroup: Started thread group number 1
2017-07-25 19:40:25,788 INFO o.a.j.e.StandardJMeterEngine: All thread groups have been started
2017-07-25 19:40:25,873 INFO o.a.j.t.JMeterThread: Thread started: The thread Group 1-1
2017-07-25 19:40:25,876 INFO o.a.j.s.FileServer: Stored: /Users/jeb228/Development/DataDistributionAPI/testing/tests_and_results/DepartmentWordCloud/DepartmentUris.csv
2017-07-25 19:40:25,887 INFO o.a.j.p.h.s.HTTPHCAbstractImpl: Local host = lib-jeb228-maclap.local
2017-07-25 19:40:25,890 INFO o.a.j.p.h.s.HTTPHC4Impl: HTTP request retry count = 0
2017-07-25 19:40:25,895 INFO o.a.j.s.SampleResult: Note: Sample TimeStamps are START times
2017-07-25 19:40:25,895 INFO o.a.j.s.SampleResult: sampleresult.default.encoding is set to ISO-8859-1
2017-07-25 19:40:25,895 INFO o.a.j.s.SampleResult: sampleresult.useNanoTime=true
2017-07-25 19:40:25,895 INFO o.a.j.s.SampleResult: sampleresult.nanoThreadSleep=5000
2017-07-25 19:40:30,337 INFO o.a.j.r.Summariser: summary +      1 in 00:00:05 =    0.2/s Avg:  4424 Min:  4424 Max:  4424 Err:     0 (0.00%) Active: 1 Started: 1 Finished: 0
2017-07-25 19:41:00,318 INFO o.a.j.r.Summariser: summary +      8 in 00:00:30 =    0.3/s Avg:  3746 Min:   846 Max:  5000 Err:     0 (0.00%) Active: 1 Started: 1 Finished: 0
2017-07-25 19:41:00,318 INFO o.a.j.r.Summariser: summary =      9 in 00:00:35 =    0.3/s Avg:  3821 Min:   846 Max:  5000 Err:     0 (0.00%)
2017-07-25 19:41:33,657 INFO o.a.j.r.Summariser: summary +      9 in 00:00:33 =    0.3/s Avg:  3703 Min:   539 Max:  5029 Err:     0 (0.00%) Active: 1 Started: 1 Finished: 0
2017-07-25 19:41:33,658 INFO o.a.j.r.Summariser: summary =     18 in 00:01:08 =    0.3/s Avg:  3762 Min:   539 Max:  5029 Err:     0 (0.00%)
2017-07-25 19:42:02,906 INFO o.a.j.r.Summariser: summary +      9 in 00:00:29 =    0.3/s Avg:  3249 Min:   423 Max:  4542 Err:     0 (0.00%) Active: 1 Started: 1 Finished: 0
2017-07-25 19:42:02,906 INFO o.a.j.r.Summariser: summary =     27 in 00:01:37 =    0.3/s Avg:  3591 Min:   423 Max:  5029 Err:     0 (0.00%)
2017-07-25 19:42:34,206 INFO o.a.j.r.Summariser: summary +      9 in 00:00:31 =    0.3/s Avg:  3477 Min:   427 Max:  5462 Err:     0 (0.00%) Active: 1 Started: 1 Finished: 0
2017-07-25 19:42:34,206 INFO o.a.j.r.Summariser: summary =     36 in 00:02:08 =    0.3/s Avg:  3563 Min:   423 Max:  5462 Err:     0 (0.00%)
2017-07-25 19:43:03,873 INFO o.a.j.r.Summariser: summary +      9 in 00:00:30 =    0.3/s Avg:  3295 Min:   425 Max:  4937 Err:     0 (0.00%) Active: 1 Started: 1 Finished: 0
2017-07-25 19:43:03,873 INFO o.a.j.r.Summariser: summary =     45 in 00:02:38 =    0.3/s Avg:  3509 Min:   423 Max:  5462 Err:     0 (0.00%)
2017-07-25 19:43:30,242 INFO o.a.j.r.Summariser: summary +      8 in 00:00:26 =    0.3/s Avg:  3295 Min:   611 Max:  4982 Err:     0 (0.00%) Active: 1 Started: 1 Finished: 0
2017-07-25 19:43:30,242 INFO o.a.j.r.Summariser: summary =     53 in 00:03:04 =    0.3/s Avg:  3477 Min:   423 Max:  5462 Err:     0 (0.00%)
2017-07-25 19:44:00,838 INFO o.a.j.r.Summariser: summary +      9 in 00:00:31 =    0.3/s Avg:  3399 Min:   427 Max:  5326 Err:     0 (0.00%) Active: 1 Started: 1 Finished: 0
2017-07-25 19:44:00,838 INFO o.a.j.r.Summariser: summary =     62 in 00:03:35 =    0.3/s Avg:  3466 Min:   423 Max:  5462 Err:     0 (0.00%)
2017-07-25 19:44:30,863 INFO o.a.j.r.Summariser: summary +      9 in 00:00:30 =    0.3/s Avg:  3335 Min:   426 Max:  5179 Err:     0 (0.00%) Active: 1 Started: 1 Finished: 0
2017-07-25 19:44:30,863 INFO o.a.j.r.Summariser: summary =     71 in 00:04:05 =    0.3/s Avg:  3449 Min:   423 Max:  5462 Err:     0 (0.00%)
2017-07-25 19:45:00,859 INFO o.a.j.r.Summariser: summary +      8 in 00:00:30 =    0.3/s Avg:  3749 Min:   879 Max:  5265 Err:     0 (0.00%) Active: 1 Started: 1 Finished: 0
2017-07-25 19:45:00,860 INFO o.a.j.r.Summariser: summary =     79 in 00:04:35 =    0.3/s Avg:  3479 Min:   423 Max:  5462 Err:     0 (0.00%)
2017-07-25 19:45:33,615 INFO o.a.j.r.Summariser: summary +      9 in 00:00:33 =    0.3/s Avg:  3638 Min:   429 Max:  5154 Err:     0 (0.00%) Active: 1 Started: 1 Finished: 0
2017-07-25 19:45:33,616 INFO o.a.j.r.Summariser: summary =     88 in 00:05:08 =    0.3/s Avg:  3496 Min:   423 Max:  5462 Err:     0 (0.00%)
2017-07-25 19:46:03,372 INFO o.a.j.r.Summariser: summary +      9 in 00:00:30 =    0.3/s Avg:  3305 Min:   437 Max:  4871 Err:     0 (0.00%) Active: 1 Started: 1 Finished: 0
2017-07-25 19:46:03,372 INFO o.a.j.r.Summariser: summary =     97 in 00:05:38 =    0.3/s Avg:  3478 Min:   423 Max:  5462 Err:     0 (0.00%)
2017-07-25 19:46:09,715 INFO o.a.j.t.JMeterThread: Thread is done: The thread Group 1-1
2017-07-25 19:46:09,715 INFO o.a.j.t.JMeterThread: Thread finished: The thread Group 1-1
2017-07-25 19:46:09,715 INFO o.a.j.e.StandardJMeterEngine: Notifying test listeners of end of test
2017-07-25 19:46:09,715 INFO o.a.j.s.FileServer: Close: /Users/jeb228/Development/DataDistributionAPI/testing/tests_and_results/DepartmentWordCloud/DepartmentUris.csv
2017-07-25 19:46:09,716 INFO o.a.j.r.Summariser: summary +      3 in 00:00:06 =    0.5/s Avg:  2113 Min:   426 Max:  5078 Err:     0 (0.00%) Active: 0 Started: 1 Finished: 1
2017-07-25 19:46:09,716 INFO o.a.j.r.Summariser: summary =    100 in 00:05:44 =    0.3/s Avg:  3437 Min:   423 Max:  5462 Err:     0 (0.00%)
