2017-07-25 16:43:21,412 INFO o.a.j.u.JMeterUtils: Setting Locale to en_US
2017-07-25 16:43:21,429 INFO o.a.j.JMeter: Loading user properties from: /Users/jeb228/Software/forMac/JMeter/apache-jmeter-3.2/bin/user.properties
2017-07-25 16:43:21,434 INFO o.a.j.JMeter: Loading system properties from: /Users/jeb228/Software/forMac/JMeter/apache-jmeter-3.2/bin/system.properties
2017-07-25 16:43:21,435 INFO o.a.j.JMeter: Setting JMeter property: dir.base=/Users/jeb228/Development/DataDistributionAPI/testing/tests_and_results/DepartmentWordCloud/_results
2017-07-25 16:43:21,435 INFO o.a.j.JMeter: Setting JMeter property: dir.output=/Users/jeb228/Development/DataDistributionAPI/testing/tests_and_results/DepartmentWordCloud/_results/vivo_dwc_optionals_2
2017-07-25 16:43:21,435 INFO o.a.j.JMeter: Setting JMeter property: context.path=vivo
2017-07-25 16:43:21,435 INFO o.a.j.JMeter: Setting JMeter property: action.name=dwc_optionals
2017-07-25 16:43:21,435 INFO o.a.j.JMeter: Setting JMeter property: file.uris=/Users/jeb228/Development/DataDistributionAPI/testing/tests_and_results/DepartmentWordCloud/DepartmentUris.csv
2017-07-25 16:43:21,435 INFO o.a.j.JMeter: Setting JMeter property: sample_variables=LABEL
2017-07-25 16:43:21,440 INFO o.a.j.JMeter: Copyright (c) 1998-2017 The Apache Software Foundation
2017-07-25 16:43:21,440 INFO o.a.j.JMeter: Version 3.2 r1790748
2017-07-25 16:43:21,440 INFO o.a.j.JMeter: java.version=1.8.0_131
2017-07-25 16:43:21,440 INFO o.a.j.JMeter: java.vm.name=Java HotSpot(TM) 64-Bit Server VM
2017-07-25 16:43:21,440 INFO o.a.j.JMeter: os.name=Mac OS X
2017-07-25 16:43:21,440 INFO o.a.j.JMeter: os.arch=x86_64
2017-07-25 16:43:21,440 INFO o.a.j.JMeter: os.version=10.12.6
2017-07-25 16:43:21,440 INFO o.a.j.JMeter: file.encoding=UTF-8
2017-07-25 16:43:21,440 INFO o.a.j.JMeter: Max memory     =536870912
2017-07-25 16:43:21,440 INFO o.a.j.JMeter: Available Processors =4
2017-07-25 16:43:21,447 INFO o.a.j.JMeter: Default Locale=English (United States)
2017-07-25 16:43:21,447 INFO o.a.j.JMeter: JMeter  Locale=English (United States)
2017-07-25 16:43:21,447 INFO o.a.j.JMeter: JMeterHome=/Users/jeb228/Software/forMac/JMeter/apache-jmeter-3.2
2017-07-25 16:43:21,447 INFO o.a.j.JMeter: user.dir  =/Users/jeb228/Development/DataDistributionAPI/testing/tests_and_results/DepartmentWordCloud/_results
2017-07-25 16:43:21,447 INFO o.a.j.JMeter: PWD       =/Users/jeb228/Development/DataDistributionAPI/testing/tests_and_results/DepartmentWordCloud/_results
2017-07-25 16:43:21,453 INFO o.a.j.JMeter: IP: 10.0.1.36 Name: lib-jeb228-maclap.local FullName: 10.0.1.36
2017-07-25 16:43:21,457 INFO o.a.j.s.FileServer: Default base='/Users/jeb228/Development/DataDistributionAPI/testing/tests_and_results/DepartmentWordCloud/_results'
2017-07-25 16:43:21,457 INFO o.a.j.s.FileServer: Set new base='/Users/jeb228/Development/DataDistributionAPI/testing/tests_and_results/DepartmentWordCloud'
2017-07-25 16:43:21,575 INFO o.a.j.s.SaveService: Testplan (JMX) version: 2.2. Testlog (JTL) version: 2.2
2017-07-25 16:43:21,587 INFO o.a.j.s.SaveService: Using SaveService properties file encoding UTF-8
2017-07-25 16:43:21,599 INFO o.a.j.s.SaveService: Using SaveService properties version 3.2
2017-07-25 16:43:21,604 INFO o.a.j.s.SaveService: Loading file: /Users/jeb228/Development/DataDistributionAPI/testing/tests_and_results/DepartmentWordCloud/DepartmentWordClouds.jmx
2017-07-25 16:43:21,652 INFO o.a.j.p.h.s.HTTPSamplerBase: Parser for text/html is org.apache.jmeter.protocol.http.parser.LagartoBasedHtmlParser
2017-07-25 16:43:21,652 INFO o.a.j.p.h.s.HTTPSamplerBase: Parser for application/xhtml+xml is org.apache.jmeter.protocol.http.parser.LagartoBasedHtmlParser
2017-07-25 16:43:21,652 INFO o.a.j.p.h.s.HTTPSamplerBase: Parser for application/xml is org.apache.jmeter.protocol.http.parser.LagartoBasedHtmlParser
2017-07-25 16:43:21,652 INFO o.a.j.p.h.s.HTTPSamplerBase: Parser for text/xml is org.apache.jmeter.protocol.http.parser.LagartoBasedHtmlParser
2017-07-25 16:43:21,653 INFO o.a.j.p.h.s.HTTPSamplerBase: Parser for text/vnd.wap.wml is org.apache.jmeter.protocol.http.parser.RegexpHTMLParser
2017-07-25 16:43:21,653 INFO o.a.j.p.h.s.HTTPSamplerBase: Parser for text/css is org.apache.jmeter.protocol.http.parser.CssParser
2017-07-25 16:43:21,666 INFO o.a.j.JMeter: Creating summariser <summary>
2017-07-25 16:43:21,675 INFO o.a.j.e.StandardJMeterEngine: Running the test!
2017-07-25 16:43:21,676 INFO o.a.j.s.SampleEvent: List of sample_variables: [LABEL]
2017-07-25 16:43:21,676 INFO o.a.j.s.SampleEvent: List of sample_variables: [LABEL]
2017-07-25 16:43:21,680 INFO o.a.j.e.u.CompoundVariable: Note: Function class names must contain the string: '.functions.'
2017-07-25 16:43:21,680 INFO o.a.j.e.u.CompoundVariable: Note: Function class names must not contain the string: '.gui.'
2017-07-25 16:43:22,008 INFO o.a.j.JMeter: Running test (1501015402008)
2017-07-25 16:43:22,038 INFO o.a.j.e.StandardJMeterEngine: Starting ThreadGroup: 1 : The thread Group
2017-07-25 16:43:22,039 INFO o.a.j.e.StandardJMeterEngine: Starting 1 threads for group The thread Group.
2017-07-25 16:43:22,039 INFO o.a.j.e.StandardJMeterEngine: Thread will continue on error
2017-07-25 16:43:22,039 INFO o.a.j.t.ThreadGroup: Starting thread group... number=1 threads=1 ramp-up=1 perThread=1000.0 delayedStart=false
2017-07-25 16:43:22,042 INFO o.a.j.t.ThreadGroup: Started thread group number 1
2017-07-25 16:43:22,042 INFO o.a.j.e.StandardJMeterEngine: All thread groups have been started
2017-07-25 16:43:22,354 INFO o.a.j.t.JMeterThread: Thread started: The thread Group 1-1
2017-07-25 16:43:22,356 INFO o.a.j.s.FileServer: Stored: /Users/jeb228/Development/DataDistributionAPI/testing/tests_and_results/DepartmentWordCloud/DepartmentUris.csv
2017-07-25 16:43:22,381 INFO o.a.j.p.h.s.HTTPHCAbstractImpl: Local host = lib-jeb228-maclap.local
2017-07-25 16:43:22,389 INFO o.a.j.p.h.s.HTTPHC4Impl: HTTP request retry count = 0
2017-07-25 16:43:22,398 INFO o.a.j.s.SampleResult: Note: Sample TimeStamps are START times
2017-07-25 16:43:22,398 INFO o.a.j.s.SampleResult: sampleresult.default.encoding is set to ISO-8859-1
2017-07-25 16:43:22,399 INFO o.a.j.s.SampleResult: sampleresult.useNanoTime=true
2017-07-25 16:43:22,399 INFO o.a.j.s.SampleResult: sampleresult.nanoThreadSleep=5000
2017-07-25 16:44:02,124 INFO o.a.j.r.Summariser: summary +      6 in 00:00:40 =    0.1/s Avg:  6614 Min:  3436 Max: 14023 Err:     0 (0.00%) Active: 1 Started: 1 Finished: 0
2017-07-25 16:44:35,344 INFO o.a.j.r.Summariser: summary +      7 in 00:00:33 =    0.2/s Avg:  4745 Min:  1618 Max: 14353 Err:     0 (0.00%) Active: 1 Started: 1 Finished: 0
2017-07-25 16:44:35,344 INFO o.a.j.r.Summariser: summary =     13 in 00:01:13 =    0.2/s Avg:  5608 Min:  1618 Max: 14353 Err:     0 (0.00%)
2017-07-25 16:45:32,947 INFO o.a.j.r.Summariser: summary +     13 in 00:00:58 =    0.2/s Avg:  4430 Min:  1525 Max: 15183 Err:     0 (0.00%) Active: 1 Started: 1 Finished: 0
2017-07-25 16:45:32,947 INFO o.a.j.r.Summariser: summary =     26 in 00:02:11 =    0.2/s Avg:  5019 Min:  1525 Max: 15183 Err:     0 (0.00%)
2017-07-25 16:46:04,194 INFO o.a.j.r.Summariser: summary +      7 in 00:00:31 =    0.2/s Avg:  4462 Min:  1594 Max: 13717 Err:     0 (0.00%) Active: 1 Started: 1 Finished: 0
2017-07-25 16:46:04,194 INFO o.a.j.r.Summariser: summary =     33 in 00:02:42 =    0.2/s Avg:  4901 Min:  1525 Max: 15183 Err:     0 (0.00%)
2017-07-25 16:47:00,414 INFO o.a.j.r.Summariser: summary +     13 in 00:00:56 =    0.2/s Avg:  4324 Min:  1531 Max: 13749 Err:     0 (0.00%) Active: 1 Started: 1 Finished: 0
2017-07-25 16:47:00,415 INFO o.a.j.r.Summariser: summary =     46 in 00:03:38 =    0.2/s Avg:  4738 Min:  1525 Max: 15183 Err:     0 (0.00%)
2017-07-25 16:47:31,841 INFO o.a.j.r.Summariser: summary +      7 in 00:00:31 =    0.2/s Avg:  4489 Min:  1529 Max: 13808 Err:     0 (0.00%) Active: 1 Started: 1 Finished: 0
2017-07-25 16:47:31,841 INFO o.a.j.r.Summariser: summary =     53 in 00:04:10 =    0.2/s Avg:  4705 Min:  1525 Max: 15183 Err:     0 (0.00%)
2017-07-25 16:48:31,953 INFO o.a.j.r.Summariser: summary +     14 in 00:01:00 =    0.2/s Avg:  4293 Min:  1596 Max: 14981 Err:     0 (0.00%) Active: 1 Started: 1 Finished: 0
2017-07-25 16:48:31,953 INFO o.a.j.r.Summariser: summary =     67 in 00:05:10 =    0.2/s Avg:  4619 Min:  1525 Max: 15183 Err:     0 (0.00%)
2017-07-25 16:49:01,550 INFO o.a.j.r.Summariser: summary +      6 in 00:00:30 =    0.2/s Avg:  4932 Min:  1599 Max: 14399 Err:     0 (0.00%) Active: 1 Started: 1 Finished: 0
2017-07-25 16:49:01,550 INFO o.a.j.r.Summariser: summary =     73 in 00:05:40 =    0.2/s Avg:  4644 Min:  1525 Max: 15183 Err:     0 (0.00%)
2017-07-25 16:50:01,846 INFO o.a.j.r.Summariser: summary +     14 in 00:01:00 =    0.2/s Avg:  4306 Min:  1617 Max: 14229 Err:     0 (0.00%) Active: 1 Started: 1 Finished: 0
2017-07-25 16:50:01,846 INFO o.a.j.r.Summariser: summary =     87 in 00:06:40 =    0.2/s Avg:  4590 Min:  1525 Max: 15183 Err:     0 (0.00%)
2017-07-25 16:50:31,230 INFO o.a.j.r.Summariser: summary +      6 in 00:00:29 =    0.2/s Avg:  4896 Min:  1558 Max: 14060 Err:     0 (0.00%) Active: 1 Started: 1 Finished: 0
2017-07-25 16:50:31,230 INFO o.a.j.r.Summariser: summary =     93 in 00:07:09 =    0.2/s Avg:  4610 Min:  1525 Max: 15183 Err:     0 (0.00%)
2017-07-25 16:50:51,427 INFO o.a.j.t.JMeterThread: Thread is done: The thread Group 1-1
2017-07-25 16:50:51,427 INFO o.a.j.t.JMeterThread: Thread finished: The thread Group 1-1
2017-07-25 16:50:51,428 INFO o.a.j.e.StandardJMeterEngine: Notifying test listeners of end of test
2017-07-25 16:50:51,428 INFO o.a.j.s.FileServer: Close: /Users/jeb228/Development/DataDistributionAPI/testing/tests_and_results/DepartmentWordCloud/DepartmentUris.csv
2017-07-25 16:50:51,428 INFO o.a.j.r.Summariser: summary +      7 in 00:00:20 =    0.3/s Avg:  2884 Min:  1588 Max:  5318 Err:     0 (0.00%) Active: 0 Started: 1 Finished: 1
2017-07-25 16:50:51,429 INFO o.a.j.r.Summariser: summary =    100 in 00:07:29 =    0.2/s Avg:  4489 Min:  1525 Max: 15183 Err:     0 (0.00%)
