2017-07-23 16:28:48,186 INFO o.a.j.u.JMeterUtils: Setting Locale to en_US
2017-07-23 16:28:48,196 INFO o.a.j.JMeter: Loading user properties from: /Users/jeb228/Software/forMac/JMeter/apache-jmeter-3.2/bin/user.properties
2017-07-23 16:28:48,197 INFO o.a.j.JMeter: Loading system properties from: /Users/jeb228/Software/forMac/JMeter/apache-jmeter-3.2/bin/system.properties
2017-07-23 16:28:48,197 INFO o.a.j.JMeter: Setting JMeter property: dir.base=/Users/jeb228/Development/DataDistributionAPI/testing/tests_and_results/DepartmentWordCloud
2017-07-23 16:28:48,197 INFO o.a.j.JMeter: Setting JMeter property: dir.output=/Users/jeb228/Development/DataDistributionAPI/testing/tests_and_results/DepartmentWordCloud/dwc_optionals_2
2017-07-23 16:28:48,197 INFO o.a.j.JMeter: Setting JMeter property: action.name=dwc_optionals
2017-07-23 16:28:48,197 INFO o.a.j.JMeter: Setting JMeter property: file.uris=/Users/jeb228/Development/DataDistributionAPI/testing/tests_and_results/DepartmentWordCloud/DepartmentUris.csv
2017-07-23 16:28:48,197 INFO o.a.j.JMeter: Setting JMeter property: sample_variables=LABEL
2017-07-23 16:28:48,200 INFO o.a.j.JMeter: Copyright (c) 1998-2017 The Apache Software Foundation
2017-07-23 16:28:48,201 INFO o.a.j.JMeter: Version 3.2 r1790748
2017-07-23 16:28:48,201 INFO o.a.j.JMeter: java.version=1.8.0_131
2017-07-23 16:28:48,201 INFO o.a.j.JMeter: java.vm.name=Java HotSpot(TM) 64-Bit Server VM
2017-07-23 16:28:48,201 INFO o.a.j.JMeter: os.name=Mac OS X
2017-07-23 16:28:48,201 INFO o.a.j.JMeter: os.arch=x86_64
2017-07-23 16:28:48,201 INFO o.a.j.JMeter: os.version=10.12.6
2017-07-23 16:28:48,201 INFO o.a.j.JMeter: file.encoding=UTF-8
2017-07-23 16:28:48,201 INFO o.a.j.JMeter: Max memory     =536870912
2017-07-23 16:28:48,201 INFO o.a.j.JMeter: Available Processors =4
2017-07-23 16:28:48,204 INFO o.a.j.JMeter: Default Locale=English (United States)
2017-07-23 16:28:48,204 INFO o.a.j.JMeter: JMeter  Locale=English (United States)
2017-07-23 16:28:48,205 INFO o.a.j.JMeter: JMeterHome=/Users/jeb228/Software/forMac/JMeter/apache-jmeter-3.2
2017-07-23 16:28:48,205 INFO o.a.j.JMeter: user.dir  =/Users/jeb228/Development/DataDistributionAPI/testing/tests_and_results/DepartmentWordCloud
2017-07-23 16:28:48,205 INFO o.a.j.JMeter: PWD       =/Users/jeb228/Development/DataDistributionAPI/testing/tests_and_results/DepartmentWordCloud
2017-07-23 16:28:48,206 INFO o.a.j.JMeter: IP: 128.253.87.37 Name: lib-7215-dock.library.cornell.edu FullName: lib-7215-dock.library.cornell.edu
2017-07-23 16:28:48,208 INFO o.a.j.s.FileServer: Default base='/Users/jeb228/Development/DataDistributionAPI/testing/tests_and_results/DepartmentWordCloud'
2017-07-23 16:28:48,208 INFO o.a.j.s.FileServer: Set new base='/Users/jeb228/Development/DataDistributionAPI/testing/tests_and_results/DepartmentWordCloud'
2017-07-23 16:28:48,286 INFO o.a.j.s.SaveService: Testplan (JMX) version: 2.2. Testlog (JTL) version: 2.2
2017-07-23 16:28:48,296 INFO o.a.j.s.SaveService: Using SaveService properties file encoding UTF-8
2017-07-23 16:28:48,307 INFO o.a.j.s.SaveService: Using SaveService properties version 3.2
2017-07-23 16:28:48,312 INFO o.a.j.s.SaveService: Loading file: /Users/jeb228/Development/DataDistributionAPI/testing/tests_and_results/DepartmentWordCloud/DepartmentWordClouds.jmx
2017-07-23 16:28:48,345 INFO o.a.j.p.h.s.HTTPSamplerBase: Parser for text/html is org.apache.jmeter.protocol.http.parser.LagartoBasedHtmlParser
2017-07-23 16:28:48,345 INFO o.a.j.p.h.s.HTTPSamplerBase: Parser for application/xhtml+xml is org.apache.jmeter.protocol.http.parser.LagartoBasedHtmlParser
2017-07-23 16:28:48,345 INFO o.a.j.p.h.s.HTTPSamplerBase: Parser for application/xml is org.apache.jmeter.protocol.http.parser.LagartoBasedHtmlParser
2017-07-23 16:28:48,345 INFO o.a.j.p.h.s.HTTPSamplerBase: Parser for text/xml is org.apache.jmeter.protocol.http.parser.LagartoBasedHtmlParser
2017-07-23 16:28:48,345 INFO o.a.j.p.h.s.HTTPSamplerBase: Parser for text/vnd.wap.wml is org.apache.jmeter.protocol.http.parser.RegexpHTMLParser
2017-07-23 16:28:48,345 INFO o.a.j.p.h.s.HTTPSamplerBase: Parser for text/css is org.apache.jmeter.protocol.http.parser.CssParser
2017-07-23 16:28:48,354 INFO o.a.j.JMeter: Creating summariser <summary>
2017-07-23 16:28:48,362 INFO o.a.j.e.StandardJMeterEngine: Running the test!
2017-07-23 16:28:48,362 INFO o.a.j.s.SampleEvent: List of sample_variables: [LABEL]
2017-07-23 16:28:48,363 INFO o.a.j.s.SampleEvent: List of sample_variables: [LABEL]
2017-07-23 16:28:48,365 INFO o.a.j.e.u.CompoundVariable: Note: Function class names must contain the string: '.functions.'
2017-07-23 16:28:48,366 INFO o.a.j.e.u.CompoundVariable: Note: Function class names must not contain the string: '.gui.'
2017-07-23 16:28:48,602 INFO o.a.j.JMeter: Running test (1500841728602)
2017-07-23 16:28:48,641 INFO o.a.j.e.StandardJMeterEngine: Starting ThreadGroup: 1 : The thread Group
2017-07-23 16:28:48,641 INFO o.a.j.e.StandardJMeterEngine: Starting 1 threads for group The thread Group.
2017-07-23 16:28:48,641 INFO o.a.j.e.StandardJMeterEngine: Thread will continue on error
2017-07-23 16:28:48,641 INFO o.a.j.t.ThreadGroup: Starting thread group... number=1 threads=1 ramp-up=1 perThread=1000.0 delayedStart=false
2017-07-23 16:28:48,645 INFO o.a.j.t.ThreadGroup: Started thread group number 1
2017-07-23 16:28:48,646 INFO o.a.j.e.StandardJMeterEngine: All thread groups have been started
2017-07-23 16:28:48,889 INFO o.a.j.t.JMeterThread: Thread started: The thread Group 1-1
2017-07-23 16:28:48,892 INFO o.a.j.s.FileServer: Stored: /Users/jeb228/Development/DataDistributionAPI/testing/tests_and_results/DepartmentWordCloud/DepartmentUris.csv
2017-07-23 16:28:48,904 INFO o.a.j.p.h.s.HTTPHCAbstractImpl: Local host = lib-7215-dock.library.cornell.edu
2017-07-23 16:28:48,909 INFO o.a.j.p.h.s.HTTPHC4Impl: HTTP request retry count = 0
2017-07-23 16:28:48,915 INFO o.a.j.s.SampleResult: Note: Sample TimeStamps are START times
2017-07-23 16:28:48,915 INFO o.a.j.s.SampleResult: sampleresult.default.encoding is set to ISO-8859-1
2017-07-23 16:28:48,915 INFO o.a.j.s.SampleResult: sampleresult.useNanoTime=true
2017-07-23 16:28:48,915 INFO o.a.j.s.SampleResult: sampleresult.nanoThreadSleep=5000
2017-07-23 16:29:03,192 INFO o.a.j.r.Summariser: summary +      1 in 00:00:15 =    0.1/s Avg: 14255 Min: 14255 Max: 14255 Err:     0 (0.00%) Active: 1 Started: 1 Finished: 0
2017-07-23 16:29:31,538 INFO o.a.j.r.Summariser: summary +      7 in 00:00:28 =    0.2/s Avg:  4048 Min:  2061 Max:  6991 Err:     0 (0.00%) Active: 1 Started: 1 Finished: 0
2017-07-23 16:29:31,538 INFO o.a.j.r.Summariser: summary =      8 in 00:00:43 =    0.2/s Avg:  5324 Min:  2061 Max: 14255 Err:     0 (0.00%)
2017-07-23 16:30:01,655 INFO o.a.j.r.Summariser: summary +      6 in 00:00:30 =    0.2/s Avg:  5018 Min:  1345 Max: 13989 Err:     0 (0.00%) Active: 1 Started: 1 Finished: 0
2017-07-23 16:30:01,655 INFO o.a.j.r.Summariser: summary =     14 in 00:01:13 =    0.2/s Avg:  5193 Min:  1345 Max: 14255 Err:     0 (0.00%)
2017-07-23 16:30:33,224 INFO o.a.j.r.Summariser: summary +      8 in 00:00:32 =    0.3/s Avg:  3945 Min:  1298 Max: 13601 Err:     0 (0.00%) Active: 1 Started: 1 Finished: 0
2017-07-23 16:30:33,225 INFO o.a.j.r.Summariser: summary =     22 in 00:01:45 =    0.2/s Avg:  4739 Min:  1298 Max: 14255 Err:     0 (0.00%)
2017-07-23 16:31:32,744 INFO o.a.j.r.Summariser: summary +     14 in 00:01:00 =    0.2/s Avg:  4250 Min:  1281 Max: 13461 Err:     0 (0.00%) Active: 1 Started: 1 Finished: 0
2017-07-23 16:31:32,745 INFO o.a.j.r.Summariser: summary =     36 in 00:02:44 =    0.2/s Avg:  4549 Min:  1281 Max: 14255 Err:     0 (0.00%)
2017-07-23 16:32:02,240 INFO o.a.j.r.Summariser: summary +      7 in 00:00:29 =    0.2/s Avg:  4213 Min:  1287 Max: 13496 Err:     0 (0.00%) Active: 1 Started: 1 Finished: 0
2017-07-23 16:32:02,240 INFO o.a.j.r.Summariser: summary =     43 in 00:03:14 =    0.2/s Avg:  4494 Min:  1281 Max: 14255 Err:     0 (0.00%)
2017-07-23 16:33:00,094 INFO o.a.j.r.Summariser: summary +     13 in 00:00:58 =    0.2/s Avg:  4450 Min:  1303 Max: 13832 Err:     0 (0.00%) Active: 1 Started: 1 Finished: 0
2017-07-23 16:33:00,094 INFO o.a.j.r.Summariser: summary =     56 in 00:04:11 =    0.2/s Avg:  4484 Min:  1281 Max: 14255 Err:     0 (0.00%)
2017-07-23 16:33:34,444 INFO o.a.j.r.Summariser: summary +      8 in 00:00:34 =    0.2/s Avg:  4293 Min:  1314 Max: 13683 Err:     0 (0.00%) Active: 1 Started: 1 Finished: 0
2017-07-23 16:33:34,445 INFO o.a.j.r.Summariser: summary =     64 in 00:04:46 =    0.2/s Avg:  4460 Min:  1281 Max: 14255 Err:     0 (0.00%)
2017-07-23 16:34:02,493 INFO o.a.j.r.Summariser: summary +      7 in 00:00:28 =    0.2/s Avg:  4006 Min:  1324 Max: 13588 Err:     0 (0.00%) Active: 1 Started: 1 Finished: 0
2017-07-23 16:34:02,493 INFO o.a.j.r.Summariser: summary =     71 in 00:05:14 =    0.2/s Avg:  4415 Min:  1281 Max: 14255 Err:     0 (0.00%)
2017-07-23 16:34:30,031 INFO o.a.j.r.Summariser: summary +      7 in 00:00:28 =    0.3/s Avg:  3933 Min:  2557 Max:  6428 Err:     0 (0.00%) Active: 1 Started: 1 Finished: 0
2017-07-23 16:34:30,031 INFO o.a.j.r.Summariser: summary =     78 in 00:05:41 =    0.2/s Avg:  4372 Min:  1281 Max: 14255 Err:     0 (0.00%)
2017-07-23 16:35:01,485 INFO o.a.j.r.Summariser: summary +      5 in 00:00:31 =    0.2/s Avg:  6289 Min:  1997 Max: 15122 Err:     0 (0.00%) Active: 1 Started: 1 Finished: 0
2017-07-23 16:35:01,485 INFO o.a.j.r.Summariser: summary =     83 in 00:06:13 =    0.2/s Avg:  4487 Min:  1281 Max: 15122 Err:     0 (0.00%)
2017-07-23 16:36:00,683 INFO o.a.j.r.Summariser: summary +     13 in 00:00:59 =    0.2/s Avg:  4553 Min:  1283 Max: 14157 Err:     0 (0.00%) Active: 1 Started: 1 Finished: 0
2017-07-23 16:36:00,684 INFO o.a.j.r.Summariser: summary =     96 in 00:07:12 =    0.2/s Avg:  4496 Min:  1281 Max: 15122 Err:     0 (0.00%)
2017-07-23 16:36:07,372 INFO o.a.j.t.JMeterThread: Thread is done: The thread Group 1-1
2017-07-23 16:36:07,372 INFO o.a.j.t.JMeterThread: Thread finished: The thread Group 1-1
2017-07-23 16:36:07,373 INFO o.a.j.e.StandardJMeterEngine: Notifying test listeners of end of test
2017-07-23 16:36:07,373 INFO o.a.j.s.FileServer: Close: /Users/jeb228/Development/DataDistributionAPI/testing/tests_and_results/DepartmentWordCloud/DepartmentUris.csv
2017-07-23 16:36:07,374 INFO o.a.j.r.Summariser: summary +      4 in 00:00:07 =    0.6/s Avg:  1671 Min:  1286 Max:  2196 Err:     0 (0.00%) Active: 0 Started: 1 Finished: 1
2017-07-23 16:36:07,374 INFO o.a.j.r.Summariser: summary =    100 in 00:07:19 =    0.2/s Avg:  4383 Min:  1281 Max: 15122 Err:     0 (0.00%)
