2017-07-26 14:07:38,583 INFO o.a.j.u.JMeterUtils: Setting Locale to en_US
2017-07-26 14:07:38,595 INFO o.a.j.JMeter: Loading user properties from: /Users/jeb228/Software/forMac/JMeter/apache-jmeter-3.2/bin/user.properties
2017-07-26 14:07:38,595 INFO o.a.j.JMeter: Loading system properties from: /Users/jeb228/Software/forMac/JMeter/apache-jmeter-3.2/bin/system.properties
2017-07-26 14:07:38,596 INFO o.a.j.JMeter: Setting JMeter property: dir.base=/Users/jeb228/Development/DataDistributionAPI/testing/tests_and_results/DepartmentWordCloud/_results
2017-07-26 14:07:38,596 INFO o.a.j.JMeter: Setting JMeter property: dir.output=/Users/jeb228/Development/DataDistributionAPI/testing/tests_and_results/DepartmentWordCloud/_results/scholars_dwc_unions_1
2017-07-26 14:07:38,596 INFO o.a.j.JMeter: Setting JMeter property: context.path=scholars
2017-07-26 14:07:38,596 INFO o.a.j.JMeter: Setting JMeter property: action.name=dwc_unions
2017-07-26 14:07:38,596 INFO o.a.j.JMeter: Setting JMeter property: file.uris=/Users/jeb228/Development/DataDistributionAPI/testing/tests_and_results/DepartmentWordCloud/DepartmentUris.csv
2017-07-26 14:07:38,596 INFO o.a.j.JMeter: Setting JMeter property: sample_variables=LABEL
2017-07-26 14:07:38,600 INFO o.a.j.JMeter: Copyright (c) 1998-2017 The Apache Software Foundation
2017-07-26 14:07:38,600 INFO o.a.j.JMeter: Version 3.2 r1790748
2017-07-26 14:07:38,600 INFO o.a.j.JMeter: java.version=1.8.0_131
2017-07-26 14:07:38,600 INFO o.a.j.JMeter: java.vm.name=Java HotSpot(TM) 64-Bit Server VM
2017-07-26 14:07:38,600 INFO o.a.j.JMeter: os.name=Mac OS X
2017-07-26 14:07:38,600 INFO o.a.j.JMeter: os.arch=x86_64
2017-07-26 14:07:38,600 INFO o.a.j.JMeter: os.version=10.12.6
2017-07-26 14:07:38,600 INFO o.a.j.JMeter: file.encoding=UTF-8
2017-07-26 14:07:38,600 INFO o.a.j.JMeter: Max memory     =536870912
2017-07-26 14:07:38,601 INFO o.a.j.JMeter: Available Processors =4
2017-07-26 14:07:38,603 INFO o.a.j.JMeter: Default Locale=English (United States)
2017-07-26 14:07:38,603 INFO o.a.j.JMeter: JMeter  Locale=English (United States)
2017-07-26 14:07:38,603 INFO o.a.j.JMeter: JMeterHome=/Users/jeb228/Software/forMac/JMeter/apache-jmeter-3.2
2017-07-26 14:07:38,603 INFO o.a.j.JMeter: user.dir  =/Users/jeb228/Development/DataDistributionAPI/testing/tests_and_results/DepartmentWordCloud/_results
2017-07-26 14:07:38,604 INFO o.a.j.JMeter: PWD       =/Users/jeb228/Development/DataDistributionAPI/testing/tests_and_results/DepartmentWordCloud/_results
2017-07-26 14:07:38,609 INFO o.a.j.JMeter: IP: 10.0.1.36 Name: lib-jeb228-maclap.local FullName: 10.0.1.36
2017-07-26 14:07:38,611 INFO o.a.j.s.FileServer: Default base='/Users/jeb228/Development/DataDistributionAPI/testing/tests_and_results/DepartmentWordCloud/_results'
2017-07-26 14:07:38,611 INFO o.a.j.s.FileServer: Set new base='/Users/jeb228/Development/DataDistributionAPI/testing/tests_and_results/DepartmentWordCloud'
2017-07-26 14:07:38,695 INFO o.a.j.s.SaveService: Testplan (JMX) version: 2.2. Testlog (JTL) version: 2.2
2017-07-26 14:07:38,705 INFO o.a.j.s.SaveService: Using SaveService properties file encoding UTF-8
2017-07-26 14:07:38,715 INFO o.a.j.s.SaveService: Using SaveService properties version 3.2
2017-07-26 14:07:38,719 INFO o.a.j.s.SaveService: Loading file: /Users/jeb228/Development/DataDistributionAPI/testing/tests_and_results/DepartmentWordCloud/DepartmentWordClouds.jmx
2017-07-26 14:07:38,752 INFO o.a.j.p.h.s.HTTPSamplerBase: Parser for text/html is org.apache.jmeter.protocol.http.parser.LagartoBasedHtmlParser
2017-07-26 14:07:38,752 INFO o.a.j.p.h.s.HTTPSamplerBase: Parser for application/xhtml+xml is org.apache.jmeter.protocol.http.parser.LagartoBasedHtmlParser
2017-07-26 14:07:38,752 INFO o.a.j.p.h.s.HTTPSamplerBase: Parser for application/xml is org.apache.jmeter.protocol.http.parser.LagartoBasedHtmlParser
2017-07-26 14:07:38,752 INFO o.a.j.p.h.s.HTTPSamplerBase: Parser for text/xml is org.apache.jmeter.protocol.http.parser.LagartoBasedHtmlParser
2017-07-26 14:07:38,752 INFO o.a.j.p.h.s.HTTPSamplerBase: Parser for text/vnd.wap.wml is org.apache.jmeter.protocol.http.parser.RegexpHTMLParser
2017-07-26 14:07:38,752 INFO o.a.j.p.h.s.HTTPSamplerBase: Parser for text/css is org.apache.jmeter.protocol.http.parser.CssParser
2017-07-26 14:07:38,759 INFO o.a.j.JMeter: Creating summariser <summary>
2017-07-26 14:07:38,765 INFO o.a.j.e.StandardJMeterEngine: Running the test!
2017-07-26 14:07:38,766 INFO o.a.j.s.SampleEvent: List of sample_variables: [LABEL]
2017-07-26 14:07:38,766 INFO o.a.j.s.SampleEvent: List of sample_variables: [LABEL]
2017-07-26 14:07:38,769 INFO o.a.j.e.u.CompoundVariable: Note: Function class names must contain the string: '.functions.'
2017-07-26 14:07:38,769 INFO o.a.j.e.u.CompoundVariable: Note: Function class names must not contain the string: '.gui.'
2017-07-26 14:07:39,028 INFO o.a.j.JMeter: Running test (1501092459028)
2017-07-26 14:07:39,060 INFO o.a.j.e.StandardJMeterEngine: Starting ThreadGroup: 1 : The thread Group
2017-07-26 14:07:39,060 INFO o.a.j.e.StandardJMeterEngine: Starting 1 threads for group The thread Group.
2017-07-26 14:07:39,060 INFO o.a.j.e.StandardJMeterEngine: Thread will continue on error
2017-07-26 14:07:39,060 INFO o.a.j.t.ThreadGroup: Starting thread group... number=1 threads=1 ramp-up=1 perThread=1000.0 delayedStart=false
2017-07-26 14:07:39,063 INFO o.a.j.t.ThreadGroup: Started thread group number 1
2017-07-26 14:07:39,063 INFO o.a.j.e.StandardJMeterEngine: All thread groups have been started
2017-07-26 14:07:39,249 INFO o.a.j.t.JMeterThread: Thread started: The thread Group 1-1
2017-07-26 14:07:39,255 INFO o.a.j.s.FileServer: Stored: /Users/jeb228/Development/DataDistributionAPI/testing/tests_and_results/DepartmentWordCloud/DepartmentUris.csv
2017-07-26 14:07:39,274 INFO o.a.j.p.h.s.HTTPHCAbstractImpl: Local host = lib-jeb228-maclap.local
2017-07-26 14:07:39,280 INFO o.a.j.p.h.s.HTTPHC4Impl: HTTP request retry count = 0
2017-07-26 14:07:39,286 INFO o.a.j.s.SampleResult: Note: Sample TimeStamps are START times
2017-07-26 14:07:39,286 INFO o.a.j.s.SampleResult: sampleresult.default.encoding is set to ISO-8859-1
2017-07-26 14:07:39,286 INFO o.a.j.s.SampleResult: sampleresult.useNanoTime=true
2017-07-26 14:07:39,286 INFO o.a.j.s.SampleResult: sampleresult.nanoThreadSleep=5000
2017-07-26 14:08:00,873 INFO o.a.j.r.Summariser: summary +     11 in 00:00:22 =    0.5/s Avg:  1959 Min:   648 Max:  4409 Err:     0 (0.00%) Active: 1 Started: 1 Finished: 0
2017-07-26 14:08:30,045 INFO o.a.j.r.Summariser: summary +     17 in 00:00:29 =    0.6/s Avg:  1715 Min:   702 Max:  3840 Err:     0 (0.00%) Active: 1 Started: 1 Finished: 0
2017-07-26 14:08:30,045 INFO o.a.j.r.Summariser: summary =     28 in 00:00:51 =    0.5/s Avg:  1811 Min:   648 Max:  4409 Err:     0 (0.00%)
2017-07-26 14:09:00,512 INFO o.a.j.r.Summariser: summary +     17 in 00:00:30 =    0.6/s Avg:  1791 Min:   655 Max:  3804 Err:     0 (0.00%) Active: 1 Started: 1 Finished: 0
2017-07-26 14:09:00,512 INFO o.a.j.r.Summariser: summary =     45 in 00:01:21 =    0.6/s Avg:  1804 Min:   648 Max:  4409 Err:     0 (0.00%)
2017-07-26 14:09:31,483 INFO o.a.j.r.Summariser: summary +     18 in 00:00:31 =    0.6/s Avg:  1720 Min:   731 Max:  3793 Err:     0 (0.00%) Active: 1 Started: 1 Finished: 0
2017-07-26 14:09:31,483 INFO o.a.j.r.Summariser: summary =     63 in 00:01:52 =    0.6/s Avg:  1780 Min:   648 Max:  4409 Err:     0 (0.00%)
2017-07-26 14:10:00,556 INFO o.a.j.r.Summariser: summary +     18 in 00:00:29 =    0.6/s Avg:  1614 Min:   732 Max:  3779 Err:     0 (0.00%) Active: 1 Started: 1 Finished: 0
2017-07-26 14:10:00,556 INFO o.a.j.r.Summariser: summary =     81 in 00:02:22 =    0.6/s Avg:  1743 Min:   648 Max:  4409 Err:     0 (0.00%)
2017-07-26 14:10:30,195 INFO o.a.j.r.Summariser: summary +     18 in 00:00:30 =    0.6/s Avg:  1646 Min:   740 Max:  3767 Err:     0 (0.00%) Active: 1 Started: 1 Finished: 0
2017-07-26 14:10:30,195 INFO o.a.j.r.Summariser: summary =     99 in 00:02:51 =    0.6/s Avg:  1725 Min:   648 Max:  4409 Err:     0 (0.00%)
2017-07-26 14:10:30,885 INFO o.a.j.t.JMeterThread: Thread is done: The thread Group 1-1
2017-07-26 14:10:30,885 INFO o.a.j.t.JMeterThread: Thread finished: The thread Group 1-1
2017-07-26 14:10:30,885 INFO o.a.j.e.StandardJMeterEngine: Notifying test listeners of end of test
2017-07-26 14:10:30,885 INFO o.a.j.s.FileServer: Close: /Users/jeb228/Development/DataDistributionAPI/testing/tests_and_results/DepartmentWordCloud/DepartmentUris.csv
2017-07-26 14:10:30,887 INFO o.a.j.r.Summariser: summary +      1 in 00:00:01 =    1.4/s Avg:   689 Min:   689 Max:   689 Err:     0 (0.00%) Active: 0 Started: 1 Finished: 1
2017-07-26 14:10:30,887 INFO o.a.j.r.Summariser: summary =    100 in 00:02:52 =    0.6/s Avg:  1715 Min:   648 Max:  4409 Err:     0 (0.00%)
