2017-07-24 20:36:37,028 INFO o.a.j.u.JMeterUtils: Setting Locale to en_US
2017-07-24 20:36:37,037 INFO o.a.j.JMeter: Loading user properties from: /Users/jeb228/Software/forMac/JMeter/apache-jmeter-3.2/bin/user.properties
2017-07-24 20:36:37,038 INFO o.a.j.JMeter: Loading system properties from: /Users/jeb228/Software/forMac/JMeter/apache-jmeter-3.2/bin/system.properties
2017-07-24 20:36:37,038 INFO o.a.j.JMeter: Setting JMeter property: dir.base=/Users/jeb228/Development/DataDistributionAPI/testing/tests_and_results/OrganizationResearchAreas/_results
2017-07-24 20:36:37,038 INFO o.a.j.JMeter: Setting JMeter property: dir.output=/Users/jeb228/Development/DataDistributionAPI/testing/tests_and_results/OrganizationResearchAreas/_results/vivo_ora_drill_L1_1
2017-07-24 20:36:37,038 INFO o.a.j.JMeter: Setting JMeter property: context.path=vivo
2017-07-24 20:36:37,038 INFO o.a.j.JMeter: Setting JMeter property: action.name=ora_drill_L1
2017-07-24 20:36:37,038 INFO o.a.j.JMeter: Setting JMeter property: file.uris=/Users/jeb228/Development/DataDistributionAPI/testing/tests_and_results/OrganizationResearchAreas/OrganizationUris.csv
2017-07-24 20:36:37,038 INFO o.a.j.JMeter: Setting JMeter property: sample_variables=LABEL
2017-07-24 20:36:37,041 INFO o.a.j.JMeter: Copyright (c) 1998-2017 The Apache Software Foundation
2017-07-24 20:36:37,041 INFO o.a.j.JMeter: Version 3.2 r1790748
2017-07-24 20:36:37,042 INFO o.a.j.JMeter: java.version=1.8.0_131
2017-07-24 20:36:37,042 INFO o.a.j.JMeter: java.vm.name=Java HotSpot(TM) 64-Bit Server VM
2017-07-24 20:36:37,042 INFO o.a.j.JMeter: os.name=Mac OS X
2017-07-24 20:36:37,042 INFO o.a.j.JMeter: os.arch=x86_64
2017-07-24 20:36:37,042 INFO o.a.j.JMeter: os.version=10.12.6
2017-07-24 20:36:37,042 INFO o.a.j.JMeter: file.encoding=UTF-8
2017-07-24 20:36:37,042 INFO o.a.j.JMeter: Max memory     =536870912
2017-07-24 20:36:37,042 INFO o.a.j.JMeter: Available Processors =4
2017-07-24 20:36:37,045 INFO o.a.j.JMeter: Default Locale=English (United States)
2017-07-24 20:36:37,045 INFO o.a.j.JMeter: JMeter  Locale=English (United States)
2017-07-24 20:36:37,045 INFO o.a.j.JMeter: JMeterHome=/Users/jeb228/Software/forMac/JMeter/apache-jmeter-3.2
2017-07-24 20:36:37,045 INFO o.a.j.JMeter: user.dir  =/Users/jeb228/Development/DataDistributionAPI/testing/tests_and_results/OrganizationResearchAreas/_results
2017-07-24 20:36:37,045 INFO o.a.j.JMeter: PWD       =/Users/jeb228/Development/DataDistributionAPI/testing/tests_and_results/OrganizationResearchAreas/_results
2017-07-24 20:36:37,051 INFO o.a.j.JMeter: IP: 10.0.1.36 Name: lib-jeb228-maclap.local FullName: 10.0.1.36
2017-07-24 20:36:37,054 INFO o.a.j.s.FileServer: Default base='/Users/jeb228/Development/DataDistributionAPI/testing/tests_and_results/OrganizationResearchAreas/_results'
2017-07-24 20:36:37,054 INFO o.a.j.s.FileServer: Set new base='/Users/jeb228/Development/DataDistributionAPI/testing/tests_and_results/OrganizationResearchAreas'
2017-07-24 20:36:37,132 INFO o.a.j.s.SaveService: Testplan (JMX) version: 2.2. Testlog (JTL) version: 2.2
2017-07-24 20:36:37,143 INFO o.a.j.s.SaveService: Using SaveService properties file encoding UTF-8
2017-07-24 20:36:37,155 INFO o.a.j.s.SaveService: Using SaveService properties version 3.2
2017-07-24 20:36:37,160 INFO o.a.j.s.SaveService: Loading file: /Users/jeb228/Development/DataDistributionAPI/testing/tests_and_results/OrganizationResearchAreas/OrganizationResearchAreas.jmx
2017-07-24 20:36:37,193 INFO o.a.j.p.h.s.HTTPSamplerBase: Parser for text/html is org.apache.jmeter.protocol.http.parser.LagartoBasedHtmlParser
2017-07-24 20:36:37,193 INFO o.a.j.p.h.s.HTTPSamplerBase: Parser for application/xhtml+xml is org.apache.jmeter.protocol.http.parser.LagartoBasedHtmlParser
2017-07-24 20:36:37,193 INFO o.a.j.p.h.s.HTTPSamplerBase: Parser for application/xml is org.apache.jmeter.protocol.http.parser.LagartoBasedHtmlParser
2017-07-24 20:36:37,193 INFO o.a.j.p.h.s.HTTPSamplerBase: Parser for text/xml is org.apache.jmeter.protocol.http.parser.LagartoBasedHtmlParser
2017-07-24 20:36:37,193 INFO o.a.j.p.h.s.HTTPSamplerBase: Parser for text/vnd.wap.wml is org.apache.jmeter.protocol.http.parser.RegexpHTMLParser
2017-07-24 20:36:37,193 INFO o.a.j.p.h.s.HTTPSamplerBase: Parser for text/css is org.apache.jmeter.protocol.http.parser.CssParser
2017-07-24 20:36:37,200 INFO o.a.j.JMeter: Creating summariser <summary>
2017-07-24 20:36:37,207 INFO o.a.j.e.StandardJMeterEngine: Running the test!
2017-07-24 20:36:37,208 INFO o.a.j.s.SampleEvent: List of sample_variables: [LABEL]
2017-07-24 20:36:37,208 INFO o.a.j.s.SampleEvent: List of sample_variables: [LABEL]
2017-07-24 20:36:37,210 INFO o.a.j.e.u.CompoundVariable: Note: Function class names must contain the string: '.functions.'
2017-07-24 20:36:37,210 INFO o.a.j.e.u.CompoundVariable: Note: Function class names must not contain the string: '.gui.'
2017-07-24 20:36:37,447 INFO o.a.j.JMeter: Running test (1500942997447)
2017-07-24 20:36:37,477 INFO o.a.j.e.StandardJMeterEngine: Starting ThreadGroup: 1 : The thread Group
2017-07-24 20:36:37,478 INFO o.a.j.e.StandardJMeterEngine: Starting 1 threads for group The thread Group.
2017-07-24 20:36:37,478 INFO o.a.j.e.StandardJMeterEngine: Thread will continue on error
2017-07-24 20:36:37,478 INFO o.a.j.t.ThreadGroup: Starting thread group... number=1 threads=1 ramp-up=1 perThread=1000.0 delayedStart=false
2017-07-24 20:36:37,481 INFO o.a.j.t.ThreadGroup: Started thread group number 1
2017-07-24 20:36:37,481 INFO o.a.j.e.StandardJMeterEngine: All thread groups have been started
2017-07-24 20:36:37,570 INFO o.a.j.t.JMeterThread: Thread started: The thread Group 1-1
2017-07-24 20:36:37,572 INFO o.a.j.s.FileServer: Stored: /Users/jeb228/Development/DataDistributionAPI/testing/tests_and_results/OrganizationResearchAreas/OrganizationUris.csv
2017-07-24 20:36:37,583 INFO o.a.j.p.h.s.HTTPHCAbstractImpl: Local host = lib-jeb228-maclap.local
2017-07-24 20:36:37,586 INFO o.a.j.p.h.s.HTTPHC4Impl: HTTP request retry count = 0
2017-07-24 20:36:37,591 INFO o.a.j.s.SampleResult: Note: Sample TimeStamps are START times
2017-07-24 20:36:37,591 INFO o.a.j.s.SampleResult: sampleresult.default.encoding is set to ISO-8859-1
2017-07-24 20:36:37,592 INFO o.a.j.s.SampleResult: sampleresult.useNanoTime=true
2017-07-24 20:36:37,592 INFO o.a.j.s.SampleResult: sampleresult.nanoThreadSleep=5000
2017-07-24 20:37:00,407 INFO o.a.j.r.Summariser: summary +     42 in 00:00:23 =    1.8/s Avg:   542 Min:   139 Max:  1247 Err:     0 (0.00%) Active: 1 Started: 1 Finished: 0
2017-07-24 20:37:30,261 INFO o.a.j.r.Summariser: summary +     56 in 00:00:30 =    1.9/s Avg:   532 Min:   137 Max:  1204 Err:     0 (0.00%) Active: 1 Started: 1 Finished: 0
2017-07-24 20:37:30,261 INFO o.a.j.r.Summariser: summary =     98 in 00:00:53 =    1.9/s Avg:   536 Min:   137 Max:  1247 Err:     0 (0.00%)
2017-07-24 20:37:31,202 INFO o.a.j.t.JMeterThread: Thread is done: The thread Group 1-1
2017-07-24 20:37:31,202 INFO o.a.j.t.JMeterThread: Thread finished: The thread Group 1-1
2017-07-24 20:37:31,203 INFO o.a.j.e.StandardJMeterEngine: Notifying test listeners of end of test
2017-07-24 20:37:31,203 INFO o.a.j.s.FileServer: Close: /Users/jeb228/Development/DataDistributionAPI/testing/tests_and_results/OrganizationResearchAreas/OrganizationUris.csv
2017-07-24 20:37:31,205 INFO o.a.j.r.Summariser: summary +      2 in 00:00:01 =    2.1/s Avg:   469 Min:   135 Max:   804 Err:     0 (0.00%) Active: 0 Started: 1 Finished: 1
2017-07-24 20:37:31,205 INFO o.a.j.r.Summariser: summary =    100 in 00:00:54 =    1.9/s Avg:   535 Min:   135 Max:  1247 Err:     0 (0.00%)
