2017-07-24 20:37:32,545 INFO o.a.j.u.JMeterUtils: Setting Locale to en_US
2017-07-24 20:37:32,556 INFO o.a.j.JMeter: Loading user properties from: /Users/jeb228/Software/forMac/JMeter/apache-jmeter-3.2/bin/user.properties
2017-07-24 20:37:32,557 INFO o.a.j.JMeter: Loading system properties from: /Users/jeb228/Software/forMac/JMeter/apache-jmeter-3.2/bin/system.properties
2017-07-24 20:37:32,557 INFO o.a.j.JMeter: Setting JMeter property: dir.base=/Users/jeb228/Development/DataDistributionAPI/testing/tests_and_results/OrganizationResearchAreas/_results
2017-07-24 20:37:32,557 INFO o.a.j.JMeter: Setting JMeter property: dir.output=/Users/jeb228/Development/DataDistributionAPI/testing/tests_and_results/OrganizationResearchAreas/_results/vivo_ora_drill_L2_1
2017-07-24 20:37:32,558 INFO o.a.j.JMeter: Setting JMeter property: context.path=vivo
2017-07-24 20:37:32,558 INFO o.a.j.JMeter: Setting JMeter property: action.name=ora_drill_L2
2017-07-24 20:37:32,558 INFO o.a.j.JMeter: Setting JMeter property: file.uris=/Users/jeb228/Development/DataDistributionAPI/testing/tests_and_results/OrganizationResearchAreas/OrganizationUris.csv
2017-07-24 20:37:32,558 INFO o.a.j.JMeter: Setting JMeter property: sample_variables=LABEL
2017-07-24 20:37:32,562 INFO o.a.j.JMeter: Copyright (c) 1998-2017 The Apache Software Foundation
2017-07-24 20:37:32,562 INFO o.a.j.JMeter: Version 3.2 r1790748
2017-07-24 20:37:32,562 INFO o.a.j.JMeter: java.version=1.8.0_131
2017-07-24 20:37:32,562 INFO o.a.j.JMeter: java.vm.name=Java HotSpot(TM) 64-Bit Server VM
2017-07-24 20:37:32,562 INFO o.a.j.JMeter: os.name=Mac OS X
2017-07-24 20:37:32,562 INFO o.a.j.JMeter: os.arch=x86_64
2017-07-24 20:37:32,562 INFO o.a.j.JMeter: os.version=10.12.6
2017-07-24 20:37:32,562 INFO o.a.j.JMeter: file.encoding=UTF-8
2017-07-24 20:37:32,562 INFO o.a.j.JMeter: Max memory     =536870912
2017-07-24 20:37:32,562 INFO o.a.j.JMeter: Available Processors =4
2017-07-24 20:37:32,565 INFO o.a.j.JMeter: Default Locale=English (United States)
2017-07-24 20:37:32,565 INFO o.a.j.JMeter: JMeter  Locale=English (United States)
2017-07-24 20:37:32,565 INFO o.a.j.JMeter: JMeterHome=/Users/jeb228/Software/forMac/JMeter/apache-jmeter-3.2
2017-07-24 20:37:32,565 INFO o.a.j.JMeter: user.dir  =/Users/jeb228/Development/DataDistributionAPI/testing/tests_and_results/OrganizationResearchAreas/_results
2017-07-24 20:37:32,565 INFO o.a.j.JMeter: PWD       =/Users/jeb228/Development/DataDistributionAPI/testing/tests_and_results/OrganizationResearchAreas/_results
2017-07-24 20:37:32,566 INFO o.a.j.JMeter: IP: 10.0.1.36 Name: lib-jeb228-maclap.local FullName: 10.0.1.36
2017-07-24 20:37:32,568 INFO o.a.j.s.FileServer: Default base='/Users/jeb228/Development/DataDistributionAPI/testing/tests_and_results/OrganizationResearchAreas/_results'
2017-07-24 20:37:32,569 INFO o.a.j.s.FileServer: Set new base='/Users/jeb228/Development/DataDistributionAPI/testing/tests_and_results/OrganizationResearchAreas'
2017-07-24 20:37:32,653 INFO o.a.j.s.SaveService: Testplan (JMX) version: 2.2. Testlog (JTL) version: 2.2
2017-07-24 20:37:32,663 INFO o.a.j.s.SaveService: Using SaveService properties file encoding UTF-8
2017-07-24 20:37:32,674 INFO o.a.j.s.SaveService: Using SaveService properties version 3.2
2017-07-24 20:37:32,679 INFO o.a.j.s.SaveService: Loading file: /Users/jeb228/Development/DataDistributionAPI/testing/tests_and_results/OrganizationResearchAreas/OrganizationResearchAreas.jmx
2017-07-24 20:37:32,712 INFO o.a.j.p.h.s.HTTPSamplerBase: Parser for text/html is org.apache.jmeter.protocol.http.parser.LagartoBasedHtmlParser
2017-07-24 20:37:32,712 INFO o.a.j.p.h.s.HTTPSamplerBase: Parser for application/xhtml+xml is org.apache.jmeter.protocol.http.parser.LagartoBasedHtmlParser
2017-07-24 20:37:32,712 INFO o.a.j.p.h.s.HTTPSamplerBase: Parser for application/xml is org.apache.jmeter.protocol.http.parser.LagartoBasedHtmlParser
2017-07-24 20:37:32,712 INFO o.a.j.p.h.s.HTTPSamplerBase: Parser for text/xml is org.apache.jmeter.protocol.http.parser.LagartoBasedHtmlParser
2017-07-24 20:37:32,712 INFO o.a.j.p.h.s.HTTPSamplerBase: Parser for text/vnd.wap.wml is org.apache.jmeter.protocol.http.parser.RegexpHTMLParser
2017-07-24 20:37:32,712 INFO o.a.j.p.h.s.HTTPSamplerBase: Parser for text/css is org.apache.jmeter.protocol.http.parser.CssParser
2017-07-24 20:37:32,719 INFO o.a.j.JMeter: Creating summariser <summary>
2017-07-24 20:37:32,726 INFO o.a.j.e.StandardJMeterEngine: Running the test!
2017-07-24 20:37:32,727 INFO o.a.j.s.SampleEvent: List of sample_variables: [LABEL]
2017-07-24 20:37:32,727 INFO o.a.j.s.SampleEvent: List of sample_variables: [LABEL]
2017-07-24 20:37:32,729 INFO o.a.j.e.u.CompoundVariable: Note: Function class names must contain the string: '.functions.'
2017-07-24 20:37:32,729 INFO o.a.j.e.u.CompoundVariable: Note: Function class names must not contain the string: '.gui.'
2017-07-24 20:37:32,966 INFO o.a.j.JMeter: Running test (1500943052966)
2017-07-24 20:37:33,005 INFO o.a.j.e.StandardJMeterEngine: Starting ThreadGroup: 1 : The thread Group
2017-07-24 20:37:33,005 INFO o.a.j.e.StandardJMeterEngine: Starting 1 threads for group The thread Group.
2017-07-24 20:37:33,005 INFO o.a.j.e.StandardJMeterEngine: Thread will continue on error
2017-07-24 20:37:33,005 INFO o.a.j.t.ThreadGroup: Starting thread group... number=1 threads=1 ramp-up=1 perThread=1000.0 delayedStart=false
2017-07-24 20:37:33,009 INFO o.a.j.t.ThreadGroup: Started thread group number 1
2017-07-24 20:37:33,009 INFO o.a.j.e.StandardJMeterEngine: All thread groups have been started
2017-07-24 20:37:33,100 INFO o.a.j.t.JMeterThread: Thread started: The thread Group 1-1
2017-07-24 20:37:33,102 INFO o.a.j.s.FileServer: Stored: /Users/jeb228/Development/DataDistributionAPI/testing/tests_and_results/OrganizationResearchAreas/OrganizationUris.csv
2017-07-24 20:37:33,113 INFO o.a.j.p.h.s.HTTPHCAbstractImpl: Local host = lib-jeb228-maclap.local
2017-07-24 20:37:33,117 INFO o.a.j.p.h.s.HTTPHC4Impl: HTTP request retry count = 0
2017-07-24 20:37:33,123 INFO o.a.j.s.SampleResult: Note: Sample TimeStamps are START times
2017-07-24 20:37:33,123 INFO o.a.j.s.SampleResult: sampleresult.default.encoding is set to ISO-8859-1
2017-07-24 20:37:33,123 INFO o.a.j.s.SampleResult: sampleresult.useNanoTime=true
2017-07-24 20:37:33,123 INFO o.a.j.s.SampleResult: sampleresult.nanoThreadSleep=5000
2017-07-24 20:38:01,907 INFO o.a.j.r.Summariser: summary +     15 in 00:00:29 =    0.5/s Avg:  1917 Min:   261 Max:  3379 Err:     0 (0.00%) Active: 1 Started: 1 Finished: 0
2017-07-24 20:38:30,653 INFO o.a.j.r.Summariser: summary +     18 in 00:00:29 =    0.6/s Avg:  1596 Min:   237 Max:  2667 Err:     0 (0.00%) Active: 1 Started: 1 Finished: 0
2017-07-24 20:38:30,654 INFO o.a.j.r.Summariser: summary =     33 in 00:00:58 =    0.6/s Avg:  1742 Min:   237 Max:  3379 Err:     0 (0.00%)
2017-07-24 20:39:00,954 INFO o.a.j.r.Summariser: summary +     19 in 00:00:30 =    0.6/s Avg:  1594 Min:   236 Max:  2664 Err:     0 (0.00%) Active: 1 Started: 1 Finished: 0
2017-07-24 20:39:00,954 INFO o.a.j.r.Summariser: summary =     52 in 00:01:28 =    0.6/s Avg:  1688 Min:   236 Max:  3379 Err:     0 (0.00%)
2017-07-24 20:39:30,286 INFO o.a.j.r.Summariser: summary +     19 in 00:00:29 =    0.6/s Avg:  1543 Min:   237 Max:  2671 Err:     0 (0.00%) Active: 1 Started: 1 Finished: 0
2017-07-24 20:39:30,286 INFO o.a.j.r.Summariser: summary =     71 in 00:01:57 =    0.6/s Avg:  1649 Min:   236 Max:  3379 Err:     0 (0.00%)
2017-07-24 20:40:00,171 INFO o.a.j.r.Summariser: summary +     19 in 00:00:30 =    0.6/s Avg:  1572 Min:   237 Max:  2993 Err:     0 (0.00%) Active: 1 Started: 1 Finished: 0
2017-07-24 20:40:00,171 INFO o.a.j.r.Summariser: summary =     90 in 00:02:27 =    0.6/s Avg:  1633 Min:   236 Max:  3379 Err:     0 (0.00%)
2017-07-24 20:40:16,184 INFO o.a.j.t.JMeterThread: Thread is done: The thread Group 1-1
2017-07-24 20:40:16,184 INFO o.a.j.t.JMeterThread: Thread finished: The thread Group 1-1
2017-07-24 20:40:16,184 INFO o.a.j.e.StandardJMeterEngine: Notifying test listeners of end of test
2017-07-24 20:40:16,185 INFO o.a.j.s.FileServer: Close: /Users/jeb228/Development/DataDistributionAPI/testing/tests_and_results/OrganizationResearchAreas/OrganizationUris.csv
2017-07-24 20:40:16,186 INFO o.a.j.r.Summariser: summary +     10 in 00:00:16 =    0.6/s Avg:  1600 Min:   237 Max:  3050 Err:     0 (0.00%) Active: 0 Started: 1 Finished: 1
2017-07-24 20:40:16,186 INFO o.a.j.r.Summariser: summary =    100 in 00:02:43 =    0.6/s Avg:  1630 Min:   236 Max:  3379 Err:     0 (0.00%)
