2017-07-26 00:05:53,956 INFO o.a.j.u.JMeterUtils: Setting Locale to en_US
2017-07-26 00:05:53,967 INFO o.a.j.JMeter: Loading user properties from: /Users/jeb228/Software/forMac/JMeter/apache-jmeter-3.2/bin/user.properties
2017-07-26 00:05:53,967 INFO o.a.j.JMeter: Loading system properties from: /Users/jeb228/Software/forMac/JMeter/apache-jmeter-3.2/bin/system.properties
2017-07-26 00:05:53,968 INFO o.a.j.JMeter: Setting JMeter property: dir.base=/Users/jeb228/Development/DataDistributionAPI/testing/tests_and_results/DepartmentWordCloud/_results
2017-07-26 00:05:53,968 INFO o.a.j.JMeter: Setting JMeter property: dir.output=/Users/jeb228/Development/DataDistributionAPI/testing/tests_and_results/DepartmentWordCloud/_results/scholars_dwc_drill_2
2017-07-26 00:05:53,968 INFO o.a.j.JMeter: Setting JMeter property: context.path=scholars
2017-07-26 00:05:53,968 INFO o.a.j.JMeter: Setting JMeter property: action.name=dwc_drill
2017-07-26 00:05:53,968 INFO o.a.j.JMeter: Setting JMeter property: file.uris=/Users/jeb228/Development/DataDistributionAPI/testing/tests_and_results/DepartmentWordCloud/DepartmentUris.csv
2017-07-26 00:05:53,968 INFO o.a.j.JMeter: Setting JMeter property: sample_variables=LABEL
2017-07-26 00:05:53,972 INFO o.a.j.JMeter: Copyright (c) 1998-2017 The Apache Software Foundation
2017-07-26 00:05:53,972 INFO o.a.j.JMeter: Version 3.2 r1790748
2017-07-26 00:05:53,972 INFO o.a.j.JMeter: java.version=1.8.0_131
2017-07-26 00:05:53,972 INFO o.a.j.JMeter: java.vm.name=Java HotSpot(TM) 64-Bit Server VM
2017-07-26 00:05:53,972 INFO o.a.j.JMeter: os.name=Mac OS X
2017-07-26 00:05:53,972 INFO o.a.j.JMeter: os.arch=x86_64
2017-07-26 00:05:53,972 INFO o.a.j.JMeter: os.version=10.12.6
2017-07-26 00:05:53,973 INFO o.a.j.JMeter: file.encoding=UTF-8
2017-07-26 00:05:53,973 INFO o.a.j.JMeter: Max memory     =536870912
2017-07-26 00:05:53,973 INFO o.a.j.JMeter: Available Processors =4
2017-07-26 00:05:53,975 INFO o.a.j.JMeter: Default Locale=English (United States)
2017-07-26 00:05:53,975 INFO o.a.j.JMeter: JMeter  Locale=English (United States)
2017-07-26 00:05:53,975 INFO o.a.j.JMeter: JMeterHome=/Users/jeb228/Software/forMac/JMeter/apache-jmeter-3.2
2017-07-26 00:05:53,975 INFO o.a.j.JMeter: user.dir  =/Users/jeb228/Development/DataDistributionAPI/testing/tests_and_results/DepartmentWordCloud/_results
2017-07-26 00:05:53,976 INFO o.a.j.JMeter: PWD       =/Users/jeb228/Development/DataDistributionAPI/testing/tests_and_results/DepartmentWordCloud/_results
2017-07-26 00:05:53,981 INFO o.a.j.JMeter: IP: 10.0.1.36 Name: lib-jeb228-maclap.local FullName: 10.0.1.36
2017-07-26 00:05:53,984 INFO o.a.j.s.FileServer: Default base='/Users/jeb228/Development/DataDistributionAPI/testing/tests_and_results/DepartmentWordCloud/_results'
2017-07-26 00:05:53,984 INFO o.a.j.s.FileServer: Set new base='/Users/jeb228/Development/DataDistributionAPI/testing/tests_and_results/DepartmentWordCloud'
2017-07-26 00:05:54,068 INFO o.a.j.s.SaveService: Testplan (JMX) version: 2.2. Testlog (JTL) version: 2.2
2017-07-26 00:05:54,078 INFO o.a.j.s.SaveService: Using SaveService properties file encoding UTF-8
2017-07-26 00:05:54,089 INFO o.a.j.s.SaveService: Using SaveService properties version 3.2
2017-07-26 00:05:54,093 INFO o.a.j.s.SaveService: Loading file: /Users/jeb228/Development/DataDistributionAPI/testing/tests_and_results/DepartmentWordCloud/DepartmentWordClouds.jmx
2017-07-26 00:05:54,127 INFO o.a.j.p.h.s.HTTPSamplerBase: Parser for text/html is org.apache.jmeter.protocol.http.parser.LagartoBasedHtmlParser
2017-07-26 00:05:54,127 INFO o.a.j.p.h.s.HTTPSamplerBase: Parser for application/xhtml+xml is org.apache.jmeter.protocol.http.parser.LagartoBasedHtmlParser
2017-07-26 00:05:54,127 INFO o.a.j.p.h.s.HTTPSamplerBase: Parser for application/xml is org.apache.jmeter.protocol.http.parser.LagartoBasedHtmlParser
2017-07-26 00:05:54,127 INFO o.a.j.p.h.s.HTTPSamplerBase: Parser for text/xml is org.apache.jmeter.protocol.http.parser.LagartoBasedHtmlParser
2017-07-26 00:05:54,127 INFO o.a.j.p.h.s.HTTPSamplerBase: Parser for text/vnd.wap.wml is org.apache.jmeter.protocol.http.parser.RegexpHTMLParser
2017-07-26 00:05:54,127 INFO o.a.j.p.h.s.HTTPSamplerBase: Parser for text/css is org.apache.jmeter.protocol.http.parser.CssParser
2017-07-26 00:05:54,134 INFO o.a.j.JMeter: Creating summariser <summary>
2017-07-26 00:05:54,141 INFO o.a.j.e.StandardJMeterEngine: Running the test!
2017-07-26 00:05:54,142 INFO o.a.j.s.SampleEvent: List of sample_variables: [LABEL]
2017-07-26 00:05:54,142 INFO o.a.j.s.SampleEvent: List of sample_variables: [LABEL]
2017-07-26 00:05:54,145 INFO o.a.j.e.u.CompoundVariable: Note: Function class names must contain the string: '.functions.'
2017-07-26 00:05:54,145 INFO o.a.j.e.u.CompoundVariable: Note: Function class names must not contain the string: '.gui.'
2017-07-26 00:05:54,378 INFO o.a.j.JMeter: Running test (1501041954378)
2017-07-26 00:05:54,418 INFO o.a.j.e.StandardJMeterEngine: Starting ThreadGroup: 1 : The thread Group
2017-07-26 00:05:54,418 INFO o.a.j.e.StandardJMeterEngine: Starting 1 threads for group The thread Group.
2017-07-26 00:05:54,418 INFO o.a.j.e.StandardJMeterEngine: Thread will continue on error
2017-07-26 00:05:54,418 INFO o.a.j.t.ThreadGroup: Starting thread group... number=1 threads=1 ramp-up=1 perThread=1000.0 delayedStart=false
2017-07-26 00:05:54,421 INFO o.a.j.t.ThreadGroup: Started thread group number 1
2017-07-26 00:05:54,421 INFO o.a.j.e.StandardJMeterEngine: All thread groups have been started
2017-07-26 00:05:54,580 INFO o.a.j.t.JMeterThread: Thread started: The thread Group 1-1
2017-07-26 00:05:54,583 INFO o.a.j.s.FileServer: Stored: /Users/jeb228/Development/DataDistributionAPI/testing/tests_and_results/DepartmentWordCloud/DepartmentUris.csv
2017-07-26 00:05:54,599 INFO o.a.j.p.h.s.HTTPHCAbstractImpl: Local host = lib-jeb228-maclap.local
2017-07-26 00:05:54,605 INFO o.a.j.p.h.s.HTTPHC4Impl: HTTP request retry count = 0
2017-07-26 00:05:54,611 INFO o.a.j.s.SampleResult: Note: Sample TimeStamps are START times
2017-07-26 00:05:54,611 INFO o.a.j.s.SampleResult: sampleresult.default.encoding is set to ISO-8859-1
2017-07-26 00:05:54,611 INFO o.a.j.s.SampleResult: sampleresult.useNanoTime=true
2017-07-26 00:05:54,611 INFO o.a.j.s.SampleResult: sampleresult.nanoThreadSleep=5000
2017-07-26 00:06:00,493 INFO o.a.j.r.Summariser: summary +      8 in 00:00:06 =    1.3/s Avg:   732 Min:   542 Max:  1227 Err:     0 (0.00%) Active: 1 Started: 1 Finished: 0
2017-07-26 00:06:30,215 INFO o.a.j.r.Summariser: summary +     49 in 00:00:30 =    1.6/s Avg:   606 Min:   134 Max:  1083 Err:     0 (0.00%) Active: 1 Started: 1 Finished: 0
2017-07-26 00:06:30,216 INFO o.a.j.r.Summariser: summary =     57 in 00:00:36 =    1.6/s Avg:   624 Min:   134 Max:  1227 Err:     0 (0.00%)
2017-07-26 00:06:55,370 INFO o.a.j.t.JMeterThread: Thread is done: The thread Group 1-1
2017-07-26 00:06:55,370 INFO o.a.j.t.JMeterThread: Thread finished: The thread Group 1-1
2017-07-26 00:06:55,370 INFO o.a.j.e.StandardJMeterEngine: Notifying test listeners of end of test
2017-07-26 00:06:55,370 INFO o.a.j.s.FileServer: Close: /Users/jeb228/Development/DataDistributionAPI/testing/tests_and_results/DepartmentWordCloud/DepartmentUris.csv
2017-07-26 00:06:55,371 INFO o.a.j.r.Summariser: summary +     43 in 00:00:25 =    1.7/s Avg:   584 Min:   133 Max:  1086 Err:     0 (0.00%) Active: 0 Started: 1 Finished: 1
2017-07-26 00:06:55,371 INFO o.a.j.r.Summariser: summary =    100 in 00:01:01 =    1.6/s Avg:   607 Min:   133 Max:  1227 Err:     0 (0.00%)
