2017-07-24 15:50:41,018 INFO o.a.j.u.JMeterUtils: Setting Locale to en_US
2017-07-24 15:50:41,029 INFO o.a.j.JMeter: Loading user properties from: /Users/jeb228/Software/forMac/JMeter/apache-jmeter-3.2/bin/user.properties
2017-07-24 15:50:41,030 INFO o.a.j.JMeter: Loading system properties from: /Users/jeb228/Software/forMac/JMeter/apache-jmeter-3.2/bin/system.properties
2017-07-24 15:50:41,030 INFO o.a.j.JMeter: Setting JMeter property: dir.base=/Users/jeb228/Development/DataDistributionAPI/testing/tests_and_results/DepartmentWordCloud/_results
2017-07-24 15:50:41,030 INFO o.a.j.JMeter: Setting JMeter property: dir.output=/Users/jeb228/Development/DataDistributionAPI/testing/tests_and_results/DepartmentWordCloud/_results/scholars_dwc_optionals_1
2017-07-24 15:50:41,030 INFO o.a.j.JMeter: Setting JMeter property: context.path=scholars
2017-07-24 15:50:41,030 INFO o.a.j.JMeter: Setting JMeter property: action.name=dwc_optionals
2017-07-24 15:50:41,030 INFO o.a.j.JMeter: Setting JMeter property: file.uris=/Users/jeb228/Development/DataDistributionAPI/testing/tests_and_results/DepartmentWordCloud/DepartmentUris.csv
2017-07-24 15:50:41,030 INFO o.a.j.JMeter: Setting JMeter property: sample_variables=LABEL
2017-07-24 15:50:41,034 INFO o.a.j.JMeter: Copyright (c) 1998-2017 The Apache Software Foundation
2017-07-24 15:50:41,034 INFO o.a.j.JMeter: Version 3.2 r1790748
2017-07-24 15:50:41,034 INFO o.a.j.JMeter: java.version=1.8.0_131
2017-07-24 15:50:41,034 INFO o.a.j.JMeter: java.vm.name=Java HotSpot(TM) 64-Bit Server VM
2017-07-24 15:50:41,034 INFO o.a.j.JMeter: os.name=Mac OS X
2017-07-24 15:50:41,034 INFO o.a.j.JMeter: os.arch=x86_64
2017-07-24 15:50:41,034 INFO o.a.j.JMeter: os.version=10.12.6
2017-07-24 15:50:41,034 INFO o.a.j.JMeter: file.encoding=UTF-8
2017-07-24 15:50:41,034 INFO o.a.j.JMeter: Max memory     =536870912
2017-07-24 15:50:41,034 INFO o.a.j.JMeter: Available Processors =4
2017-07-24 15:50:41,037 INFO o.a.j.JMeter: Default Locale=English (United States)
2017-07-24 15:50:41,037 INFO o.a.j.JMeter: JMeter  Locale=English (United States)
2017-07-24 15:50:41,037 INFO o.a.j.JMeter: JMeterHome=/Users/jeb228/Software/forMac/JMeter/apache-jmeter-3.2
2017-07-24 15:50:41,037 INFO o.a.j.JMeter: user.dir  =/Users/jeb228/Development/DataDistributionAPI/testing/tests_and_results/DepartmentWordCloud/_results
2017-07-24 15:50:41,037 INFO o.a.j.JMeter: PWD       =/Users/jeb228/Development/DataDistributionAPI/testing/tests_and_results/DepartmentWordCloud/_results
2017-07-24 15:50:41,044 INFO o.a.j.JMeter: IP: 10.0.1.36 Name: lib-jeb228-maclap.local FullName: 10.0.1.36
2017-07-24 15:50:41,046 INFO o.a.j.s.FileServer: Default base='/Users/jeb228/Development/DataDistributionAPI/testing/tests_and_results/DepartmentWordCloud/_results'
2017-07-24 15:50:41,046 INFO o.a.j.s.FileServer: Set new base='/Users/jeb228/Development/DataDistributionAPI/testing/tests_and_results/DepartmentWordCloud'
2017-07-24 15:50:41,129 INFO o.a.j.s.SaveService: Testplan (JMX) version: 2.2. Testlog (JTL) version: 2.2
2017-07-24 15:50:41,140 INFO o.a.j.s.SaveService: Using SaveService properties file encoding UTF-8
2017-07-24 15:50:41,151 INFO o.a.j.s.SaveService: Using SaveService properties version 3.2
2017-07-24 15:50:41,156 INFO o.a.j.s.SaveService: Loading file: /Users/jeb228/Development/DataDistributionAPI/testing/tests_and_results/DepartmentWordCloud/DepartmentWordClouds.jmx
2017-07-24 15:50:41,190 INFO o.a.j.p.h.s.HTTPSamplerBase: Parser for text/html is org.apache.jmeter.protocol.http.parser.LagartoBasedHtmlParser
2017-07-24 15:50:41,190 INFO o.a.j.p.h.s.HTTPSamplerBase: Parser for application/xhtml+xml is org.apache.jmeter.protocol.http.parser.LagartoBasedHtmlParser
2017-07-24 15:50:41,190 INFO o.a.j.p.h.s.HTTPSamplerBase: Parser for application/xml is org.apache.jmeter.protocol.http.parser.LagartoBasedHtmlParser
2017-07-24 15:50:41,190 INFO o.a.j.p.h.s.HTTPSamplerBase: Parser for text/xml is org.apache.jmeter.protocol.http.parser.LagartoBasedHtmlParser
2017-07-24 15:50:41,190 INFO o.a.j.p.h.s.HTTPSamplerBase: Parser for text/vnd.wap.wml is org.apache.jmeter.protocol.http.parser.RegexpHTMLParser
2017-07-24 15:50:41,190 INFO o.a.j.p.h.s.HTTPSamplerBase: Parser for text/css is org.apache.jmeter.protocol.http.parser.CssParser
2017-07-24 15:50:41,199 INFO o.a.j.JMeter: Creating summariser <summary>
2017-07-24 15:50:41,207 INFO o.a.j.e.StandardJMeterEngine: Running the test!
2017-07-24 15:50:41,207 INFO o.a.j.s.SampleEvent: List of sample_variables: [LABEL]
2017-07-24 15:50:41,207 INFO o.a.j.s.SampleEvent: List of sample_variables: [LABEL]
2017-07-24 15:50:41,210 INFO o.a.j.e.u.CompoundVariable: Note: Function class names must contain the string: '.functions.'
2017-07-24 15:50:41,210 INFO o.a.j.e.u.CompoundVariable: Note: Function class names must not contain the string: '.gui.'
2017-07-24 15:50:41,459 INFO o.a.j.JMeter: Running test (1500925841459)
2017-07-24 15:50:41,491 INFO o.a.j.e.StandardJMeterEngine: Starting ThreadGroup: 1 : The thread Group
2017-07-24 15:50:41,491 INFO o.a.j.e.StandardJMeterEngine: Starting 1 threads for group The thread Group.
2017-07-24 15:50:41,491 INFO o.a.j.e.StandardJMeterEngine: Thread will continue on error
2017-07-24 15:50:41,491 INFO o.a.j.t.ThreadGroup: Starting thread group... number=1 threads=1 ramp-up=1 perThread=1000.0 delayedStart=false
2017-07-24 15:50:41,494 INFO o.a.j.t.ThreadGroup: Started thread group number 1
2017-07-24 15:50:41,494 INFO o.a.j.e.StandardJMeterEngine: All thread groups have been started
2017-07-24 15:50:41,769 INFO o.a.j.t.JMeterThread: Thread started: The thread Group 1-1
2017-07-24 15:50:41,773 INFO o.a.j.s.FileServer: Stored: /Users/jeb228/Development/DataDistributionAPI/testing/tests_and_results/DepartmentWordCloud/DepartmentUris.csv
2017-07-24 15:50:41,795 INFO o.a.j.p.h.s.HTTPHCAbstractImpl: Local host = lib-jeb228-maclap.local
2017-07-24 15:50:41,799 INFO o.a.j.p.h.s.HTTPHC4Impl: HTTP request retry count = 0
2017-07-24 15:50:41,806 INFO o.a.j.s.SampleResult: Note: Sample TimeStamps are START times
2017-07-24 15:50:41,806 INFO o.a.j.s.SampleResult: sampleresult.default.encoding is set to ISO-8859-1
2017-07-24 15:50:41,806 INFO o.a.j.s.SampleResult: sampleresult.useNanoTime=true
2017-07-24 15:50:41,807 INFO o.a.j.s.SampleResult: sampleresult.nanoThreadSleep=5000
2017-07-24 15:52:02,509 INFO o.a.j.r.Summariser: summary +     16 in 00:01:21 =    0.2/s Avg:  5041 Min:  1379 Max: 14946 Err:     0 (0.00%) Active: 1 Started: 1 Finished: 0
2017-07-24 15:52:33,290 INFO o.a.j.r.Summariser: summary +      7 in 00:00:31 =    0.2/s Avg:  4396 Min:  1364 Max: 13911 Err:     0 (0.00%) Active: 1 Started: 1 Finished: 0
2017-07-24 15:52:33,290 INFO o.a.j.r.Summariser: summary =     23 in 00:01:52 =    0.2/s Avg:  4845 Min:  1364 Max: 14946 Err:     0 (0.00%)
2017-07-24 15:53:31,729 INFO o.a.j.r.Summariser: summary +     14 in 00:00:58 =    0.2/s Avg:  4173 Min:  1422 Max: 13844 Err:     0 (0.00%) Active: 1 Started: 1 Finished: 0
2017-07-24 15:53:31,729 INFO o.a.j.r.Summariser: summary =     37 in 00:02:50 =    0.2/s Avg:  4591 Min:  1364 Max: 14946 Err:     0 (0.00%)
2017-07-24 15:54:00,223 INFO o.a.j.r.Summariser: summary +      6 in 00:00:28 =    0.2/s Avg:  4748 Min:  1369 Max: 13943 Err:     0 (0.00%) Active: 1 Started: 1 Finished: 0
2017-07-24 15:54:00,224 INFO o.a.j.r.Summariser: summary =     43 in 00:03:19 =    0.2/s Avg:  4613 Min:  1364 Max: 14946 Err:     0 (0.00%)
2017-07-24 15:54:33,950 INFO o.a.j.r.Summariser: summary +      8 in 00:00:34 =    0.2/s Avg:  4215 Min:  1425 Max: 13885 Err:     0 (0.00%) Active: 1 Started: 1 Finished: 0
2017-07-24 15:54:33,951 INFO o.a.j.r.Summariser: summary =     51 in 00:03:52 =    0.2/s Avg:  4550 Min:  1364 Max: 14946 Err:     0 (0.00%)
2017-07-24 15:55:00,707 INFO o.a.j.r.Summariser: summary +      7 in 00:00:27 =    0.3/s Avg:  3821 Min:  1847 Max:  6476 Err:     0 (0.00%) Active: 1 Started: 1 Finished: 0
2017-07-24 15:55:00,708 INFO o.a.j.r.Summariser: summary =     58 in 00:04:19 =    0.2/s Avg:  4462 Min:  1364 Max: 14946 Err:     0 (0.00%)
2017-07-24 15:55:31,917 INFO o.a.j.r.Summariser: summary +      6 in 00:00:31 =    0.2/s Avg:  5201 Min:  1357 Max: 14116 Err:     0 (0.00%) Active: 1 Started: 1 Finished: 0
2017-07-24 15:55:31,918 INFO o.a.j.r.Summariser: summary =     64 in 00:04:50 =    0.2/s Avg:  4532 Min:  1357 Max: 14946 Err:     0 (0.00%)
2017-07-24 15:56:01,332 INFO o.a.j.r.Summariser: summary +      7 in 00:00:29 =    0.2/s Avg:  4201 Min:  1426 Max: 13834 Err:     0 (0.00%) Active: 1 Started: 1 Finished: 0
2017-07-24 15:56:01,333 INFO o.a.j.r.Summariser: summary =     71 in 00:05:20 =    0.2/s Avg:  4499 Min:  1357 Max: 14946 Err:     0 (0.00%)
2017-07-24 15:56:31,018 INFO o.a.j.r.Summariser: summary +      9 in 00:00:30 =    0.3/s Avg:  3297 Min:  1403 Max:  6474 Err:     0 (0.00%) Active: 1 Started: 1 Finished: 0
2017-07-24 15:56:31,019 INFO o.a.j.r.Summariser: summary =     80 in 00:05:50 =    0.2/s Avg:  4364 Min:  1357 Max: 14946 Err:     0 (0.00%)
2017-07-24 15:57:04,512 INFO o.a.j.r.Summariser: summary +      5 in 00:00:33 =    0.1/s Avg:  6698 Min:  3463 Max: 13846 Err:     0 (0.00%) Active: 1 Started: 1 Finished: 0
2017-07-24 15:57:04,512 INFO o.a.j.r.Summariser: summary =     85 in 00:06:23 =    0.2/s Avg:  4501 Min:  1357 Max: 14946 Err:     0 (0.00%)
2017-07-24 15:57:32,044 INFO o.a.j.r.Summariser: summary +      7 in 00:00:28 =    0.3/s Avg:  3932 Min:  1445 Max: 13884 Err:     0 (0.00%) Active: 1 Started: 1 Finished: 0
2017-07-24 15:57:32,044 INFO o.a.j.r.Summariser: summary =     92 in 00:06:51 =    0.2/s Avg:  4458 Min:  1357 Max: 14946 Err:     0 (0.00%)
2017-07-24 15:57:58,206 INFO o.a.j.t.JMeterThread: Thread is done: The thread Group 1-1
2017-07-24 15:57:58,206 INFO o.a.j.t.JMeterThread: Thread finished: The thread Group 1-1
2017-07-24 15:57:58,206 INFO o.a.j.e.StandardJMeterEngine: Notifying test listeners of end of test
2017-07-24 15:57:58,206 INFO o.a.j.s.FileServer: Close: /Users/jeb228/Development/DataDistributionAPI/testing/tests_and_results/DepartmentWordCloud/DepartmentUris.csv
2017-07-24 15:57:58,207 INFO o.a.j.r.Summariser: summary +      8 in 00:00:26 =    0.3/s Avg:  3269 Min:  1388 Max:  6460 Err:     0 (0.00%) Active: 0 Started: 1 Finished: 1
2017-07-24 15:57:58,207 INFO o.a.j.r.Summariser: summary =    100 in 00:07:17 =    0.2/s Avg:  4363 Min:  1357 Max: 14946 Err:     0 (0.00%)
