2017-07-24 16:14:14,983 INFO o.a.j.u.JMeterUtils: Setting Locale to en_US
2017-07-24 16:14:14,992 INFO o.a.j.JMeter: Loading user properties from: /Users/jeb228/Software/forMac/JMeter/apache-jmeter-3.2/bin/user.properties
2017-07-24 16:14:14,992 INFO o.a.j.JMeter: Loading system properties from: /Users/jeb228/Software/forMac/JMeter/apache-jmeter-3.2/bin/system.properties
2017-07-24 16:14:14,993 INFO o.a.j.JMeter: Setting JMeter property: dir.base=/Users/jeb228/Development/DataDistributionAPI/testing/tests_and_results/DepartmentWordCloud/_results
2017-07-24 16:14:14,993 INFO o.a.j.JMeter: Setting JMeter property: dir.output=/Users/jeb228/Development/DataDistributionAPI/testing/tests_and_results/DepartmentWordCloud/_results/vivo_dwc_unions_1
2017-07-24 16:14:14,993 INFO o.a.j.JMeter: Setting JMeter property: context.path=vivo
2017-07-24 16:14:14,993 INFO o.a.j.JMeter: Setting JMeter property: action.name=dwc_unions
2017-07-24 16:14:14,993 INFO o.a.j.JMeter: Setting JMeter property: file.uris=/Users/jeb228/Development/DataDistributionAPI/testing/tests_and_results/DepartmentWordCloud/DepartmentUris.csv
2017-07-24 16:14:14,993 INFO o.a.j.JMeter: Setting JMeter property: sample_variables=LABEL
2017-07-24 16:14:14,997 INFO o.a.j.JMeter: Copyright (c) 1998-2017 The Apache Software Foundation
2017-07-24 16:14:14,997 INFO o.a.j.JMeter: Version 3.2 r1790748
2017-07-24 16:14:14,997 INFO o.a.j.JMeter: java.version=1.8.0_131
2017-07-24 16:14:14,997 INFO o.a.j.JMeter: java.vm.name=Java HotSpot(TM) 64-Bit Server VM
2017-07-24 16:14:14,998 INFO o.a.j.JMeter: os.name=Mac OS X
2017-07-24 16:14:14,998 INFO o.a.j.JMeter: os.arch=x86_64
2017-07-24 16:14:14,998 INFO o.a.j.JMeter: os.version=10.12.6
2017-07-24 16:14:14,998 INFO o.a.j.JMeter: file.encoding=UTF-8
2017-07-24 16:14:14,998 INFO o.a.j.JMeter: Max memory     =536870912
2017-07-24 16:14:14,998 INFO o.a.j.JMeter: Available Processors =4
2017-07-24 16:14:15,000 INFO o.a.j.JMeter: Default Locale=English (United States)
2017-07-24 16:14:15,000 INFO o.a.j.JMeter: JMeter  Locale=English (United States)
2017-07-24 16:14:15,000 INFO o.a.j.JMeter: JMeterHome=/Users/jeb228/Software/forMac/JMeter/apache-jmeter-3.2
2017-07-24 16:14:15,001 INFO o.a.j.JMeter: user.dir  =/Users/jeb228/Development/DataDistributionAPI/testing/tests_and_results/DepartmentWordCloud/_results
2017-07-24 16:14:15,001 INFO o.a.j.JMeter: PWD       =/Users/jeb228/Development/DataDistributionAPI/testing/tests_and_results/DepartmentWordCloud/_results
2017-07-24 16:14:15,007 INFO o.a.j.JMeter: IP: 10.0.1.36 Name: lib-jeb228-maclap.local FullName: 10.0.1.36
2017-07-24 16:14:15,009 INFO o.a.j.s.FileServer: Default base='/Users/jeb228/Development/DataDistributionAPI/testing/tests_and_results/DepartmentWordCloud/_results'
2017-07-24 16:14:15,010 INFO o.a.j.s.FileServer: Set new base='/Users/jeb228/Development/DataDistributionAPI/testing/tests_and_results/DepartmentWordCloud'
2017-07-24 16:14:15,090 INFO o.a.j.s.SaveService: Testplan (JMX) version: 2.2. Testlog (JTL) version: 2.2
2017-07-24 16:14:15,099 INFO o.a.j.s.SaveService: Using SaveService properties file encoding UTF-8
2017-07-24 16:14:15,110 INFO o.a.j.s.SaveService: Using SaveService properties version 3.2
2017-07-24 16:14:15,115 INFO o.a.j.s.SaveService: Loading file: /Users/jeb228/Development/DataDistributionAPI/testing/tests_and_results/DepartmentWordCloud/DepartmentWordClouds.jmx
2017-07-24 16:14:15,154 INFO o.a.j.p.h.s.HTTPSamplerBase: Parser for text/html is org.apache.jmeter.protocol.http.parser.LagartoBasedHtmlParser
2017-07-24 16:14:15,154 INFO o.a.j.p.h.s.HTTPSamplerBase: Parser for application/xhtml+xml is org.apache.jmeter.protocol.http.parser.LagartoBasedHtmlParser
2017-07-24 16:14:15,154 INFO o.a.j.p.h.s.HTTPSamplerBase: Parser for application/xml is org.apache.jmeter.protocol.http.parser.LagartoBasedHtmlParser
2017-07-24 16:14:15,154 INFO o.a.j.p.h.s.HTTPSamplerBase: Parser for text/xml is org.apache.jmeter.protocol.http.parser.LagartoBasedHtmlParser
2017-07-24 16:14:15,154 INFO o.a.j.p.h.s.HTTPSamplerBase: Parser for text/vnd.wap.wml is org.apache.jmeter.protocol.http.parser.RegexpHTMLParser
2017-07-24 16:14:15,155 INFO o.a.j.p.h.s.HTTPSamplerBase: Parser for text/css is org.apache.jmeter.protocol.http.parser.CssParser
2017-07-24 16:14:15,162 INFO o.a.j.JMeter: Creating summariser <summary>
2017-07-24 16:14:15,169 INFO o.a.j.e.StandardJMeterEngine: Running the test!
2017-07-24 16:14:15,169 INFO o.a.j.s.SampleEvent: List of sample_variables: [LABEL]
2017-07-24 16:14:15,169 INFO o.a.j.s.SampleEvent: List of sample_variables: [LABEL]
2017-07-24 16:14:15,172 INFO o.a.j.e.u.CompoundVariable: Note: Function class names must contain the string: '.functions.'
2017-07-24 16:14:15,172 INFO o.a.j.e.u.CompoundVariable: Note: Function class names must not contain the string: '.gui.'
2017-07-24 16:14:15,419 INFO o.a.j.JMeter: Running test (1500927255419)
2017-07-24 16:14:15,448 INFO o.a.j.e.StandardJMeterEngine: Starting ThreadGroup: 1 : The thread Group
2017-07-24 16:14:15,448 INFO o.a.j.e.StandardJMeterEngine: Starting 1 threads for group The thread Group.
2017-07-24 16:14:15,448 INFO o.a.j.e.StandardJMeterEngine: Thread will continue on error
2017-07-24 16:14:15,449 INFO o.a.j.t.ThreadGroup: Starting thread group... number=1 threads=1 ramp-up=1 perThread=1000.0 delayedStart=false
2017-07-24 16:14:15,452 INFO o.a.j.t.ThreadGroup: Started thread group number 1
2017-07-24 16:14:15,452 INFO o.a.j.e.StandardJMeterEngine: All thread groups have been started
2017-07-24 16:14:15,610 INFO o.a.j.t.JMeterThread: Thread started: The thread Group 1-1
2017-07-24 16:14:15,613 INFO o.a.j.s.FileServer: Stored: /Users/jeb228/Development/DataDistributionAPI/testing/tests_and_results/DepartmentWordCloud/DepartmentUris.csv
2017-07-24 16:14:15,629 INFO o.a.j.p.h.s.HTTPHCAbstractImpl: Local host = lib-jeb228-maclap.local
2017-07-24 16:14:15,635 INFO o.a.j.p.h.s.HTTPHC4Impl: HTTP request retry count = 0
2017-07-24 16:14:15,641 INFO o.a.j.s.SampleResult: Note: Sample TimeStamps are START times
2017-07-24 16:14:15,641 INFO o.a.j.s.SampleResult: sampleresult.default.encoding is set to ISO-8859-1
2017-07-24 16:14:15,641 INFO o.a.j.s.SampleResult: sampleresult.useNanoTime=true
2017-07-24 16:14:15,641 INFO o.a.j.s.SampleResult: sampleresult.nanoThreadSleep=5000
2017-07-24 16:18:30,217 INFO o.a.j.r.Summariser: summary +      5 in 00:04:15 =    0.0/s Avg: 50908 Min: 50046 Max: 53468 Err:     0 (0.00%) Active: 1 Started: 1 Finished: 0
2017-07-24 16:21:00,013 INFO o.a.j.r.Summariser: summary +      3 in 00:02:30 =    0.0/s Avg: 49930 Min: 49819 Max: 50064 Err:     0 (0.00%) Active: 1 Started: 1 Finished: 0
2017-07-24 16:21:00,014 INFO o.a.j.r.Summariser: summary =      8 in 00:06:45 =    0.0/s Avg: 50541 Min: 49819 Max: 53468 Err:     0 (0.00%)
2017-07-24 16:26:01,893 INFO o.a.j.r.Summariser: summary +      6 in 00:05:02 =    0.0/s Avg: 50311 Min: 49122 Max: 52964 Err:     0 (0.00%) Active: 1 Started: 1 Finished: 0
2017-07-24 16:26:01,893 INFO o.a.j.r.Summariser: summary =     14 in 00:11:46 =    0.0/s Avg: 50442 Min: 49122 Max: 53468 Err:     0 (0.00%)
2017-07-24 16:28:31,303 INFO o.a.j.r.Summariser: summary +      3 in 00:02:29 =    0.0/s Avg: 49801 Min: 49332 Max: 50414 Err:     0 (0.00%) Active: 1 Started: 1 Finished: 0
2017-07-24 16:28:31,304 INFO o.a.j.r.Summariser: summary =     17 in 00:14:16 =    0.0/s Avg: 50329 Min: 49122 Max: 53468 Err:     0 (0.00%)
2017-07-24 16:36:03,103 INFO o.a.j.r.Summariser: summary +      9 in 00:07:32 =    0.0/s Avg: 50198 Min: 49016 Max: 53584 Err:     0 (0.00%) Active: 1 Started: 1 Finished: 0
2017-07-24 16:36:03,103 INFO o.a.j.r.Summariser: summary =     26 in 00:21:48 =    0.0/s Avg: 50284 Min: 49016 Max: 53584 Err:     0 (0.00%)
2017-07-24 16:43:35,688 INFO o.a.j.r.Summariser: summary +      8 in 00:07:33 =    0.0/s Avg: 56571 Min: 54797 Max: 57752 Err:     0 (0.00%) Active: 1 Started: 1 Finished: 0
2017-07-24 16:43:35,688 INFO o.a.j.r.Summariser: summary =     34 in 00:29:20 =    0.0/s Avg: 51763 Min: 49016 Max: 57752 Err:     0 (0.00%)
2017-07-24 16:44:33,219 INFO o.a.j.r.Summariser: summary +      1 in 00:00:58 =    0.0/s Avg: 57529 Min: 57529 Max: 57529 Err:     0 (0.00%) Active: 1 Started: 1 Finished: 0
2017-07-24 16:44:33,220 INFO o.a.j.r.Summariser: summary =     35 in 00:30:18 =    0.0/s Avg: 51928 Min: 49016 Max: 57752 Err:     0 (0.00%)
2017-07-24 16:45:30,313 INFO o.a.j.r.Summariser: summary +      1 in 00:00:57 =    0.0/s Avg: 57092 Min: 57092 Max: 57092 Err:     0 (0.00%) Active: 1 Started: 1 Finished: 0
2017-07-24 16:45:30,313 INFO o.a.j.r.Summariser: summary =     36 in 00:31:15 =    0.0/s Avg: 52071 Min: 49016 Max: 57752 Err:     0 (0.00%)
2017-07-24 16:53:03,904 INFO o.a.j.r.Summariser: summary +      8 in 00:07:34 =    0.0/s Avg: 56697 Min: 55039 Max: 57880 Err:     0 (0.00%) Active: 1 Started: 1 Finished: 0
2017-07-24 16:53:03,904 INFO o.a.j.r.Summariser: summary =     44 in 00:38:48 =    0.0/s Avg: 52912 Min: 49016 Max: 57880 Err:     0 (0.00%)
2017-07-24 16:57:33,085 INFO o.a.j.r.Summariser: summary +      5 in 00:04:29 =    0.0/s Avg: 53834 Min: 52788 Max: 55438 Err:     0 (0.00%) Active: 1 Started: 1 Finished: 0
2017-07-24 16:57:33,086 INFO o.a.j.r.Summariser: summary =     49 in 00:43:18 =    0.0/s Avg: 53006 Min: 49016 Max: 57880 Err:     0 (0.00%)
2017-07-24 17:04:35,606 INFO o.a.j.r.Summariser: summary +      8 in 00:07:03 =    0.0/s Avg: 52813 Min: 51903 Max: 54352 Err:     0 (0.00%) Active: 1 Started: 1 Finished: 0
2017-07-24 17:04:35,607 INFO o.a.j.r.Summariser: summary =     57 in 00:50:20 =    0.0/s Avg: 52979 Min: 49016 Max: 57880 Err:     0 (0.00%)
2017-07-24 17:08:01,511 INFO o.a.j.r.Summariser: summary +      4 in 00:03:26 =    0.0/s Avg: 51474 Min: 50869 Max: 52566 Err:     0 (0.00%) Active: 1 Started: 1 Finished: 0
2017-07-24 17:08:01,511 INFO o.a.j.r.Summariser: summary =     61 in 00:53:46 =    0.0/s Avg: 52880 Min: 49016 Max: 57880 Err:     0 (0.00%)
2017-07-24 17:14:01,066 INFO o.a.j.r.Summariser: summary +      7 in 00:06:00 =    0.0/s Avg: 51363 Min: 50502 Max: 51978 Err:     0 (0.00%) Active: 1 Started: 1 Finished: 0
2017-07-24 17:14:01,066 INFO o.a.j.r.Summariser: summary =     68 in 00:59:46 =    0.0/s Avg: 52724 Min: 49016 Max: 57880 Err:     0 (0.00%)
2017-07-24 17:16:33,189 INFO o.a.j.r.Summariser: summary +      3 in 00:02:32 =    0.0/s Avg: 50706 Min: 49803 Max: 52028 Err:     0 (0.00%) Active: 1 Started: 1 Finished: 0
2017-07-24 17:16:33,190 INFO o.a.j.r.Summariser: summary =     71 in 01:02:18 =    0.0/s Avg: 52639 Min: 49016 Max: 57880 Err:     0 (0.00%)
2017-07-24 17:21:35,563 INFO o.a.j.r.Summariser: summary +      6 in 00:05:02 =    0.0/s Avg: 50394 Min: 49302 Max: 52648 Err:     0 (0.00%) Active: 1 Started: 1 Finished: 0
2017-07-24 17:21:35,563 INFO o.a.j.r.Summariser: summary =     77 in 01:07:20 =    0.0/s Avg: 52464 Min: 49016 Max: 57880 Err:     0 (0.00%)
2017-07-24 17:24:04,613 INFO o.a.j.r.Summariser: summary +      3 in 00:02:29 =    0.0/s Avg: 49681 Min: 49049 Max: 50482 Err:     0 (0.00%) Active: 1 Started: 1 Finished: 0
2017-07-24 17:24:04,613 INFO o.a.j.r.Summariser: summary =     80 in 01:09:49 =    0.0/s Avg: 52360 Min: 49016 Max: 57880 Err:     0 (0.00%)
2017-07-24 17:31:34,071 INFO o.a.j.r.Summariser: summary +      9 in 00:07:29 =    0.0/s Avg: 49938 Min: 49161 Max: 52577 Err:     0 (0.00%) Active: 1 Started: 1 Finished: 0
2017-07-24 17:31:34,072 INFO o.a.j.r.Summariser: summary =     89 in 01:17:19 =    0.0/s Avg: 52115 Min: 49016 Max: 57880 Err:     0 (0.00%)
2017-07-24 17:34:03,366 INFO o.a.j.r.Summariser: summary +      3 in 00:02:29 =    0.0/s Avg: 49763 Min: 49013 Max: 50674 Err:     0 (0.00%) Active: 1 Started: 1 Finished: 0
2017-07-24 17:34:03,367 INFO o.a.j.r.Summariser: summary =     92 in 01:19:48 =    0.0/s Avg: 52038 Min: 49013 Max: 57880 Err:     0 (0.00%)
2017-07-24 17:36:32,803 INFO o.a.j.r.Summariser: summary +      3 in 00:02:29 =    0.0/s Avg: 49811 Min: 49731 Max: 49867 Err:     0 (0.00%) Active: 1 Started: 1 Finished: 0
2017-07-24 17:36:32,803 INFO o.a.j.r.Summariser: summary =     95 in 01:22:17 =    0.0/s Avg: 51968 Min: 49013 Max: 57880 Err:     0 (0.00%)
2017-07-24 17:39:01,203 INFO o.a.j.r.Summariser: summary +      3 in 00:02:28 =    0.0/s Avg: 49465 Min: 49394 Max: 49564 Err:     0 (0.00%) Active: 1 Started: 1 Finished: 0
2017-07-24 17:39:01,203 INFO o.a.j.r.Summariser: summary =     98 in 01:24:46 =    0.0/s Avg: 51891 Min: 49013 Max: 57880 Err:     0 (0.00%)
2017-07-24 17:40:39,300 INFO o.a.j.t.JMeterThread: Thread is done: The thread Group 1-1
2017-07-24 17:40:39,300 INFO o.a.j.t.JMeterThread: Thread finished: The thread Group 1-1
2017-07-24 17:40:39,300 INFO o.a.j.e.StandardJMeterEngine: Notifying test listeners of end of test
2017-07-24 17:40:39,301 INFO o.a.j.s.FileServer: Close: /Users/jeb228/Development/DataDistributionAPI/testing/tests_and_results/DepartmentWordCloud/DepartmentUris.csv
2017-07-24 17:40:39,301 INFO o.a.j.r.Summariser: summary +      2 in 00:01:38 =    0.0/s Avg: 49046 Min: 49025 Max: 49068 Err:     0 (0.00%) Active: 0 Started: 1 Finished: 1
2017-07-24 17:40:39,301 INFO o.a.j.r.Summariser: summary =    100 in 01:26:24 =    0.0/s Avg: 51834 Min: 49013 Max: 57880 Err:     0 (0.00%)
