2017-07-25 20:29:26,245 INFO o.a.j.u.JMeterUtils: Setting Locale to en_US
2017-07-25 20:29:26,255 INFO o.a.j.JMeter: Loading user properties from: /Users/jeb228/Software/forMac/JMeter/apache-jmeter-3.2/bin/user.properties
2017-07-25 20:29:26,256 INFO o.a.j.JMeter: Loading system properties from: /Users/jeb228/Software/forMac/JMeter/apache-jmeter-3.2/bin/system.properties
2017-07-25 20:29:26,257 INFO o.a.j.JMeter: Setting JMeter property: dir.base=/Users/jeb228/Development/DataDistributionAPI/testing/tests_and_results/OrganizationResearchAreas/_results
2017-07-25 20:29:26,257 INFO o.a.j.JMeter: Setting JMeter property: dir.output=/Users/jeb228/Development/DataDistributionAPI/testing/tests_and_results/OrganizationResearchAreas/_results/vivo_ora_drill_L4_2
2017-07-25 20:29:26,257 INFO o.a.j.JMeter: Setting JMeter property: context.path=vivo
2017-07-25 20:29:26,257 INFO o.a.j.JMeter: Setting JMeter property: action.name=ora_drill_L4
2017-07-25 20:29:26,257 INFO o.a.j.JMeter: Setting JMeter property: file.uris=/Users/jeb228/Development/DataDistributionAPI/testing/tests_and_results/OrganizationResearchAreas/OrganizationUris.csv
2017-07-25 20:29:26,257 INFO o.a.j.JMeter: Setting JMeter property: sample_variables=LABEL
2017-07-25 20:29:26,261 INFO o.a.j.JMeter: Copyright (c) 1998-2017 The Apache Software Foundation
2017-07-25 20:29:26,261 INFO o.a.j.JMeter: Version 3.2 r1790748
2017-07-25 20:29:26,261 INFO o.a.j.JMeter: java.version=1.8.0_131
2017-07-25 20:29:26,261 INFO o.a.j.JMeter: java.vm.name=Java HotSpot(TM) 64-Bit Server VM
2017-07-25 20:29:26,261 INFO o.a.j.JMeter: os.name=Mac OS X
2017-07-25 20:29:26,261 INFO o.a.j.JMeter: os.arch=x86_64
2017-07-25 20:29:26,261 INFO o.a.j.JMeter: os.version=10.12.6
2017-07-25 20:29:26,261 INFO o.a.j.JMeter: file.encoding=UTF-8
2017-07-25 20:29:26,261 INFO o.a.j.JMeter: Max memory     =536870912
2017-07-25 20:29:26,261 INFO o.a.j.JMeter: Available Processors =4
2017-07-25 20:29:26,264 INFO o.a.j.JMeter: Default Locale=English (United States)
2017-07-25 20:29:26,264 INFO o.a.j.JMeter: JMeter  Locale=English (United States)
2017-07-25 20:29:26,264 INFO o.a.j.JMeter: JMeterHome=/Users/jeb228/Software/forMac/JMeter/apache-jmeter-3.2
2017-07-25 20:29:26,264 INFO o.a.j.JMeter: user.dir  =/Users/jeb228/Development/DataDistributionAPI/testing/tests_and_results/OrganizationResearchAreas/_results
2017-07-25 20:29:26,264 INFO o.a.j.JMeter: PWD       =/Users/jeb228/Development/DataDistributionAPI/testing/tests_and_results/OrganizationResearchAreas/_results
2017-07-25 20:29:26,270 INFO o.a.j.JMeter: IP: 10.0.1.36 Name: lib-jeb228-maclap.local FullName: 10.0.1.36
2017-07-25 20:29:26,273 INFO o.a.j.s.FileServer: Default base='/Users/jeb228/Development/DataDistributionAPI/testing/tests_and_results/OrganizationResearchAreas/_results'
2017-07-25 20:29:26,274 INFO o.a.j.s.FileServer: Set new base='/Users/jeb228/Development/DataDistributionAPI/testing/tests_and_results/OrganizationResearchAreas'
2017-07-25 20:29:26,358 INFO o.a.j.s.SaveService: Testplan (JMX) version: 2.2. Testlog (JTL) version: 2.2
2017-07-25 20:29:26,368 INFO o.a.j.s.SaveService: Using SaveService properties file encoding UTF-8
2017-07-25 20:29:26,379 INFO o.a.j.s.SaveService: Using SaveService properties version 3.2
2017-07-25 20:29:26,383 INFO o.a.j.s.SaveService: Loading file: /Users/jeb228/Development/DataDistributionAPI/testing/tests_and_results/OrganizationResearchAreas/OrganizationResearchAreas.jmx
2017-07-25 20:29:26,416 INFO o.a.j.p.h.s.HTTPSamplerBase: Parser for text/html is org.apache.jmeter.protocol.http.parser.LagartoBasedHtmlParser
2017-07-25 20:29:26,417 INFO o.a.j.p.h.s.HTTPSamplerBase: Parser for application/xhtml+xml is org.apache.jmeter.protocol.http.parser.LagartoBasedHtmlParser
2017-07-25 20:29:26,417 INFO o.a.j.p.h.s.HTTPSamplerBase: Parser for application/xml is org.apache.jmeter.protocol.http.parser.LagartoBasedHtmlParser
2017-07-25 20:29:26,417 INFO o.a.j.p.h.s.HTTPSamplerBase: Parser for text/xml is org.apache.jmeter.protocol.http.parser.LagartoBasedHtmlParser
2017-07-25 20:29:26,417 INFO o.a.j.p.h.s.HTTPSamplerBase: Parser for text/vnd.wap.wml is org.apache.jmeter.protocol.http.parser.RegexpHTMLParser
2017-07-25 20:29:26,417 INFO o.a.j.p.h.s.HTTPSamplerBase: Parser for text/css is org.apache.jmeter.protocol.http.parser.CssParser
2017-07-25 20:29:26,424 INFO o.a.j.JMeter: Creating summariser <summary>
2017-07-25 20:29:26,432 INFO o.a.j.e.StandardJMeterEngine: Running the test!
2017-07-25 20:29:26,432 INFO o.a.j.s.SampleEvent: List of sample_variables: [LABEL]
2017-07-25 20:29:26,432 INFO o.a.j.s.SampleEvent: List of sample_variables: [LABEL]
2017-07-25 20:29:26,435 INFO o.a.j.e.u.CompoundVariable: Note: Function class names must contain the string: '.functions.'
2017-07-25 20:29:26,435 INFO o.a.j.e.u.CompoundVariable: Note: Function class names must not contain the string: '.gui.'
2017-07-25 20:29:26,668 INFO o.a.j.JMeter: Running test (1501028966668)
2017-07-25 20:29:26,702 INFO o.a.j.e.StandardJMeterEngine: Starting ThreadGroup: 1 : The thread Group
2017-07-25 20:29:26,702 INFO o.a.j.e.StandardJMeterEngine: Starting 1 threads for group The thread Group.
2017-07-25 20:29:26,702 INFO o.a.j.e.StandardJMeterEngine: Thread will continue on error
2017-07-25 20:29:26,703 INFO o.a.j.t.ThreadGroup: Starting thread group... number=1 threads=1 ramp-up=1 perThread=1000.0 delayedStart=false
2017-07-25 20:29:26,706 INFO o.a.j.t.ThreadGroup: Started thread group number 1
2017-07-25 20:29:26,706 INFO o.a.j.e.StandardJMeterEngine: All thread groups have been started
2017-07-25 20:29:26,790 INFO o.a.j.t.JMeterThread: Thread started: The thread Group 1-1
2017-07-25 20:29:26,793 INFO o.a.j.s.FileServer: Stored: /Users/jeb228/Development/DataDistributionAPI/testing/tests_and_results/OrganizationResearchAreas/OrganizationUris.csv
2017-07-25 20:29:26,803 INFO o.a.j.p.h.s.HTTPHCAbstractImpl: Local host = lib-jeb228-maclap.local
2017-07-25 20:29:26,807 INFO o.a.j.p.h.s.HTTPHC4Impl: HTTP request retry count = 0
2017-07-25 20:29:26,811 INFO o.a.j.s.SampleResult: Note: Sample TimeStamps are START times
2017-07-25 20:29:26,811 INFO o.a.j.s.SampleResult: sampleresult.default.encoding is set to ISO-8859-1
2017-07-25 20:29:26,812 INFO o.a.j.s.SampleResult: sampleresult.useNanoTime=true
2017-07-25 20:29:26,812 INFO o.a.j.s.SampleResult: sampleresult.nanoThreadSleep=5000
2017-07-25 20:29:30,867 INFO o.a.j.r.Summariser: summary +      1 in 00:00:04 =    0.2/s Avg:  4039 Min:  4039 Max:  4039 Err:     0 (0.00%) Active: 1 Started: 1 Finished: 0
2017-07-25 20:30:00,633 INFO o.a.j.r.Summariser: summary +     14 in 00:00:30 =    0.5/s Avg:  2125 Min:   525 Max:  3502 Err:     0 (0.00%) Active: 1 Started: 1 Finished: 0
2017-07-25 20:30:00,633 INFO o.a.j.r.Summariser: summary =     15 in 00:00:34 =    0.4/s Avg:  2253 Min:   525 Max:  4039 Err:     0 (0.00%)
2017-07-25 20:30:30,249 INFO o.a.j.r.Summariser: summary +     14 in 00:00:30 =    0.5/s Avg:  2115 Min:   520 Max:  3493 Err:     0 (0.00%) Active: 1 Started: 1 Finished: 0
2017-07-25 20:30:30,249 INFO o.a.j.r.Summariser: summary =     29 in 00:01:04 =    0.5/s Avg:  2186 Min:   520 Max:  4039 Err:     0 (0.00%)
2017-07-25 20:31:01,596 INFO o.a.j.r.Summariser: summary +     15 in 00:00:31 =    0.5/s Avg:  2089 Min:   521 Max:  3504 Err:     0 (0.00%) Active: 1 Started: 1 Finished: 0
2017-07-25 20:31:01,596 INFO o.a.j.r.Summariser: summary =     44 in 00:01:35 =    0.5/s Avg:  2153 Min:   520 Max:  4039 Err:     0 (0.00%)
2017-07-25 20:31:31,805 INFO o.a.j.r.Summariser: summary +     14 in 00:00:30 =    0.5/s Avg:  2157 Min:   522 Max:  3469 Err:     0 (0.00%) Active: 1 Started: 1 Finished: 0
2017-07-25 20:31:31,805 INFO o.a.j.r.Summariser: summary =     58 in 00:02:05 =    0.5/s Avg:  2154 Min:   520 Max:  4039 Err:     0 (0.00%)
2017-07-25 20:32:00,687 INFO o.a.j.r.Summariser: summary +     14 in 00:00:29 =    0.5/s Avg:  2062 Min:   522 Max:  3462 Err:     0 (0.00%) Active: 1 Started: 1 Finished: 0
2017-07-25 20:32:00,687 INFO o.a.j.r.Summariser: summary =     72 in 00:02:34 =    0.5/s Avg:  2136 Min:   520 Max:  4039 Err:     0 (0.00%)
2017-07-25 20:32:30,700 INFO o.a.j.r.Summariser: summary +     14 in 00:00:30 =    0.5/s Avg:  2143 Min:   522 Max:  3543 Err:     0 (0.00%) Active: 1 Started: 1 Finished: 0
2017-07-25 20:32:30,700 INFO o.a.j.r.Summariser: summary =     86 in 00:03:04 =    0.5/s Avg:  2137 Min:   520 Max:  4039 Err:     0 (0.00%)
2017-07-25 20:32:58,895 INFO o.a.j.t.JMeterThread: Thread is done: The thread Group 1-1
2017-07-25 20:32:58,895 INFO o.a.j.t.JMeterThread: Thread finished: The thread Group 1-1
2017-07-25 20:32:58,896 INFO o.a.j.e.StandardJMeterEngine: Notifying test listeners of end of test
2017-07-25 20:32:58,896 INFO o.a.j.s.FileServer: Close: /Users/jeb228/Development/DataDistributionAPI/testing/tests_and_results/OrganizationResearchAreas/OrganizationUris.csv
2017-07-25 20:32:58,896 INFO o.a.j.r.Summariser: summary +     14 in 00:00:28 =    0.5/s Avg:  2013 Min:   521 Max:  3191 Err:     0 (0.00%) Active: 0 Started: 1 Finished: 1
2017-07-25 20:32:58,897 INFO o.a.j.r.Summariser: summary =    100 in 00:03:32 =    0.5/s Avg:  2120 Min:   520 Max:  4039 Err:     0 (0.00%)
