2017-07-26 13:48:31,899 INFO o.a.j.u.JMeterUtils: Setting Locale to en_US
2017-07-26 13:48:31,909 INFO o.a.j.JMeter: Loading user properties from: /Users/jeb228/Software/forMac/JMeter/apache-jmeter-3.2/bin/user.properties
2017-07-26 13:48:31,910 INFO o.a.j.JMeter: Loading system properties from: /Users/jeb228/Software/forMac/JMeter/apache-jmeter-3.2/bin/system.properties
2017-07-26 13:48:31,910 INFO o.a.j.JMeter: Setting JMeter property: dir.base=/Users/jeb228/Development/DataDistributionAPI/testing/tests_and_results/DepartmentWordCloud/_results
2017-07-26 13:48:31,910 INFO o.a.j.JMeter: Setting JMeter property: dir.output=/Users/jeb228/Development/DataDistributionAPI/testing/tests_and_results/DepartmentWordCloud/_results/scholars_dwc_optionals_1
2017-07-26 13:48:31,910 INFO o.a.j.JMeter: Setting JMeter property: context.path=scholars
2017-07-26 13:48:31,910 INFO o.a.j.JMeter: Setting JMeter property: action.name=dwc_optionals
2017-07-26 13:48:31,910 INFO o.a.j.JMeter: Setting JMeter property: file.uris=/Users/jeb228/Development/DataDistributionAPI/testing/tests_and_results/DepartmentWordCloud/DepartmentUris.csv
2017-07-26 13:48:31,910 INFO o.a.j.JMeter: Setting JMeter property: sample_variables=LABEL
2017-07-26 13:48:31,914 INFO o.a.j.JMeter: Copyright (c) 1998-2017 The Apache Software Foundation
2017-07-26 13:48:31,914 INFO o.a.j.JMeter: Version 3.2 r1790748
2017-07-26 13:48:31,914 INFO o.a.j.JMeter: java.version=1.8.0_131
2017-07-26 13:48:31,914 INFO o.a.j.JMeter: java.vm.name=Java HotSpot(TM) 64-Bit Server VM
2017-07-26 13:48:31,914 INFO o.a.j.JMeter: os.name=Mac OS X
2017-07-26 13:48:31,914 INFO o.a.j.JMeter: os.arch=x86_64
2017-07-26 13:48:31,914 INFO o.a.j.JMeter: os.version=10.12.6
2017-07-26 13:48:31,914 INFO o.a.j.JMeter: file.encoding=UTF-8
2017-07-26 13:48:31,914 INFO o.a.j.JMeter: Max memory     =536870912
2017-07-26 13:48:31,914 INFO o.a.j.JMeter: Available Processors =4
2017-07-26 13:48:31,917 INFO o.a.j.JMeter: Default Locale=English (United States)
2017-07-26 13:48:31,917 INFO o.a.j.JMeter: JMeter  Locale=English (United States)
2017-07-26 13:48:31,917 INFO o.a.j.JMeter: JMeterHome=/Users/jeb228/Software/forMac/JMeter/apache-jmeter-3.2
2017-07-26 13:48:31,917 INFO o.a.j.JMeter: user.dir  =/Users/jeb228/Development/DataDistributionAPI/testing/tests_and_results/DepartmentWordCloud/_results
2017-07-26 13:48:31,917 INFO o.a.j.JMeter: PWD       =/Users/jeb228/Development/DataDistributionAPI/testing/tests_and_results/DepartmentWordCloud/_results
2017-07-26 13:48:31,923 INFO o.a.j.JMeter: IP: 10.0.1.36 Name: lib-jeb228-maclap.local FullName: 10.0.1.36
2017-07-26 13:48:31,926 INFO o.a.j.s.FileServer: Default base='/Users/jeb228/Development/DataDistributionAPI/testing/tests_and_results/DepartmentWordCloud/_results'
2017-07-26 13:48:31,926 INFO o.a.j.s.FileServer: Set new base='/Users/jeb228/Development/DataDistributionAPI/testing/tests_and_results/DepartmentWordCloud'
2017-07-26 13:48:32,011 INFO o.a.j.s.SaveService: Testplan (JMX) version: 2.2. Testlog (JTL) version: 2.2
2017-07-26 13:48:32,021 INFO o.a.j.s.SaveService: Using SaveService properties file encoding UTF-8
2017-07-26 13:48:32,032 INFO o.a.j.s.SaveService: Using SaveService properties version 3.2
2017-07-26 13:48:32,037 INFO o.a.j.s.SaveService: Loading file: /Users/jeb228/Development/DataDistributionAPI/testing/tests_and_results/DepartmentWordCloud/DepartmentWordClouds.jmx
2017-07-26 13:48:32,071 INFO o.a.j.p.h.s.HTTPSamplerBase: Parser for text/html is org.apache.jmeter.protocol.http.parser.LagartoBasedHtmlParser
2017-07-26 13:48:32,071 INFO o.a.j.p.h.s.HTTPSamplerBase: Parser for application/xhtml+xml is org.apache.jmeter.protocol.http.parser.LagartoBasedHtmlParser
2017-07-26 13:48:32,071 INFO o.a.j.p.h.s.HTTPSamplerBase: Parser for application/xml is org.apache.jmeter.protocol.http.parser.LagartoBasedHtmlParser
2017-07-26 13:48:32,071 INFO o.a.j.p.h.s.HTTPSamplerBase: Parser for text/xml is org.apache.jmeter.protocol.http.parser.LagartoBasedHtmlParser
2017-07-26 13:48:32,071 INFO o.a.j.p.h.s.HTTPSamplerBase: Parser for text/vnd.wap.wml is org.apache.jmeter.protocol.http.parser.RegexpHTMLParser
2017-07-26 13:48:32,071 INFO o.a.j.p.h.s.HTTPSamplerBase: Parser for text/css is org.apache.jmeter.protocol.http.parser.CssParser
2017-07-26 13:48:32,078 INFO o.a.j.JMeter: Creating summariser <summary>
2017-07-26 13:48:32,086 INFO o.a.j.e.StandardJMeterEngine: Running the test!
2017-07-26 13:48:32,086 INFO o.a.j.s.SampleEvent: List of sample_variables: [LABEL]
2017-07-26 13:48:32,086 INFO o.a.j.s.SampleEvent: List of sample_variables: [LABEL]
2017-07-26 13:48:32,089 INFO o.a.j.e.u.CompoundVariable: Note: Function class names must contain the string: '.functions.'
2017-07-26 13:48:32,089 INFO o.a.j.e.u.CompoundVariable: Note: Function class names must not contain the string: '.gui.'
2017-07-26 13:48:32,340 INFO o.a.j.JMeter: Running test (1501091312340)
2017-07-26 13:48:32,370 INFO o.a.j.e.StandardJMeterEngine: Starting ThreadGroup: 1 : The thread Group
2017-07-26 13:48:32,370 INFO o.a.j.e.StandardJMeterEngine: Starting 1 threads for group The thread Group.
2017-07-26 13:48:32,370 INFO o.a.j.e.StandardJMeterEngine: Thread will continue on error
2017-07-26 13:48:32,371 INFO o.a.j.t.ThreadGroup: Starting thread group... number=1 threads=1 ramp-up=1 perThread=1000.0 delayedStart=false
2017-07-26 13:48:32,374 INFO o.a.j.t.ThreadGroup: Started thread group number 1
2017-07-26 13:48:32,374 INFO o.a.j.e.StandardJMeterEngine: All thread groups have been started
2017-07-26 13:48:32,620 INFO o.a.j.t.JMeterThread: Thread started: The thread Group 1-1
2017-07-26 13:48:32,622 INFO o.a.j.s.FileServer: Stored: /Users/jeb228/Development/DataDistributionAPI/testing/tests_and_results/DepartmentWordCloud/DepartmentUris.csv
2017-07-26 13:48:32,637 INFO o.a.j.p.h.s.HTTPHCAbstractImpl: Local host = lib-jeb228-maclap.local
2017-07-26 13:48:32,641 INFO o.a.j.p.h.s.HTTPHC4Impl: HTTP request retry count = 0
2017-07-26 13:48:32,648 INFO o.a.j.s.SampleResult: Note: Sample TimeStamps are START times
2017-07-26 13:48:32,648 INFO o.a.j.s.SampleResult: sampleresult.default.encoding is set to ISO-8859-1
2017-07-26 13:48:32,648 INFO o.a.j.s.SampleResult: sampleresult.useNanoTime=true
2017-07-26 13:48:32,648 INFO o.a.j.s.SampleResult: sampleresult.nanoThreadSleep=5000
2017-07-26 13:49:02,414 INFO o.a.j.r.Summariser: summary +      1 in 00:00:30 =    0.0/s Avg: 29738 Min: 29738 Max: 29738 Err:     0 (0.00%) Active: 1 Started: 1 Finished: 0
2017-07-26 13:49:33,518 INFO o.a.j.r.Summariser: summary +      2 in 00:00:31 =    0.1/s Avg: 15550 Min: 15469 Max: 15632 Err:     0 (0.00%) Active: 1 Started: 1 Finished: 0
2017-07-26 13:49:33,518 INFO o.a.j.r.Summariser: summary =      3 in 00:01:01 =    0.0/s Avg: 20279 Min: 15469 Max: 29738 Err:     0 (0.00%)
2017-07-26 13:50:30,181 INFO o.a.j.r.Summariser: summary +      7 in 00:00:57 =    0.1/s Avg:  8094 Min:  3264 Max: 12079 Err:     0 (0.00%) Active: 1 Started: 1 Finished: 0
2017-07-26 13:50:30,181 INFO o.a.j.r.Summariser: summary =     10 in 00:01:58 =    0.1/s Avg: 11749 Min:  3264 Max: 29738 Err:     0 (0.00%)
2017-07-26 13:52:02,808 INFO o.a.j.r.Summariser: summary +      6 in 00:01:33 =    0.1/s Avg: 15436 Min: 10560 Max: 22618 Err:     0 (0.00%) Active: 1 Started: 1 Finished: 0
2017-07-26 13:52:02,808 INFO o.a.j.r.Summariser: summary =     16 in 00:03:30 =    0.1/s Avg: 13132 Min:  3264 Max: 29738 Err:     0 (0.00%)
2017-07-26 13:53:31,594 INFO o.a.j.r.Summariser: summary +      8 in 00:01:29 =    0.1/s Avg: 11097 Min:  3205 Max: 22165 Err:     0 (0.00%) Active: 1 Started: 1 Finished: 0
2017-07-26 13:53:31,594 INFO o.a.j.r.Summariser: summary =     24 in 00:04:59 =    0.1/s Avg: 12453 Min:  3205 Max: 29738 Err:     0 (0.00%)
2017-07-26 13:54:02,969 INFO o.a.j.r.Summariser: summary +      3 in 00:00:31 =    0.1/s Avg: 10457 Min:  8053 Max: 11694 Err:     0 (0.00%) Active: 1 Started: 1 Finished: 0
2017-07-26 13:54:02,969 INFO o.a.j.r.Summariser: summary =     27 in 00:05:31 =    0.1/s Avg: 12232 Min:  3205 Max: 29738 Err:     0 (0.00%)
2017-07-26 13:55:00,535 INFO o.a.j.r.Summariser: summary +      5 in 00:00:58 =    0.1/s Avg: 11512 Min:  3096 Max: 22346 Err:     0 (0.00%) Active: 1 Started: 1 Finished: 0
2017-07-26 13:55:00,536 INFO o.a.j.r.Summariser: summary =     32 in 00:06:28 =    0.1/s Avg: 12119 Min:  3096 Max: 29738 Err:     0 (0.00%)
2017-07-26 13:56:03,456 INFO o.a.j.r.Summariser: summary +      6 in 00:01:03 =    0.1/s Avg: 10486 Min:  6294 Max: 16683 Err:     0 (0.00%) Active: 1 Started: 1 Finished: 0
2017-07-26 13:56:03,456 INFO o.a.j.r.Summariser: summary =     38 in 00:07:31 =    0.1/s Avg: 11861 Min:  3096 Max: 29738 Err:     0 (0.00%)
2017-07-26 13:57:31,380 INFO o.a.j.r.Summariser: summary +      7 in 00:01:28 =    0.1/s Avg: 12559 Min:  3250 Max: 22297 Err:     0 (0.00%) Active: 1 Started: 1 Finished: 0
2017-07-26 13:57:31,380 INFO o.a.j.r.Summariser: summary =     45 in 00:08:59 =    0.1/s Avg: 11970 Min:  3096 Max: 29738 Err:     0 (0.00%)
2017-07-26 13:58:04,322 INFO o.a.j.r.Summariser: summary +      4 in 00:00:33 =    0.1/s Avg:  8234 Min:  6207 Max: 10788 Err:     0 (0.00%) Active: 1 Started: 1 Finished: 0
2017-07-26 13:58:04,323 INFO o.a.j.r.Summariser: summary =     49 in 00:09:32 =    0.1/s Avg: 11665 Min:  3096 Max: 29738 Err:     0 (0.00%)
2017-07-26 13:59:03,198 INFO o.a.j.r.Summariser: summary +      4 in 00:00:59 =    0.1/s Avg: 14717 Min:  3084 Max: 22290 Err:     0 (0.00%) Active: 1 Started: 1 Finished: 0
2017-07-26 13:59:03,198 INFO o.a.j.r.Summariser: summary =     53 in 00:10:31 =    0.1/s Avg: 11895 Min:  3084 Max: 29738 Err:     0 (0.00%)
2017-07-26 14:00:00,515 INFO o.a.j.r.Summariser: summary +      7 in 00:00:57 =    0.1/s Avg:  8187 Min:  3138 Max: 12960 Err:     0 (0.00%) Active: 1 Started: 1 Finished: 0
2017-07-26 14:00:00,515 INFO o.a.j.r.Summariser: summary =     60 in 00:11:28 =    0.1/s Avg: 11463 Min:  3084 Max: 29738 Err:     0 (0.00%)
2017-07-26 14:01:33,218 INFO o.a.j.r.Summariser: summary +      6 in 00:01:33 =    0.1/s Avg: 15449 Min: 11945 Max: 22260 Err:     0 (0.00%) Active: 1 Started: 1 Finished: 0
2017-07-26 14:01:33,219 INFO o.a.j.r.Summariser: summary =     66 in 00:13:01 =    0.1/s Avg: 11825 Min:  3084 Max: 29738 Err:     0 (0.00%)
2017-07-26 14:02:35,920 INFO o.a.j.r.Summariser: summary +      6 in 00:01:03 =    0.1/s Avg: 10449 Min:  3171 Max: 22163 Err:     0 (0.00%) Active: 1 Started: 1 Finished: 0
2017-07-26 14:02:35,920 INFO o.a.j.r.Summariser: summary =     72 in 00:14:04 =    0.1/s Avg: 11710 Min:  3084 Max: 29738 Err:     0 (0.00%)
2017-07-26 14:03:04,651 INFO o.a.j.r.Summariser: summary +      2 in 00:00:29 =    0.1/s Avg: 14364 Min: 10504 Max: 18225 Err:     0 (0.00%) Active: 1 Started: 1 Finished: 0
2017-07-26 14:03:04,651 INFO o.a.j.r.Summariser: summary =     74 in 00:14:32 =    0.1/s Avg: 11782 Min:  3084 Max: 29738 Err:     0 (0.00%)
2017-07-26 14:03:34,281 INFO o.a.j.r.Summariser: summary +      3 in 00:00:30 =    0.1/s Avg:  9875 Min:  6940 Max: 11811 Err:     0 (0.00%) Active: 1 Started: 1 Finished: 0
2017-07-26 14:03:34,281 INFO o.a.j.r.Summariser: summary =     77 in 00:15:02 =    0.1/s Avg: 11708 Min:  3084 Max: 29738 Err:     0 (0.00%)
2017-07-26 14:04:31,712 INFO o.a.j.r.Summariser: summary +      5 in 00:00:57 =    0.1/s Avg: 11485 Min:  3247 Max: 22339 Err:     0 (0.00%) Active: 1 Started: 1 Finished: 0
2017-07-26 14:04:31,712 INFO o.a.j.r.Summariser: summary =     82 in 00:15:59 =    0.1/s Avg: 11694 Min:  3084 Max: 29738 Err:     0 (0.00%)
2017-07-26 14:05:33,119 INFO o.a.j.r.Summariser: summary +      6 in 00:01:01 =    0.1/s Avg: 10233 Min:  5071 Max: 14968 Err:     0 (0.00%) Active: 1 Started: 1 Finished: 0
2017-07-26 14:05:33,119 INFO o.a.j.r.Summariser: summary =     88 in 00:17:01 =    0.1/s Avg: 11595 Min:  3084 Max: 29738 Err:     0 (0.00%)
2017-07-26 14:06:05,591 INFO o.a.j.r.Summariser: summary +      3 in 00:00:32 =    0.1/s Avg: 10822 Min:  3180 Max: 22217 Err:     0 (0.00%) Active: 1 Started: 1 Finished: 0
2017-07-26 14:06:05,591 INFO o.a.j.r.Summariser: summary =     91 in 00:17:33 =    0.1/s Avg: 11569 Min:  3084 Max: 29738 Err:     0 (0.00%)
2017-07-26 14:07:02,789 INFO o.a.j.r.Summariser: summary +      4 in 00:00:57 =    0.1/s Avg: 14299 Min: 10556 Max: 19920 Err:     0 (0.00%) Active: 1 Started: 1 Finished: 0
2017-07-26 14:07:02,790 INFO o.a.j.r.Summariser: summary =     95 in 00:18:30 =    0.1/s Avg: 11684 Min:  3084 Max: 29738 Err:     0 (0.00%)
2017-07-26 14:07:33,851 INFO o.a.j.r.Summariser: summary +      4 in 00:00:31 =    0.1/s Avg:  7764 Min:  5017 Max: 12028 Err:     0 (0.00%) Active: 1 Started: 1 Finished: 0
2017-07-26 14:07:33,851 INFO o.a.j.r.Summariser: summary =     99 in 00:19:02 =    0.1/s Avg: 11526 Min:  3084 Max: 29738 Err:     0 (0.00%)
2017-07-26 14:07:37,081 INFO o.a.j.t.JMeterThread: Thread is done: The thread Group 1-1
2017-07-26 14:07:37,081 INFO o.a.j.t.JMeterThread: Thread finished: The thread Group 1-1
2017-07-26 14:07:37,081 INFO o.a.j.e.StandardJMeterEngine: Notifying test listeners of end of test
2017-07-26 14:07:37,081 INFO o.a.j.s.FileServer: Close: /Users/jeb228/Development/DataDistributionAPI/testing/tests_and_results/DepartmentWordCloud/DepartmentUris.csv
2017-07-26 14:07:37,083 INFO o.a.j.r.Summariser: summary +      1 in 00:00:03 =    0.3/s Avg:  3228 Min:  3228 Max:  3228 Err:     0 (0.00%) Active: 0 Started: 1 Finished: 1
2017-07-26 14:07:37,083 INFO o.a.j.r.Summariser: summary =    100 in 00:19:05 =    0.1/s Avg: 11443 Min:  3084 Max: 29738 Err:     0 (0.00%)
