2017-07-23 16:39:30,571 INFO o.a.j.u.JMeterUtils: Setting Locale to en_US
2017-07-23 16:39:30,580 INFO o.a.j.JMeter: Loading user properties from: /Users/jeb228/Software/forMac/JMeter/apache-jmeter-3.2/bin/user.properties
2017-07-23 16:39:30,580 INFO o.a.j.JMeter: Loading system properties from: /Users/jeb228/Software/forMac/JMeter/apache-jmeter-3.2/bin/system.properties
2017-07-23 16:39:30,584 INFO o.a.j.JMeter: Copyright (c) 1998-2017 The Apache Software Foundation
2017-07-23 16:39:30,584 INFO o.a.j.JMeter: Version 3.2 r1790748
2017-07-23 16:39:30,584 INFO o.a.j.JMeter: java.version=1.8.0_131
2017-07-23 16:39:30,584 INFO o.a.j.JMeter: java.vm.name=Java HotSpot(TM) 64-Bit Server VM
2017-07-23 16:39:30,584 INFO o.a.j.JMeter: os.name=Mac OS X
2017-07-23 16:39:30,584 INFO o.a.j.JMeter: os.arch=x86_64
2017-07-23 16:39:30,584 INFO o.a.j.JMeter: os.version=10.12.6
2017-07-23 16:39:30,584 INFO o.a.j.JMeter: file.encoding=UTF-8
2017-07-23 16:39:30,584 INFO o.a.j.JMeter: Max memory     =536870912
2017-07-23 16:39:30,584 INFO o.a.j.JMeter: Available Processors =4
2017-07-23 16:39:30,587 INFO o.a.j.JMeter: Default Locale=English (United States)
2017-07-23 16:39:30,587 INFO o.a.j.JMeter: JMeter  Locale=English (United States)
2017-07-23 16:39:30,587 INFO o.a.j.JMeter: JMeterHome=/Users/jeb228/Software/forMac/JMeter/apache-jmeter-3.2
2017-07-23 16:39:30,587 INFO o.a.j.JMeter: user.dir  =/Users/jeb228/Development/DataDistributionAPI/testing/tests_and_results/DepartmentWordCloud
2017-07-23 16:39:30,587 INFO o.a.j.JMeter: PWD       =/Users/jeb228/Development/DataDistributionAPI/testing/tests_and_results/DepartmentWordCloud
2017-07-23 16:39:30,588 INFO o.a.j.JMeter: IP: 128.253.87.37 Name: lib-7215-dock.library.cornell.edu FullName: lib-7215-dock.library.cornell.edu
2017-07-23 16:39:33,956 INFO o.a.j.g.a.LookAndFeelCommand: Using look and feel: com.apple.laf.AquaLookAndFeel [Mac OS X, System]
2017-07-23 16:39:33,960 INFO o.a.j.JMeter: Loaded icon properties from org/apache/jmeter/images/icon.properties
2017-07-23 16:39:34,434 INFO o.a.j.e.u.CompoundVariable: Note: Function class names must contain the string: '.functions.'
2017-07-23 16:39:34,434 INFO o.a.j.e.u.CompoundVariable: Note: Function class names must not contain the string: '.gui.'
2017-07-23 16:39:35,275 INFO o.a.j.g.u.MenuFactory: Skipping org.apache.jmeter.assertions.BSFAssertion
2017-07-23 16:39:35,977 INFO o.a.j.g.u.MenuFactory: Skipping org.apache.jmeter.extractor.BSFPostProcessor
2017-07-23 16:39:36,002 INFO o.a.j.g.u.MenuFactory: Skipping org.apache.jmeter.modifiers.BSFPreProcessor
2017-07-23 16:39:36,025 INFO o.a.j.p.h.s.HTTPSamplerBase: Parser for text/html is org.apache.jmeter.protocol.http.parser.LagartoBasedHtmlParser
2017-07-23 16:39:36,025 INFO o.a.j.p.h.s.HTTPSamplerBase: Parser for application/xhtml+xml is org.apache.jmeter.protocol.http.parser.LagartoBasedHtmlParser
2017-07-23 16:39:36,025 INFO o.a.j.p.h.s.HTTPSamplerBase: Parser for application/xml is org.apache.jmeter.protocol.http.parser.LagartoBasedHtmlParser
2017-07-23 16:39:36,025 INFO o.a.j.p.h.s.HTTPSamplerBase: Parser for text/xml is org.apache.jmeter.protocol.http.parser.LagartoBasedHtmlParser
2017-07-23 16:39:36,025 INFO o.a.j.p.h.s.HTTPSamplerBase: Parser for text/vnd.wap.wml is org.apache.jmeter.protocol.http.parser.RegexpHTMLParser
2017-07-23 16:39:36,025 INFO o.a.j.p.h.s.HTTPSamplerBase: Parser for text/css is org.apache.jmeter.protocol.http.parser.CssParser
2017-07-23 16:39:36,401 INFO o.a.j.e.KeyToolUtils: keytool found at 'keytool'
2017-07-23 16:39:36,401 INFO o.a.j.p.h.p.ProxyControl: HTTP(S) Test Script Recorder SSL Proxy will use keys that support embedded 3rd party resources in file /Users/jeb228/Software/forMac/JMeter/apache-jmeter-3.2/bin/proxyserver.jks
2017-07-23 16:39:36,510 INFO o.a.j.g.u.MenuFactory: Skipping org.apache.jmeter.protocol.java.sampler.BSFSampler
2017-07-23 16:39:36,546 INFO o.a.j.s.FileServer: Default base='/Users/jeb228/Development/DataDistributionAPI/testing/tests_and_results/DepartmentWordCloud'
2017-07-23 16:39:36,616 INFO o.a.j.g.u.MenuFactory: Skipping org.apache.jmeter.protocol.mongodb.config.MongoSourceElement
2017-07-23 16:39:36,616 INFO o.a.j.g.u.MenuFactory: Skipping org.apache.jmeter.protocol.mongodb.sampler.MongoScriptSampler
2017-07-23 16:39:36,708 INFO o.a.j.g.u.MenuFactory: Skipping org.apache.jmeter.timers.BSFTimer
2017-07-23 16:39:36,732 INFO o.a.j.g.u.MenuFactory: Skipping org.apache.jmeter.visualizers.BSFListener
2017-07-23 16:39:36,833 INFO o.a.j.s.SampleResult: Note: Sample TimeStamps are START times
2017-07-23 16:39:36,833 INFO o.a.j.s.SampleResult: sampleresult.default.encoding is set to ISO-8859-1
2017-07-23 16:39:36,833 INFO o.a.j.s.SampleResult: sampleresult.useNanoTime=true
2017-07-23 16:39:36,834 INFO o.a.j.s.SampleResult: sampleresult.nanoThreadSleep=5000
