2017-07-26 16:29:25,079 INFO o.a.j.u.JMeterUtils: Setting Locale to en_US
2017-07-26 16:29:25,090 INFO o.a.j.JMeter: Loading user properties from: /Users/jeb228/Software/forMac/JMeter/apache-jmeter-3.2/bin/user.properties
2017-07-26 16:29:25,092 INFO o.a.j.JMeter: Loading system properties from: /Users/jeb228/Software/forMac/JMeter/apache-jmeter-3.2/bin/system.properties
2017-07-26 16:29:25,093 INFO o.a.j.JMeter: Setting JMeter property: dir.base=/Users/jeb228/Development/DataDistributionAPI/testing/tests_and_results/DepartmentWordCloud/_results
2017-07-26 16:29:25,093 INFO o.a.j.JMeter: Setting JMeter property: dir.output=/Users/jeb228/Development/DataDistributionAPI/testing/tests_and_results/DepartmentWordCloud/_results/vivo_dwc_3queries_1
2017-07-26 16:29:25,093 INFO o.a.j.JMeter: Setting JMeter property: context.path=vivo
2017-07-26 16:29:25,093 INFO o.a.j.JMeter: Setting JMeter property: action.name=dwc_3queries
2017-07-26 16:29:25,093 INFO o.a.j.JMeter: Setting JMeter property: file.uris=/Users/jeb228/Development/DataDistributionAPI/testing/tests_and_results/DepartmentWordCloud/DepartmentUris.csv
2017-07-26 16:29:25,093 INFO o.a.j.JMeter: Setting JMeter property: sample_variables=LABEL
2017-07-26 16:29:25,097 INFO o.a.j.JMeter: Copyright (c) 1998-2017 The Apache Software Foundation
2017-07-26 16:29:25,097 INFO o.a.j.JMeter: Version 3.2 r1790748
2017-07-26 16:29:25,097 INFO o.a.j.JMeter: java.version=1.8.0_131
2017-07-26 16:29:25,097 INFO o.a.j.JMeter: java.vm.name=Java HotSpot(TM) 64-Bit Server VM
2017-07-26 16:29:25,097 INFO o.a.j.JMeter: os.name=Mac OS X
2017-07-26 16:29:25,097 INFO o.a.j.JMeter: os.arch=x86_64
2017-07-26 16:29:25,097 INFO o.a.j.JMeter: os.version=10.12.6
2017-07-26 16:29:25,097 INFO o.a.j.JMeter: file.encoding=UTF-8
2017-07-26 16:29:25,098 INFO o.a.j.JMeter: Max memory     =536870912
2017-07-26 16:29:25,098 INFO o.a.j.JMeter: Available Processors =4
2017-07-26 16:29:25,101 INFO o.a.j.JMeter: Default Locale=English (United States)
2017-07-26 16:29:25,101 INFO o.a.j.JMeter: JMeter  Locale=English (United States)
2017-07-26 16:29:25,101 INFO o.a.j.JMeter: JMeterHome=/Users/jeb228/Software/forMac/JMeter/apache-jmeter-3.2
2017-07-26 16:29:25,101 INFO o.a.j.JMeter: user.dir  =/Users/jeb228/Development/DataDistributionAPI/testing/tests_and_results/DepartmentWordCloud/_results
2017-07-26 16:29:25,101 INFO o.a.j.JMeter: PWD       =/Users/jeb228/Development/DataDistributionAPI/testing/tests_and_results/DepartmentWordCloud/_results
2017-07-26 16:29:25,107 INFO o.a.j.JMeter: IP: 10.0.1.36 Name: lib-jeb228-maclap.local FullName: 10.0.1.36
2017-07-26 16:29:25,110 INFO o.a.j.s.FileServer: Default base='/Users/jeb228/Development/DataDistributionAPI/testing/tests_and_results/DepartmentWordCloud/_results'
2017-07-26 16:29:25,110 INFO o.a.j.s.FileServer: Set new base='/Users/jeb228/Development/DataDistributionAPI/testing/tests_and_results/DepartmentWordCloud'
2017-07-26 16:29:25,199 INFO o.a.j.s.SaveService: Testplan (JMX) version: 2.2. Testlog (JTL) version: 2.2
2017-07-26 16:29:25,210 INFO o.a.j.s.SaveService: Using SaveService properties file encoding UTF-8
2017-07-26 16:29:25,222 INFO o.a.j.s.SaveService: Using SaveService properties version 3.2
2017-07-26 16:29:25,226 INFO o.a.j.s.SaveService: Loading file: /Users/jeb228/Development/DataDistributionAPI/testing/tests_and_results/DepartmentWordCloud/DepartmentWordClouds.jmx
2017-07-26 16:29:25,263 INFO o.a.j.p.h.s.HTTPSamplerBase: Parser for text/html is org.apache.jmeter.protocol.http.parser.LagartoBasedHtmlParser
2017-07-26 16:29:25,263 INFO o.a.j.p.h.s.HTTPSamplerBase: Parser for application/xhtml+xml is org.apache.jmeter.protocol.http.parser.LagartoBasedHtmlParser
2017-07-26 16:29:25,264 INFO o.a.j.p.h.s.HTTPSamplerBase: Parser for application/xml is org.apache.jmeter.protocol.http.parser.LagartoBasedHtmlParser
2017-07-26 16:29:25,264 INFO o.a.j.p.h.s.HTTPSamplerBase: Parser for text/xml is org.apache.jmeter.protocol.http.parser.LagartoBasedHtmlParser
2017-07-26 16:29:25,264 INFO o.a.j.p.h.s.HTTPSamplerBase: Parser for text/vnd.wap.wml is org.apache.jmeter.protocol.http.parser.RegexpHTMLParser
2017-07-26 16:29:25,264 INFO o.a.j.p.h.s.HTTPSamplerBase: Parser for text/css is org.apache.jmeter.protocol.http.parser.CssParser
2017-07-26 16:29:25,272 INFO o.a.j.JMeter: Creating summariser <summary>
2017-07-26 16:29:25,280 INFO o.a.j.e.StandardJMeterEngine: Running the test!
2017-07-26 16:29:25,281 INFO o.a.j.s.SampleEvent: List of sample_variables: [LABEL]
2017-07-26 16:29:25,281 INFO o.a.j.s.SampleEvent: List of sample_variables: [LABEL]
2017-07-26 16:29:25,284 INFO o.a.j.e.u.CompoundVariable: Note: Function class names must contain the string: '.functions.'
2017-07-26 16:29:25,284 INFO o.a.j.e.u.CompoundVariable: Note: Function class names must not contain the string: '.gui.'
2017-07-26 16:29:25,524 INFO o.a.j.JMeter: Running test (1501100965523)
2017-07-26 16:29:25,554 INFO o.a.j.e.StandardJMeterEngine: Starting ThreadGroup: 1 : The thread Group
2017-07-26 16:29:25,555 INFO o.a.j.e.StandardJMeterEngine: Starting 1 threads for group The thread Group.
2017-07-26 16:29:25,555 INFO o.a.j.e.StandardJMeterEngine: Thread will continue on error
2017-07-26 16:29:25,555 INFO o.a.j.t.ThreadGroup: Starting thread group... number=1 threads=1 ramp-up=1 perThread=1000.0 delayedStart=false
2017-07-26 16:29:25,558 INFO o.a.j.t.ThreadGroup: Started thread group number 1
2017-07-26 16:29:25,558 INFO o.a.j.e.StandardJMeterEngine: All thread groups have been started
2017-07-26 16:29:25,649 INFO o.a.j.t.JMeterThread: Thread started: The thread Group 1-1
2017-07-26 16:29:25,651 INFO o.a.j.s.FileServer: Stored: /Users/jeb228/Development/DataDistributionAPI/testing/tests_and_results/DepartmentWordCloud/DepartmentUris.csv
2017-07-26 16:29:25,665 INFO o.a.j.p.h.s.HTTPHCAbstractImpl: Local host = lib-jeb228-maclap.local
2017-07-26 16:29:25,669 INFO o.a.j.p.h.s.HTTPHC4Impl: HTTP request retry count = 0
2017-07-26 16:29:25,675 INFO o.a.j.s.SampleResult: Note: Sample TimeStamps are START times
2017-07-26 16:29:25,675 INFO o.a.j.s.SampleResult: sampleresult.default.encoding is set to ISO-8859-1
2017-07-26 16:29:25,675 INFO o.a.j.s.SampleResult: sampleresult.useNanoTime=true
2017-07-26 16:29:25,675 INFO o.a.j.s.SampleResult: sampleresult.nanoThreadSleep=5000
2017-07-26 16:32:01,147 INFO o.a.j.r.Summariser: summary +      3 in 00:02:36 =    0.0/s Avg: 51817 Min: 51065 Max: 52726 Err:     0 (0.00%) Active: 1 Started: 1 Finished: 0
2017-07-26 16:34:30,971 INFO o.a.j.r.Summariser: summary +      3 in 00:02:30 =    0.0/s Avg: 49940 Min: 49676 Max: 50443 Err:     0 (0.00%) Active: 1 Started: 1 Finished: 0
2017-07-26 16:34:30,971 INFO o.a.j.r.Summariser: summary =      6 in 00:05:05 =    0.0/s Avg: 50878 Min: 49676 Max: 52726 Err:     0 (0.00%)
2017-07-26 16:47:30,287 INFO o.a.j.r.Summariser: summary +     14 in 00:12:59 =    0.0/s Avg: 55664 Min: 49095 Max: 66710 Err:     0 (0.00%) Active: 1 Started: 1 Finished: 0
2017-07-26 16:47:30,287 INFO o.a.j.r.Summariser: summary =     20 in 00:18:05 =    0.0/s Avg: 54228 Min: 49095 Max: 66710 Err:     0 (0.00%)
2017-07-26 16:50:04,517 INFO o.a.j.r.Summariser: summary +      3 in 00:02:34 =    0.0/s Avg: 51408 Min: 50038 Max: 52494 Err:     0 (0.00%) Active: 1 Started: 1 Finished: 0
2017-07-26 16:50:04,517 INFO o.a.j.r.Summariser: summary =     23 in 00:20:39 =    0.0/s Avg: 53860 Min: 49095 Max: 66710 Err:     0 (0.00%)
2017-07-26 16:52:33,603 INFO o.a.j.r.Summariser: summary +      3 in 00:02:29 =    0.0/s Avg: 49693 Min: 49529 Max: 49875 Err:     0 (0.00%) Active: 1 Started: 1 Finished: 0
2017-07-26 16:52:33,604 INFO o.a.j.r.Summariser: summary =     26 in 00:23:08 =    0.0/s Avg: 53379 Min: 49095 Max: 66710 Err:     0 (0.00%)
2017-07-26 16:55:00,474 INFO o.a.j.r.Summariser: summary +      3 in 00:02:27 =    0.0/s Avg: 48955 Min: 48872 Max: 49054 Err:     0 (0.00%) Active: 1 Started: 1 Finished: 0
2017-07-26 16:55:00,475 INFO o.a.j.r.Summariser: summary =     29 in 00:25:35 =    0.0/s Avg: 52922 Min: 48872 Max: 66710 Err:     0 (0.00%)
2017-07-26 16:57:32,760 INFO o.a.j.r.Summariser: summary +      3 in 00:02:32 =    0.0/s Avg: 50760 Min: 48857 Max: 51937 Err:     0 (0.00%) Active: 1 Started: 1 Finished: 0
2017-07-26 16:57:32,760 INFO o.a.j.r.Summariser: summary =     32 in 00:28:07 =    0.0/s Avg: 52719 Min: 48857 Max: 66710 Err:     0 (0.00%)
2017-07-26 17:00:01,727 INFO o.a.j.r.Summariser: summary +      3 in 00:02:29 =    0.0/s Avg: 49654 Min: 49397 Max: 49884 Err:     0 (0.00%) Active: 1 Started: 1 Finished: 0
2017-07-26 17:00:01,727 INFO o.a.j.r.Summariser: summary =     35 in 00:30:36 =    0.0/s Avg: 52456 Min: 48857 Max: 66710 Err:     0 (0.00%)
2017-07-26 17:04:05,711 INFO o.a.j.r.Summariser: summary +      5 in 00:04:04 =    0.0/s Avg: 48795 Min: 48519 Max: 49169 Err:     0 (0.00%) Active: 1 Started: 1 Finished: 0
2017-07-26 17:04:05,711 INFO o.a.j.r.Summariser: summary =     40 in 00:34:40 =    0.0/s Avg: 51999 Min: 48519 Max: 66710 Err:     0 (0.00%)
2017-07-26 17:11:32,388 INFO o.a.j.r.Summariser: summary +      9 in 00:07:27 =    0.0/s Avg: 49629 Min: 48533 Max: 51806 Err:     0 (0.00%) Active: 1 Started: 1 Finished: 0
2017-07-26 17:11:32,389 INFO o.a.j.r.Summariser: summary =     49 in 00:42:07 =    0.0/s Avg: 51563 Min: 48519 Max: 66710 Err:     0 (0.00%)
2017-07-26 17:14:02,924 INFO o.a.j.r.Summariser: summary +      3 in 00:02:31 =    0.0/s Avg: 50177 Min: 48235 Max: 51665 Err:     0 (0.00%) Active: 1 Started: 1 Finished: 0
2017-07-26 17:14:02,924 INFO o.a.j.r.Summariser: summary =     52 in 00:44:37 =    0.0/s Avg: 51483 Min: 48235 Max: 66710 Err:     0 (0.00%)
2017-07-26 17:16:30,311 INFO o.a.j.r.Summariser: summary +      3 in 00:02:27 =    0.0/s Avg: 49128 Min: 48758 Max: 49534 Err:     0 (0.00%) Active: 1 Started: 1 Finished: 0
2017-07-26 17:16:30,311 INFO o.a.j.r.Summariser: summary =     55 in 00:47:05 =    0.0/s Avg: 51355 Min: 48235 Max: 66710 Err:     0 (0.00%)
2017-07-26 17:20:32,129 INFO o.a.j.r.Summariser: summary +      5 in 00:04:02 =    0.0/s Avg: 48362 Min: 47899 Max: 48877 Err:     0 (0.00%) Active: 1 Started: 1 Finished: 0
2017-07-26 17:20:32,130 INFO o.a.j.r.Summariser: summary =     60 in 00:51:07 =    0.0/s Avg: 51105 Min: 47899 Max: 66710 Err:     0 (0.00%)
2017-07-26 17:23:03,172 INFO o.a.j.r.Summariser: summary +      3 in 00:02:31 =    0.0/s Avg: 50346 Min: 49294 Max: 51484 Err:     0 (0.00%) Active: 1 Started: 1 Finished: 0
2017-07-26 17:23:03,172 INFO o.a.j.r.Summariser: summary =     63 in 00:53:38 =    0.0/s Avg: 51069 Min: 47899 Max: 66710 Err:     0 (0.00%)
2017-07-26 17:25:30,417 INFO o.a.j.r.Summariser: summary +      3 in 00:02:27 =    0.0/s Avg: 49080 Min: 48685 Max: 49338 Err:     0 (0.00%) Active: 1 Started: 1 Finished: 0
2017-07-26 17:25:30,417 INFO o.a.j.r.Summariser: summary =     66 in 00:56:05 =    0.0/s Avg: 50979 Min: 47899 Max: 66710 Err:     0 (0.00%)
2017-07-26 17:29:34,613 INFO o.a.j.r.Summariser: summary +      5 in 00:04:04 =    0.0/s Avg: 48837 Min: 48045 Max: 51472 Err:     0 (0.00%) Active: 1 Started: 1 Finished: 0
2017-07-26 17:29:34,613 INFO o.a.j.r.Summariser: summary =     71 in 01:00:09 =    0.0/s Avg: 50828 Min: 47899 Max: 66710 Err:     0 (0.00%)
2017-07-26 17:32:02,485 INFO o.a.j.r.Summariser: summary +      3 in 00:02:28 =    0.0/s Avg: 49289 Min: 48342 Max: 50274 Err:     0 (0.00%) Active: 1 Started: 1 Finished: 0
2017-07-26 17:32:02,485 INFO o.a.j.r.Summariser: summary =     74 in 01:02:37 =    0.0/s Avg: 50766 Min: 47899 Max: 66710 Err:     0 (0.00%)
2017-07-26 17:36:03,688 INFO o.a.j.r.Summariser: summary +      5 in 00:04:01 =    0.0/s Avg: 48240 Min: 47724 Max: 48793 Err:     0 (0.00%) Active: 1 Started: 1 Finished: 0
2017-07-26 17:36:03,689 INFO o.a.j.r.Summariser: summary =     79 in 01:06:38 =    0.0/s Avg: 50606 Min: 47724 Max: 66710 Err:     0 (0.00%)
2017-07-26 17:38:33,106 INFO o.a.j.r.Summariser: summary +      3 in 00:02:29 =    0.0/s Avg: 49804 Min: 47924 Max: 51347 Err:     0 (0.00%) Active: 1 Started: 1 Finished: 0
2017-07-26 17:38:33,106 INFO o.a.j.r.Summariser: summary =     82 in 01:09:08 =    0.0/s Avg: 50576 Min: 47724 Max: 66710 Err:     0 (0.00%)
2017-07-26 17:42:35,857 INFO o.a.j.r.Summariser: summary +      5 in 00:04:03 =    0.0/s Avg: 48549 Min: 47962 Max: 49249 Err:     0 (0.00%) Active: 1 Started: 1 Finished: 0
2017-07-26 17:42:35,858 INFO o.a.j.r.Summariser: summary =     87 in 01:13:10 =    0.0/s Avg: 50460 Min: 47724 Max: 66710 Err:     0 (0.00%)
2017-07-26 17:49:04,825 INFO o.a.j.r.Summariser: summary +      8 in 00:06:29 =    0.0/s Avg: 48619 Min: 47543 Max: 50903 Err:     0 (0.00%) Active: 1 Started: 1 Finished: 0
2017-07-26 17:49:04,826 INFO o.a.j.r.Summariser: summary =     95 in 01:19:39 =    0.0/s Avg: 50305 Min: 47543 Max: 66710 Err:     0 (0.00%)
2017-07-26 17:53:02,865 INFO o.a.j.r.Summariser: summary +      5 in 00:03:58 =    0.0/s Avg: 47606 Min: 47286 Max: 48031 Err:     0 (0.00%) Active: 1 Started: 1 Finished: 0
2017-07-26 17:53:02,865 INFO o.a.j.r.Summariser: summary =    100 in 01:23:37 =    0.0/s Avg: 50170 Min: 47286 Max: 66710 Err:     0 (0.00%)
2017-07-26 17:53:02,865 INFO o.a.j.t.JMeterThread: Thread is done: The thread Group 1-1
2017-07-26 17:53:02,865 INFO o.a.j.t.JMeterThread: Thread finished: The thread Group 1-1
2017-07-26 17:53:02,866 INFO o.a.j.e.StandardJMeterEngine: Notifying test listeners of end of test
2017-07-26 17:53:02,866 INFO o.a.j.s.FileServer: Close: /Users/jeb228/Development/DataDistributionAPI/testing/tests_and_results/DepartmentWordCloud/DepartmentUris.csv
2017-07-26 17:53:02,866 INFO o.a.j.r.Summariser: summary =    100 in 01:23:37 =    0.0/s Avg: 50170 Min: 47286 Max: 66710 Err:     0 (0.00%)
