2017-07-25 08:21:34,112 INFO o.a.j.u.JMeterUtils: Setting Locale to en_US
2017-07-25 08:21:34,123 INFO o.a.j.JMeter: Loading user properties from: /Users/jeb228/Software/forMac/JMeter/apache-jmeter-3.2/bin/user.properties
2017-07-25 08:21:34,125 INFO o.a.j.JMeter: Loading system properties from: /Users/jeb228/Software/forMac/JMeter/apache-jmeter-3.2/bin/system.properties
2017-07-25 08:21:34,125 INFO o.a.j.JMeter: Setting JMeter property: dir.base=/Users/jeb228/Development/DataDistributionAPI/testing/tests_and_results/DepartmentWordCloud/_results
2017-07-25 08:21:34,125 INFO o.a.j.JMeter: Setting JMeter property: dir.output=/Users/jeb228/Development/DataDistributionAPI/testing/tests_and_results/DepartmentWordCloud/_results/scholars_dwc_optionals_2
2017-07-25 08:21:34,125 INFO o.a.j.JMeter: Setting JMeter property: context.path=scholars
2017-07-25 08:21:34,125 INFO o.a.j.JMeter: Setting JMeter property: action.name=dwc_optionals
2017-07-25 08:21:34,125 INFO o.a.j.JMeter: Setting JMeter property: file.uris=/Users/jeb228/Development/DataDistributionAPI/testing/tests_and_results/DepartmentWordCloud/DepartmentUris.csv
2017-07-25 08:21:34,125 INFO o.a.j.JMeter: Setting JMeter property: sample_variables=LABEL
2017-07-25 08:21:34,129 INFO o.a.j.JMeter: Copyright (c) 1998-2017 The Apache Software Foundation
2017-07-25 08:21:34,129 INFO o.a.j.JMeter: Version 3.2 r1790748
2017-07-25 08:21:34,129 INFO o.a.j.JMeter: java.version=1.8.0_131
2017-07-25 08:21:34,129 INFO o.a.j.JMeter: java.vm.name=Java HotSpot(TM) 64-Bit Server VM
2017-07-25 08:21:34,129 INFO o.a.j.JMeter: os.name=Mac OS X
2017-07-25 08:21:34,129 INFO o.a.j.JMeter: os.arch=x86_64
2017-07-25 08:21:34,129 INFO o.a.j.JMeter: os.version=10.12.6
2017-07-25 08:21:34,129 INFO o.a.j.JMeter: file.encoding=UTF-8
2017-07-25 08:21:34,129 INFO o.a.j.JMeter: Max memory     =536870912
2017-07-25 08:21:34,129 INFO o.a.j.JMeter: Available Processors =4
2017-07-25 08:21:34,132 INFO o.a.j.JMeter: Default Locale=English (United States)
2017-07-25 08:21:34,132 INFO o.a.j.JMeter: JMeter  Locale=English (United States)
2017-07-25 08:21:34,132 INFO o.a.j.JMeter: JMeterHome=/Users/jeb228/Software/forMac/JMeter/apache-jmeter-3.2
2017-07-25 08:21:34,132 INFO o.a.j.JMeter: user.dir  =/Users/jeb228/Development/DataDistributionAPI/testing/tests_and_results/DepartmentWordCloud/_results
2017-07-25 08:21:34,132 INFO o.a.j.JMeter: PWD       =/Users/jeb228/Development/DataDistributionAPI/testing/tests_and_results/DepartmentWordCloud/_results
2017-07-25 08:21:34,134 INFO o.a.j.JMeter: IP: 10.0.1.36 Name: lib-jeb228-maclap.local FullName: 10.0.1.36
2017-07-25 08:21:34,136 INFO o.a.j.s.FileServer: Default base='/Users/jeb228/Development/DataDistributionAPI/testing/tests_and_results/DepartmentWordCloud/_results'
2017-07-25 08:21:34,136 INFO o.a.j.s.FileServer: Set new base='/Users/jeb228/Development/DataDistributionAPI/testing/tests_and_results/DepartmentWordCloud'
2017-07-25 08:21:34,221 INFO o.a.j.s.SaveService: Testplan (JMX) version: 2.2. Testlog (JTL) version: 2.2
2017-07-25 08:21:34,235 INFO o.a.j.s.SaveService: Using SaveService properties file encoding UTF-8
2017-07-25 08:21:34,247 INFO o.a.j.s.SaveService: Using SaveService properties version 3.2
2017-07-25 08:21:34,252 INFO o.a.j.s.SaveService: Loading file: /Users/jeb228/Development/DataDistributionAPI/testing/tests_and_results/DepartmentWordCloud/DepartmentWordClouds.jmx
2017-07-25 08:21:34,286 INFO o.a.j.p.h.s.HTTPSamplerBase: Parser for text/html is org.apache.jmeter.protocol.http.parser.LagartoBasedHtmlParser
2017-07-25 08:21:34,286 INFO o.a.j.p.h.s.HTTPSamplerBase: Parser for application/xhtml+xml is org.apache.jmeter.protocol.http.parser.LagartoBasedHtmlParser
2017-07-25 08:21:34,286 INFO o.a.j.p.h.s.HTTPSamplerBase: Parser for application/xml is org.apache.jmeter.protocol.http.parser.LagartoBasedHtmlParser
2017-07-25 08:21:34,286 INFO o.a.j.p.h.s.HTTPSamplerBase: Parser for text/xml is org.apache.jmeter.protocol.http.parser.LagartoBasedHtmlParser
2017-07-25 08:21:34,287 INFO o.a.j.p.h.s.HTTPSamplerBase: Parser for text/vnd.wap.wml is org.apache.jmeter.protocol.http.parser.RegexpHTMLParser
2017-07-25 08:21:34,287 INFO o.a.j.p.h.s.HTTPSamplerBase: Parser for text/css is org.apache.jmeter.protocol.http.parser.CssParser
2017-07-25 08:21:34,294 INFO o.a.j.JMeter: Creating summariser <summary>
2017-07-25 08:21:34,302 INFO o.a.j.e.StandardJMeterEngine: Running the test!
2017-07-25 08:21:34,302 INFO o.a.j.s.SampleEvent: List of sample_variables: [LABEL]
2017-07-25 08:21:34,302 INFO o.a.j.s.SampleEvent: List of sample_variables: [LABEL]
2017-07-25 08:21:34,305 INFO o.a.j.e.u.CompoundVariable: Note: Function class names must contain the string: '.functions.'
2017-07-25 08:21:34,305 INFO o.a.j.e.u.CompoundVariable: Note: Function class names must not contain the string: '.gui.'
2017-07-25 08:21:34,547 INFO o.a.j.JMeter: Running test (1500985294547)
2017-07-25 08:21:34,581 INFO o.a.j.e.StandardJMeterEngine: Starting ThreadGroup: 1 : The thread Group
2017-07-25 08:21:34,582 INFO o.a.j.e.StandardJMeterEngine: Starting 1 threads for group The thread Group.
2017-07-25 08:21:34,582 INFO o.a.j.e.StandardJMeterEngine: Thread will continue on error
2017-07-25 08:21:34,582 INFO o.a.j.t.ThreadGroup: Starting thread group... number=1 threads=1 ramp-up=1 perThread=1000.0 delayedStart=false
2017-07-25 08:21:34,586 INFO o.a.j.t.ThreadGroup: Started thread group number 1
2017-07-25 08:21:34,586 INFO o.a.j.e.StandardJMeterEngine: All thread groups have been started
2017-07-25 08:21:34,823 INFO o.a.j.t.JMeterThread: Thread started: The thread Group 1-1
2017-07-25 08:21:34,827 INFO o.a.j.s.FileServer: Stored: /Users/jeb228/Development/DataDistributionAPI/testing/tests_and_results/DepartmentWordCloud/DepartmentUris.csv
2017-07-25 08:21:34,845 INFO o.a.j.p.h.s.HTTPHCAbstractImpl: Local host = lib-jeb228-maclap.local
2017-07-25 08:21:34,850 INFO o.a.j.p.h.s.HTTPHC4Impl: HTTP request retry count = 0
2017-07-25 08:21:34,858 INFO o.a.j.s.SampleResult: Note: Sample TimeStamps are START times
2017-07-25 08:21:34,858 INFO o.a.j.s.SampleResult: sampleresult.default.encoding is set to ISO-8859-1
2017-07-25 08:21:34,858 INFO o.a.j.s.SampleResult: sampleresult.useNanoTime=true
2017-07-25 08:21:34,858 INFO o.a.j.s.SampleResult: sampleresult.nanoThreadSleep=5000
2017-07-25 08:22:03,885 INFO o.a.j.r.Summariser: summary +      4 in 00:00:29 =    0.1/s Avg:  7249 Min:  3170 Max: 15194 Err:     0 (0.00%) Active: 1 Started: 1 Finished: 0
2017-07-25 08:22:33,269 INFO o.a.j.r.Summariser: summary +      7 in 00:00:29 =    0.2/s Avg:  4196 Min:  1385 Max: 13821 Err:     0 (0.00%) Active: 1 Started: 1 Finished: 0
2017-07-25 08:22:33,269 INFO o.a.j.r.Summariser: summary =     11 in 00:00:59 =    0.2/s Avg:  5306 Min:  1385 Max: 15194 Err:     0 (0.00%)
2017-07-25 08:23:00,547 INFO o.a.j.r.Summariser: summary +      8 in 00:00:27 =    0.3/s Avg:  3409 Min:  1364 Max:  6320 Err:     0 (0.00%) Active: 1 Started: 1 Finished: 0
2017-07-25 08:23:00,548 INFO o.a.j.r.Summariser: summary =     19 in 00:01:26 =    0.2/s Avg:  4507 Min:  1364 Max: 15194 Err:     0 (0.00%)
2017-07-25 08:23:34,358 INFO o.a.j.r.Summariser: summary +      6 in 00:00:34 =    0.2/s Avg:  5634 Min:  1409 Max: 13587 Err:     0 (0.00%) Active: 1 Started: 1 Finished: 0
2017-07-25 08:23:34,358 INFO o.a.j.r.Summariser: summary =     25 in 00:02:00 =    0.2/s Avg:  4778 Min:  1364 Max: 15194 Err:     0 (0.00%)
2017-07-25 08:24:01,412 INFO o.a.j.r.Summariser: summary +      7 in 00:00:27 =    0.3/s Avg:  3864 Min:  1417 Max: 13576 Err:     0 (0.00%) Active: 1 Started: 1 Finished: 0
2017-07-25 08:24:01,412 INFO o.a.j.r.Summariser: summary =     32 in 00:02:27 =    0.2/s Avg:  4578 Min:  1364 Max: 15194 Err:     0 (0.00%)
2017-07-25 08:25:02,401 INFO o.a.j.r.Summariser: summary +     14 in 00:01:01 =    0.2/s Avg:  4355 Min:  1408 Max: 13576 Err:     0 (0.00%) Active: 1 Started: 1 Finished: 0
2017-07-25 08:25:02,401 INFO o.a.j.r.Summariser: summary =     46 in 00:03:28 =    0.2/s Avg:  4510 Min:  1364 Max: 15194 Err:     0 (0.00%)
2017-07-25 08:25:32,364 INFO o.a.j.r.Summariser: summary +      7 in 00:00:30 =    0.2/s Avg:  4279 Min:  1394 Max: 13738 Err:     0 (0.00%) Active: 1 Started: 1 Finished: 0
2017-07-25 08:25:32,364 INFO o.a.j.r.Summariser: summary =     53 in 00:03:58 =    0.2/s Avg:  4480 Min:  1364 Max: 15194 Err:     0 (0.00%)
2017-07-25 08:26:05,130 INFO o.a.j.r.Summariser: summary +      8 in 00:00:33 =    0.2/s Avg:  4094 Min:  1406 Max: 13545 Err:     0 (0.00%) Active: 1 Started: 1 Finished: 0
2017-07-25 08:26:05,130 INFO o.a.j.r.Summariser: summary =     61 in 00:04:31 =    0.2/s Avg:  4429 Min:  1364 Max: 15194 Err:     0 (0.00%)
2017-07-25 08:26:31,099 INFO o.a.j.r.Summariser: summary +      7 in 00:00:26 =    0.3/s Avg:  3709 Min:  1862 Max:  6300 Err:     0 (0.00%) Active: 1 Started: 1 Finished: 0
2017-07-25 08:26:31,099 INFO o.a.j.r.Summariser: summary =     68 in 00:04:57 =    0.2/s Avg:  4355 Min:  1364 Max: 15194 Err:     0 (0.00%)
2017-07-25 08:27:02,118 INFO o.a.j.r.Summariser: summary +      6 in 00:00:31 =    0.2/s Avg:  5169 Min:  1364 Max: 14475 Err:     0 (0.00%) Active: 1 Started: 1 Finished: 0
2017-07-25 08:27:02,118 INFO o.a.j.r.Summariser: summary =     74 in 00:05:28 =    0.2/s Avg:  4421 Min:  1364 Max: 15194 Err:     0 (0.00%)
2017-07-25 08:27:30,718 INFO o.a.j.r.Summariser: summary +      7 in 00:00:29 =    0.2/s Avg:  4085 Min:  1367 Max: 13446 Err:     0 (0.00%) Active: 1 Started: 1 Finished: 0
2017-07-25 08:27:30,718 INFO o.a.j.r.Summariser: summary =     81 in 00:05:56 =    0.2/s Avg:  4392 Min:  1364 Max: 15194 Err:     0 (0.00%)
2017-07-25 08:28:32,018 INFO o.a.j.r.Summariser: summary +     14 in 00:01:01 =    0.2/s Avg:  4378 Min:  1392 Max: 13577 Err:     0 (0.00%) Active: 1 Started: 1 Finished: 0
2017-07-25 08:28:32,018 INFO o.a.j.r.Summariser: summary =     95 in 00:06:57 =    0.2/s Avg:  4390 Min:  1364 Max: 15194 Err:     0 (0.00%)
2017-07-25 08:28:42,055 INFO o.a.j.t.JMeterThread: Thread is done: The thread Group 1-1
2017-07-25 08:28:42,055 INFO o.a.j.t.JMeterThread: Thread finished: The thread Group 1-1
2017-07-25 08:28:42,055 INFO o.a.j.e.StandardJMeterEngine: Notifying test listeners of end of test
2017-07-25 08:28:42,055 INFO o.a.j.s.FileServer: Close: /Users/jeb228/Development/DataDistributionAPI/testing/tests_and_results/DepartmentWordCloud/DepartmentUris.csv
2017-07-25 08:28:42,056 INFO o.a.j.r.Summariser: summary +      5 in 00:00:10 =    0.5/s Avg:  2007 Min:  1424 Max:  2955 Err:     0 (0.00%) Active: 0 Started: 1 Finished: 1
2017-07-25 08:28:42,056 INFO o.a.j.r.Summariser: summary =    100 in 00:07:08 =    0.2/s Avg:  4271 Min:  1364 Max: 15194 Err:     0 (0.00%)
