2017-07-24 20:45:38,667 INFO o.a.j.u.JMeterUtils: Setting Locale to en_US
2017-07-24 20:45:38,676 INFO o.a.j.JMeter: Loading user properties from: /Users/jeb228/Software/forMac/JMeter/apache-jmeter-3.2/bin/user.properties
2017-07-24 20:45:38,677 INFO o.a.j.JMeter: Loading system properties from: /Users/jeb228/Software/forMac/JMeter/apache-jmeter-3.2/bin/system.properties
2017-07-24 20:45:38,677 INFO o.a.j.JMeter: Setting JMeter property: dir.base=/Users/jeb228/Development/DataDistributionAPI/testing/tests_and_results/OrganizationResearchAreas/_results
2017-07-24 20:45:38,677 INFO o.a.j.JMeter: Setting JMeter property: dir.output=/Users/jeb228/Development/DataDistributionAPI/testing/tests_and_results/OrganizationResearchAreas/_results/vivo_ora_drill_L4_1
2017-07-24 20:45:38,677 INFO o.a.j.JMeter: Setting JMeter property: context.path=vivo
2017-07-24 20:45:38,677 INFO o.a.j.JMeter: Setting JMeter property: action.name=ora_drill_L4
2017-07-24 20:45:38,677 INFO o.a.j.JMeter: Setting JMeter property: file.uris=/Users/jeb228/Development/DataDistributionAPI/testing/tests_and_results/OrganizationResearchAreas/OrganizationUris.csv
2017-07-24 20:45:38,678 INFO o.a.j.JMeter: Setting JMeter property: sample_variables=LABEL
2017-07-24 20:45:38,681 INFO o.a.j.JMeter: Copyright (c) 1998-2017 The Apache Software Foundation
2017-07-24 20:45:38,681 INFO o.a.j.JMeter: Version 3.2 r1790748
2017-07-24 20:45:38,681 INFO o.a.j.JMeter: java.version=1.8.0_131
2017-07-24 20:45:38,681 INFO o.a.j.JMeter: java.vm.name=Java HotSpot(TM) 64-Bit Server VM
2017-07-24 20:45:38,681 INFO o.a.j.JMeter: os.name=Mac OS X
2017-07-24 20:45:38,681 INFO o.a.j.JMeter: os.arch=x86_64
2017-07-24 20:45:38,681 INFO o.a.j.JMeter: os.version=10.12.6
2017-07-24 20:45:38,681 INFO o.a.j.JMeter: file.encoding=UTF-8
2017-07-24 20:45:38,681 INFO o.a.j.JMeter: Max memory     =536870912
2017-07-24 20:45:38,681 INFO o.a.j.JMeter: Available Processors =4
2017-07-24 20:45:38,684 INFO o.a.j.JMeter: Default Locale=English (United States)
2017-07-24 20:45:38,684 INFO o.a.j.JMeter: JMeter  Locale=English (United States)
2017-07-24 20:45:38,684 INFO o.a.j.JMeter: JMeterHome=/Users/jeb228/Software/forMac/JMeter/apache-jmeter-3.2
2017-07-24 20:45:38,684 INFO o.a.j.JMeter: user.dir  =/Users/jeb228/Development/DataDistributionAPI/testing/tests_and_results/OrganizationResearchAreas/_results
2017-07-24 20:45:38,685 INFO o.a.j.JMeter: PWD       =/Users/jeb228/Development/DataDistributionAPI/testing/tests_and_results/OrganizationResearchAreas/_results
2017-07-24 20:45:38,692 INFO o.a.j.JMeter: IP: 10.0.1.36 Name: lib-jeb228-maclap.local FullName: 10.0.1.36
2017-07-24 20:45:38,696 INFO o.a.j.s.FileServer: Default base='/Users/jeb228/Development/DataDistributionAPI/testing/tests_and_results/OrganizationResearchAreas/_results'
2017-07-24 20:45:38,696 INFO o.a.j.s.FileServer: Set new base='/Users/jeb228/Development/DataDistributionAPI/testing/tests_and_results/OrganizationResearchAreas'
2017-07-24 20:45:38,782 INFO o.a.j.s.SaveService: Testplan (JMX) version: 2.2. Testlog (JTL) version: 2.2
2017-07-24 20:45:38,793 INFO o.a.j.s.SaveService: Using SaveService properties file encoding UTF-8
2017-07-24 20:45:38,806 INFO o.a.j.s.SaveService: Using SaveService properties version 3.2
2017-07-24 20:45:38,810 INFO o.a.j.s.SaveService: Loading file: /Users/jeb228/Development/DataDistributionAPI/testing/tests_and_results/OrganizationResearchAreas/OrganizationResearchAreas.jmx
2017-07-24 20:45:38,844 INFO o.a.j.p.h.s.HTTPSamplerBase: Parser for text/html is org.apache.jmeter.protocol.http.parser.LagartoBasedHtmlParser
2017-07-24 20:45:38,844 INFO o.a.j.p.h.s.HTTPSamplerBase: Parser for application/xhtml+xml is org.apache.jmeter.protocol.http.parser.LagartoBasedHtmlParser
2017-07-24 20:45:38,844 INFO o.a.j.p.h.s.HTTPSamplerBase: Parser for application/xml is org.apache.jmeter.protocol.http.parser.LagartoBasedHtmlParser
2017-07-24 20:45:38,844 INFO o.a.j.p.h.s.HTTPSamplerBase: Parser for text/xml is org.apache.jmeter.protocol.http.parser.LagartoBasedHtmlParser
2017-07-24 20:45:38,845 INFO o.a.j.p.h.s.HTTPSamplerBase: Parser for text/vnd.wap.wml is org.apache.jmeter.protocol.http.parser.RegexpHTMLParser
2017-07-24 20:45:38,845 INFO o.a.j.p.h.s.HTTPSamplerBase: Parser for text/css is org.apache.jmeter.protocol.http.parser.CssParser
2017-07-24 20:45:38,852 INFO o.a.j.JMeter: Creating summariser <summary>
2017-07-24 20:45:38,860 INFO o.a.j.e.StandardJMeterEngine: Running the test!
2017-07-24 20:45:38,860 INFO o.a.j.s.SampleEvent: List of sample_variables: [LABEL]
2017-07-24 20:45:38,860 INFO o.a.j.s.SampleEvent: List of sample_variables: [LABEL]
2017-07-24 20:45:38,863 INFO o.a.j.e.u.CompoundVariable: Note: Function class names must contain the string: '.functions.'
2017-07-24 20:45:38,863 INFO o.a.j.e.u.CompoundVariable: Note: Function class names must not contain the string: '.gui.'
2017-07-24 20:45:39,100 INFO o.a.j.JMeter: Running test (1500943539100)
2017-07-24 20:45:39,132 INFO o.a.j.e.StandardJMeterEngine: Starting ThreadGroup: 1 : The thread Group
2017-07-24 20:45:39,132 INFO o.a.j.e.StandardJMeterEngine: Starting 1 threads for group The thread Group.
2017-07-24 20:45:39,132 INFO o.a.j.e.StandardJMeterEngine: Thread will continue on error
2017-07-24 20:45:39,132 INFO o.a.j.t.ThreadGroup: Starting thread group... number=1 threads=1 ramp-up=1 perThread=1000.0 delayedStart=false
2017-07-24 20:45:39,135 INFO o.a.j.t.ThreadGroup: Started thread group number 1
2017-07-24 20:45:39,135 INFO o.a.j.e.StandardJMeterEngine: All thread groups have been started
2017-07-24 20:45:39,219 INFO o.a.j.t.JMeterThread: Thread started: The thread Group 1-1
2017-07-24 20:45:39,222 INFO o.a.j.s.FileServer: Stored: /Users/jeb228/Development/DataDistributionAPI/testing/tests_and_results/OrganizationResearchAreas/OrganizationUris.csv
2017-07-24 20:45:39,232 INFO o.a.j.p.h.s.HTTPHCAbstractImpl: Local host = lib-jeb228-maclap.local
2017-07-24 20:45:39,236 INFO o.a.j.p.h.s.HTTPHC4Impl: HTTP request retry count = 0
2017-07-24 20:45:39,240 INFO o.a.j.s.SampleResult: Note: Sample TimeStamps are START times
2017-07-24 20:45:39,241 INFO o.a.j.s.SampleResult: sampleresult.default.encoding is set to ISO-8859-1
2017-07-24 20:45:39,241 INFO o.a.j.s.SampleResult: sampleresult.useNanoTime=true
2017-07-24 20:45:39,241 INFO o.a.j.s.SampleResult: sampleresult.nanoThreadSleep=5000
2017-07-24 20:46:01,199 INFO o.a.j.r.Summariser: summary +      9 in 00:00:22 =    0.4/s Avg:  2437 Min:  1744 Max:  4299 Err:     0 (0.00%) Active: 1 Started: 1 Finished: 0
2017-07-24 20:46:31,192 INFO o.a.j.r.Summariser: summary +     14 in 00:00:30 =    0.5/s Avg:  2141 Min:   480 Max:  3805 Err:     0 (0.00%) Active: 1 Started: 1 Finished: 0
2017-07-24 20:46:31,193 INFO o.a.j.r.Summariser: summary =     23 in 00:00:52 =    0.4/s Avg:  2257 Min:   480 Max:  4299 Err:     0 (0.00%)
2017-07-24 20:47:01,196 INFO o.a.j.r.Summariser: summary +     14 in 00:00:30 =    0.5/s Avg:  2142 Min:   525 Max:  3249 Err:     0 (0.00%) Active: 1 Started: 1 Finished: 0
2017-07-24 20:47:01,196 INFO o.a.j.r.Summariser: summary =     37 in 00:01:22 =    0.5/s Avg:  2214 Min:   480 Max:  4299 Err:     0 (0.00%)
2017-07-24 20:47:31,740 INFO o.a.j.r.Summariser: summary +     14 in 00:00:31 =    0.5/s Avg:  2181 Min:   524 Max:  3788 Err:     0 (0.00%) Active: 1 Started: 1 Finished: 0
2017-07-24 20:47:31,740 INFO o.a.j.r.Summariser: summary =     51 in 00:01:53 =    0.5/s Avg:  2205 Min:   480 Max:  4299 Err:     0 (0.00%)
2017-07-24 20:48:01,888 INFO o.a.j.r.Summariser: summary +     14 in 00:00:30 =    0.5/s Avg:  2152 Min:   525 Max:  3241 Err:     0 (0.00%) Active: 1 Started: 1 Finished: 0
2017-07-24 20:48:01,888 INFO o.a.j.r.Summariser: summary =     65 in 00:02:23 =    0.5/s Avg:  2193 Min:   480 Max:  4299 Err:     0 (0.00%)
2017-07-24 20:48:30,007 INFO o.a.j.r.Summariser: summary +     13 in 00:00:28 =    0.5/s Avg:  2162 Min:   531 Max:  3275 Err:     0 (0.00%) Active: 1 Started: 1 Finished: 0
2017-07-24 20:48:30,007 INFO o.a.j.r.Summariser: summary =     78 in 00:02:51 =    0.5/s Avg:  2188 Min:   480 Max:  4299 Err:     0 (0.00%)
2017-07-24 20:49:01,771 INFO o.a.j.r.Summariser: summary +     15 in 00:00:32 =    0.5/s Avg:  2117 Min:   524 Max:  3552 Err:     0 (0.00%) Active: 1 Started: 1 Finished: 0
2017-07-24 20:49:01,772 INFO o.a.j.r.Summariser: summary =     93 in 00:03:23 =    0.5/s Avg:  2177 Min:   480 Max:  4299 Err:     0 (0.00%)
2017-07-24 20:49:15,216 INFO o.a.j.t.JMeterThread: Thread is done: The thread Group 1-1
2017-07-24 20:49:15,217 INFO o.a.j.t.JMeterThread: Thread finished: The thread Group 1-1
2017-07-24 20:49:15,217 INFO o.a.j.e.StandardJMeterEngine: Notifying test listeners of end of test
2017-07-24 20:49:15,217 INFO o.a.j.s.FileServer: Close: /Users/jeb228/Development/DataDistributionAPI/testing/tests_and_results/OrganizationResearchAreas/OrganizationUris.csv
2017-07-24 20:49:15,218 INFO o.a.j.r.Summariser: summary +      7 in 00:00:13 =    0.5/s Avg:  1920 Min:   527 Max:  2728 Err:     0 (0.00%) Active: 0 Started: 1 Finished: 1
2017-07-24 20:49:15,219 INFO o.a.j.r.Summariser: summary =    100 in 00:03:36 =    0.5/s Avg:  2159 Min:   480 Max:  4299 Err:     0 (0.00%)
