2017-08-08 21:18:22,602 INFO o.a.j.u.JMeterUtils: Setting Locale to en_US
2017-08-08 21:18:22,612 INFO o.a.j.JMeter: Loading user properties from: /Users/jeb228/Software/forMac/JMeter/apache-jmeter-3.2/bin/user.properties
2017-08-08 21:18:22,613 INFO o.a.j.JMeter: Loading system properties from: /Users/jeb228/Software/forMac/JMeter/apache-jmeter-3.2/bin/system.properties
2017-08-08 21:18:22,614 INFO o.a.j.JMeter: Setting JMeter property: dir.base=/Users/jeb228/Development/DataDistributionAPI/testing/tests_and_results/DepartmentWordCloud/_results
2017-08-08 21:18:22,614 INFO o.a.j.JMeter: Setting JMeter property: dir.output=/Users/jeb228/Development/DataDistributionAPI/testing/tests_and_results/DepartmentWordCloud/_results/vivo_dwc_3queries_2
2017-08-08 21:18:22,614 INFO o.a.j.JMeter: Setting JMeter property: context.path=vivo
2017-08-08 21:18:22,614 INFO o.a.j.JMeter: Setting JMeter property: action.name=dwc_3queries
2017-08-08 21:18:22,614 INFO o.a.j.JMeter: Setting JMeter property: file.uris=/Users/jeb228/Development/DataDistributionAPI/testing/tests_and_results/DepartmentWordCloud/DepartmentUris.csv
2017-08-08 21:18:22,614 INFO o.a.j.JMeter: Setting JMeter property: sample_variables=LABEL
2017-08-08 21:18:22,618 INFO o.a.j.JMeter: Copyright (c) 1998-2017 The Apache Software Foundation
2017-08-08 21:18:22,618 INFO o.a.j.JMeter: Version 3.2 r1790748
2017-08-08 21:18:22,618 INFO o.a.j.JMeter: java.version=1.8.0_131
2017-08-08 21:18:22,618 INFO o.a.j.JMeter: java.vm.name=Java HotSpot(TM) 64-Bit Server VM
2017-08-08 21:18:22,618 INFO o.a.j.JMeter: os.name=Mac OS X
2017-08-08 21:18:22,618 INFO o.a.j.JMeter: os.arch=x86_64
2017-08-08 21:18:22,618 INFO o.a.j.JMeter: os.version=10.12.6
2017-08-08 21:18:22,618 INFO o.a.j.JMeter: file.encoding=UTF-8
2017-08-08 21:18:22,618 INFO o.a.j.JMeter: Max memory     =536870912
2017-08-08 21:18:22,618 INFO o.a.j.JMeter: Available Processors =4
2017-08-08 21:18:22,621 INFO o.a.j.JMeter: Default Locale=English (United States)
2017-08-08 21:18:22,621 INFO o.a.j.JMeter: JMeter  Locale=English (United States)
2017-08-08 21:18:22,621 INFO o.a.j.JMeter: JMeterHome=/Users/jeb228/Software/forMac/JMeter/apache-jmeter-3.2
2017-08-08 21:18:22,621 INFO o.a.j.JMeter: user.dir  =/Users/jeb228/Development/DataDistributionAPI/testing/tests_and_results/DepartmentWordCloud/_results
2017-08-08 21:18:22,621 INFO o.a.j.JMeter: PWD       =/Users/jeb228/Development/DataDistributionAPI/testing/tests_and_results/DepartmentWordCloud/_results
2017-08-08 21:18:22,628 INFO o.a.j.JMeter: IP: 10.0.1.38 Name: lib-jeb228-maclap.local FullName: 10.0.1.38
2017-08-08 21:18:22,631 INFO o.a.j.s.FileServer: Default base='/Users/jeb228/Development/DataDistributionAPI/testing/tests_and_results/DepartmentWordCloud/_results'
2017-08-08 21:18:22,631 INFO o.a.j.s.FileServer: Set new base='/Users/jeb228/Development/DataDistributionAPI/testing/tests_and_results/DepartmentWordCloud'
2017-08-08 21:18:22,718 INFO o.a.j.s.SaveService: Testplan (JMX) version: 2.2. Testlog (JTL) version: 2.2
2017-08-08 21:18:22,730 INFO o.a.j.s.SaveService: Using SaveService properties file encoding UTF-8
2017-08-08 21:18:22,744 INFO o.a.j.s.SaveService: Using SaveService properties version 3.2
2017-08-08 21:18:22,748 INFO o.a.j.s.SaveService: Loading file: /Users/jeb228/Development/DataDistributionAPI/testing/tests_and_results/DepartmentWordCloud/DepartmentWordClouds.jmx
2017-08-08 21:18:22,782 INFO o.a.j.p.h.s.HTTPSamplerBase: Parser for text/html is org.apache.jmeter.protocol.http.parser.LagartoBasedHtmlParser
2017-08-08 21:18:22,782 INFO o.a.j.p.h.s.HTTPSamplerBase: Parser for application/xhtml+xml is org.apache.jmeter.protocol.http.parser.LagartoBasedHtmlParser
2017-08-08 21:18:22,782 INFO o.a.j.p.h.s.HTTPSamplerBase: Parser for application/xml is org.apache.jmeter.protocol.http.parser.LagartoBasedHtmlParser
2017-08-08 21:18:22,782 INFO o.a.j.p.h.s.HTTPSamplerBase: Parser for text/xml is org.apache.jmeter.protocol.http.parser.LagartoBasedHtmlParser
2017-08-08 21:18:22,782 INFO o.a.j.p.h.s.HTTPSamplerBase: Parser for text/vnd.wap.wml is org.apache.jmeter.protocol.http.parser.RegexpHTMLParser
2017-08-08 21:18:22,782 INFO o.a.j.p.h.s.HTTPSamplerBase: Parser for text/css is org.apache.jmeter.protocol.http.parser.CssParser
2017-08-08 21:18:22,790 INFO o.a.j.JMeter: Creating summariser <summary>
2017-08-08 21:18:22,797 INFO o.a.j.e.StandardJMeterEngine: Running the test!
2017-08-08 21:18:22,798 INFO o.a.j.s.SampleEvent: List of sample_variables: [LABEL]
2017-08-08 21:18:22,798 INFO o.a.j.s.SampleEvent: List of sample_variables: [LABEL]
2017-08-08 21:18:22,800 INFO o.a.j.e.u.CompoundVariable: Note: Function class names must contain the string: '.functions.'
2017-08-08 21:18:22,800 INFO o.a.j.e.u.CompoundVariable: Note: Function class names must not contain the string: '.gui.'
2017-08-08 21:18:23,037 INFO o.a.j.JMeter: Running test (1502241503037)
2017-08-08 21:18:23,068 INFO o.a.j.e.StandardJMeterEngine: Starting ThreadGroup: 1 : The thread Group
2017-08-08 21:18:23,068 INFO o.a.j.e.StandardJMeterEngine: Starting 1 threads for group The thread Group.
2017-08-08 21:18:23,068 INFO o.a.j.e.StandardJMeterEngine: Thread will continue on error
2017-08-08 21:18:23,069 INFO o.a.j.t.ThreadGroup: Starting thread group... number=1 threads=1 ramp-up=1 perThread=1000.0 delayedStart=false
2017-08-08 21:18:23,072 INFO o.a.j.t.ThreadGroup: Started thread group number 1
2017-08-08 21:18:23,072 INFO o.a.j.e.StandardJMeterEngine: All thread groups have been started
2017-08-08 21:18:23,157 INFO o.a.j.t.JMeterThread: Thread started: The thread Group 1-1
2017-08-08 21:18:23,159 INFO o.a.j.s.FileServer: Stored: /Users/jeb228/Development/DataDistributionAPI/testing/tests_and_results/DepartmentWordCloud/DepartmentUris.csv
2017-08-08 21:18:23,171 INFO o.a.j.p.h.s.HTTPHCAbstractImpl: Local host = lib-jeb228-maclap.local
2017-08-08 21:18:23,174 INFO o.a.j.p.h.s.HTTPHC4Impl: HTTP request retry count = 0
2017-08-08 21:18:23,179 INFO o.a.j.s.SampleResult: Note: Sample TimeStamps are START times
2017-08-08 21:18:23,179 INFO o.a.j.s.SampleResult: sampleresult.default.encoding is set to ISO-8859-1
2017-08-08 21:18:23,179 INFO o.a.j.s.SampleResult: sampleresult.useNanoTime=true
2017-08-08 21:18:23,179 INFO o.a.j.s.SampleResult: sampleresult.nanoThreadSleep=5000
2017-08-08 21:20:02,298 INFO o.a.j.r.Summariser: summary +      2 in 00:01:39 =    0.0/s Avg: 49550 Min: 48814 Max: 50286 Err:     0 (0.00%) Active: 1 Started: 1 Finished: 0
2017-08-08 21:25:32,119 INFO o.a.j.r.Summariser: summary +      7 in 00:05:30 =    0.0/s Avg: 47115 Min: 46571 Max: 48079 Err:     0 (0.00%) Active: 1 Started: 1 Finished: 0
2017-08-08 21:25:32,120 INFO o.a.j.r.Summariser: summary =      9 in 00:07:09 =    0.0/s Avg: 47656 Min: 46571 Max: 50286 Err:     0 (0.00%)
2017-08-08 21:29:32,040 INFO o.a.j.r.Summariser: summary +      5 in 00:04:00 =    0.0/s Avg: 47982 Min: 46459 Max: 49845 Err:     0 (0.00%) Active: 1 Started: 1 Finished: 0
2017-08-08 21:29:32,040 INFO o.a.j.r.Summariser: summary =     14 in 00:11:09 =    0.0/s Avg: 47772 Min: 46459 Max: 50286 Err:     0 (0.00%)
2017-08-08 21:35:01,115 INFO o.a.j.r.Summariser: summary +      7 in 00:05:29 =    0.0/s Avg: 47009 Min: 46029 Max: 49503 Err:     0 (0.00%) Active: 1 Started: 1 Finished: 0
2017-08-08 21:35:01,115 INFO o.a.j.r.Summariser: summary =     21 in 00:16:38 =    0.0/s Avg: 47518 Min: 46029 Max: 50286 Err:     0 (0.00%)
2017-08-08 21:40:30,905 INFO o.a.j.r.Summariser: summary +      7 in 00:05:30 =    0.0/s Avg: 47111 Min: 46221 Max: 48418 Err:     0 (0.00%) Active: 1 Started: 1 Finished: 0
2017-08-08 21:40:30,906 INFO o.a.j.r.Summariser: summary =     28 in 00:22:08 =    0.0/s Avg: 47416 Min: 46029 Max: 50286 Err:     0 (0.00%)
2017-08-08 21:42:03,246 INFO o.a.j.r.Summariser: summary +      2 in 00:01:32 =    0.0/s Avg: 46168 Min: 46090 Max: 46247 Err:     0 (0.00%) Active: 1 Started: 1 Finished: 0
2017-08-08 21:42:03,246 INFO o.a.j.r.Summariser: summary =     30 in 00:23:40 =    0.0/s Avg: 47333 Min: 46029 Max: 50286 Err:     0 (0.00%)
2017-08-08 21:46:02,008 INFO o.a.j.r.Summariser: summary +      5 in 00:03:59 =    0.0/s Avg: 47751 Min: 46908 Max: 49291 Err:     0 (0.00%) Active: 1 Started: 1 Finished: 0
2017-08-08 21:46:02,009 INFO o.a.j.r.Summariser: summary =     35 in 00:27:39 =    0.0/s Avg: 47393 Min: 46029 Max: 50286 Err:     0 (0.00%)
2017-08-08 21:47:34,713 INFO o.a.j.r.Summariser: summary +      2 in 00:01:33 =    0.0/s Avg: 46349 Min: 46254 Max: 46445 Err:     0 (0.00%) Active: 1 Started: 1 Finished: 0
2017-08-08 21:47:34,713 INFO o.a.j.r.Summariser: summary =     37 in 00:29:12 =    0.0/s Avg: 47336 Min: 46029 Max: 50286 Err:     0 (0.00%)
2017-08-08 21:53:03,337 INFO o.a.j.r.Summariser: summary +      7 in 00:05:29 =    0.0/s Avg: 46945 Min: 45746 Max: 49234 Err:     0 (0.00%) Active: 1 Started: 1 Finished: 0
2017-08-08 21:53:03,338 INFO o.a.j.r.Summariser: summary =     44 in 00:34:40 =    0.0/s Avg: 47274 Min: 45746 Max: 50286 Err:     0 (0.00%)
2017-08-08 22:00:03,741 INFO o.a.j.r.Summariser: summary +      9 in 00:07:00 =    0.0/s Avg: 46710 Min: 45682 Max: 48931 Err:     0 (0.00%) Active: 1 Started: 1 Finished: 0
2017-08-08 22:00:03,742 INFO o.a.j.r.Summariser: summary =     53 in 00:41:41 =    0.0/s Avg: 47178 Min: 45682 Max: 50286 Err:     0 (0.00%)
2017-08-08 22:07:02,464 INFO o.a.j.r.Summariser: summary +      9 in 00:06:59 =    0.0/s Avg: 46523 Min: 45555 Max: 48834 Err:     0 (0.00%) Active: 1 Started: 1 Finished: 0
2017-08-08 22:07:02,464 INFO o.a.j.r.Summariser: summary =     62 in 00:48:39 =    0.0/s Avg: 47083 Min: 45555 Max: 50286 Err:     0 (0.00%)
2017-08-08 22:08:35,237 INFO o.a.j.r.Summariser: summary +      2 in 00:01:33 =    0.0/s Avg: 46384 Min: 46073 Max: 46696 Err:     0 (0.00%) Active: 1 Started: 1 Finished: 0
2017-08-08 22:08:35,237 INFO o.a.j.r.Summariser: summary =     64 in 00:50:12 =    0.0/s Avg: 47061 Min: 45555 Max: 50286 Err:     0 (0.00%)
2017-08-08 22:15:33,428 INFO o.a.j.r.Summariser: summary +      9 in 00:06:58 =    0.0/s Avg: 46464 Min: 45445 Max: 48711 Err:     0 (0.00%) Active: 1 Started: 1 Finished: 0
2017-08-08 22:15:33,429 INFO o.a.j.r.Summariser: summary =     73 in 00:57:10 =    0.0/s Avg: 46988 Min: 45445 Max: 50286 Err:     0 (0.00%)
2017-08-08 22:22:31,559 INFO o.a.j.r.Summariser: summary +      9 in 00:06:58 =    0.0/s Avg: 46457 Min: 45466 Max: 48977 Err:     0 (0.00%) Active: 1 Started: 1 Finished: 0
2017-08-08 22:22:31,559 INFO o.a.j.r.Summariser: summary =     82 in 01:04:09 =    0.0/s Avg: 46929 Min: 45445 Max: 50286 Err:     0 (0.00%)
2017-08-08 22:24:04,320 INFO o.a.j.r.Summariser: summary +      2 in 00:01:33 =    0.0/s Avg: 46379 Min: 46010 Max: 46749 Err:     0 (0.00%) Active: 1 Started: 1 Finished: 0
2017-08-08 22:24:04,321 INFO o.a.j.r.Summariser: summary =     84 in 01:05:41 =    0.0/s Avg: 46916 Min: 45445 Max: 50286 Err:     0 (0.00%)
2017-08-08 22:29:32,777 INFO o.a.j.r.Summariser: summary +      7 in 00:05:28 =    0.0/s Avg: 46920 Min: 45425 Max: 53345 Err:     0 (0.00%) Active: 1 Started: 1 Finished: 0
2017-08-08 22:29:32,777 INFO o.a.j.r.Summariser: summary =     91 in 01:11:10 =    0.0/s Avg: 46916 Min: 45425 Max: 53345 Err:     0 (0.00%)
2017-08-08 22:34:34,688 INFO o.a.j.r.Summariser: summary +      5 in 00:05:02 =    0.0/s Avg: 60380 Min: 48709 Max: 77822 Err:     0 (0.00%) Active: 1 Started: 1 Finished: 0
2017-08-08 22:34:34,688 INFO o.a.j.r.Summariser: summary =     96 in 01:16:12 =    0.0/s Avg: 47618 Min: 45425 Max: 77822 Err:     0 (0.00%)
2017-08-08 22:37:47,516 INFO o.a.j.t.JMeterThread: Thread is done: The thread Group 1-1
2017-08-08 22:37:47,516 INFO o.a.j.t.JMeterThread: Thread finished: The thread Group 1-1
2017-08-08 22:37:47,516 INFO o.a.j.e.StandardJMeterEngine: Notifying test listeners of end of test
2017-08-08 22:37:47,516 INFO o.a.j.s.FileServer: Close: /Users/jeb228/Development/DataDistributionAPI/testing/tests_and_results/DepartmentWordCloud/DepartmentUris.csv
2017-08-08 22:37:47,517 INFO o.a.j.r.Summariser: summary +      4 in 00:03:13 =    0.0/s Avg: 48206 Min: 48068 Max: 48393 Err:     0 (0.00%) Active: 0 Started: 1 Finished: 1
2017-08-08 22:37:47,517 INFO o.a.j.r.Summariser: summary =    100 in 01:19:24 =    0.0/s Avg: 47641 Min: 45425 Max: 77822 Err:     0 (0.00%)
