2017-07-24 17:40:40,820 INFO o.a.j.u.JMeterUtils: Setting Locale to en_US
2017-07-24 17:40:40,832 INFO o.a.j.JMeter: Loading user properties from: /Users/jeb228/Software/forMac/JMeter/apache-jmeter-3.2/bin/user.properties
2017-07-24 17:40:40,833 INFO o.a.j.JMeter: Loading system properties from: /Users/jeb228/Software/forMac/JMeter/apache-jmeter-3.2/bin/system.properties
2017-07-24 17:40:40,834 INFO o.a.j.JMeter: Setting JMeter property: dir.base=/Users/jeb228/Development/DataDistributionAPI/testing/tests_and_results/DepartmentWordCloud/_results
2017-07-24 17:40:40,834 INFO o.a.j.JMeter: Setting JMeter property: dir.output=/Users/jeb228/Development/DataDistributionAPI/testing/tests_and_results/DepartmentWordCloud/_results/vivo_dwc_3queries_1
2017-07-24 17:40:40,834 INFO o.a.j.JMeter: Setting JMeter property: context.path=vivo
2017-07-24 17:40:40,834 INFO o.a.j.JMeter: Setting JMeter property: action.name=dwc_3queries
2017-07-24 17:40:40,834 INFO o.a.j.JMeter: Setting JMeter property: file.uris=/Users/jeb228/Development/DataDistributionAPI/testing/tests_and_results/DepartmentWordCloud/DepartmentUris.csv
2017-07-24 17:40:40,834 INFO o.a.j.JMeter: Setting JMeter property: sample_variables=LABEL
2017-07-24 17:40:40,838 INFO o.a.j.JMeter: Copyright (c) 1998-2017 The Apache Software Foundation
2017-07-24 17:40:40,838 INFO o.a.j.JMeter: Version 3.2 r1790748
2017-07-24 17:40:40,838 INFO o.a.j.JMeter: java.version=1.8.0_131
2017-07-24 17:40:40,838 INFO o.a.j.JMeter: java.vm.name=Java HotSpot(TM) 64-Bit Server VM
2017-07-24 17:40:40,838 INFO o.a.j.JMeter: os.name=Mac OS X
2017-07-24 17:40:40,838 INFO o.a.j.JMeter: os.arch=x86_64
2017-07-24 17:40:40,839 INFO o.a.j.JMeter: os.version=10.12.6
2017-07-24 17:40:40,839 INFO o.a.j.JMeter: file.encoding=UTF-8
2017-07-24 17:40:40,839 INFO o.a.j.JMeter: Max memory     =536870912
2017-07-24 17:40:40,839 INFO o.a.j.JMeter: Available Processors =4
2017-07-24 17:40:40,843 INFO o.a.j.JMeter: Default Locale=English (United States)
2017-07-24 17:40:40,843 INFO o.a.j.JMeter: JMeter  Locale=English (United States)
2017-07-24 17:40:40,843 INFO o.a.j.JMeter: JMeterHome=/Users/jeb228/Software/forMac/JMeter/apache-jmeter-3.2
2017-07-24 17:40:40,843 INFO o.a.j.JMeter: user.dir  =/Users/jeb228/Development/DataDistributionAPI/testing/tests_and_results/DepartmentWordCloud/_results
2017-07-24 17:40:40,843 INFO o.a.j.JMeter: PWD       =/Users/jeb228/Development/DataDistributionAPI/testing/tests_and_results/DepartmentWordCloud/_results
2017-07-24 17:40:40,849 INFO o.a.j.JMeter: IP: 10.0.1.36 Name: lib-jeb228-maclap.local FullName: 10.0.1.36
2017-07-24 17:40:40,851 INFO o.a.j.s.FileServer: Default base='/Users/jeb228/Development/DataDistributionAPI/testing/tests_and_results/DepartmentWordCloud/_results'
2017-07-24 17:40:40,852 INFO o.a.j.s.FileServer: Set new base='/Users/jeb228/Development/DataDistributionAPI/testing/tests_and_results/DepartmentWordCloud'
2017-07-24 17:40:40,933 INFO o.a.j.s.SaveService: Testplan (JMX) version: 2.2. Testlog (JTL) version: 2.2
2017-07-24 17:40:40,943 INFO o.a.j.s.SaveService: Using SaveService properties file encoding UTF-8
2017-07-24 17:40:40,947 INFO o.a.j.s.SaveService: Using SaveService properties version 3.2
2017-07-24 17:40:40,960 INFO o.a.j.s.SaveService: Loading file: /Users/jeb228/Development/DataDistributionAPI/testing/tests_and_results/DepartmentWordCloud/DepartmentWordClouds.jmx
2017-07-24 17:40:40,992 INFO o.a.j.p.h.s.HTTPSamplerBase: Parser for text/html is org.apache.jmeter.protocol.http.parser.LagartoBasedHtmlParser
2017-07-24 17:40:40,992 INFO o.a.j.p.h.s.HTTPSamplerBase: Parser for application/xhtml+xml is org.apache.jmeter.protocol.http.parser.LagartoBasedHtmlParser
2017-07-24 17:40:40,992 INFO o.a.j.p.h.s.HTTPSamplerBase: Parser for application/xml is org.apache.jmeter.protocol.http.parser.LagartoBasedHtmlParser
2017-07-24 17:40:40,992 INFO o.a.j.p.h.s.HTTPSamplerBase: Parser for text/xml is org.apache.jmeter.protocol.http.parser.LagartoBasedHtmlParser
2017-07-24 17:40:40,992 INFO o.a.j.p.h.s.HTTPSamplerBase: Parser for text/vnd.wap.wml is org.apache.jmeter.protocol.http.parser.RegexpHTMLParser
2017-07-24 17:40:40,992 INFO o.a.j.p.h.s.HTTPSamplerBase: Parser for text/css is org.apache.jmeter.protocol.http.parser.CssParser
2017-07-24 17:40:40,999 INFO o.a.j.JMeter: Creating summariser <summary>
2017-07-24 17:40:41,007 INFO o.a.j.e.StandardJMeterEngine: Running the test!
2017-07-24 17:40:41,007 INFO o.a.j.s.SampleEvent: List of sample_variables: [LABEL]
2017-07-24 17:40:41,007 INFO o.a.j.s.SampleEvent: List of sample_variables: [LABEL]
2017-07-24 17:40:41,010 INFO o.a.j.e.u.CompoundVariable: Note: Function class names must contain the string: '.functions.'
2017-07-24 17:40:41,010 INFO o.a.j.e.u.CompoundVariable: Note: Function class names must not contain the string: '.gui.'
2017-07-24 17:40:41,245 INFO o.a.j.JMeter: Running test (1500932441245)
2017-07-24 17:40:41,276 INFO o.a.j.e.StandardJMeterEngine: Starting ThreadGroup: 1 : The thread Group
2017-07-24 17:40:41,276 INFO o.a.j.e.StandardJMeterEngine: Starting 1 threads for group The thread Group.
2017-07-24 17:40:41,276 INFO o.a.j.e.StandardJMeterEngine: Thread will continue on error
2017-07-24 17:40:41,276 INFO o.a.j.t.ThreadGroup: Starting thread group... number=1 threads=1 ramp-up=1 perThread=1000.0 delayedStart=false
2017-07-24 17:40:41,280 INFO o.a.j.t.ThreadGroup: Started thread group number 1
2017-07-24 17:40:41,280 INFO o.a.j.e.StandardJMeterEngine: All thread groups have been started
2017-07-24 17:40:41,369 INFO o.a.j.t.JMeterThread: Thread started: The thread Group 1-1
2017-07-24 17:40:41,372 INFO o.a.j.s.FileServer: Stored: /Users/jeb228/Development/DataDistributionAPI/testing/tests_and_results/DepartmentWordCloud/DepartmentUris.csv
2017-07-24 17:40:41,383 INFO o.a.j.p.h.s.HTTPHCAbstractImpl: Local host = lib-jeb228-maclap.local
2017-07-24 17:40:41,388 INFO o.a.j.p.h.s.HTTPHC4Impl: HTTP request retry count = 0
2017-07-24 17:40:41,395 INFO o.a.j.s.SampleResult: Note: Sample TimeStamps are START times
2017-07-24 17:40:41,395 INFO o.a.j.s.SampleResult: sampleresult.default.encoding is set to ISO-8859-1
2017-07-24 17:40:41,395 INFO o.a.j.s.SampleResult: sampleresult.useNanoTime=true
2017-07-24 17:40:41,395 INFO o.a.j.s.SampleResult: sampleresult.nanoThreadSleep=5000
2017-07-24 17:41:31,473 INFO o.a.j.r.Summariser: summary +      1 in 00:00:50 =    0.0/s Avg: 50059 Min: 50059 Max: 50059 Err:     0 (0.00%) Active: 1 Started: 1 Finished: 0
2017-07-24 17:45:33,852 INFO o.a.j.r.Summariser: summary +      5 in 00:04:02 =    0.0/s Avg: 48474 Min: 48190 Max: 48754 Err:     0 (0.00%) Active: 1 Started: 1 Finished: 0
2017-07-24 17:45:33,853 INFO o.a.j.r.Summariser: summary =      6 in 00:04:53 =    0.0/s Avg: 48738 Min: 48190 Max: 50059 Err:     0 (0.00%)
2017-07-24 17:49:35,332 INFO o.a.j.r.Summariser: summary +      5 in 00:04:01 =    0.0/s Avg: 48294 Min: 47671 Max: 49796 Err:     0 (0.00%) Active: 1 Started: 1 Finished: 0
2017-07-24 17:49:35,333 INFO o.a.j.r.Summariser: summary =     11 in 00:08:54 =    0.0/s Avg: 48537 Min: 47671 Max: 50059 Err:     0 (0.00%)
2017-07-24 17:52:03,012 INFO o.a.j.r.Summariser: summary +      3 in 00:02:28 =    0.0/s Avg: 49225 Min: 48335 Max: 50601 Err:     0 (0.00%) Active: 1 Started: 1 Finished: 0
2017-07-24 17:52:03,012 INFO o.a.j.r.Summariser: summary =     14 in 00:11:22 =    0.0/s Avg: 48684 Min: 47671 Max: 50601 Err:     0 (0.00%)
2017-07-24 17:53:01,650 INFO o.a.j.r.Summariser: summary +      1 in 00:00:59 =    0.0/s Avg: 58636 Min: 58636 Max: 58636 Err:     0 (0.00%) Active: 1 Started: 1 Finished: 0
2017-07-24 17:53:01,650 INFO o.a.j.r.Summariser: summary =     15 in 00:12:20 =    0.0/s Avg: 49347 Min: 47671 Max: 58636 Err:     0 (0.00%)
2017-07-24 17:57:02,133 INFO o.a.j.r.Summariser: summary +      5 in 00:04:00 =    0.0/s Avg: 48094 Min: 47697 Max: 48394 Err:     0 (0.00%) Active: 1 Started: 1 Finished: 0
2017-07-24 17:57:02,133 INFO o.a.j.r.Summariser: summary =     20 in 00:16:21 =    0.0/s Avg: 49034 Min: 47671 Max: 58636 Err:     0 (0.00%)
2017-07-24 18:06:03,524 INFO o.a.j.r.Summariser: summary +     10 in 00:09:01 =    0.0/s Avg: 54138 Min: 48579 Max: 69961 Err:     0 (0.00%) Active: 1 Started: 1 Finished: 0
2017-07-24 18:06:03,524 INFO o.a.j.r.Summariser: summary =     30 in 00:25:22 =    0.0/s Avg: 50735 Min: 47671 Max: 69961 Err:     0 (0.00%)
2017-07-24 18:07:02,440 INFO o.a.j.r.Summariser: summary +      1 in 00:00:59 =    0.0/s Avg: 58914 Min: 58914 Max: 58914 Err:     0 (0.00%) Active: 1 Started: 1 Finished: 0
2017-07-24 18:07:02,440 INFO o.a.j.r.Summariser: summary =     31 in 00:26:21 =    0.0/s Avg: 50999 Min: 47671 Max: 69961 Err:     0 (0.00%)
2017-07-24 18:08:03,992 INFO o.a.j.r.Summariser: summary +      1 in 00:01:02 =    0.0/s Avg: 61550 Min: 61550 Max: 61550 Err:     0 (0.00%) Active: 1 Started: 1 Finished: 0
2017-07-24 18:08:03,992 INFO o.a.j.r.Summariser: summary =     32 in 00:27:23 =    0.0/s Avg: 51329 Min: 47671 Max: 69961 Err:     0 (0.00%)
2017-07-24 18:09:02,464 INFO o.a.j.r.Summariser: summary +      1 in 00:00:58 =    0.0/s Avg: 58471 Min: 58471 Max: 58471 Err:     0 (0.00%) Active: 1 Started: 1 Finished: 0
2017-07-24 18:09:02,464 INFO o.a.j.r.Summariser: summary =     33 in 00:28:21 =    0.0/s Avg: 51545 Min: 47671 Max: 69961 Err:     0 (0.00%)
2017-07-24 18:10:01,111 INFO o.a.j.r.Summariser: summary +      1 in 00:00:59 =    0.0/s Avg: 58645 Min: 58645 Max: 58645 Err:     0 (0.00%) Active: 1 Started: 1 Finished: 0
2017-07-24 18:10:01,111 INFO o.a.j.r.Summariser: summary =     34 in 00:29:20 =    0.0/s Avg: 51754 Min: 47671 Max: 69961 Err:     0 (0.00%)
2017-07-24 18:11:05,734 INFO o.a.j.r.Summariser: summary +      1 in 00:01:05 =    0.0/s Avg: 64621 Min: 64621 Max: 64621 Err:     0 (0.00%) Active: 1 Started: 1 Finished: 0
2017-07-24 18:11:05,734 INFO o.a.j.r.Summariser: summary =     35 in 00:30:24 =    0.0/s Avg: 52122 Min: 47671 Max: 69961 Err:     0 (0.00%)
2017-07-24 18:14:04,663 INFO o.a.j.r.Summariser: summary +      3 in 00:02:59 =    0.0/s Avg: 59642 Min: 54626 Max: 63023 Err:     0 (0.00%) Active: 1 Started: 1 Finished: 0
2017-07-24 18:14:04,663 INFO o.a.j.r.Summariser: summary =     38 in 00:33:23 =    0.0/s Avg: 52715 Min: 47671 Max: 69961 Err:     0 (0.00%)
2017-07-24 18:17:02,692 INFO o.a.j.r.Summariser: summary +      3 in 00:02:58 =    0.0/s Avg: 59342 Min: 49099 Max: 64589 Err:     0 (0.00%) Active: 1 Started: 1 Finished: 0
2017-07-24 18:17:02,693 INFO o.a.j.r.Summariser: summary =     41 in 00:36:21 =    0.0/s Avg: 53200 Min: 47671 Max: 69961 Err:     0 (0.00%)
2017-07-24 18:19:34,009 INFO o.a.j.r.Summariser: summary +      3 in 00:02:31 =    0.0/s Avg: 50437 Min: 49223 Max: 51826 Err:     0 (0.00%) Active: 1 Started: 1 Finished: 0
2017-07-24 18:19:34,009 INFO o.a.j.r.Summariser: summary =     44 in 00:38:53 =    0.0/s Avg: 53012 Min: 47671 Max: 69961 Err:     0 (0.00%)
2017-07-24 18:23:33,176 INFO o.a.j.r.Summariser: summary +      5 in 00:03:59 =    0.0/s Avg: 47832 Min: 46737 Max: 49419 Err:     0 (0.00%) Active: 1 Started: 1 Finished: 0
2017-07-24 18:23:33,176 INFO o.a.j.r.Summariser: summary =     49 in 00:42:52 =    0.0/s Avg: 52483 Min: 46737 Max: 69961 Err:     0 (0.00%)
2017-07-24 18:27:04,674 INFO o.a.j.r.Summariser: summary +      4 in 00:03:31 =    0.0/s Avg: 52873 Min: 50778 Max: 56900 Err:     0 (0.00%) Active: 1 Started: 1 Finished: 0
2017-07-24 18:27:04,674 INFO o.a.j.r.Summariser: summary =     53 in 00:46:23 =    0.0/s Avg: 52513 Min: 46737 Max: 69961 Err:     0 (0.00%)
2017-07-24 18:31:34,973 INFO o.a.j.r.Summariser: summary +      5 in 00:04:30 =    0.0/s Avg: 54058 Min: 50507 Max: 56852 Err:     0 (0.00%) Active: 1 Started: 1 Finished: 0
2017-07-24 18:31:34,973 INFO o.a.j.r.Summariser: summary =     58 in 00:50:54 =    0.0/s Avg: 52646 Min: 46737 Max: 69961 Err:     0 (0.00%)
2017-07-24 18:34:02,240 INFO o.a.j.r.Summariser: summary +      3 in 00:02:27 =    0.0/s Avg: 49087 Min: 48328 Max: 50029 Err:     0 (0.00%) Active: 1 Started: 1 Finished: 0
2017-07-24 18:34:02,240 INFO o.a.j.r.Summariser: summary =     61 in 00:53:21 =    0.0/s Avg: 52471 Min: 46737 Max: 69961 Err:     0 (0.00%)
2017-07-24 18:40:32,456 INFO o.a.j.r.Summariser: summary +      8 in 00:06:30 =    0.0/s Avg: 48776 Min: 47462 Max: 50431 Err:     0 (0.00%) Active: 1 Started: 1 Finished: 0
2017-07-24 18:40:32,457 INFO o.a.j.r.Summariser: summary =     69 in 00:59:51 =    0.0/s Avg: 52042 Min: 46737 Max: 69961 Err:     0 (0.00%)
2017-07-24 18:43:01,125 INFO o.a.j.r.Summariser: summary +      3 in 00:02:29 =    0.0/s Avg: 49554 Min: 47188 Max: 52292 Err:     0 (0.00%) Active: 1 Started: 1 Finished: 0
2017-07-24 18:43:01,125 INFO o.a.j.r.Summariser: summary =     72 in 01:02:20 =    0.0/s Avg: 51939 Min: 46737 Max: 69961 Err:     0 (0.00%)
2017-07-24 18:52:33,488 INFO o.a.j.r.Summariser: summary +     10 in 00:09:32 =    0.0/s Avg: 57235 Min: 49530 Max: 75727 Err:     0 (0.00%) Active: 1 Started: 1 Finished: 0
2017-07-24 18:52:33,488 INFO o.a.j.r.Summariser: summary =     82 in 01:11:52 =    0.0/s Avg: 52585 Min: 46737 Max: 75727 Err:     0 (0.00%)
2017-07-24 19:02:33,167 INFO o.a.j.r.Summariser: summary +     11 in 00:10:00 =    0.0/s Avg: 54515 Min: 50780 Max: 58266 Err:     0 (0.00%) Active: 1 Started: 1 Finished: 0
2017-07-24 19:02:33,168 INFO o.a.j.r.Summariser: summary =     93 in 01:21:52 =    0.0/s Avg: 52813 Min: 46737 Max: 75727 Err:     0 (0.00%)
2017-07-24 19:06:01,172 INFO o.a.j.r.Summariser: summary +      4 in 00:03:28 =    0.0/s Avg: 52000 Min: 51184 Max: 52572 Err:     0 (0.00%) Active: 1 Started: 1 Finished: 0
2017-07-24 19:06:01,172 INFO o.a.j.r.Summariser: summary =     97 in 01:25:20 =    0.0/s Avg: 52779 Min: 46737 Max: 75727 Err:     0 (0.00%)
2017-07-24 19:08:33,734 INFO o.a.j.r.Summariser: summary +      3 in 00:02:33 =    0.0/s Avg: 50853 Min: 50597 Max: 51141 Err:     0 (0.00%) Active: 1 Started: 1 Finished: 0
2017-07-24 19:08:33,734 INFO o.a.j.r.Summariser: summary =    100 in 01:27:52 =    0.0/s Avg: 52722 Min: 46737 Max: 75727 Err:     0 (0.00%)
2017-07-24 19:08:33,734 INFO o.a.j.t.JMeterThread: Thread is done: The thread Group 1-1
2017-07-24 19:08:33,734 INFO o.a.j.t.JMeterThread: Thread finished: The thread Group 1-1
2017-07-24 19:08:33,735 INFO o.a.j.e.StandardJMeterEngine: Notifying test listeners of end of test
2017-07-24 19:08:33,735 INFO o.a.j.s.FileServer: Close: /Users/jeb228/Development/DataDistributionAPI/testing/tests_and_results/DepartmentWordCloud/DepartmentUris.csv
2017-07-24 19:08:33,736 INFO o.a.j.r.Summariser: summary =    100 in 01:27:52 =    0.0/s Avg: 52722 Min: 46737 Max: 75727 Err:     0 (0.00%)
