2017-07-24 23:05:47,290 INFO o.a.j.u.JMeterUtils: Setting Locale to en_US
2017-07-24 23:05:47,299 INFO o.a.j.JMeter: Loading user properties from: /Users/jeb228/Software/forMac/JMeter/apache-jmeter-3.2/bin/user.properties
2017-07-24 23:05:47,300 INFO o.a.j.JMeter: Loading system properties from: /Users/jeb228/Software/forMac/JMeter/apache-jmeter-3.2/bin/system.properties
2017-07-24 23:05:47,300 INFO o.a.j.JMeter: Setting JMeter property: dir.base=/Users/jeb228/Development/DataDistributionAPI/testing/tests_and_results/OrganizationResearchAreas/_results
2017-07-24 23:05:47,300 INFO o.a.j.JMeter: Setting JMeter property: dir.output=/Users/jeb228/Development/DataDistributionAPI/testing/tests_and_results/OrganizationResearchAreas/_results/scholars_ora_drill_L2_1
2017-07-24 23:05:47,300 INFO o.a.j.JMeter: Setting JMeter property: context.path=scholars
2017-07-24 23:05:47,300 INFO o.a.j.JMeter: Setting JMeter property: action.name=ora_drill_L2
2017-07-24 23:05:47,300 INFO o.a.j.JMeter: Setting JMeter property: file.uris=/Users/jeb228/Development/DataDistributionAPI/testing/tests_and_results/OrganizationResearchAreas/OrganizationUris.csv
2017-07-24 23:05:47,301 INFO o.a.j.JMeter: Setting JMeter property: sample_variables=LABEL
2017-07-24 23:05:47,304 INFO o.a.j.JMeter: Copyright (c) 1998-2017 The Apache Software Foundation
2017-07-24 23:05:47,304 INFO o.a.j.JMeter: Version 3.2 r1790748
2017-07-24 23:05:47,304 INFO o.a.j.JMeter: java.version=1.8.0_131
2017-07-24 23:05:47,304 INFO o.a.j.JMeter: java.vm.name=Java HotSpot(TM) 64-Bit Server VM
2017-07-24 23:05:47,304 INFO o.a.j.JMeter: os.name=Mac OS X
2017-07-24 23:05:47,304 INFO o.a.j.JMeter: os.arch=x86_64
2017-07-24 23:05:47,304 INFO o.a.j.JMeter: os.version=10.12.6
2017-07-24 23:05:47,305 INFO o.a.j.JMeter: file.encoding=UTF-8
2017-07-24 23:05:47,305 INFO o.a.j.JMeter: Max memory     =536870912
2017-07-24 23:05:47,305 INFO o.a.j.JMeter: Available Processors =4
2017-07-24 23:05:47,307 INFO o.a.j.JMeter: Default Locale=English (United States)
2017-07-24 23:05:47,307 INFO o.a.j.JMeter: JMeter  Locale=English (United States)
2017-07-24 23:05:47,308 INFO o.a.j.JMeter: JMeterHome=/Users/jeb228/Software/forMac/JMeter/apache-jmeter-3.2
2017-07-24 23:05:47,308 INFO o.a.j.JMeter: user.dir  =/Users/jeb228/Development/DataDistributionAPI/testing/tests_and_results/OrganizationResearchAreas/_results
2017-07-24 23:05:47,308 INFO o.a.j.JMeter: PWD       =/Users/jeb228/Development/DataDistributionAPI/testing/tests_and_results/OrganizationResearchAreas/_results
2017-07-24 23:05:47,314 INFO o.a.j.JMeter: IP: 10.0.1.36 Name: lib-jeb228-maclap.local FullName: 10.0.1.36
2017-07-24 23:05:47,317 INFO o.a.j.s.FileServer: Default base='/Users/jeb228/Development/DataDistributionAPI/testing/tests_and_results/OrganizationResearchAreas/_results'
2017-07-24 23:05:47,317 INFO o.a.j.s.FileServer: Set new base='/Users/jeb228/Development/DataDistributionAPI/testing/tests_and_results/OrganizationResearchAreas'
2017-07-24 23:05:47,402 INFO o.a.j.s.SaveService: Testplan (JMX) version: 2.2. Testlog (JTL) version: 2.2
2017-07-24 23:05:47,415 INFO o.a.j.s.SaveService: Using SaveService properties file encoding UTF-8
2017-07-24 23:05:47,428 INFO o.a.j.s.SaveService: Using SaveService properties version 3.2
2017-07-24 23:05:47,432 INFO o.a.j.s.SaveService: Loading file: /Users/jeb228/Development/DataDistributionAPI/testing/tests_and_results/OrganizationResearchAreas/OrganizationResearchAreas.jmx
2017-07-24 23:05:47,465 INFO o.a.j.p.h.s.HTTPSamplerBase: Parser for text/html is org.apache.jmeter.protocol.http.parser.LagartoBasedHtmlParser
2017-07-24 23:05:47,465 INFO o.a.j.p.h.s.HTTPSamplerBase: Parser for application/xhtml+xml is org.apache.jmeter.protocol.http.parser.LagartoBasedHtmlParser
2017-07-24 23:05:47,466 INFO o.a.j.p.h.s.HTTPSamplerBase: Parser for application/xml is org.apache.jmeter.protocol.http.parser.LagartoBasedHtmlParser
2017-07-24 23:05:47,466 INFO o.a.j.p.h.s.HTTPSamplerBase: Parser for text/xml is org.apache.jmeter.protocol.http.parser.LagartoBasedHtmlParser
2017-07-24 23:05:47,466 INFO o.a.j.p.h.s.HTTPSamplerBase: Parser for text/vnd.wap.wml is org.apache.jmeter.protocol.http.parser.RegexpHTMLParser
2017-07-24 23:05:47,466 INFO o.a.j.p.h.s.HTTPSamplerBase: Parser for text/css is org.apache.jmeter.protocol.http.parser.CssParser
2017-07-24 23:05:47,473 INFO o.a.j.JMeter: Creating summariser <summary>
2017-07-24 23:05:47,480 INFO o.a.j.e.StandardJMeterEngine: Running the test!
2017-07-24 23:05:47,480 INFO o.a.j.s.SampleEvent: List of sample_variables: [LABEL]
2017-07-24 23:05:47,480 INFO o.a.j.s.SampleEvent: List of sample_variables: [LABEL]
2017-07-24 23:05:47,483 INFO o.a.j.e.u.CompoundVariable: Note: Function class names must contain the string: '.functions.'
2017-07-24 23:05:47,483 INFO o.a.j.e.u.CompoundVariable: Note: Function class names must not contain the string: '.gui.'
2017-07-24 23:05:47,727 INFO o.a.j.JMeter: Running test (1500951947727)
2017-07-24 23:05:47,758 INFO o.a.j.e.StandardJMeterEngine: Starting ThreadGroup: 1 : The thread Group
2017-07-24 23:05:47,758 INFO o.a.j.e.StandardJMeterEngine: Starting 1 threads for group The thread Group.
2017-07-24 23:05:47,759 INFO o.a.j.e.StandardJMeterEngine: Thread will continue on error
2017-07-24 23:05:47,759 INFO o.a.j.t.ThreadGroup: Starting thread group... number=1 threads=1 ramp-up=1 perThread=1000.0 delayedStart=false
2017-07-24 23:05:47,762 INFO o.a.j.t.ThreadGroup: Started thread group number 1
2017-07-24 23:05:47,762 INFO o.a.j.e.StandardJMeterEngine: All thread groups have been started
2017-07-24 23:05:47,990 INFO o.a.j.t.JMeterThread: Thread started: The thread Group 1-1
2017-07-24 23:05:47,992 INFO o.a.j.s.FileServer: Stored: /Users/jeb228/Development/DataDistributionAPI/testing/tests_and_results/OrganizationResearchAreas/OrganizationUris.csv
2017-07-24 23:05:48,010 INFO o.a.j.p.h.s.HTTPHCAbstractImpl: Local host = lib-jeb228-maclap.local
2017-07-24 23:05:48,014 INFO o.a.j.p.h.s.HTTPHC4Impl: HTTP request retry count = 0
2017-07-24 23:05:48,021 INFO o.a.j.s.SampleResult: Note: Sample TimeStamps are START times
2017-07-24 23:05:48,021 INFO o.a.j.s.SampleResult: sampleresult.default.encoding is set to ISO-8859-1
2017-07-24 23:05:48,021 INFO o.a.j.s.SampleResult: sampleresult.useNanoTime=true
2017-07-24 23:05:48,021 INFO o.a.j.s.SampleResult: sampleresult.nanoThreadSleep=5000
2017-07-24 23:06:00,078 INFO o.a.j.r.Summariser: summary +     46 in 00:00:12 =    3.7/s Avg:   261 Min:    56 Max:   463 Err:     0 (0.00%) Active: 1 Started: 1 Finished: 0
2017-07-24 23:06:05,887 INFO o.a.j.r.ResultCollector: Shutdown hook started
2017-07-24 23:06:05,887 INFO o.a.j.r.ResultCollector: Shutdown hook ended
