2017-07-25 23:55:49,314 INFO o.a.j.u.JMeterUtils: Setting Locale to en_US
2017-07-25 23:55:49,322 INFO o.a.j.JMeter: Loading user properties from: /Users/jeb228/Software/forMac/JMeter/apache-jmeter-3.2/bin/user.properties
2017-07-25 23:55:49,322 INFO o.a.j.JMeter: Loading system properties from: /Users/jeb228/Software/forMac/JMeter/apache-jmeter-3.2/bin/system.properties
2017-07-25 23:55:49,322 INFO o.a.j.JMeter: Setting JMeter property: dir.base=/Users/jeb228/Development/DataDistributionAPI/testing/tests_and_results/DepartmentWordCloud/_results
2017-07-25 23:55:49,322 INFO o.a.j.JMeter: Setting JMeter property: dir.output=/Users/jeb228/Development/DataDistributionAPI/testing/tests_and_results/DepartmentWordCloud/_results/scholars_dwc_optionals_3
2017-07-25 23:55:49,322 INFO o.a.j.JMeter: Setting JMeter property: context.path=scholars
2017-07-25 23:55:49,323 INFO o.a.j.JMeter: Setting JMeter property: action.name=dwc_optionals
2017-07-25 23:55:49,323 INFO o.a.j.JMeter: Setting JMeter property: file.uris=/Users/jeb228/Development/DataDistributionAPI/testing/tests_and_results/DepartmentWordCloud/DepartmentUris.csv
2017-07-25 23:55:49,323 INFO o.a.j.JMeter: Setting JMeter property: sample_variables=LABEL
2017-07-25 23:55:49,327 INFO o.a.j.JMeter: Copyright (c) 1998-2017 The Apache Software Foundation
2017-07-25 23:55:49,327 INFO o.a.j.JMeter: Version 3.2 r1790748
2017-07-25 23:55:49,327 INFO o.a.j.JMeter: java.version=1.8.0_131
2017-07-25 23:55:49,327 INFO o.a.j.JMeter: java.vm.name=Java HotSpot(TM) 64-Bit Server VM
2017-07-25 23:55:49,327 INFO o.a.j.JMeter: os.name=Mac OS X
2017-07-25 23:55:49,327 INFO o.a.j.JMeter: os.arch=x86_64
2017-07-25 23:55:49,327 INFO o.a.j.JMeter: os.version=10.12.6
2017-07-25 23:55:49,327 INFO o.a.j.JMeter: file.encoding=UTF-8
2017-07-25 23:55:49,327 INFO o.a.j.JMeter: Max memory     =536870912
2017-07-25 23:55:49,327 INFO o.a.j.JMeter: Available Processors =4
2017-07-25 23:55:49,330 INFO o.a.j.JMeter: Default Locale=English (United States)
2017-07-25 23:55:49,330 INFO o.a.j.JMeter: JMeter  Locale=English (United States)
2017-07-25 23:55:49,330 INFO o.a.j.JMeter: JMeterHome=/Users/jeb228/Software/forMac/JMeter/apache-jmeter-3.2
2017-07-25 23:55:49,330 INFO o.a.j.JMeter: user.dir  =/Users/jeb228/Development/DataDistributionAPI/testing/tests_and_results/DepartmentWordCloud/_results
2017-07-25 23:55:49,330 INFO o.a.j.JMeter: PWD       =/Users/jeb228/Development/DataDistributionAPI/testing/tests_and_results/DepartmentWordCloud/_results
2017-07-25 23:55:49,331 INFO o.a.j.JMeter: IP: 10.0.1.36 Name: lib-jeb228-maclap.local FullName: 10.0.1.36
2017-07-25 23:55:49,333 INFO o.a.j.s.FileServer: Default base='/Users/jeb228/Development/DataDistributionAPI/testing/tests_and_results/DepartmentWordCloud/_results'
2017-07-25 23:55:49,333 INFO o.a.j.s.FileServer: Set new base='/Users/jeb228/Development/DataDistributionAPI/testing/tests_and_results/DepartmentWordCloud'
2017-07-25 23:55:49,411 INFO o.a.j.s.SaveService: Testplan (JMX) version: 2.2. Testlog (JTL) version: 2.2
2017-07-25 23:55:49,420 INFO o.a.j.s.SaveService: Using SaveService properties file encoding UTF-8
2017-07-25 23:55:49,433 INFO o.a.j.s.SaveService: Using SaveService properties version 3.2
2017-07-25 23:55:49,437 INFO o.a.j.s.SaveService: Loading file: /Users/jeb228/Development/DataDistributionAPI/testing/tests_and_results/DepartmentWordCloud/DepartmentWordClouds.jmx
2017-07-25 23:55:49,469 INFO o.a.j.p.h.s.HTTPSamplerBase: Parser for text/html is org.apache.jmeter.protocol.http.parser.LagartoBasedHtmlParser
2017-07-25 23:55:49,469 INFO o.a.j.p.h.s.HTTPSamplerBase: Parser for application/xhtml+xml is org.apache.jmeter.protocol.http.parser.LagartoBasedHtmlParser
2017-07-25 23:55:49,469 INFO o.a.j.p.h.s.HTTPSamplerBase: Parser for application/xml is org.apache.jmeter.protocol.http.parser.LagartoBasedHtmlParser
2017-07-25 23:55:49,470 INFO o.a.j.p.h.s.HTTPSamplerBase: Parser for text/xml is org.apache.jmeter.protocol.http.parser.LagartoBasedHtmlParser
2017-07-25 23:55:49,470 INFO o.a.j.p.h.s.HTTPSamplerBase: Parser for text/vnd.wap.wml is org.apache.jmeter.protocol.http.parser.RegexpHTMLParser
2017-07-25 23:55:49,470 INFO o.a.j.p.h.s.HTTPSamplerBase: Parser for text/css is org.apache.jmeter.protocol.http.parser.CssParser
2017-07-25 23:55:49,477 INFO o.a.j.JMeter: Creating summariser <summary>
2017-07-25 23:55:49,484 INFO o.a.j.e.StandardJMeterEngine: Running the test!
2017-07-25 23:55:49,484 INFO o.a.j.s.SampleEvent: List of sample_variables: [LABEL]
2017-07-25 23:55:49,484 INFO o.a.j.s.SampleEvent: List of sample_variables: [LABEL]
2017-07-25 23:55:49,487 INFO o.a.j.e.u.CompoundVariable: Note: Function class names must contain the string: '.functions.'
2017-07-25 23:55:49,488 INFO o.a.j.e.u.CompoundVariable: Note: Function class names must not contain the string: '.gui.'
2017-07-25 23:55:49,721 INFO o.a.j.JMeter: Running test (1501041349721)
2017-07-25 23:55:49,758 INFO o.a.j.e.StandardJMeterEngine: Starting ThreadGroup: 1 : The thread Group
2017-07-25 23:55:49,758 INFO o.a.j.e.StandardJMeterEngine: Starting 1 threads for group The thread Group.
2017-07-25 23:55:49,758 INFO o.a.j.e.StandardJMeterEngine: Thread will continue on error
2017-07-25 23:55:49,758 INFO o.a.j.t.ThreadGroup: Starting thread group... number=1 threads=1 ramp-up=1 perThread=1000.0 delayedStart=false
2017-07-25 23:55:49,762 INFO o.a.j.t.ThreadGroup: Started thread group number 1
2017-07-25 23:55:49,762 INFO o.a.j.e.StandardJMeterEngine: All thread groups have been started
2017-07-25 23:55:49,913 INFO o.a.j.t.JMeterThread: Thread started: The thread Group 1-1
2017-07-25 23:55:49,916 INFO o.a.j.s.FileServer: Stored: /Users/jeb228/Development/DataDistributionAPI/testing/tests_and_results/DepartmentWordCloud/DepartmentUris.csv
2017-07-25 23:55:49,931 INFO o.a.j.p.h.s.HTTPHCAbstractImpl: Local host = lib-jeb228-maclap.local
2017-07-25 23:55:49,936 INFO o.a.j.p.h.s.HTTPHC4Impl: HTTP request retry count = 0
2017-07-25 23:55:49,943 INFO o.a.j.s.SampleResult: Note: Sample TimeStamps are START times
2017-07-25 23:55:49,943 INFO o.a.j.s.SampleResult: sampleresult.default.encoding is set to ISO-8859-1
2017-07-25 23:55:49,944 INFO o.a.j.s.SampleResult: sampleresult.useNanoTime=true
2017-07-25 23:55:49,944 INFO o.a.j.s.SampleResult: sampleresult.nanoThreadSleep=5000
2017-07-25 23:56:04,973 INFO o.a.j.r.Summariser: summary +      1 in 00:00:15 =    0.1/s Avg: 15011 Min: 15011 Max: 15011 Err:     0 (0.00%) Active: 1 Started: 1 Finished: 0
2017-07-25 23:56:32,907 INFO o.a.j.r.Summariser: summary +      5 in 00:00:28 =    0.2/s Avg:  5585 Min:  3169 Max:  8425 Err:     0 (0.00%) Active: 1 Started: 1 Finished: 0
2017-07-25 23:56:32,907 INFO o.a.j.r.Summariser: summary =      6 in 00:00:43 =    0.1/s Avg:  7156 Min:  3169 Max: 15011 Err:     0 (0.00%)
2017-07-25 23:57:03,863 INFO o.a.j.r.Summariser: summary +      7 in 00:00:31 =    0.2/s Avg:  4421 Min:  1389 Max: 14107 Err:     0 (0.00%) Active: 1 Started: 1 Finished: 0
2017-07-25 23:57:03,864 INFO o.a.j.r.Summariser: summary =     13 in 00:01:14 =    0.2/s Avg:  5683 Min:  1389 Max: 15011 Err:     0 (0.00%)
2017-07-25 23:58:01,694 INFO o.a.j.r.Summariser: summary +     13 in 00:00:58 =    0.2/s Avg:  4447 Min:  1363 Max: 13877 Err:     0 (0.00%) Active: 1 Started: 1 Finished: 0
2017-07-25 23:58:01,694 INFO o.a.j.r.Summariser: summary =     26 in 00:02:12 =    0.2/s Avg:  5065 Min:  1363 Max: 15011 Err:     0 (0.00%)
2017-07-25 23:58:32,765 INFO o.a.j.r.Summariser: summary +      7 in 00:00:31 =    0.2/s Avg:  4438 Min:  1430 Max: 13995 Err:     0 (0.00%) Active: 1 Started: 1 Finished: 0
2017-07-25 23:58:32,765 INFO o.a.j.r.Summariser: summary =     33 in 00:02:43 =    0.2/s Avg:  4932 Min:  1363 Max: 15011 Err:     0 (0.00%)
2017-07-25 23:59:05,874 INFO o.a.j.r.Summariser: summary +      8 in 00:00:33 =    0.2/s Avg:  4138 Min:  1423 Max: 13810 Err:     0 (0.00%) Active: 1 Started: 1 Finished: 0
2017-07-25 23:59:05,874 INFO o.a.j.r.Summariser: summary =     41 in 00:03:16 =    0.2/s Avg:  4777 Min:  1363 Max: 15011 Err:     0 (0.00%)
2017-07-25 23:59:30,385 INFO o.a.j.r.Summariser: summary +      6 in 00:00:25 =    0.2/s Avg:  4084 Min:  2327 Max:  6513 Err:     0 (0.00%) Active: 1 Started: 1 Finished: 0
2017-07-25 23:59:30,386 INFO o.a.j.r.Summariser: summary =     47 in 00:03:41 =    0.2/s Avg:  4689 Min:  1363 Max: 15011 Err:     0 (0.00%)
2017-07-26 00:00:02,757 INFO o.a.j.r.Summariser: summary +      7 in 00:00:32 =    0.2/s Avg:  4623 Min:  1399 Max: 13752 Err:     0 (0.00%) Active: 1 Started: 1 Finished: 0
2017-07-26 00:00:02,757 INFO o.a.j.r.Summariser: summary =     54 in 00:04:13 =    0.2/s Avg:  4680 Min:  1363 Max: 15011 Err:     0 (0.00%)
2017-07-26 00:00:31,796 INFO o.a.j.r.Summariser: summary +      7 in 00:00:29 =    0.2/s Avg:  4147 Min:  1404 Max: 13838 Err:     0 (0.00%) Active: 1 Started: 1 Finished: 0
2017-07-26 00:00:31,796 INFO o.a.j.r.Summariser: summary =     61 in 00:04:42 =    0.2/s Avg:  4619 Min:  1363 Max: 15011 Err:     0 (0.00%)
2017-07-26 00:01:00,858 INFO o.a.j.r.Summariser: summary +      9 in 00:00:29 =    0.3/s Avg:  3228 Min:  1361 Max:  6438 Err:     0 (0.00%) Active: 1 Started: 1 Finished: 0
2017-07-26 00:01:00,858 INFO o.a.j.r.Summariser: summary =     70 in 00:05:11 =    0.2/s Avg:  4440 Min:  1361 Max: 15011 Err:     0 (0.00%)
2017-07-26 00:01:30,552 INFO o.a.j.r.Summariser: summary +      4 in 00:00:30 =    0.1/s Avg:  7422 Min:  3874 Max: 13908 Err:     0 (0.00%) Active: 1 Started: 1 Finished: 0
2017-07-26 00:01:30,552 INFO o.a.j.r.Summariser: summary =     74 in 00:05:41 =    0.2/s Avg:  4601 Min:  1361 Max: 15011 Err:     0 (0.00%)
2017-07-26 00:02:01,254 INFO o.a.j.r.Summariser: summary +      7 in 00:00:31 =    0.2/s Avg:  4385 Min:  1376 Max: 13855 Err:     0 (0.00%) Active: 1 Started: 1 Finished: 0
2017-07-26 00:02:01,254 INFO o.a.j.r.Summariser: summary =     81 in 00:06:12 =    0.2/s Avg:  4583 Min:  1361 Max: 15011 Err:     0 (0.00%)
2017-07-26 00:02:30,390 INFO o.a.j.r.Summariser: summary +      9 in 00:00:29 =    0.3/s Avg:  3236 Min:  1367 Max:  6411 Err:     0 (0.00%) Active: 1 Started: 1 Finished: 0
2017-07-26 00:02:30,391 INFO o.a.j.r.Summariser: summary =     90 in 00:06:41 =    0.2/s Avg:  4448 Min:  1361 Max: 15011 Err:     0 (0.00%)
2017-07-26 00:03:03,486 INFO o.a.j.r.Summariser: summary +      5 in 00:00:33 =    0.2/s Avg:  6618 Min:  3464 Max: 13852 Err:     0 (0.00%) Active: 1 Started: 1 Finished: 0
2017-07-26 00:03:03,486 INFO o.a.j.r.Summariser: summary =     95 in 00:07:14 =    0.2/s Avg:  4562 Min:  1361 Max: 15011 Err:     0 (0.00%)
2017-07-26 00:03:13,404 INFO o.a.j.t.JMeterThread: Thread is done: The thread Group 1-1
2017-07-26 00:03:13,404 INFO o.a.j.t.JMeterThread: Thread finished: The thread Group 1-1
2017-07-26 00:03:13,404 INFO o.a.j.e.StandardJMeterEngine: Notifying test listeners of end of test
2017-07-26 00:03:13,405 INFO o.a.j.s.FileServer: Close: /Users/jeb228/Development/DataDistributionAPI/testing/tests_and_results/DepartmentWordCloud/DepartmentUris.csv
2017-07-26 00:03:13,406 INFO o.a.j.r.Summariser: summary +      5 in 00:00:10 =    0.5/s Avg:  1983 Min:  1362 Max:  2906 Err:     0 (0.00%) Active: 0 Started: 1 Finished: 1
2017-07-26 00:03:13,407 INFO o.a.j.r.Summariser: summary =    100 in 00:07:24 =    0.2/s Avg:  4433 Min:  1361 Max: 15011 Err:     0 (0.00%)
