2017-07-25 21:04:51,422 INFO o.a.j.u.JMeterUtils: Setting Locale to en_US
2017-07-25 21:04:51,433 INFO o.a.j.JMeter: Loading user properties from: /Users/jeb228/Software/forMac/JMeter/apache-jmeter-3.2/bin/user.properties
2017-07-25 21:04:51,433 INFO o.a.j.JMeter: Loading system properties from: /Users/jeb228/Software/forMac/JMeter/apache-jmeter-3.2/bin/system.properties
2017-07-25 21:04:51,434 INFO o.a.j.JMeter: Setting JMeter property: dir.base=/Users/jeb228/Development/DataDistributionAPI/testing/tests_and_results/OrganizationResearchAreas/_results
2017-07-25 21:04:51,434 INFO o.a.j.JMeter: Setting JMeter property: dir.output=/Users/jeb228/Development/DataDistributionAPI/testing/tests_and_results/OrganizationResearchAreas/_results/vivo_ora_drill_L6_2
2017-07-25 21:04:51,434 INFO o.a.j.JMeter: Setting JMeter property: context.path=vivo
2017-07-25 21:04:51,434 INFO o.a.j.JMeter: Setting JMeter property: action.name=ora_drill_L6
2017-07-25 21:04:51,434 INFO o.a.j.JMeter: Setting JMeter property: file.uris=/Users/jeb228/Development/DataDistributionAPI/testing/tests_and_results/OrganizationResearchAreas/OrganizationUris.csv
2017-07-25 21:04:51,434 INFO o.a.j.JMeter: Setting JMeter property: sample_variables=LABEL
2017-07-25 21:04:51,437 INFO o.a.j.JMeter: Copyright (c) 1998-2017 The Apache Software Foundation
2017-07-25 21:04:51,437 INFO o.a.j.JMeter: Version 3.2 r1790748
2017-07-25 21:04:51,437 INFO o.a.j.JMeter: java.version=1.8.0_131
2017-07-25 21:04:51,437 INFO o.a.j.JMeter: java.vm.name=Java HotSpot(TM) 64-Bit Server VM
2017-07-25 21:04:51,437 INFO o.a.j.JMeter: os.name=Mac OS X
2017-07-25 21:04:51,437 INFO o.a.j.JMeter: os.arch=x86_64
2017-07-25 21:04:51,437 INFO o.a.j.JMeter: os.version=10.12.6
2017-07-25 21:04:51,438 INFO o.a.j.JMeter: file.encoding=UTF-8
2017-07-25 21:04:51,438 INFO o.a.j.JMeter: Max memory     =536870912
2017-07-25 21:04:51,438 INFO o.a.j.JMeter: Available Processors =4
2017-07-25 21:04:51,440 INFO o.a.j.JMeter: Default Locale=English (United States)
2017-07-25 21:04:51,440 INFO o.a.j.JMeter: JMeter  Locale=English (United States)
2017-07-25 21:04:51,441 INFO o.a.j.JMeter: JMeterHome=/Users/jeb228/Software/forMac/JMeter/apache-jmeter-3.2
2017-07-25 21:04:51,441 INFO o.a.j.JMeter: user.dir  =/Users/jeb228/Development/DataDistributionAPI/testing/tests_and_results/OrganizationResearchAreas/_results
2017-07-25 21:04:51,441 INFO o.a.j.JMeter: PWD       =/Users/jeb228/Development/DataDistributionAPI/testing/tests_and_results/OrganizationResearchAreas/_results
2017-07-25 21:04:51,447 INFO o.a.j.JMeter: IP: 10.0.1.36 Name: lib-jeb228-maclap.local FullName: 10.0.1.36
2017-07-25 21:04:51,450 INFO o.a.j.s.FileServer: Default base='/Users/jeb228/Development/DataDistributionAPI/testing/tests_and_results/OrganizationResearchAreas/_results'
2017-07-25 21:04:51,450 INFO o.a.j.s.FileServer: Set new base='/Users/jeb228/Development/DataDistributionAPI/testing/tests_and_results/OrganizationResearchAreas'
2017-07-25 21:04:51,534 INFO o.a.j.s.SaveService: Testplan (JMX) version: 2.2. Testlog (JTL) version: 2.2
2017-07-25 21:04:51,545 INFO o.a.j.s.SaveService: Using SaveService properties file encoding UTF-8
2017-07-25 21:04:51,560 INFO o.a.j.s.SaveService: Using SaveService properties version 3.2
2017-07-25 21:04:51,564 INFO o.a.j.s.SaveService: Loading file: /Users/jeb228/Development/DataDistributionAPI/testing/tests_and_results/OrganizationResearchAreas/OrganizationResearchAreas.jmx
2017-07-25 21:04:51,597 INFO o.a.j.p.h.s.HTTPSamplerBase: Parser for text/html is org.apache.jmeter.protocol.http.parser.LagartoBasedHtmlParser
2017-07-25 21:04:51,597 INFO o.a.j.p.h.s.HTTPSamplerBase: Parser for application/xhtml+xml is org.apache.jmeter.protocol.http.parser.LagartoBasedHtmlParser
2017-07-25 21:04:51,597 INFO o.a.j.p.h.s.HTTPSamplerBase: Parser for application/xml is org.apache.jmeter.protocol.http.parser.LagartoBasedHtmlParser
2017-07-25 21:04:51,597 INFO o.a.j.p.h.s.HTTPSamplerBase: Parser for text/xml is org.apache.jmeter.protocol.http.parser.LagartoBasedHtmlParser
2017-07-25 21:04:51,597 INFO o.a.j.p.h.s.HTTPSamplerBase: Parser for text/vnd.wap.wml is org.apache.jmeter.protocol.http.parser.RegexpHTMLParser
2017-07-25 21:04:51,597 INFO o.a.j.p.h.s.HTTPSamplerBase: Parser for text/css is org.apache.jmeter.protocol.http.parser.CssParser
2017-07-25 21:04:51,604 INFO o.a.j.JMeter: Creating summariser <summary>
2017-07-25 21:04:51,611 INFO o.a.j.e.StandardJMeterEngine: Running the test!
2017-07-25 21:04:51,611 INFO o.a.j.s.SampleEvent: List of sample_variables: [LABEL]
2017-07-25 21:04:51,611 INFO o.a.j.s.SampleEvent: List of sample_variables: [LABEL]
2017-07-25 21:04:51,614 INFO o.a.j.e.u.CompoundVariable: Note: Function class names must contain the string: '.functions.'
2017-07-25 21:04:51,614 INFO o.a.j.e.u.CompoundVariable: Note: Function class names must not contain the string: '.gui.'
2017-07-25 21:04:51,847 INFO o.a.j.JMeter: Running test (1501031091847)
2017-07-25 21:04:51,878 INFO o.a.j.e.StandardJMeterEngine: Starting ThreadGroup: 1 : The thread Group
2017-07-25 21:04:51,878 INFO o.a.j.e.StandardJMeterEngine: Starting 1 threads for group The thread Group.
2017-07-25 21:04:51,878 INFO o.a.j.e.StandardJMeterEngine: Thread will continue on error
2017-07-25 21:04:51,879 INFO o.a.j.t.ThreadGroup: Starting thread group... number=1 threads=1 ramp-up=1 perThread=1000.0 delayedStart=false
2017-07-25 21:04:51,882 INFO o.a.j.t.ThreadGroup: Started thread group number 1
2017-07-25 21:04:51,882 INFO o.a.j.e.StandardJMeterEngine: All thread groups have been started
2017-07-25 21:04:51,965 INFO o.a.j.t.JMeterThread: Thread started: The thread Group 1-1
2017-07-25 21:04:51,967 INFO o.a.j.s.FileServer: Stored: /Users/jeb228/Development/DataDistributionAPI/testing/tests_and_results/OrganizationResearchAreas/OrganizationUris.csv
2017-07-25 21:04:51,978 INFO o.a.j.p.h.s.HTTPHCAbstractImpl: Local host = lib-jeb228-maclap.local
2017-07-25 21:04:51,982 INFO o.a.j.p.h.s.HTTPHC4Impl: HTTP request retry count = 0
2017-07-25 21:04:51,987 INFO o.a.j.s.SampleResult: Note: Sample TimeStamps are START times
2017-07-25 21:04:51,987 INFO o.a.j.s.SampleResult: sampleresult.default.encoding is set to ISO-8859-1
2017-07-25 21:04:51,988 INFO o.a.j.s.SampleResult: sampleresult.useNanoTime=true
2017-07-25 21:04:51,988 INFO o.a.j.s.SampleResult: sampleresult.nanoThreadSleep=5000
2017-07-25 21:05:33,778 INFO o.a.j.r.Summariser: summary +      2 in 00:00:42 =    0.0/s Avg: 20886 Min: 20826 Max: 20947 Err:     0 (0.00%) Active: 1 Started: 1 Finished: 0
2017-07-25 21:09:02,339 INFO o.a.j.r.Summariser: summary +     10 in 00:03:29 =    0.0/s Avg: 20855 Min: 20430 Max: 21206 Err:     0 (0.00%) Active: 1 Started: 1 Finished: 0
2017-07-25 21:09:02,339 INFO o.a.j.r.Summariser: summary =     12 in 00:04:10 =    0.0/s Avg: 20860 Min: 20430 Max: 21206 Err:     0 (0.00%)
2017-07-25 21:10:04,844 INFO o.a.j.r.Summariser: summary +      3 in 00:01:03 =    0.0/s Avg: 20834 Min: 20754 Max: 20961 Err:     0 (0.00%) Active: 1 Started: 1 Finished: 0
2017-07-25 21:10:04,844 INFO o.a.j.r.Summariser: summary =     15 in 00:05:13 =    0.0/s Avg: 20855 Min: 20430 Max: 21206 Err:     0 (0.00%)
2017-07-25 21:12:30,487 INFO o.a.j.r.Summariser: summary +      7 in 00:02:26 =    0.0/s Avg: 20805 Min: 20374 Max: 21115 Err:     0 (0.00%) Active: 1 Started: 1 Finished: 0
2017-07-25 21:12:30,487 INFO o.a.j.r.Summariser: summary =     22 in 00:07:39 =    0.0/s Avg: 20839 Min: 20374 Max: 21206 Err:     0 (0.00%)
2017-07-25 21:13:33,114 INFO o.a.j.r.Summariser: summary +      3 in 00:01:03 =    0.0/s Avg: 20875 Min: 20810 Max: 20926 Err:     0 (0.00%) Active: 1 Started: 1 Finished: 0
2017-07-25 21:13:33,114 INFO o.a.j.r.Summariser: summary =     25 in 00:08:41 =    0.0/s Avg: 20843 Min: 20374 Max: 21206 Err:     0 (0.00%)
2017-07-25 21:14:35,814 INFO o.a.j.r.Summariser: summary +      3 in 00:01:03 =    0.0/s Avg: 20899 Min: 20730 Max: 21005 Err:     0 (0.00%) Active: 1 Started: 1 Finished: 0
2017-07-25 21:14:35,814 INFO o.a.j.r.Summariser: summary =     28 in 00:09:44 =    0.0/s Avg: 20849 Min: 20374 Max: 21206 Err:     0 (0.00%)
2017-07-25 21:17:01,676 INFO o.a.j.r.Summariser: summary +      7 in 00:02:26 =    0.0/s Avg: 20837 Min: 20406 Max: 21191 Err:     0 (0.00%) Active: 1 Started: 1 Finished: 0
2017-07-25 21:17:01,677 INFO o.a.j.r.Summariser: summary =     35 in 00:12:10 =    0.0/s Avg: 20847 Min: 20374 Max: 21206 Err:     0 (0.00%)
2017-07-25 21:18:04,454 INFO o.a.j.r.Summariser: summary +      3 in 00:01:03 =    0.0/s Avg: 20925 Min: 20703 Max: 21097 Err:     0 (0.00%) Active: 1 Started: 1 Finished: 0
2017-07-25 21:18:04,454 INFO o.a.j.r.Summariser: summary =     38 in 00:13:13 =    0.0/s Avg: 20853 Min: 20374 Max: 21206 Err:     0 (0.00%)
2017-07-25 21:20:30,132 INFO o.a.j.r.Summariser: summary +      7 in 00:02:26 =    0.0/s Avg: 20810 Min: 20322 Max: 21157 Err:     0 (0.00%) Active: 1 Started: 1 Finished: 0
2017-07-25 21:20:30,132 INFO o.a.j.r.Summariser: summary =     45 in 00:15:38 =    0.0/s Avg: 20846 Min: 20322 Max: 21206 Err:     0 (0.00%)
2017-07-25 21:21:32,826 INFO o.a.j.r.Summariser: summary +      3 in 00:01:03 =    0.0/s Avg: 20896 Min: 20721 Max: 21107 Err:     0 (0.00%) Active: 1 Started: 1 Finished: 0
2017-07-25 21:21:32,827 INFO o.a.j.r.Summariser: summary =     48 in 00:16:41 =    0.0/s Avg: 20849 Min: 20322 Max: 21206 Err:     0 (0.00%)
2017-07-25 21:22:35,046 INFO o.a.j.r.Summariser: summary +      3 in 00:01:02 =    0.0/s Avg: 20739 Min: 20401 Max: 21191 Err:     0 (0.00%) Active: 1 Started: 1 Finished: 0
2017-07-25 21:22:35,046 INFO o.a.j.r.Summariser: summary =     51 in 00:17:43 =    0.0/s Avg: 20843 Min: 20322 Max: 21206 Err:     0 (0.00%)
2017-07-25 21:25:01,179 INFO o.a.j.r.Summariser: summary +      7 in 00:02:26 =    0.0/s Avg: 20875 Min: 20704 Max: 21024 Err:     0 (0.00%) Active: 1 Started: 1 Finished: 0
2017-07-25 21:25:01,179 INFO o.a.j.r.Summariser: summary =     58 in 00:20:09 =    0.0/s Avg: 20847 Min: 20322 Max: 21206 Err:     0 (0.00%)
2017-07-25 21:26:03,438 INFO o.a.j.r.Summariser: summary +      3 in 00:01:02 =    0.0/s Avg: 20751 Min: 20349 Max: 21193 Err:     0 (0.00%) Active: 1 Started: 1 Finished: 0
2017-07-25 21:26:03,438 INFO o.a.j.r.Summariser: summary =     61 in 00:21:12 =    0.0/s Avg: 20842 Min: 20322 Max: 21206 Err:     0 (0.00%)
2017-07-25 21:27:05,892 INFO o.a.j.r.Summariser: summary +      3 in 00:01:02 =    0.0/s Avg: 20817 Min: 20782 Max: 20845 Err:     0 (0.00%) Active: 1 Started: 1 Finished: 0
2017-07-25 21:27:05,892 INFO o.a.j.r.Summariser: summary =     64 in 00:22:14 =    0.0/s Avg: 20841 Min: 20322 Max: 21206 Err:     0 (0.00%)
2017-07-25 21:29:32,004 INFO o.a.j.r.Summariser: summary +      7 in 00:02:26 =    0.0/s Avg: 20872 Min: 20383 Max: 21202 Err:     0 (0.00%) Active: 1 Started: 1 Finished: 0
2017-07-25 21:29:32,004 INFO o.a.j.r.Summariser: summary =     71 in 00:24:40 =    0.0/s Avg: 20844 Min: 20322 Max: 21206 Err:     0 (0.00%)
2017-07-25 21:30:34,514 INFO o.a.j.r.Summariser: summary +      3 in 00:01:03 =    0.0/s Avg: 20835 Min: 20786 Max: 20887 Err:     0 (0.00%) Active: 1 Started: 1 Finished: 0
2017-07-25 21:30:34,515 INFO o.a.j.r.Summariser: summary =     74 in 00:25:43 =    0.0/s Avg: 20844 Min: 20322 Max: 21206 Err:     0 (0.00%)
2017-07-25 21:33:00,352 INFO o.a.j.r.Summariser: summary +      7 in 00:02:26 =    0.0/s Avg: 20833 Min: 20364 Max: 21188 Err:     0 (0.00%) Active: 1 Started: 1 Finished: 0
2017-07-25 21:33:00,353 INFO o.a.j.r.Summariser: summary =     81 in 00:28:09 =    0.0/s Avg: 20843 Min: 20322 Max: 21206 Err:     0 (0.00%)
2017-07-25 21:34:03,142 INFO o.a.j.r.Summariser: summary +      3 in 00:01:03 =    0.0/s Avg: 20929 Min: 20802 Max: 21153 Err:     0 (0.00%) Active: 1 Started: 1 Finished: 0
2017-07-25 21:34:03,142 INFO o.a.j.r.Summariser: summary =     84 in 00:29:11 =    0.0/s Avg: 20846 Min: 20322 Max: 21206 Err:     0 (0.00%)
2017-07-25 21:36:30,054 INFO o.a.j.r.Summariser: summary +      7 in 00:02:27 =    0.0/s Avg: 20986 Min: 20330 Max: 21340 Err:     0 (0.00%) Active: 1 Started: 1 Finished: 0
2017-07-25 21:36:30,054 INFO o.a.j.r.Summariser: summary =     91 in 00:31:38 =    0.0/s Avg: 20856 Min: 20322 Max: 21340 Err:     0 (0.00%)
2017-07-25 21:37:32,821 INFO o.a.j.r.Summariser: summary +      3 in 00:01:03 =    0.0/s Avg: 20921 Min: 20825 Max: 21114 Err:     0 (0.00%) Active: 1 Started: 1 Finished: 0
2017-07-25 21:37:32,821 INFO o.a.j.r.Summariser: summary =     94 in 00:32:41 =    0.0/s Avg: 20859 Min: 20322 Max: 21340 Err:     0 (0.00%)
2017-07-25 21:38:35,340 INFO o.a.j.r.Summariser: summary +      3 in 00:01:03 =    0.0/s Avg: 20839 Min: 20683 Max: 21013 Err:     0 (0.00%) Active: 1 Started: 1 Finished: 0
2017-07-25 21:38:35,340 INFO o.a.j.r.Summariser: summary =     97 in 00:33:43 =    0.0/s Avg: 20858 Min: 20322 Max: 21340 Err:     0 (0.00%)
2017-07-25 21:39:37,772 INFO o.a.j.t.JMeterThread: Thread is done: The thread Group 1-1
2017-07-25 21:39:37,772 INFO o.a.j.t.JMeterThread: Thread finished: The thread Group 1-1
2017-07-25 21:39:37,772 INFO o.a.j.e.StandardJMeterEngine: Notifying test listeners of end of test
2017-07-25 21:39:37,773 INFO o.a.j.s.FileServer: Close: /Users/jeb228/Development/DataDistributionAPI/testing/tests_and_results/OrganizationResearchAreas/OrganizationUris.csv
2017-07-25 21:39:37,774 INFO o.a.j.r.Summariser: summary +      3 in 00:01:02 =    0.0/s Avg: 20810 Min: 20337 Max: 21122 Err:     0 (0.00%) Active: 0 Started: 1 Finished: 1
2017-07-25 21:39:37,775 INFO o.a.j.r.Summariser: summary =    100 in 00:34:46 =    0.0/s Avg: 20856 Min: 20322 Max: 21340 Err:     0 (0.00%)
