2017-07-26 00:12:07,586 INFO o.a.j.u.JMeterUtils: Setting Locale to en_US
2017-07-26 00:12:07,594 INFO o.a.j.JMeter: Loading user properties from: /Users/jeb228/Software/forMac/JMeter/apache-jmeter-3.2/bin/user.properties
2017-07-26 00:12:07,595 INFO o.a.j.JMeter: Loading system properties from: /Users/jeb228/Software/forMac/JMeter/apache-jmeter-3.2/bin/system.properties
2017-07-26 00:12:07,595 INFO o.a.j.JMeter: Setting JMeter property: dir.base=/Users/jeb228/Development/DataDistributionAPI/testing/tests_and_results/DepartmentWordCloud/_results
2017-07-26 00:12:07,595 INFO o.a.j.JMeter: Setting JMeter property: dir.output=/Users/jeb228/Development/DataDistributionAPI/testing/tests_and_results/DepartmentWordCloud/_results/scholars_dwc_deeper_2
2017-07-26 00:12:07,595 INFO o.a.j.JMeter: Setting JMeter property: context.path=scholars
2017-07-26 00:12:07,595 INFO o.a.j.JMeter: Setting JMeter property: action.name=dwc_deeper
2017-07-26 00:12:07,595 INFO o.a.j.JMeter: Setting JMeter property: file.uris=/Users/jeb228/Development/DataDistributionAPI/testing/tests_and_results/DepartmentWordCloud/DepartmentUris.csv
2017-07-26 00:12:07,596 INFO o.a.j.JMeter: Setting JMeter property: sample_variables=LABEL
2017-07-26 00:12:07,599 INFO o.a.j.JMeter: Copyright (c) 1998-2017 The Apache Software Foundation
2017-07-26 00:12:07,599 INFO o.a.j.JMeter: Version 3.2 r1790748
2017-07-26 00:12:07,600 INFO o.a.j.JMeter: java.version=1.8.0_131
2017-07-26 00:12:07,600 INFO o.a.j.JMeter: java.vm.name=Java HotSpot(TM) 64-Bit Server VM
2017-07-26 00:12:07,600 INFO o.a.j.JMeter: os.name=Mac OS X
2017-07-26 00:12:07,600 INFO o.a.j.JMeter: os.arch=x86_64
2017-07-26 00:12:07,600 INFO o.a.j.JMeter: os.version=10.12.6
2017-07-26 00:12:07,600 INFO o.a.j.JMeter: file.encoding=UTF-8
2017-07-26 00:12:07,600 INFO o.a.j.JMeter: Max memory     =536870912
2017-07-26 00:12:07,600 INFO o.a.j.JMeter: Available Processors =4
2017-07-26 00:12:07,602 INFO o.a.j.JMeter: Default Locale=English (United States)
2017-07-26 00:12:07,603 INFO o.a.j.JMeter: JMeter  Locale=English (United States)
2017-07-26 00:12:07,603 INFO o.a.j.JMeter: JMeterHome=/Users/jeb228/Software/forMac/JMeter/apache-jmeter-3.2
2017-07-26 00:12:07,603 INFO o.a.j.JMeter: user.dir  =/Users/jeb228/Development/DataDistributionAPI/testing/tests_and_results/DepartmentWordCloud/_results
2017-07-26 00:12:07,603 INFO o.a.j.JMeter: PWD       =/Users/jeb228/Development/DataDistributionAPI/testing/tests_and_results/DepartmentWordCloud/_results
2017-07-26 00:12:07,609 INFO o.a.j.JMeter: IP: 10.0.1.36 Name: lib-jeb228-maclap.local FullName: 10.0.1.36
2017-07-26 00:12:07,612 INFO o.a.j.s.FileServer: Default base='/Users/jeb228/Development/DataDistributionAPI/testing/tests_and_results/DepartmentWordCloud/_results'
2017-07-26 00:12:07,612 INFO o.a.j.s.FileServer: Set new base='/Users/jeb228/Development/DataDistributionAPI/testing/tests_and_results/DepartmentWordCloud'
2017-07-26 00:12:07,689 INFO o.a.j.s.SaveService: Testplan (JMX) version: 2.2. Testlog (JTL) version: 2.2
2017-07-26 00:12:07,699 INFO o.a.j.s.SaveService: Using SaveService properties file encoding UTF-8
2017-07-26 00:12:07,714 INFO o.a.j.s.SaveService: Using SaveService properties version 3.2
2017-07-26 00:12:07,720 INFO o.a.j.s.SaveService: Loading file: /Users/jeb228/Development/DataDistributionAPI/testing/tests_and_results/DepartmentWordCloud/DepartmentWordClouds.jmx
2017-07-26 00:12:07,753 INFO o.a.j.p.h.s.HTTPSamplerBase: Parser for text/html is org.apache.jmeter.protocol.http.parser.LagartoBasedHtmlParser
2017-07-26 00:12:07,753 INFO o.a.j.p.h.s.HTTPSamplerBase: Parser for application/xhtml+xml is org.apache.jmeter.protocol.http.parser.LagartoBasedHtmlParser
2017-07-26 00:12:07,753 INFO o.a.j.p.h.s.HTTPSamplerBase: Parser for application/xml is org.apache.jmeter.protocol.http.parser.LagartoBasedHtmlParser
2017-07-26 00:12:07,753 INFO o.a.j.p.h.s.HTTPSamplerBase: Parser for text/xml is org.apache.jmeter.protocol.http.parser.LagartoBasedHtmlParser
2017-07-26 00:12:07,753 INFO o.a.j.p.h.s.HTTPSamplerBase: Parser for text/vnd.wap.wml is org.apache.jmeter.protocol.http.parser.RegexpHTMLParser
2017-07-26 00:12:07,753 INFO o.a.j.p.h.s.HTTPSamplerBase: Parser for text/css is org.apache.jmeter.protocol.http.parser.CssParser
2017-07-26 00:12:07,760 INFO o.a.j.JMeter: Creating summariser <summary>
2017-07-26 00:12:07,767 INFO o.a.j.e.StandardJMeterEngine: Running the test!
2017-07-26 00:12:07,768 INFO o.a.j.s.SampleEvent: List of sample_variables: [LABEL]
2017-07-26 00:12:07,768 INFO o.a.j.s.SampleEvent: List of sample_variables: [LABEL]
2017-07-26 00:12:07,770 INFO o.a.j.e.u.CompoundVariable: Note: Function class names must contain the string: '.functions.'
2017-07-26 00:12:07,770 INFO o.a.j.e.u.CompoundVariable: Note: Function class names must not contain the string: '.gui.'
2017-07-26 00:12:08,010 INFO o.a.j.JMeter: Running test (1501042328010)
2017-07-26 00:12:08,046 INFO o.a.j.e.StandardJMeterEngine: Starting ThreadGroup: 1 : The thread Group
2017-07-26 00:12:08,046 INFO o.a.j.e.StandardJMeterEngine: Starting 1 threads for group The thread Group.
2017-07-26 00:12:08,046 INFO o.a.j.e.StandardJMeterEngine: Thread will continue on error
2017-07-26 00:12:08,046 INFO o.a.j.t.ThreadGroup: Starting thread group... number=1 threads=1 ramp-up=1 perThread=1000.0 delayedStart=false
2017-07-26 00:12:08,050 INFO o.a.j.t.ThreadGroup: Started thread group number 1
2017-07-26 00:12:08,050 INFO o.a.j.e.StandardJMeterEngine: All thread groups have been started
2017-07-26 00:12:08,216 INFO o.a.j.t.JMeterThread: Thread started: The thread Group 1-1
2017-07-26 00:12:08,218 INFO o.a.j.s.FileServer: Stored: /Users/jeb228/Development/DataDistributionAPI/testing/tests_and_results/DepartmentWordCloud/DepartmentUris.csv
2017-07-26 00:12:08,232 INFO o.a.j.p.h.s.HTTPHCAbstractImpl: Local host = lib-jeb228-maclap.local
2017-07-26 00:12:08,235 INFO o.a.j.p.h.s.HTTPHC4Impl: HTTP request retry count = 0
2017-07-26 00:12:08,241 INFO o.a.j.s.SampleResult: Note: Sample TimeStamps are START times
2017-07-26 00:12:08,241 INFO o.a.j.s.SampleResult: sampleresult.default.encoding is set to ISO-8859-1
2017-07-26 00:12:08,241 INFO o.a.j.s.SampleResult: sampleresult.useNanoTime=true
2017-07-26 00:12:08,241 INFO o.a.j.s.SampleResult: sampleresult.nanoThreadSleep=5000
2017-07-26 00:12:30,722 INFO o.a.j.r.Summariser: summary +      6 in 00:00:23 =    0.3/s Avg:  3743 Min:  3255 Max:  4191 Err:     0 (0.00%) Active: 1 Started: 1 Finished: 0
2017-07-26 00:13:01,695 INFO o.a.j.r.Summariser: summary +     10 in 00:00:31 =    0.3/s Avg:  3096 Min:   413 Max:  4603 Err:     0 (0.00%) Active: 1 Started: 1 Finished: 0
2017-07-26 00:13:01,695 INFO o.a.j.r.Summariser: summary =     16 in 00:00:54 =    0.3/s Avg:  3338 Min:   413 Max:  4603 Err:     0 (0.00%)
2017-07-26 00:13:31,845 INFO o.a.j.r.Summariser: summary +     10 in 00:00:30 =    0.3/s Avg:  3014 Min:   418 Max:  4591 Err:     0 (0.00%) Active: 1 Started: 1 Finished: 0
2017-07-26 00:13:31,846 INFO o.a.j.r.Summariser: summary =     26 in 00:01:24 =    0.3/s Avg:  3214 Min:   413 Max:  4603 Err:     0 (0.00%)
2017-07-26 00:14:01,209 INFO o.a.j.r.Summariser: summary +     10 in 00:00:29 =    0.3/s Avg:  2935 Min:   412 Max:  4753 Err:     0 (0.00%) Active: 1 Started: 1 Finished: 0
2017-07-26 00:14:01,209 INFO o.a.j.r.Summariser: summary =     36 in 00:01:53 =    0.3/s Avg:  3136 Min:   412 Max:  4753 Err:     0 (0.00%)
2017-07-26 00:14:33,127 INFO o.a.j.r.Summariser: summary +     11 in 00:00:32 =    0.3/s Avg:  2901 Min:   379 Max:  4122 Err:     0 (0.00%) Active: 1 Started: 1 Finished: 0
2017-07-26 00:14:33,127 INFO o.a.j.r.Summariser: summary =     47 in 00:02:25 =    0.3/s Avg:  3081 Min:   379 Max:  4753 Err:     0 (0.00%)
2017-07-26 00:15:02,908 INFO o.a.j.r.Summariser: summary +     10 in 00:00:30 =    0.3/s Avg:  2977 Min:   430 Max:  4518 Err:     0 (0.00%) Active: 1 Started: 1 Finished: 0
2017-07-26 00:15:02,908 INFO o.a.j.r.Summariser: summary =     57 in 00:02:55 =    0.3/s Avg:  3063 Min:   379 Max:  4753 Err:     0 (0.00%)
2017-07-26 00:15:31,508 INFO o.a.j.r.Summariser: summary +     10 in 00:00:29 =    0.3/s Avg:  2859 Min:   382 Max:  4695 Err:     0 (0.00%) Active: 1 Started: 1 Finished: 0
2017-07-26 00:15:31,508 INFO o.a.j.r.Summariser: summary =     67 in 00:03:23 =    0.3/s Avg:  3032 Min:   379 Max:  4753 Err:     0 (0.00%)
2017-07-26 00:16:01,971 INFO o.a.j.r.Summariser: summary +     10 in 00:00:30 =    0.3/s Avg:  3045 Min:   379 Max:  4282 Err:     0 (0.00%) Active: 1 Started: 1 Finished: 0
2017-07-26 00:16:01,971 INFO o.a.j.r.Summariser: summary =     77 in 00:03:54 =    0.3/s Avg:  3034 Min:   379 Max:  4753 Err:     0 (0.00%)
2017-07-26 00:16:30,996 INFO o.a.j.r.Summariser: summary +     10 in 00:00:29 =    0.3/s Avg:  2902 Min:   418 Max:  4654 Err:     0 (0.00%) Active: 1 Started: 1 Finished: 0
2017-07-26 00:16:30,996 INFO o.a.j.r.Summariser: summary =     87 in 00:04:23 =    0.3/s Avg:  3019 Min:   379 Max:  4753 Err:     0 (0.00%)
2017-07-26 00:17:02,702 INFO o.a.j.r.Summariser: summary +      9 in 00:00:32 =    0.3/s Avg:  3522 Min:   603 Max:  6379 Err:     0 (0.00%) Active: 1 Started: 1 Finished: 0
2017-07-26 00:17:02,703 INFO o.a.j.r.Summariser: summary =     96 in 00:04:55 =    0.3/s Avg:  3066 Min:   379 Max:  6379 Err:     0 (0.00%)
2017-07-26 00:17:11,195 INFO o.a.j.t.JMeterThread: Thread is done: The thread Group 1-1
2017-07-26 00:17:11,195 INFO o.a.j.t.JMeterThread: Thread finished: The thread Group 1-1
2017-07-26 00:17:11,196 INFO o.a.j.e.StandardJMeterEngine: Notifying test listeners of end of test
2017-07-26 00:17:11,196 INFO o.a.j.s.FileServer: Close: /Users/jeb228/Development/DataDistributionAPI/testing/tests_and_results/DepartmentWordCloud/DepartmentUris.csv
2017-07-26 00:17:11,197 INFO o.a.j.r.Summariser: summary +      4 in 00:00:08 =    0.5/s Avg:  2123 Min:   390 Max:  4175 Err:     0 (0.00%) Active: 0 Started: 1 Finished: 1
2017-07-26 00:17:11,197 INFO o.a.j.r.Summariser: summary =    100 in 00:05:03 =    0.3/s Avg:  3028 Min:   379 Max:  6379 Err:     0 (0.00%)
