2017-07-25 20:21:33,309 INFO o.a.j.u.JMeterUtils: Setting Locale to en_US
2017-07-25 20:21:33,317 INFO o.a.j.JMeter: Loading user properties from: /Users/jeb228/Software/forMac/JMeter/apache-jmeter-3.2/bin/user.properties
2017-07-25 20:21:33,317 INFO o.a.j.JMeter: Loading system properties from: /Users/jeb228/Software/forMac/JMeter/apache-jmeter-3.2/bin/system.properties
2017-07-25 20:21:33,318 INFO o.a.j.JMeter: Setting JMeter property: dir.base=/Users/jeb228/Development/DataDistributionAPI/testing/tests_and_results/OrganizationResearchAreas/_results
2017-07-25 20:21:33,318 INFO o.a.j.JMeter: Setting JMeter property: dir.output=/Users/jeb228/Development/DataDistributionAPI/testing/tests_and_results/OrganizationResearchAreas/_results/vivo_ora_drill_L2_2
2017-07-25 20:21:33,318 INFO o.a.j.JMeter: Setting JMeter property: context.path=vivo
2017-07-25 20:21:33,318 INFO o.a.j.JMeter: Setting JMeter property: action.name=ora_drill_L2
2017-07-25 20:21:33,318 INFO o.a.j.JMeter: Setting JMeter property: file.uris=/Users/jeb228/Development/DataDistributionAPI/testing/tests_and_results/OrganizationResearchAreas/OrganizationUris.csv
2017-07-25 20:21:33,318 INFO o.a.j.JMeter: Setting JMeter property: sample_variables=LABEL
2017-07-25 20:21:33,321 INFO o.a.j.JMeter: Copyright (c) 1998-2017 The Apache Software Foundation
2017-07-25 20:21:33,321 INFO o.a.j.JMeter: Version 3.2 r1790748
2017-07-25 20:21:33,321 INFO o.a.j.JMeter: java.version=1.8.0_131
2017-07-25 20:21:33,321 INFO o.a.j.JMeter: java.vm.name=Java HotSpot(TM) 64-Bit Server VM
2017-07-25 20:21:33,322 INFO o.a.j.JMeter: os.name=Mac OS X
2017-07-25 20:21:33,322 INFO o.a.j.JMeter: os.arch=x86_64
2017-07-25 20:21:33,322 INFO o.a.j.JMeter: os.version=10.12.6
2017-07-25 20:21:33,322 INFO o.a.j.JMeter: file.encoding=UTF-8
2017-07-25 20:21:33,322 INFO o.a.j.JMeter: Max memory     =536870912
2017-07-25 20:21:33,322 INFO o.a.j.JMeter: Available Processors =4
2017-07-25 20:21:33,324 INFO o.a.j.JMeter: Default Locale=English (United States)
2017-07-25 20:21:33,324 INFO o.a.j.JMeter: JMeter  Locale=English (United States)
2017-07-25 20:21:33,325 INFO o.a.j.JMeter: JMeterHome=/Users/jeb228/Software/forMac/JMeter/apache-jmeter-3.2
2017-07-25 20:21:33,325 INFO o.a.j.JMeter: user.dir  =/Users/jeb228/Development/DataDistributionAPI/testing/tests_and_results/OrganizationResearchAreas/_results
2017-07-25 20:21:33,325 INFO o.a.j.JMeter: PWD       =/Users/jeb228/Development/DataDistributionAPI/testing/tests_and_results/OrganizationResearchAreas/_results
2017-07-25 20:21:33,326 INFO o.a.j.JMeter: IP: 10.0.1.36 Name: lib-jeb228-maclap.local FullName: 10.0.1.36
2017-07-25 20:21:33,328 INFO o.a.j.s.FileServer: Default base='/Users/jeb228/Development/DataDistributionAPI/testing/tests_and_results/OrganizationResearchAreas/_results'
2017-07-25 20:21:33,328 INFO o.a.j.s.FileServer: Set new base='/Users/jeb228/Development/DataDistributionAPI/testing/tests_and_results/OrganizationResearchAreas'
2017-07-25 20:21:33,403 INFO o.a.j.s.SaveService: Testplan (JMX) version: 2.2. Testlog (JTL) version: 2.2
2017-07-25 20:21:33,414 INFO o.a.j.s.SaveService: Using SaveService properties file encoding UTF-8
2017-07-25 20:21:33,425 INFO o.a.j.s.SaveService: Using SaveService properties version 3.2
2017-07-25 20:21:33,430 INFO o.a.j.s.SaveService: Loading file: /Users/jeb228/Development/DataDistributionAPI/testing/tests_and_results/OrganizationResearchAreas/OrganizationResearchAreas.jmx
2017-07-25 20:21:33,464 INFO o.a.j.p.h.s.HTTPSamplerBase: Parser for text/html is org.apache.jmeter.protocol.http.parser.LagartoBasedHtmlParser
2017-07-25 20:21:33,464 INFO o.a.j.p.h.s.HTTPSamplerBase: Parser for application/xhtml+xml is org.apache.jmeter.protocol.http.parser.LagartoBasedHtmlParser
2017-07-25 20:21:33,464 INFO o.a.j.p.h.s.HTTPSamplerBase: Parser for application/xml is org.apache.jmeter.protocol.http.parser.LagartoBasedHtmlParser
2017-07-25 20:21:33,464 INFO o.a.j.p.h.s.HTTPSamplerBase: Parser for text/xml is org.apache.jmeter.protocol.http.parser.LagartoBasedHtmlParser
2017-07-25 20:21:33,464 INFO o.a.j.p.h.s.HTTPSamplerBase: Parser for text/vnd.wap.wml is org.apache.jmeter.protocol.http.parser.RegexpHTMLParser
2017-07-25 20:21:33,464 INFO o.a.j.p.h.s.HTTPSamplerBase: Parser for text/css is org.apache.jmeter.protocol.http.parser.CssParser
2017-07-25 20:21:33,471 INFO o.a.j.JMeter: Creating summariser <summary>
2017-07-25 20:21:33,478 INFO o.a.j.e.StandardJMeterEngine: Running the test!
2017-07-25 20:21:33,478 INFO o.a.j.s.SampleEvent: List of sample_variables: [LABEL]
2017-07-25 20:21:33,478 INFO o.a.j.s.SampleEvent: List of sample_variables: [LABEL]
2017-07-25 20:21:33,481 INFO o.a.j.e.u.CompoundVariable: Note: Function class names must contain the string: '.functions.'
2017-07-25 20:21:33,481 INFO o.a.j.e.u.CompoundVariable: Note: Function class names must not contain the string: '.gui.'
2017-07-25 20:21:33,715 INFO o.a.j.JMeter: Running test (1501028493715)
2017-07-25 20:21:33,750 INFO o.a.j.e.StandardJMeterEngine: Starting ThreadGroup: 1 : The thread Group
2017-07-25 20:21:33,750 INFO o.a.j.e.StandardJMeterEngine: Starting 1 threads for group The thread Group.
2017-07-25 20:21:33,750 INFO o.a.j.e.StandardJMeterEngine: Thread will continue on error
2017-07-25 20:21:33,750 INFO o.a.j.t.ThreadGroup: Starting thread group... number=1 threads=1 ramp-up=1 perThread=1000.0 delayedStart=false
2017-07-25 20:21:33,755 INFO o.a.j.t.ThreadGroup: Started thread group number 1
2017-07-25 20:21:33,755 INFO o.a.j.e.StandardJMeterEngine: All thread groups have been started
2017-07-25 20:21:33,843 INFO o.a.j.t.JMeterThread: Thread started: The thread Group 1-1
2017-07-25 20:21:33,845 INFO o.a.j.s.FileServer: Stored: /Users/jeb228/Development/DataDistributionAPI/testing/tests_and_results/OrganizationResearchAreas/OrganizationUris.csv
2017-07-25 20:21:33,856 INFO o.a.j.p.h.s.HTTPHCAbstractImpl: Local host = lib-jeb228-maclap.local
2017-07-25 20:21:33,859 INFO o.a.j.p.h.s.HTTPHC4Impl: HTTP request retry count = 0
2017-07-25 20:21:33,864 INFO o.a.j.s.SampleResult: Note: Sample TimeStamps are START times
2017-07-25 20:21:33,864 INFO o.a.j.s.SampleResult: sampleresult.default.encoding is set to ISO-8859-1
2017-07-25 20:21:33,864 INFO o.a.j.s.SampleResult: sampleresult.useNanoTime=true
2017-07-25 20:21:33,864 INFO o.a.j.s.SampleResult: sampleresult.nanoThreadSleep=5000
2017-07-25 20:22:01,331 INFO o.a.j.r.Summariser: summary +     16 in 00:00:28 =    0.6/s Avg:  1715 Min:   231 Max:  2771 Err:     0 (0.00%) Active: 1 Started: 1 Finished: 0
2017-07-25 20:22:31,279 INFO o.a.j.r.Summariser: summary +     19 in 00:00:30 =    0.6/s Avg:  1575 Min:   233 Max:  3041 Err:     0 (0.00%) Active: 1 Started: 1 Finished: 0
2017-07-25 20:22:31,279 INFO o.a.j.r.Summariser: summary =     35 in 00:00:58 =    0.6/s Avg:  1639 Min:   231 Max:  3041 Err:     0 (0.00%)
2017-07-25 20:23:02,339 INFO o.a.j.r.Summariser: summary +     20 in 00:00:31 =    0.6/s Avg:  1552 Min:   233 Max:  2629 Err:     0 (0.00%) Active: 1 Started: 1 Finished: 0
2017-07-25 20:23:02,339 INFO o.a.j.r.Summariser: summary =     55 in 00:01:29 =    0.6/s Avg:  1607 Min:   231 Max:  3041 Err:     0 (0.00%)
2017-07-25 20:23:30,709 INFO o.a.j.r.Summariser: summary +     18 in 00:00:28 =    0.6/s Avg:  1575 Min:   237 Max:  2710 Err:     0 (0.00%) Active: 1 Started: 1 Finished: 0
2017-07-25 20:23:30,709 INFO o.a.j.r.Summariser: summary =     73 in 00:01:57 =    0.6/s Avg:  1599 Min:   231 Max:  3041 Err:     0 (0.00%)
2017-07-25 20:24:01,525 INFO o.a.j.r.Summariser: summary +     20 in 00:00:31 =    0.6/s Avg:  1540 Min:   232 Max:  2626 Err:     0 (0.00%) Active: 1 Started: 1 Finished: 0
2017-07-25 20:24:01,525 INFO o.a.j.r.Summariser: summary =     93 in 00:02:28 =    0.6/s Avg:  1587 Min:   231 Max:  3041 Err:     0 (0.00%)
2017-07-25 20:24:10,935 INFO o.a.j.t.JMeterThread: Thread is done: The thread Group 1-1
2017-07-25 20:24:10,935 INFO o.a.j.t.JMeterThread: Thread finished: The thread Group 1-1
2017-07-25 20:24:10,936 INFO o.a.j.e.StandardJMeterEngine: Notifying test listeners of end of test
2017-07-25 20:24:10,936 INFO o.a.j.s.FileServer: Close: /Users/jeb228/Development/DataDistributionAPI/testing/tests_and_results/OrganizationResearchAreas/OrganizationUris.csv
2017-07-25 20:24:10,938 INFO o.a.j.r.Summariser: summary +      7 in 00:00:09 =    0.7/s Avg:  1344 Min:   240 Max:  3001 Err:     0 (0.00%) Active: 0 Started: 1 Finished: 1
2017-07-25 20:24:10,938 INFO o.a.j.r.Summariser: summary =    100 in 00:02:37 =    0.6/s Avg:  1570 Min:   231 Max:  3041 Err:     0 (0.00%)
