2017-07-26 14:13:24,272 INFO o.a.j.u.JMeterUtils: Setting Locale to en_US
2017-07-26 14:13:24,280 INFO o.a.j.JMeter: Loading user properties from: /Users/jeb228/Software/forMac/JMeter/apache-jmeter-3.2/bin/user.properties
2017-07-26 14:13:24,281 INFO o.a.j.JMeter: Loading system properties from: /Users/jeb228/Software/forMac/JMeter/apache-jmeter-3.2/bin/system.properties
2017-07-26 14:13:24,281 INFO o.a.j.JMeter: Setting JMeter property: dir.base=/Users/jeb228/Development/DataDistributionAPI/testing/tests_and_results/DepartmentWordCloud/_results
2017-07-26 14:13:24,281 INFO o.a.j.JMeter: Setting JMeter property: dir.output=/Users/jeb228/Development/DataDistributionAPI/testing/tests_and_results/DepartmentWordCloud/_results/scholars_dwc_drill_1
2017-07-26 14:13:24,281 INFO o.a.j.JMeter: Setting JMeter property: context.path=scholars
2017-07-26 14:13:24,281 INFO o.a.j.JMeter: Setting JMeter property: action.name=dwc_drill
2017-07-26 14:13:24,281 INFO o.a.j.JMeter: Setting JMeter property: file.uris=/Users/jeb228/Development/DataDistributionAPI/testing/tests_and_results/DepartmentWordCloud/DepartmentUris.csv
2017-07-26 14:13:24,281 INFO o.a.j.JMeter: Setting JMeter property: sample_variables=LABEL
2017-07-26 14:13:24,285 INFO o.a.j.JMeter: Copyright (c) 1998-2017 The Apache Software Foundation
2017-07-26 14:13:24,285 INFO o.a.j.JMeter: Version 3.2 r1790748
2017-07-26 14:13:24,285 INFO o.a.j.JMeter: java.version=1.8.0_131
2017-07-26 14:13:24,285 INFO o.a.j.JMeter: java.vm.name=Java HotSpot(TM) 64-Bit Server VM
2017-07-26 14:13:24,285 INFO o.a.j.JMeter: os.name=Mac OS X
2017-07-26 14:13:24,285 INFO o.a.j.JMeter: os.arch=x86_64
2017-07-26 14:13:24,285 INFO o.a.j.JMeter: os.version=10.12.6
2017-07-26 14:13:24,285 INFO o.a.j.JMeter: file.encoding=UTF-8
2017-07-26 14:13:24,285 INFO o.a.j.JMeter: Max memory     =536870912
2017-07-26 14:13:24,285 INFO o.a.j.JMeter: Available Processors =4
2017-07-26 14:13:24,288 INFO o.a.j.JMeter: Default Locale=English (United States)
2017-07-26 14:13:24,288 INFO o.a.j.JMeter: JMeter  Locale=English (United States)
2017-07-26 14:13:24,288 INFO o.a.j.JMeter: JMeterHome=/Users/jeb228/Software/forMac/JMeter/apache-jmeter-3.2
2017-07-26 14:13:24,288 INFO o.a.j.JMeter: user.dir  =/Users/jeb228/Development/DataDistributionAPI/testing/tests_and_results/DepartmentWordCloud/_results
2017-07-26 14:13:24,289 INFO o.a.j.JMeter: PWD       =/Users/jeb228/Development/DataDistributionAPI/testing/tests_and_results/DepartmentWordCloud/_results
2017-07-26 14:13:24,295 INFO o.a.j.JMeter: IP: 10.0.1.36 Name: lib-jeb228-maclap.local FullName: 10.0.1.36
2017-07-26 14:13:24,297 INFO o.a.j.s.FileServer: Default base='/Users/jeb228/Development/DataDistributionAPI/testing/tests_and_results/DepartmentWordCloud/_results'
2017-07-26 14:13:24,298 INFO o.a.j.s.FileServer: Set new base='/Users/jeb228/Development/DataDistributionAPI/testing/tests_and_results/DepartmentWordCloud'
2017-07-26 14:13:24,380 INFO o.a.j.s.SaveService: Testplan (JMX) version: 2.2. Testlog (JTL) version: 2.2
2017-07-26 14:13:24,391 INFO o.a.j.s.SaveService: Using SaveService properties file encoding UTF-8
2017-07-26 14:13:24,404 INFO o.a.j.s.SaveService: Using SaveService properties version 3.2
2017-07-26 14:13:24,408 INFO o.a.j.s.SaveService: Loading file: /Users/jeb228/Development/DataDistributionAPI/testing/tests_and_results/DepartmentWordCloud/DepartmentWordClouds.jmx
2017-07-26 14:13:24,443 INFO o.a.j.p.h.s.HTTPSamplerBase: Parser for text/html is org.apache.jmeter.protocol.http.parser.LagartoBasedHtmlParser
2017-07-26 14:13:24,443 INFO o.a.j.p.h.s.HTTPSamplerBase: Parser for application/xhtml+xml is org.apache.jmeter.protocol.http.parser.LagartoBasedHtmlParser
2017-07-26 14:13:24,443 INFO o.a.j.p.h.s.HTTPSamplerBase: Parser for application/xml is org.apache.jmeter.protocol.http.parser.LagartoBasedHtmlParser
2017-07-26 14:13:24,443 INFO o.a.j.p.h.s.HTTPSamplerBase: Parser for text/xml is org.apache.jmeter.protocol.http.parser.LagartoBasedHtmlParser
2017-07-26 14:13:24,443 INFO o.a.j.p.h.s.HTTPSamplerBase: Parser for text/vnd.wap.wml is org.apache.jmeter.protocol.http.parser.RegexpHTMLParser
2017-07-26 14:13:24,443 INFO o.a.j.p.h.s.HTTPSamplerBase: Parser for text/css is org.apache.jmeter.protocol.http.parser.CssParser
2017-07-26 14:13:24,450 INFO o.a.j.JMeter: Creating summariser <summary>
2017-07-26 14:13:24,458 INFO o.a.j.e.StandardJMeterEngine: Running the test!
2017-07-26 14:13:24,458 INFO o.a.j.s.SampleEvent: List of sample_variables: [LABEL]
2017-07-26 14:13:24,459 INFO o.a.j.s.SampleEvent: List of sample_variables: [LABEL]
2017-07-26 14:13:24,462 INFO o.a.j.e.u.CompoundVariable: Note: Function class names must contain the string: '.functions.'
2017-07-26 14:13:24,462 INFO o.a.j.e.u.CompoundVariable: Note: Function class names must not contain the string: '.gui.'
2017-07-26 14:13:24,706 INFO o.a.j.JMeter: Running test (1501092804706)
2017-07-26 14:13:24,738 INFO o.a.j.e.StandardJMeterEngine: Starting ThreadGroup: 1 : The thread Group
2017-07-26 14:13:24,738 INFO o.a.j.e.StandardJMeterEngine: Starting 1 threads for group The thread Group.
2017-07-26 14:13:24,738 INFO o.a.j.e.StandardJMeterEngine: Thread will continue on error
2017-07-26 14:13:24,738 INFO o.a.j.t.ThreadGroup: Starting thread group... number=1 threads=1 ramp-up=1 perThread=1000.0 delayedStart=false
2017-07-26 14:13:24,741 INFO o.a.j.t.ThreadGroup: Started thread group number 1
2017-07-26 14:13:24,741 INFO o.a.j.e.StandardJMeterEngine: All thread groups have been started
2017-07-26 14:13:24,969 INFO o.a.j.t.JMeterThread: Thread started: The thread Group 1-1
2017-07-26 14:13:24,974 INFO o.a.j.s.FileServer: Stored: /Users/jeb228/Development/DataDistributionAPI/testing/tests_and_results/DepartmentWordCloud/DepartmentUris.csv
2017-07-26 14:13:24,996 INFO o.a.j.p.h.s.HTTPHCAbstractImpl: Local host = lib-jeb228-maclap.local
2017-07-26 14:13:25,000 INFO o.a.j.p.h.s.HTTPHC4Impl: HTTP request retry count = 0
2017-07-26 14:13:25,010 INFO o.a.j.s.SampleResult: Note: Sample TimeStamps are START times
2017-07-26 14:13:25,010 INFO o.a.j.s.SampleResult: sampleresult.default.encoding is set to ISO-8859-1
2017-07-26 14:13:25,010 INFO o.a.j.s.SampleResult: sampleresult.useNanoTime=true
2017-07-26 14:13:25,010 INFO o.a.j.s.SampleResult: sampleresult.nanoThreadSleep=5000
2017-07-26 14:13:31,078 INFO o.a.j.r.Summariser: summary +      3 in 00:00:06 =    0.5/s Avg:  2014 Min:  1262 Max:  2979 Err:     0 (0.00%) Active: 1 Started: 1 Finished: 0
2017-07-26 14:14:00,626 INFO o.a.j.r.Summariser: summary +     27 in 00:00:30 =    0.9/s Avg:  1093 Min:   561 Max:  2860 Err:     0 (0.00%) Active: 1 Started: 1 Finished: 0
2017-07-26 14:14:00,627 INFO o.a.j.r.Summariser: summary =     30 in 00:00:36 =    0.8/s Avg:  1185 Min:   561 Max:  2979 Err:     0 (0.00%)
2017-07-26 14:14:30,280 INFO o.a.j.r.Summariser: summary +     23 in 00:00:30 =    0.8/s Avg:  1288 Min:   562 Max:  2879 Err:     0 (0.00%) Active: 1 Started: 1 Finished: 0
2017-07-26 14:14:30,280 INFO o.a.j.r.Summariser: summary =     53 in 00:01:06 =    0.8/s Avg:  1230 Min:   561 Max:  2979 Err:     0 (0.00%)
2017-07-26 14:15:02,676 INFO o.a.j.r.Summariser: summary +     28 in 00:00:32 =    0.9/s Avg:  1156 Min:   564 Max:  2878 Err:     0 (0.00%) Active: 1 Started: 1 Finished: 0
2017-07-26 14:15:02,676 INFO o.a.j.r.Summariser: summary =     81 in 00:01:38 =    0.8/s Avg:  1204 Min:   561 Max:  2979 Err:     0 (0.00%)
2017-07-26 14:15:23,420 INFO o.a.j.t.JMeterThread: Thread is done: The thread Group 1-1
2017-07-26 14:15:23,420 INFO o.a.j.t.JMeterThread: Thread finished: The thread Group 1-1
2017-07-26 14:15:23,421 INFO o.a.j.e.StandardJMeterEngine: Notifying test listeners of end of test
2017-07-26 14:15:23,421 INFO o.a.j.s.FileServer: Close: /Users/jeb228/Development/DataDistributionAPI/testing/tests_and_results/DepartmentWordCloud/DepartmentUris.csv
2017-07-26 14:15:23,422 INFO o.a.j.r.Summariser: summary +     19 in 00:00:21 =    0.9/s Avg:  1091 Min:   562 Max:  2861 Err:     0 (0.00%) Active: 0 Started: 1 Finished: 1
2017-07-26 14:15:23,422 INFO o.a.j.r.Summariser: summary =    100 in 00:01:59 =    0.8/s Avg:  1183 Min:   561 Max:  2979 Err:     0 (0.00%)
