2017-07-26 14:15:25,913 INFO o.a.j.u.JMeterUtils: Setting Locale to en_US
2017-07-26 14:15:25,923 INFO o.a.j.JMeter: Loading user properties from: /Users/jeb228/Software/forMac/JMeter/apache-jmeter-3.2/bin/user.properties
2017-07-26 14:15:25,924 INFO o.a.j.JMeter: Loading system properties from: /Users/jeb228/Software/forMac/JMeter/apache-jmeter-3.2/bin/system.properties
2017-07-26 14:15:25,924 INFO o.a.j.JMeter: Setting JMeter property: dir.base=/Users/jeb228/Development/DataDistributionAPI/testing/tests_and_results/DepartmentWordCloud/_results
2017-07-26 14:15:25,925 INFO o.a.j.JMeter: Setting JMeter property: dir.output=/Users/jeb228/Development/DataDistributionAPI/testing/tests_and_results/DepartmentWordCloud/_results/scholars_dwc_double_1
2017-07-26 14:15:25,925 INFO o.a.j.JMeter: Setting JMeter property: context.path=scholars
2017-07-26 14:15:25,925 INFO o.a.j.JMeter: Setting JMeter property: action.name=dwc_double
2017-07-26 14:15:25,925 INFO o.a.j.JMeter: Setting JMeter property: file.uris=/Users/jeb228/Development/DataDistributionAPI/testing/tests_and_results/DepartmentWordCloud/DepartmentUris.csv
2017-07-26 14:15:25,925 INFO o.a.j.JMeter: Setting JMeter property: sample_variables=LABEL
2017-07-26 14:15:25,929 INFO o.a.j.JMeter: Copyright (c) 1998-2017 The Apache Software Foundation
2017-07-26 14:15:25,930 INFO o.a.j.JMeter: Version 3.2 r1790748
2017-07-26 14:15:25,930 INFO o.a.j.JMeter: java.version=1.8.0_131
2017-07-26 14:15:25,930 INFO o.a.j.JMeter: java.vm.name=Java HotSpot(TM) 64-Bit Server VM
2017-07-26 14:15:25,930 INFO o.a.j.JMeter: os.name=Mac OS X
2017-07-26 14:15:25,930 INFO o.a.j.JMeter: os.arch=x86_64
2017-07-26 14:15:25,930 INFO o.a.j.JMeter: os.version=10.12.6
2017-07-26 14:15:25,930 INFO o.a.j.JMeter: file.encoding=UTF-8
2017-07-26 14:15:25,930 INFO o.a.j.JMeter: Max memory     =536870912
2017-07-26 14:15:25,930 INFO o.a.j.JMeter: Available Processors =4
2017-07-26 14:15:25,933 INFO o.a.j.JMeter: Default Locale=English (United States)
2017-07-26 14:15:25,934 INFO o.a.j.JMeter: JMeter  Locale=English (United States)
2017-07-26 14:15:25,934 INFO o.a.j.JMeter: JMeterHome=/Users/jeb228/Software/forMac/JMeter/apache-jmeter-3.2
2017-07-26 14:15:25,934 INFO o.a.j.JMeter: user.dir  =/Users/jeb228/Development/DataDistributionAPI/testing/tests_and_results/DepartmentWordCloud/_results
2017-07-26 14:15:25,934 INFO o.a.j.JMeter: PWD       =/Users/jeb228/Development/DataDistributionAPI/testing/tests_and_results/DepartmentWordCloud/_results
2017-07-26 14:15:25,940 INFO o.a.j.JMeter: IP: 10.0.1.36 Name: lib-jeb228-maclap.local FullName: 10.0.1.36
2017-07-26 14:15:25,942 INFO o.a.j.s.FileServer: Default base='/Users/jeb228/Development/DataDistributionAPI/testing/tests_and_results/DepartmentWordCloud/_results'
2017-07-26 14:15:25,942 INFO o.a.j.s.FileServer: Set new base='/Users/jeb228/Development/DataDistributionAPI/testing/tests_and_results/DepartmentWordCloud'
2017-07-26 14:15:26,022 INFO o.a.j.s.SaveService: Testplan (JMX) version: 2.2. Testlog (JTL) version: 2.2
2017-07-26 14:15:26,036 INFO o.a.j.s.SaveService: Using SaveService properties file encoding UTF-8
2017-07-26 14:15:26,047 INFO o.a.j.s.SaveService: Using SaveService properties version 3.2
2017-07-26 14:15:26,052 INFO o.a.j.s.SaveService: Loading file: /Users/jeb228/Development/DataDistributionAPI/testing/tests_and_results/DepartmentWordCloud/DepartmentWordClouds.jmx
2017-07-26 14:15:26,085 INFO o.a.j.p.h.s.HTTPSamplerBase: Parser for text/html is org.apache.jmeter.protocol.http.parser.LagartoBasedHtmlParser
2017-07-26 14:15:26,085 INFO o.a.j.p.h.s.HTTPSamplerBase: Parser for application/xhtml+xml is org.apache.jmeter.protocol.http.parser.LagartoBasedHtmlParser
2017-07-26 14:15:26,085 INFO o.a.j.p.h.s.HTTPSamplerBase: Parser for application/xml is org.apache.jmeter.protocol.http.parser.LagartoBasedHtmlParser
2017-07-26 14:15:26,085 INFO o.a.j.p.h.s.HTTPSamplerBase: Parser for text/xml is org.apache.jmeter.protocol.http.parser.LagartoBasedHtmlParser
2017-07-26 14:15:26,085 INFO o.a.j.p.h.s.HTTPSamplerBase: Parser for text/vnd.wap.wml is org.apache.jmeter.protocol.http.parser.RegexpHTMLParser
2017-07-26 14:15:26,085 INFO o.a.j.p.h.s.HTTPSamplerBase: Parser for text/css is org.apache.jmeter.protocol.http.parser.CssParser
2017-07-26 14:15:26,092 INFO o.a.j.JMeter: Creating summariser <summary>
2017-07-26 14:15:26,099 INFO o.a.j.e.StandardJMeterEngine: Running the test!
2017-07-26 14:15:26,099 INFO o.a.j.s.SampleEvent: List of sample_variables: [LABEL]
2017-07-26 14:15:26,100 INFO o.a.j.s.SampleEvent: List of sample_variables: [LABEL]
2017-07-26 14:15:26,102 INFO o.a.j.e.u.CompoundVariable: Note: Function class names must contain the string: '.functions.'
2017-07-26 14:15:26,102 INFO o.a.j.e.u.CompoundVariable: Note: Function class names must not contain the string: '.gui.'
2017-07-26 14:15:26,343 INFO o.a.j.JMeter: Running test (1501092926342)
2017-07-26 14:15:26,377 INFO o.a.j.e.StandardJMeterEngine: Starting ThreadGroup: 1 : The thread Group
2017-07-26 14:15:26,378 INFO o.a.j.e.StandardJMeterEngine: Starting 1 threads for group The thread Group.
2017-07-26 14:15:26,378 INFO o.a.j.e.StandardJMeterEngine: Thread will continue on error
2017-07-26 14:15:26,378 INFO o.a.j.t.ThreadGroup: Starting thread group... number=1 threads=1 ramp-up=1 perThread=1000.0 delayedStart=false
2017-07-26 14:15:26,385 INFO o.a.j.t.ThreadGroup: Started thread group number 1
2017-07-26 14:15:26,385 INFO o.a.j.e.StandardJMeterEngine: All thread groups have been started
2017-07-26 14:15:26,691 INFO o.a.j.t.JMeterThread: Thread started: The thread Group 1-1
2017-07-26 14:15:26,695 INFO o.a.j.s.FileServer: Stored: /Users/jeb228/Development/DataDistributionAPI/testing/tests_and_results/DepartmentWordCloud/DepartmentUris.csv
2017-07-26 14:15:26,708 INFO o.a.j.p.h.s.HTTPHCAbstractImpl: Local host = lib-jeb228-maclap.local
2017-07-26 14:15:26,712 INFO o.a.j.p.h.s.HTTPHC4Impl: HTTP request retry count = 0
2017-07-26 14:15:26,719 INFO o.a.j.s.SampleResult: Note: Sample TimeStamps are START times
2017-07-26 14:15:26,719 INFO o.a.j.s.SampleResult: sampleresult.default.encoding is set to ISO-8859-1
2017-07-26 14:15:26,720 INFO o.a.j.s.SampleResult: sampleresult.useNanoTime=true
2017-07-26 14:15:26,720 INFO o.a.j.s.SampleResult: sampleresult.nanoThreadSleep=5000
2017-07-26 14:16:00,742 INFO o.a.j.r.Summariser: summary +      5 in 00:00:34 =    0.1/s Avg:  6799 Min:  3720 Max: 13184 Err:     0 (0.00%) Active: 1 Started: 1 Finished: 0
2017-07-26 14:16:34,539 INFO o.a.j.r.Summariser: summary +      6 in 00:00:34 =    0.2/s Avg:  5632 Min:  3059 Max: 15258 Err:     0 (0.00%) Active: 1 Started: 1 Finished: 0
2017-07-26 14:16:34,540 INFO o.a.j.r.Summariser: summary =     11 in 00:01:08 =    0.2/s Avg:  6162 Min:  3059 Max: 15258 Err:     0 (0.00%)
2017-07-26 14:17:01,783 INFO o.a.j.r.Summariser: summary +      6 in 00:00:27 =    0.2/s Avg:  4540 Min:  3102 Max:  6620 Err:     0 (0.00%) Active: 1 Started: 1 Finished: 0
2017-07-26 14:17:01,783 INFO o.a.j.r.Summariser: summary =     17 in 00:01:35 =    0.2/s Avg:  5590 Min:  3059 Max: 15258 Err:     0 (0.00%)
2017-07-26 14:17:35,632 INFO o.a.j.r.Summariser: summary +      5 in 00:00:34 =    0.1/s Avg:  6768 Min:  3210 Max: 15398 Err:     0 (0.00%) Active: 1 Started: 1 Finished: 0
2017-07-26 14:17:35,632 INFO o.a.j.r.Summariser: summary =     22 in 00:02:09 =    0.2/s Avg:  5857 Min:  3059 Max: 15398 Err:     0 (0.00%)
2017-07-26 14:18:00,465 INFO o.a.j.r.Summariser: summary +      6 in 00:00:25 =    0.2/s Avg:  4138 Min:  3274 Max:  5231 Err:     0 (0.00%) Active: 1 Started: 1 Finished: 0
2017-07-26 14:18:00,465 INFO o.a.j.r.Summariser: summary =     28 in 00:02:34 =    0.2/s Avg:  5489 Min:  3059 Max: 15398 Err:     0 (0.00%)
2017-07-26 14:18:32,794 INFO o.a.j.r.Summariser: summary +      4 in 00:00:32 =    0.1/s Avg:  8081 Min:  3551 Max: 16567 Err:     0 (0.00%) Active: 1 Started: 1 Finished: 0
2017-07-26 14:18:32,794 INFO o.a.j.r.Summariser: summary =     32 in 00:03:06 =    0.2/s Avg:  5813 Min:  3059 Max: 16567 Err:     0 (0.00%)
2017-07-26 14:19:01,028 INFO o.a.j.r.Summariser: summary +      7 in 00:00:28 =    0.2/s Avg:  4032 Min:  3070 Max:  5217 Err:     0 (0.00%) Active: 1 Started: 1 Finished: 0
2017-07-26 14:19:01,028 INFO o.a.j.r.Summariser: summary =     39 in 00:03:35 =    0.2/s Avg:  5493 Min:  3059 Max: 16567 Err:     0 (0.00%)
2017-07-26 14:19:32,527 INFO o.a.j.r.Summariser: summary +      4 in 00:00:31 =    0.1/s Avg:  7874 Min:  4089 Max: 15478 Err:     0 (0.00%) Active: 1 Started: 1 Finished: 0
2017-07-26 14:19:32,527 INFO o.a.j.r.Summariser: summary =     43 in 00:04:06 =    0.2/s Avg:  5715 Min:  3059 Max: 16567 Err:     0 (0.00%)
2017-07-26 14:20:01,736 INFO o.a.j.r.Summariser: summary +      7 in 00:00:29 =    0.2/s Avg:  4172 Min:  3252 Max:  5332 Err:     0 (0.00%) Active: 1 Started: 1 Finished: 0
2017-07-26 14:20:01,736 INFO o.a.j.r.Summariser: summary =     50 in 00:04:35 =    0.2/s Avg:  5499 Min:  3059 Max: 16567 Err:     0 (0.00%)
2017-07-26 14:20:32,356 INFO o.a.j.r.Summariser: summary +      3 in 00:00:31 =    0.1/s Avg: 10206 Min:  5251 Max: 16943 Err:     0 (0.00%) Active: 1 Started: 1 Finished: 0
2017-07-26 14:20:32,357 INFO o.a.j.r.Summariser: summary =     53 in 00:05:06 =    0.2/s Avg:  5765 Min:  3059 Max: 16943 Err:     0 (0.00%)
2017-07-26 14:21:02,732 INFO o.a.j.r.Summariser: summary +      6 in 00:00:30 =    0.2/s Avg:  5062 Min:  3989 Max:  6587 Err:     0 (0.00%) Active: 1 Started: 1 Finished: 0
2017-07-26 14:21:02,732 INFO o.a.j.r.Summariser: summary =     59 in 00:05:36 =    0.2/s Avg:  5694 Min:  3059 Max: 16943 Err:     0 (0.00%)
2017-07-26 14:21:34,939 INFO o.a.j.r.Summariser: summary +      3 in 00:00:32 =    0.1/s Avg: 10734 Min:  5712 Max: 17783 Err:     0 (0.00%) Active: 1 Started: 1 Finished: 0
2017-07-26 14:21:34,939 INFO o.a.j.r.Summariser: summary =     62 in 00:06:09 =    0.2/s Avg:  5938 Min:  3059 Max: 17783 Err:     0 (0.00%)
2017-07-26 14:22:00,849 INFO o.a.j.r.Summariser: summary +      5 in 00:00:26 =    0.2/s Avg:  5181 Min:  3910 Max:  6335 Err:     0 (0.00%) Active: 1 Started: 1 Finished: 0
2017-07-26 14:22:00,849 INFO o.a.j.r.Summariser: summary =     67 in 00:06:35 =    0.2/s Avg:  5881 Min:  3059 Max: 17783 Err:     0 (0.00%)
2017-07-26 14:23:01,611 INFO o.a.j.r.Summariser: summary +      8 in 00:01:01 =    0.1/s Avg:  7594 Min:  4175 Max: 19665 Err:     0 (0.00%) Active: 1 Started: 1 Finished: 0
2017-07-26 14:23:01,611 INFO o.a.j.r.Summariser: summary =     75 in 00:07:35 =    0.2/s Avg:  6064 Min:  3059 Max: 19665 Err:     0 (0.00%)
2017-07-26 14:24:03,408 INFO o.a.j.r.Summariser: summary +      9 in 00:01:02 =    0.1/s Avg:  6865 Min:  3976 Max: 17939 Err:     0 (0.00%) Active: 1 Started: 1 Finished: 0
2017-07-26 14:24:03,409 INFO o.a.j.r.Summariser: summary =     84 in 00:08:37 =    0.2/s Avg:  6150 Min:  3059 Max: 19665 Err:     0 (0.00%)
2017-07-26 14:24:32,238 INFO o.a.j.r.Summariser: summary +      6 in 00:00:29 =    0.2/s Avg:  4804 Min:  3906 Max:  5589 Err:     0 (0.00%) Active: 1 Started: 1 Finished: 0
2017-07-26 14:24:32,238 INFO o.a.j.r.Summariser: summary =     90 in 00:09:06 =    0.2/s Avg:  6060 Min:  3059 Max: 19665 Err:     0 (0.00%)
2017-07-26 14:25:01,795 INFO o.a.j.r.Summariser: summary +      3 in 00:00:30 =    0.1/s Avg:  9851 Min:  4904 Max: 17289 Err:     0 (0.00%) Active: 1 Started: 1 Finished: 0
2017-07-26 14:25:01,795 INFO o.a.j.r.Summariser: summary =     93 in 00:09:35 =    0.2/s Avg:  6182 Min:  3059 Max: 19665 Err:     0 (0.00%)
2017-07-26 14:25:32,697 INFO o.a.j.r.Summariser: summary +      7 in 00:00:31 =    0.2/s Avg:  4413 Min:  3246 Max:  6013 Err:     0 (0.00%) Active: 1 Started: 1 Finished: 0
2017-07-26 14:25:32,697 INFO o.a.j.r.Summariser: summary =    100 in 00:10:06 =    0.2/s Avg:  6058 Min:  3059 Max: 19665 Err:     0 (0.00%)
2017-07-26 14:25:32,697 INFO o.a.j.t.JMeterThread: Thread is done: The thread Group 1-1
2017-07-26 14:25:32,697 INFO o.a.j.t.JMeterThread: Thread finished: The thread Group 1-1
2017-07-26 14:25:32,697 INFO o.a.j.e.StandardJMeterEngine: Notifying test listeners of end of test
2017-07-26 14:25:32,698 INFO o.a.j.s.FileServer: Close: /Users/jeb228/Development/DataDistributionAPI/testing/tests_and_results/DepartmentWordCloud/DepartmentUris.csv
2017-07-26 14:25:32,698 INFO o.a.j.r.Summariser: summary =    100 in 00:10:06 =    0.2/s Avg:  6058 Min:  3059 Max: 19665 Err:     0 (0.00%)
