2017-07-26 13:28:54,840 INFO o.a.j.u.JMeterUtils: Setting Locale to en_US
2017-07-26 13:28:54,849 INFO o.a.j.JMeter: Loading user properties from: /Users/jeb228/Software/forMac/JMeter/apache-jmeter-3.2/bin/user.properties
2017-07-26 13:28:54,850 INFO o.a.j.JMeter: Loading system properties from: /Users/jeb228/Software/forMac/JMeter/apache-jmeter-3.2/bin/system.properties
2017-07-26 13:28:54,850 INFO o.a.j.JMeter: Setting JMeter property: dir.base=/Users/jeb228/Development/DataDistributionAPI/testing/tests_and_results/OrganizationResearchAreas/_results
2017-07-26 13:28:54,850 INFO o.a.j.JMeter: Setting JMeter property: dir.output=/Users/jeb228/Development/DataDistributionAPI/testing/tests_and_results/OrganizationResearchAreas/_results/scholars_ora_drill_L3_1
2017-07-26 13:28:54,850 INFO o.a.j.JMeter: Setting JMeter property: context.path=scholars
2017-07-26 13:28:54,850 INFO o.a.j.JMeter: Setting JMeter property: action.name=ora_drill_L3
2017-07-26 13:28:54,850 INFO o.a.j.JMeter: Setting JMeter property: file.uris=/Users/jeb228/Development/DataDistributionAPI/testing/tests_and_results/OrganizationResearchAreas/OrganizationUris.csv
2017-07-26 13:28:54,850 INFO o.a.j.JMeter: Setting JMeter property: sample_variables=LABEL
2017-07-26 13:28:54,854 INFO o.a.j.JMeter: Copyright (c) 1998-2017 The Apache Software Foundation
2017-07-26 13:28:54,854 INFO o.a.j.JMeter: Version 3.2 r1790748
2017-07-26 13:28:54,854 INFO o.a.j.JMeter: java.version=1.8.0_131
2017-07-26 13:28:54,854 INFO o.a.j.JMeter: java.vm.name=Java HotSpot(TM) 64-Bit Server VM
2017-07-26 13:28:54,854 INFO o.a.j.JMeter: os.name=Mac OS X
2017-07-26 13:28:54,854 INFO o.a.j.JMeter: os.arch=x86_64
2017-07-26 13:28:54,855 INFO o.a.j.JMeter: os.version=10.12.6
2017-07-26 13:28:54,855 INFO o.a.j.JMeter: file.encoding=UTF-8
2017-07-26 13:28:54,855 INFO o.a.j.JMeter: Max memory     =536870912
2017-07-26 13:28:54,855 INFO o.a.j.JMeter: Available Processors =4
2017-07-26 13:28:54,857 INFO o.a.j.JMeter: Default Locale=English (United States)
2017-07-26 13:28:54,857 INFO o.a.j.JMeter: JMeter  Locale=English (United States)
2017-07-26 13:28:54,858 INFO o.a.j.JMeter: JMeterHome=/Users/jeb228/Software/forMac/JMeter/apache-jmeter-3.2
2017-07-26 13:28:54,858 INFO o.a.j.JMeter: user.dir  =/Users/jeb228/Development/DataDistributionAPI/testing/tests_and_results/OrganizationResearchAreas/_results
2017-07-26 13:28:54,858 INFO o.a.j.JMeter: PWD       =/Users/jeb228/Development/DataDistributionAPI/testing/tests_and_results/OrganizationResearchAreas/_results
2017-07-26 13:28:54,859 INFO o.a.j.JMeter: IP: 10.0.1.36 Name: lib-jeb228-maclap.local FullName: 10.0.1.36
2017-07-26 13:28:54,861 INFO o.a.j.s.FileServer: Default base='/Users/jeb228/Development/DataDistributionAPI/testing/tests_and_results/OrganizationResearchAreas/_results'
2017-07-26 13:28:54,861 INFO o.a.j.s.FileServer: Set new base='/Users/jeb228/Development/DataDistributionAPI/testing/tests_and_results/OrganizationResearchAreas'
2017-07-26 13:28:54,941 INFO o.a.j.s.SaveService: Testplan (JMX) version: 2.2. Testlog (JTL) version: 2.2
2017-07-26 13:28:54,950 INFO o.a.j.s.SaveService: Using SaveService properties file encoding UTF-8
2017-07-26 13:28:54,962 INFO o.a.j.s.SaveService: Using SaveService properties version 3.2
2017-07-26 13:28:54,968 INFO o.a.j.s.SaveService: Loading file: /Users/jeb228/Development/DataDistributionAPI/testing/tests_and_results/OrganizationResearchAreas/OrganizationResearchAreas.jmx
2017-07-26 13:28:55,003 INFO o.a.j.p.h.s.HTTPSamplerBase: Parser for text/html is org.apache.jmeter.protocol.http.parser.LagartoBasedHtmlParser
2017-07-26 13:28:55,004 INFO o.a.j.p.h.s.HTTPSamplerBase: Parser for application/xhtml+xml is org.apache.jmeter.protocol.http.parser.LagartoBasedHtmlParser
2017-07-26 13:28:55,004 INFO o.a.j.p.h.s.HTTPSamplerBase: Parser for application/xml is org.apache.jmeter.protocol.http.parser.LagartoBasedHtmlParser
2017-07-26 13:28:55,004 INFO o.a.j.p.h.s.HTTPSamplerBase: Parser for text/xml is org.apache.jmeter.protocol.http.parser.LagartoBasedHtmlParser
2017-07-26 13:28:55,004 INFO o.a.j.p.h.s.HTTPSamplerBase: Parser for text/vnd.wap.wml is org.apache.jmeter.protocol.http.parser.RegexpHTMLParser
2017-07-26 13:28:55,004 INFO o.a.j.p.h.s.HTTPSamplerBase: Parser for text/css is org.apache.jmeter.protocol.http.parser.CssParser
2017-07-26 13:28:55,012 INFO o.a.j.JMeter: Creating summariser <summary>
2017-07-26 13:28:55,020 INFO o.a.j.e.StandardJMeterEngine: Running the test!
2017-07-26 13:28:55,020 INFO o.a.j.s.SampleEvent: List of sample_variables: [LABEL]
2017-07-26 13:28:55,020 INFO o.a.j.s.SampleEvent: List of sample_variables: [LABEL]
2017-07-26 13:28:55,023 INFO o.a.j.e.u.CompoundVariable: Note: Function class names must contain the string: '.functions.'
2017-07-26 13:28:55,023 INFO o.a.j.e.u.CompoundVariable: Note: Function class names must not contain the string: '.gui.'
2017-07-26 13:28:55,268 INFO o.a.j.JMeter: Running test (1501090135268)
2017-07-26 13:28:55,302 INFO o.a.j.e.StandardJMeterEngine: Starting ThreadGroup: 1 : The thread Group
2017-07-26 13:28:55,302 INFO o.a.j.e.StandardJMeterEngine: Starting 1 threads for group The thread Group.
2017-07-26 13:28:55,302 INFO o.a.j.e.StandardJMeterEngine: Thread will continue on error
2017-07-26 13:28:55,302 INFO o.a.j.t.ThreadGroup: Starting thread group... number=1 threads=1 ramp-up=1 perThread=1000.0 delayedStart=false
2017-07-26 13:28:55,306 INFO o.a.j.t.ThreadGroup: Started thread group number 1
2017-07-26 13:28:55,306 INFO o.a.j.e.StandardJMeterEngine: All thread groups have been started
2017-07-26 13:28:55,451 INFO o.a.j.t.JMeterThread: Thread started: The thread Group 1-1
2017-07-26 13:28:55,453 INFO o.a.j.s.FileServer: Stored: /Users/jeb228/Development/DataDistributionAPI/testing/tests_and_results/OrganizationResearchAreas/OrganizationUris.csv
2017-07-26 13:28:55,467 INFO o.a.j.p.h.s.HTTPHCAbstractImpl: Local host = lib-jeb228-maclap.local
2017-07-26 13:28:55,470 INFO o.a.j.p.h.s.HTTPHC4Impl: HTTP request retry count = 0
2017-07-26 13:28:55,476 INFO o.a.j.s.SampleResult: Note: Sample TimeStamps are START times
2017-07-26 13:28:55,476 INFO o.a.j.s.SampleResult: sampleresult.default.encoding is set to ISO-8859-1
2017-07-26 13:28:55,476 INFO o.a.j.s.SampleResult: sampleresult.useNanoTime=true
2017-07-26 13:28:55,476 INFO o.a.j.s.SampleResult: sampleresult.nanoThreadSleep=5000
2017-07-26 13:29:31,693 INFO o.a.j.r.Summariser: summary +      6 in 00:00:36 =    0.2/s Avg:  6032 Min:  3379 Max: 14764 Err:     0 (0.00%) Active: 1 Started: 1 Finished: 0
2017-07-26 13:30:03,501 INFO o.a.j.r.Summariser: summary +      6 in 00:00:32 =    0.2/s Avg:  5300 Min:  2772 Max: 13781 Err:     0 (0.00%) Active: 1 Started: 1 Finished: 0
2017-07-26 13:30:03,501 INFO o.a.j.r.Summariser: summary =     12 in 00:01:08 =    0.2/s Avg:  5666 Min:  2772 Max: 14764 Err:     0 (0.00%)
2017-07-26 13:30:31,944 INFO o.a.j.r.Summariser: summary +      8 in 00:00:28 =    0.3/s Avg:  3555 Min:  2764 Max:  4449 Err:     0 (0.00%) Active: 1 Started: 1 Finished: 0
2017-07-26 13:30:31,944 INFO o.a.j.r.Summariser: summary =     20 in 00:01:37 =    0.2/s Avg:  4822 Min:  2764 Max: 14764 Err:     0 (0.00%)
2017-07-26 13:31:00,431 INFO o.a.j.r.Summariser: summary +      4 in 00:00:28 =    0.1/s Avg:  7121 Min:  4460 Max: 13884 Err:     0 (0.00%) Active: 1 Started: 1 Finished: 0
2017-07-26 13:31:00,432 INFO o.a.j.r.Summariser: summary =     24 in 00:02:05 =    0.2/s Avg:  5205 Min:  2764 Max: 14764 Err:     0 (0.00%)
2017-07-26 13:31:34,487 INFO o.a.j.r.Summariser: summary +      7 in 00:00:34 =    0.2/s Avg:  4864 Min:  3008 Max: 14291 Err:     0 (0.00%) Active: 1 Started: 1 Finished: 0
2017-07-26 13:31:34,487 INFO o.a.j.r.Summariser: summary =     31 in 00:02:39 =    0.2/s Avg:  5128 Min:  2764 Max: 14764 Err:     0 (0.00%)
2017-07-26 13:32:04,325 INFO o.a.j.r.Summariser: summary +      6 in 00:00:30 =    0.2/s Avg:  4972 Min:  4341 Max:  5782 Err:     0 (0.00%) Active: 1 Started: 1 Finished: 0
2017-07-26 13:32:04,325 INFO o.a.j.r.Summariser: summary =     37 in 00:03:09 =    0.2/s Avg:  5103 Min:  2764 Max: 14764 Err:     0 (0.00%)
2017-07-26 13:32:33,356 INFO o.a.j.r.Summariser: summary +      4 in 00:00:29 =    0.1/s Avg:  7257 Min:  3755 Max: 17128 Err:     0 (0.00%) Active: 1 Started: 1 Finished: 0
2017-07-26 13:32:33,356 INFO o.a.j.r.Summariser: summary =     41 in 00:03:38 =    0.2/s Avg:  5313 Min:  2764 Max: 17128 Err:     0 (0.00%)
2017-07-26 13:33:02,227 INFO o.a.j.r.Summariser: summary +      5 in 00:00:29 =    0.2/s Avg:  5773 Min:  3495 Max:  8161 Err:     0 (0.00%) Active: 1 Started: 1 Finished: 0
2017-07-26 13:33:02,227 INFO o.a.j.r.Summariser: summary =     46 in 00:04:07 =    0.2/s Avg:  5363 Min:  2764 Max: 17128 Err:     0 (0.00%)
2017-07-26 13:33:34,754 INFO o.a.j.r.Summariser: summary +      6 in 00:00:33 =    0.2/s Avg:  5420 Min:  2868 Max: 14280 Err:     0 (0.00%) Active: 1 Started: 1 Finished: 0
2017-07-26 13:33:34,754 INFO o.a.j.r.Summariser: summary =     52 in 00:04:39 =    0.2/s Avg:  5369 Min:  2764 Max: 17128 Err:     0 (0.00%)
2017-07-26 13:34:00,435 INFO o.a.j.r.Summariser: summary +      7 in 00:00:26 =    0.3/s Avg:  3668 Min:  2992 Max:  4641 Err:     0 (0.00%) Active: 1 Started: 1 Finished: 0
2017-07-26 13:34:00,435 INFO o.a.j.r.Summariser: summary =     59 in 00:05:05 =    0.2/s Avg:  5167 Min:  2764 Max: 17128 Err:     0 (0.00%)
2017-07-26 13:34:31,464 INFO o.a.j.r.Summariser: summary +      5 in 00:00:31 =    0.2/s Avg:  6205 Min:  2775 Max: 14042 Err:     0 (0.00%) Active: 1 Started: 1 Finished: 0
2017-07-26 13:34:31,464 INFO o.a.j.r.Summariser: summary =     64 in 00:05:36 =    0.2/s Avg:  5248 Min:  2764 Max: 17128 Err:     0 (0.00%)
2017-07-26 13:35:05,049 INFO o.a.j.r.Summariser: summary +      7 in 00:00:34 =    0.2/s Avg:  4797 Min:  2818 Max: 13914 Err:     0 (0.00%) Active: 1 Started: 1 Finished: 0
2017-07-26 13:35:05,049 INFO o.a.j.r.Summariser: summary =     71 in 00:06:10 =    0.2/s Avg:  5204 Min:  2764 Max: 17128 Err:     0 (0.00%)
2017-07-26 13:35:32,845 INFO o.a.j.r.Summariser: summary +      7 in 00:00:28 =    0.3/s Avg:  3970 Min:  3243 Max:  5348 Err:     0 (0.00%) Active: 1 Started: 1 Finished: 0
2017-07-26 13:35:32,845 INFO o.a.j.r.Summariser: summary =     78 in 00:06:38 =    0.2/s Avg:  5093 Min:  2764 Max: 17128 Err:     0 (0.00%)
2017-07-26 13:36:02,154 INFO o.a.j.r.Summariser: summary +      5 in 00:00:29 =    0.2/s Avg:  5861 Min:  2761 Max: 13879 Err:     0 (0.00%) Active: 1 Started: 1 Finished: 0
2017-07-26 13:36:02,154 INFO o.a.j.r.Summariser: summary =     83 in 00:07:07 =    0.2/s Avg:  5139 Min:  2761 Max: 17128 Err:     0 (0.00%)
2017-07-26 13:37:01,516 INFO o.a.j.r.Summariser: summary +     13 in 00:00:59 =    0.2/s Avg:  4565 Min:  2761 Max: 13932 Err:     0 (0.00%) Active: 1 Started: 1 Finished: 0
2017-07-26 13:37:01,517 INFO o.a.j.r.Summariser: summary =     96 in 00:08:06 =    0.2/s Avg:  5062 Min:  2761 Max: 17128 Err:     0 (0.00%)
2017-07-26 13:37:15,589 INFO o.a.j.t.JMeterThread: Thread is done: The thread Group 1-1
2017-07-26 13:37:15,589 INFO o.a.j.t.JMeterThread: Thread finished: The thread Group 1-1
2017-07-26 13:37:15,589 INFO o.a.j.e.StandardJMeterEngine: Notifying test listeners of end of test
2017-07-26 13:37:15,589 INFO o.a.j.s.FileServer: Close: /Users/jeb228/Development/DataDistributionAPI/testing/tests_and_results/OrganizationResearchAreas/OrganizationUris.csv
2017-07-26 13:37:15,590 INFO o.a.j.r.Summariser: summary +      4 in 00:00:14 =    0.3/s Avg:  3517 Min:  3136 Max:  3976 Err:     0 (0.00%) Active: 0 Started: 1 Finished: 1
2017-07-26 13:37:15,590 INFO o.a.j.r.Summariser: summary =    100 in 00:08:20 =    0.2/s Avg:  5000 Min:  2761 Max: 17128 Err:     0 (0.00%)
