2017-07-26 13:44:01,505 INFO o.a.j.u.JMeterUtils: Setting Locale to en_US
2017-07-26 13:44:01,513 INFO o.a.j.JMeter: Loading user properties from: /Users/jeb228/Software/forMac/JMeter/apache-jmeter-3.2/bin/user.properties
2017-07-26 13:44:01,514 INFO o.a.j.JMeter: Loading system properties from: /Users/jeb228/Software/forMac/JMeter/apache-jmeter-3.2/bin/system.properties
2017-07-26 13:44:01,514 INFO o.a.j.JMeter: Setting JMeter property: dir.base=/Users/jeb228/Development/DataDistributionAPI/testing/tests_and_results/OrganizationResearchAreas/_results
2017-07-26 13:44:01,514 INFO o.a.j.JMeter: Setting JMeter property: dir.output=/Users/jeb228/Development/DataDistributionAPI/testing/tests_and_results/OrganizationResearchAreas/_results/scholars_ora_drill_L6_1
2017-07-26 13:44:01,514 INFO o.a.j.JMeter: Setting JMeter property: context.path=scholars
2017-07-26 13:44:01,514 INFO o.a.j.JMeter: Setting JMeter property: action.name=ora_drill_L6
2017-07-26 13:44:01,514 INFO o.a.j.JMeter: Setting JMeter property: file.uris=/Users/jeb228/Development/DataDistributionAPI/testing/tests_and_results/OrganizationResearchAreas/OrganizationUris.csv
2017-07-26 13:44:01,514 INFO o.a.j.JMeter: Setting JMeter property: sample_variables=LABEL
2017-07-26 13:44:01,518 INFO o.a.j.JMeter: Copyright (c) 1998-2017 The Apache Software Foundation
2017-07-26 13:44:01,518 INFO o.a.j.JMeter: Version 3.2 r1790748
2017-07-26 13:44:01,518 INFO o.a.j.JMeter: java.version=1.8.0_131
2017-07-26 13:44:01,518 INFO o.a.j.JMeter: java.vm.name=Java HotSpot(TM) 64-Bit Server VM
2017-07-26 13:44:01,518 INFO o.a.j.JMeter: os.name=Mac OS X
2017-07-26 13:44:01,518 INFO o.a.j.JMeter: os.arch=x86_64
2017-07-26 13:44:01,518 INFO o.a.j.JMeter: os.version=10.12.6
2017-07-26 13:44:01,518 INFO o.a.j.JMeter: file.encoding=UTF-8
2017-07-26 13:44:01,518 INFO o.a.j.JMeter: Max memory     =536870912
2017-07-26 13:44:01,518 INFO o.a.j.JMeter: Available Processors =4
2017-07-26 13:44:01,521 INFO o.a.j.JMeter: Default Locale=English (United States)
2017-07-26 13:44:01,521 INFO o.a.j.JMeter: JMeter  Locale=English (United States)
2017-07-26 13:44:01,521 INFO o.a.j.JMeter: JMeterHome=/Users/jeb228/Software/forMac/JMeter/apache-jmeter-3.2
2017-07-26 13:44:01,521 INFO o.a.j.JMeter: user.dir  =/Users/jeb228/Development/DataDistributionAPI/testing/tests_and_results/OrganizationResearchAreas/_results
2017-07-26 13:44:01,521 INFO o.a.j.JMeter: PWD       =/Users/jeb228/Development/DataDistributionAPI/testing/tests_and_results/OrganizationResearchAreas/_results
2017-07-26 13:44:01,527 INFO o.a.j.JMeter: IP: 10.0.1.36 Name: lib-jeb228-maclap.local FullName: 10.0.1.36
2017-07-26 13:44:01,530 INFO o.a.j.s.FileServer: Default base='/Users/jeb228/Development/DataDistributionAPI/testing/tests_and_results/OrganizationResearchAreas/_results'
2017-07-26 13:44:01,530 INFO o.a.j.s.FileServer: Set new base='/Users/jeb228/Development/DataDistributionAPI/testing/tests_and_results/OrganizationResearchAreas'
2017-07-26 13:44:01,607 INFO o.a.j.s.SaveService: Testplan (JMX) version: 2.2. Testlog (JTL) version: 2.2
2017-07-26 13:44:01,617 INFO o.a.j.s.SaveService: Using SaveService properties file encoding UTF-8
2017-07-26 13:44:01,631 INFO o.a.j.s.SaveService: Using SaveService properties version 3.2
2017-07-26 13:44:01,635 INFO o.a.j.s.SaveService: Loading file: /Users/jeb228/Development/DataDistributionAPI/testing/tests_and_results/OrganizationResearchAreas/OrganizationResearchAreas.jmx
2017-07-26 13:44:01,670 INFO o.a.j.p.h.s.HTTPSamplerBase: Parser for text/html is org.apache.jmeter.protocol.http.parser.LagartoBasedHtmlParser
2017-07-26 13:44:01,670 INFO o.a.j.p.h.s.HTTPSamplerBase: Parser for application/xhtml+xml is org.apache.jmeter.protocol.http.parser.LagartoBasedHtmlParser
2017-07-26 13:44:01,670 INFO o.a.j.p.h.s.HTTPSamplerBase: Parser for application/xml is org.apache.jmeter.protocol.http.parser.LagartoBasedHtmlParser
2017-07-26 13:44:01,670 INFO o.a.j.p.h.s.HTTPSamplerBase: Parser for text/xml is org.apache.jmeter.protocol.http.parser.LagartoBasedHtmlParser
2017-07-26 13:44:01,670 INFO o.a.j.p.h.s.HTTPSamplerBase: Parser for text/vnd.wap.wml is org.apache.jmeter.protocol.http.parser.RegexpHTMLParser
2017-07-26 13:44:01,670 INFO o.a.j.p.h.s.HTTPSamplerBase: Parser for text/css is org.apache.jmeter.protocol.http.parser.CssParser
2017-07-26 13:44:01,677 INFO o.a.j.JMeter: Creating summariser <summary>
2017-07-26 13:44:01,684 INFO o.a.j.e.StandardJMeterEngine: Running the test!
2017-07-26 13:44:01,684 INFO o.a.j.s.SampleEvent: List of sample_variables: [LABEL]
2017-07-26 13:44:01,684 INFO o.a.j.s.SampleEvent: List of sample_variables: [LABEL]
2017-07-26 13:44:01,687 INFO o.a.j.e.u.CompoundVariable: Note: Function class names must contain the string: '.functions.'
2017-07-26 13:44:01,687 INFO o.a.j.e.u.CompoundVariable: Note: Function class names must not contain the string: '.gui.'
2017-07-26 13:44:01,931 INFO o.a.j.JMeter: Running test (1501091041931)
2017-07-26 13:44:01,962 INFO o.a.j.e.StandardJMeterEngine: Starting ThreadGroup: 1 : The thread Group
2017-07-26 13:44:01,963 INFO o.a.j.e.StandardJMeterEngine: Starting 1 threads for group The thread Group.
2017-07-26 13:44:01,963 INFO o.a.j.e.StandardJMeterEngine: Thread will continue on error
2017-07-26 13:44:01,963 INFO o.a.j.t.ThreadGroup: Starting thread group... number=1 threads=1 ramp-up=1 perThread=1000.0 delayedStart=false
2017-07-26 13:44:01,966 INFO o.a.j.t.ThreadGroup: Started thread group number 1
2017-07-26 13:44:01,966 INFO o.a.j.e.StandardJMeterEngine: All thread groups have been started
2017-07-26 13:44:02,113 INFO o.a.j.t.JMeterThread: Thread started: The thread Group 1-1
2017-07-26 13:44:02,117 INFO o.a.j.s.FileServer: Stored: /Users/jeb228/Development/DataDistributionAPI/testing/tests_and_results/OrganizationResearchAreas/OrganizationUris.csv
2017-07-26 13:44:02,130 INFO o.a.j.p.h.s.HTTPHCAbstractImpl: Local host = lib-jeb228-maclap.local
2017-07-26 13:44:02,134 INFO o.a.j.p.h.s.HTTPHC4Impl: HTTP request retry count = 0
2017-07-26 13:44:02,139 INFO o.a.j.s.SampleResult: Note: Sample TimeStamps are START times
2017-07-26 13:44:02,139 INFO o.a.j.s.SampleResult: sampleresult.default.encoding is set to ISO-8859-1
2017-07-26 13:44:02,139 INFO o.a.j.s.SampleResult: sampleresult.useNanoTime=true
2017-07-26 13:44:02,139 INFO o.a.j.s.SampleResult: sampleresult.nanoThreadSleep=5000
2017-07-26 13:44:03,052 INFO o.a.j.r.Summariser: summary +      1 in 00:00:01 =    0.9/s Avg:   891 Min:   891 Max:   891 Err:     0 (0.00%) Active: 1 Started: 1 Finished: 0
2017-07-26 13:44:30,104 INFO o.a.j.r.Summariser: summary +     84 in 00:00:27 =    3.1/s Avg:   321 Min:   180 Max:  1100 Err:     0 (0.00%) Active: 1 Started: 1 Finished: 0
2017-07-26 13:44:30,104 INFO o.a.j.r.Summariser: summary =     85 in 00:00:28 =    3.0/s Avg:   328 Min:   180 Max:  1100 Err:     0 (0.00%)
2017-07-26 13:44:35,064 INFO o.a.j.t.JMeterThread: Thread is done: The thread Group 1-1
2017-07-26 13:44:35,064 INFO o.a.j.t.JMeterThread: Thread finished: The thread Group 1-1
2017-07-26 13:44:35,065 INFO o.a.j.e.StandardJMeterEngine: Notifying test listeners of end of test
2017-07-26 13:44:35,065 INFO o.a.j.s.FileServer: Close: /Users/jeb228/Development/DataDistributionAPI/testing/tests_and_results/OrganizationResearchAreas/OrganizationUris.csv
2017-07-26 13:44:35,065 INFO o.a.j.r.Summariser: summary +     15 in 00:00:05 =    3.0/s Avg:   330 Min:   222 Max:  1079 Err:     0 (0.00%) Active: 0 Started: 1 Finished: 1
2017-07-26 13:44:35,066 INFO o.a.j.r.Summariser: summary =    100 in 00:00:33 =    3.0/s Avg:   328 Min:   180 Max:  1100 Err:     0 (0.00%)
