2017-07-26 17:55:10,630 INFO o.a.j.u.JMeterUtils: Setting Locale to en_US
2017-07-26 17:55:10,640 INFO o.a.j.JMeter: Loading user properties from: /Users/jeb228/Software/forMac/JMeter/apache-jmeter-3.2/bin/user.properties
2017-07-26 17:55:10,641 INFO o.a.j.JMeter: Loading system properties from: /Users/jeb228/Software/forMac/JMeter/apache-jmeter-3.2/bin/system.properties
2017-07-26 17:55:10,641 INFO o.a.j.JMeter: Setting JMeter property: dir.base=/Users/jeb228/Development/DataDistributionAPI/testing/tests_and_results/DepartmentWordCloud/_results
2017-07-26 17:55:10,641 INFO o.a.j.JMeter: Setting JMeter property: dir.output=/Users/jeb228/Development/DataDistributionAPI/testing/tests_and_results/DepartmentWordCloud/_results/vivo_dwc_double_1
2017-07-26 17:55:10,641 INFO o.a.j.JMeter: Setting JMeter property: context.path=vivo
2017-07-26 17:55:10,642 INFO o.a.j.JMeter: Setting JMeter property: action.name=dwc_double
2017-07-26 17:55:10,642 INFO o.a.j.JMeter: Setting JMeter property: file.uris=/Users/jeb228/Development/DataDistributionAPI/testing/tests_and_results/DepartmentWordCloud/DepartmentUris.csv
2017-07-26 17:55:10,642 INFO o.a.j.JMeter: Setting JMeter property: sample_variables=LABEL
2017-07-26 17:55:10,646 INFO o.a.j.JMeter: Copyright (c) 1998-2017 The Apache Software Foundation
2017-07-26 17:55:10,646 INFO o.a.j.JMeter: Version 3.2 r1790748
2017-07-26 17:55:10,646 INFO o.a.j.JMeter: java.version=1.8.0_131
2017-07-26 17:55:10,646 INFO o.a.j.JMeter: java.vm.name=Java HotSpot(TM) 64-Bit Server VM
2017-07-26 17:55:10,646 INFO o.a.j.JMeter: os.name=Mac OS X
2017-07-26 17:55:10,646 INFO o.a.j.JMeter: os.arch=x86_64
2017-07-26 17:55:10,646 INFO o.a.j.JMeter: os.version=10.12.6
2017-07-26 17:55:10,646 INFO o.a.j.JMeter: file.encoding=UTF-8
2017-07-26 17:55:10,646 INFO o.a.j.JMeter: Max memory     =536870912
2017-07-26 17:55:10,646 INFO o.a.j.JMeter: Available Processors =4
2017-07-26 17:55:10,649 INFO o.a.j.JMeter: Default Locale=English (United States)
2017-07-26 17:55:10,649 INFO o.a.j.JMeter: JMeter  Locale=English (United States)
2017-07-26 17:55:10,649 INFO o.a.j.JMeter: JMeterHome=/Users/jeb228/Software/forMac/JMeter/apache-jmeter-3.2
2017-07-26 17:55:10,649 INFO o.a.j.JMeter: user.dir  =/Users/jeb228/Development/DataDistributionAPI/testing/tests_and_results/DepartmentWordCloud/_results
2017-07-26 17:55:10,649 INFO o.a.j.JMeter: PWD       =/Users/jeb228/Development/DataDistributionAPI/testing/tests_and_results/DepartmentWordCloud/_results
2017-07-26 17:55:10,655 INFO o.a.j.JMeter: IP: 10.0.1.36 Name: lib-jeb228-maclap.local FullName: 10.0.1.36
2017-07-26 17:55:10,658 INFO o.a.j.s.FileServer: Default base='/Users/jeb228/Development/DataDistributionAPI/testing/tests_and_results/DepartmentWordCloud/_results'
2017-07-26 17:55:10,658 INFO o.a.j.s.FileServer: Set new base='/Users/jeb228/Development/DataDistributionAPI/testing/tests_and_results/DepartmentWordCloud'
2017-07-26 17:55:10,745 INFO o.a.j.s.SaveService: Testplan (JMX) version: 2.2. Testlog (JTL) version: 2.2
2017-07-26 17:55:10,754 INFO o.a.j.s.SaveService: Using SaveService properties file encoding UTF-8
2017-07-26 17:55:10,765 INFO o.a.j.s.SaveService: Using SaveService properties version 3.2
2017-07-26 17:55:10,770 INFO o.a.j.s.SaveService: Loading file: /Users/jeb228/Development/DataDistributionAPI/testing/tests_and_results/DepartmentWordCloud/DepartmentWordClouds.jmx
2017-07-26 17:55:10,803 INFO o.a.j.p.h.s.HTTPSamplerBase: Parser for text/html is org.apache.jmeter.protocol.http.parser.LagartoBasedHtmlParser
2017-07-26 17:55:10,803 INFO o.a.j.p.h.s.HTTPSamplerBase: Parser for application/xhtml+xml is org.apache.jmeter.protocol.http.parser.LagartoBasedHtmlParser
2017-07-26 17:55:10,803 INFO o.a.j.p.h.s.HTTPSamplerBase: Parser for application/xml is org.apache.jmeter.protocol.http.parser.LagartoBasedHtmlParser
2017-07-26 17:55:10,803 INFO o.a.j.p.h.s.HTTPSamplerBase: Parser for text/xml is org.apache.jmeter.protocol.http.parser.LagartoBasedHtmlParser
2017-07-26 17:55:10,803 INFO o.a.j.p.h.s.HTTPSamplerBase: Parser for text/vnd.wap.wml is org.apache.jmeter.protocol.http.parser.RegexpHTMLParser
2017-07-26 17:55:10,804 INFO o.a.j.p.h.s.HTTPSamplerBase: Parser for text/css is org.apache.jmeter.protocol.http.parser.CssParser
2017-07-26 17:55:10,811 INFO o.a.j.JMeter: Creating summariser <summary>
2017-07-26 17:55:10,818 INFO o.a.j.e.StandardJMeterEngine: Running the test!
2017-07-26 17:55:10,819 INFO o.a.j.s.SampleEvent: List of sample_variables: [LABEL]
2017-07-26 17:55:10,819 INFO o.a.j.s.SampleEvent: List of sample_variables: [LABEL]
2017-07-26 17:55:10,822 INFO o.a.j.e.u.CompoundVariable: Note: Function class names must contain the string: '.functions.'
2017-07-26 17:55:10,822 INFO o.a.j.e.u.CompoundVariable: Note: Function class names must not contain the string: '.gui.'
2017-07-26 17:55:11,072 INFO o.a.j.JMeter: Running test (1501106111072)
2017-07-26 17:55:11,104 INFO o.a.j.e.StandardJMeterEngine: Starting ThreadGroup: 1 : The thread Group
2017-07-26 17:55:11,104 INFO o.a.j.e.StandardJMeterEngine: Starting 1 threads for group The thread Group.
2017-07-26 17:55:11,104 INFO o.a.j.e.StandardJMeterEngine: Thread will continue on error
2017-07-26 17:55:11,104 INFO o.a.j.t.ThreadGroup: Starting thread group... number=1 threads=1 ramp-up=1 perThread=1000.0 delayedStart=false
2017-07-26 17:55:11,107 INFO o.a.j.t.ThreadGroup: Started thread group number 1
2017-07-26 17:55:11,107 INFO o.a.j.e.StandardJMeterEngine: All thread groups have been started
2017-07-26 17:55:11,198 INFO o.a.j.t.JMeterThread: Thread started: The thread Group 1-1
2017-07-26 17:55:11,201 INFO o.a.j.s.FileServer: Stored: /Users/jeb228/Development/DataDistributionAPI/testing/tests_and_results/DepartmentWordCloud/DepartmentUris.csv
2017-07-26 17:55:11,212 INFO o.a.j.p.h.s.HTTPHCAbstractImpl: Local host = lib-jeb228-maclap.local
2017-07-26 17:55:11,215 INFO o.a.j.p.h.s.HTTPHC4Impl: HTTP request retry count = 0
2017-07-26 17:55:11,221 INFO o.a.j.s.SampleResult: Note: Sample TimeStamps are START times
2017-07-26 17:55:11,221 INFO o.a.j.s.SampleResult: sampleresult.default.encoding is set to ISO-8859-1
2017-07-26 17:55:11,221 INFO o.a.j.s.SampleResult: sampleresult.useNanoTime=true
2017-07-26 17:55:11,221 INFO o.a.j.s.SampleResult: sampleresult.nanoThreadSleep=5000
2017-07-26 17:55:34,804 INFO o.a.j.r.Summariser: summary +      2 in 00:00:24 =    0.1/s Avg: 11783 Min:  6872 Max: 16695 Err:     0 (0.00%) Active: 1 Started: 1 Finished: 0
2017-07-26 17:56:02,756 INFO o.a.j.r.Summariser: summary +      7 in 00:00:28 =    0.3/s Avg:  3992 Min:  3089 Max:  5204 Err:     0 (0.00%) Active: 1 Started: 1 Finished: 0
2017-07-26 17:56:02,756 INFO o.a.j.r.Summariser: summary =      9 in 00:00:52 =    0.2/s Avg:  5723 Min:  3089 Max: 16695 Err:     0 (0.00%)
2017-07-26 17:56:33,767 INFO o.a.j.r.Summariser: summary +      4 in 00:00:31 =    0.1/s Avg:  7752 Min:  4054 Max: 15586 Err:     0 (0.00%) Active: 1 Started: 1 Finished: 0
2017-07-26 17:56:33,767 INFO o.a.j.r.Summariser: summary =     13 in 00:01:23 =    0.2/s Avg:  6347 Min:  3089 Max: 16695 Err:     0 (0.00%)
2017-07-26 17:57:02,101 INFO o.a.j.r.Summariser: summary +      7 in 00:00:28 =    0.2/s Avg:  4047 Min:  3072 Max:  5181 Err:     0 (0.00%) Active: 1 Started: 1 Finished: 0
2017-07-26 17:57:02,102 INFO o.a.j.r.Summariser: summary =     20 in 00:01:51 =    0.2/s Avg:  5542 Min:  3072 Max: 16695 Err:     0 (0.00%)
2017-07-26 17:57:33,580 INFO o.a.j.r.Summariser: summary +      4 in 00:00:31 =    0.1/s Avg:  7869 Min:  4127 Max: 15388 Err:     0 (0.00%) Active: 1 Started: 1 Finished: 0
2017-07-26 17:57:33,580 INFO o.a.j.r.Summariser: summary =     24 in 00:02:23 =    0.2/s Avg:  5930 Min:  3072 Max: 16695 Err:     0 (0.00%)
2017-07-26 17:58:32,626 INFO o.a.j.r.Summariser: summary +     11 in 00:00:59 =    0.2/s Avg:  5367 Min:  3034 Max: 15351 Err:     0 (0.00%) Active: 1 Started: 1 Finished: 0
2017-07-26 17:58:32,626 INFO o.a.j.r.Summariser: summary =     35 in 00:03:22 =    0.2/s Avg:  5753 Min:  3034 Max: 16695 Err:     0 (0.00%)
2017-07-26 17:59:30,013 INFO o.a.j.r.Summariser: summary +     11 in 00:00:57 =    0.2/s Avg:  5216 Min:  3060 Max: 15328 Err:     0 (0.00%) Active: 1 Started: 1 Finished: 0
2017-07-26 17:59:30,014 INFO o.a.j.r.Summariser: summary =     46 in 00:04:19 =    0.2/s Avg:  5625 Min:  3034 Max: 16695 Err:     0 (0.00%)
2017-07-26 18:00:01,142 INFO o.a.j.r.Summariser: summary +      5 in 00:00:31 =    0.2/s Avg:  6225 Min:  3151 Max: 15316 Err:     0 (0.00%) Active: 1 Started: 1 Finished: 0
2017-07-26 18:00:01,143 INFO o.a.j.r.Summariser: summary =     51 in 00:04:50 =    0.2/s Avg:  5683 Min:  3034 Max: 16695 Err:     0 (0.00%)
2017-07-26 18:00:32,214 INFO o.a.j.r.Summariser: summary +      7 in 00:00:31 =    0.2/s Avg:  4438 Min:  3069 Max:  6737 Err:     0 (0.00%) Active: 1 Started: 1 Finished: 0
2017-07-26 18:00:32,214 INFO o.a.j.r.Summariser: summary =     58 in 00:05:21 =    0.2/s Avg:  5533 Min:  3034 Max: 16695 Err:     0 (0.00%)
2017-07-26 18:01:02,345 INFO o.a.j.r.Summariser: summary +      4 in 00:00:30 =    0.1/s Avg:  7532 Min:  3160 Max: 15296 Err:     0 (0.00%) Active: 1 Started: 1 Finished: 0
2017-07-26 18:01:02,345 INFO o.a.j.r.Summariser: summary =     62 in 00:05:51 =    0.2/s Avg:  5662 Min:  3034 Max: 16695 Err:     0 (0.00%)
2017-07-26 18:01:34,695 INFO o.a.j.r.Summariser: summary +      8 in 00:00:32 =    0.2/s Avg:  4043 Min:  3082 Max:  5155 Err:     0 (0.00%) Active: 1 Started: 1 Finished: 0
2017-07-26 18:01:34,696 INFO o.a.j.r.Summariser: summary =     70 in 00:06:24 =    0.2/s Avg:  5477 Min:  3034 Max: 16695 Err:     0 (0.00%)
2017-07-26 18:02:01,524 INFO o.a.j.r.Summariser: summary +      3 in 00:00:27 =    0.1/s Avg:  8942 Min:  3998 Max: 15889 Err:     0 (0.00%) Active: 1 Started: 1 Finished: 0
2017-07-26 18:02:01,525 INFO o.a.j.r.Summariser: summary =     73 in 00:06:50 =    0.2/s Avg:  5619 Min:  3034 Max: 16695 Err:     0 (0.00%)
2017-07-26 18:02:30,089 INFO o.a.j.r.Summariser: summary +      7 in 00:00:29 =    0.2/s Avg:  4080 Min:  3151 Max:  5086 Err:     0 (0.00%) Active: 1 Started: 1 Finished: 0
2017-07-26 18:02:30,090 INFO o.a.j.r.Summariser: summary =     80 in 00:07:19 =    0.2/s Avg:  5485 Min:  3034 Max: 16695 Err:     0 (0.00%)
2017-07-26 18:03:01,367 INFO o.a.j.r.Summariser: summary +      4 in 00:00:31 =    0.1/s Avg:  7819 Min:  4187 Max: 15273 Err:     0 (0.00%) Active: 1 Started: 1 Finished: 0
2017-07-26 18:03:01,367 INFO o.a.j.r.Summariser: summary =     84 in 00:07:50 =    0.2/s Avg:  5596 Min:  3034 Max: 16695 Err:     0 (0.00%)
2017-07-26 18:04:02,982 INFO o.a.j.r.Summariser: summary +     12 in 00:01:02 =    0.2/s Avg:  5133 Min:  3072 Max: 15386 Err:     0 (0.00%) Active: 1 Started: 1 Finished: 0
2017-07-26 18:04:02,982 INFO o.a.j.r.Summariser: summary =     96 in 00:08:52 =    0.2/s Avg:  5538 Min:  3034 Max: 16695 Err:     0 (0.00%)
2017-07-26 18:04:18,526 INFO o.a.j.t.JMeterThread: Thread is done: The thread Group 1-1
2017-07-26 18:04:18,526 INFO o.a.j.t.JMeterThread: Thread finished: The thread Group 1-1
2017-07-26 18:04:18,527 INFO o.a.j.e.StandardJMeterEngine: Notifying test listeners of end of test
2017-07-26 18:04:18,527 INFO o.a.j.s.FileServer: Close: /Users/jeb228/Development/DataDistributionAPI/testing/tests_and_results/DepartmentWordCloud/DepartmentUris.csv
2017-07-26 18:04:18,528 INFO o.a.j.r.Summariser: summary +      4 in 00:00:16 =    0.3/s Avg:  3885 Min:  3184 Max:  4723 Err:     0 (0.00%) Active: 0 Started: 1 Finished: 1
2017-07-26 18:04:18,528 INFO o.a.j.r.Summariser: summary =    100 in 00:09:07 =    0.2/s Avg:  5472 Min:  3034 Max: 16695 Err:     0 (0.00%)
