2017-07-25 23:45:47,292 INFO o.a.j.u.JMeterUtils: Setting Locale to en_US
2017-07-25 23:45:47,301 INFO o.a.j.JMeter: Loading user properties from: /Users/jeb228/Software/forMac/JMeter/apache-jmeter-3.2/bin/user.properties
2017-07-25 23:45:47,302 INFO o.a.j.JMeter: Loading system properties from: /Users/jeb228/Software/forMac/JMeter/apache-jmeter-3.2/bin/system.properties
2017-07-25 23:45:47,302 INFO o.a.j.JMeter: Setting JMeter property: dir.base=/Users/jeb228/Development/DataDistributionAPI/testing/tests_and_results/OrganizationResearchAreas/_results
2017-07-25 23:45:47,302 INFO o.a.j.JMeter: Setting JMeter property: dir.output=/Users/jeb228/Development/DataDistributionAPI/testing/tests_and_results/OrganizationResearchAreas/_results/scholars_ora_drill_L3_2
2017-07-25 23:45:47,302 INFO o.a.j.JMeter: Setting JMeter property: context.path=scholars
2017-07-25 23:45:47,302 INFO o.a.j.JMeter: Setting JMeter property: action.name=ora_drill_L3
2017-07-25 23:45:47,302 INFO o.a.j.JMeter: Setting JMeter property: file.uris=/Users/jeb228/Development/DataDistributionAPI/testing/tests_and_results/OrganizationResearchAreas/OrganizationUris.csv
2017-07-25 23:45:47,302 INFO o.a.j.JMeter: Setting JMeter property: sample_variables=LABEL
2017-07-25 23:45:47,306 INFO o.a.j.JMeter: Copyright (c) 1998-2017 The Apache Software Foundation
2017-07-25 23:45:47,306 INFO o.a.j.JMeter: Version 3.2 r1790748
2017-07-25 23:45:47,306 INFO o.a.j.JMeter: java.version=1.8.0_131
2017-07-25 23:45:47,306 INFO o.a.j.JMeter: java.vm.name=Java HotSpot(TM) 64-Bit Server VM
2017-07-25 23:45:47,306 INFO o.a.j.JMeter: os.name=Mac OS X
2017-07-25 23:45:47,306 INFO o.a.j.JMeter: os.arch=x86_64
2017-07-25 23:45:47,306 INFO o.a.j.JMeter: os.version=10.12.6
2017-07-25 23:45:47,306 INFO o.a.j.JMeter: file.encoding=UTF-8
2017-07-25 23:45:47,306 INFO o.a.j.JMeter: Max memory     =536870912
2017-07-25 23:45:47,306 INFO o.a.j.JMeter: Available Processors =4
2017-07-25 23:45:47,309 INFO o.a.j.JMeter: Default Locale=English (United States)
2017-07-25 23:45:47,309 INFO o.a.j.JMeter: JMeter  Locale=English (United States)
2017-07-25 23:45:47,309 INFO o.a.j.JMeter: JMeterHome=/Users/jeb228/Software/forMac/JMeter/apache-jmeter-3.2
2017-07-25 23:45:47,309 INFO o.a.j.JMeter: user.dir  =/Users/jeb228/Development/DataDistributionAPI/testing/tests_and_results/OrganizationResearchAreas/_results
2017-07-25 23:45:47,309 INFO o.a.j.JMeter: PWD       =/Users/jeb228/Development/DataDistributionAPI/testing/tests_and_results/OrganizationResearchAreas/_results
2017-07-25 23:45:47,310 INFO o.a.j.JMeter: IP: 10.0.1.36 Name: lib-jeb228-maclap.local FullName: 10.0.1.36
2017-07-25 23:45:47,313 INFO o.a.j.s.FileServer: Default base='/Users/jeb228/Development/DataDistributionAPI/testing/tests_and_results/OrganizationResearchAreas/_results'
2017-07-25 23:45:47,313 INFO o.a.j.s.FileServer: Set new base='/Users/jeb228/Development/DataDistributionAPI/testing/tests_and_results/OrganizationResearchAreas'
2017-07-25 23:45:47,397 INFO o.a.j.s.SaveService: Testplan (JMX) version: 2.2. Testlog (JTL) version: 2.2
2017-07-25 23:45:47,408 INFO o.a.j.s.SaveService: Using SaveService properties file encoding UTF-8
2017-07-25 23:45:47,420 INFO o.a.j.s.SaveService: Using SaveService properties version 3.2
2017-07-25 23:45:47,425 INFO o.a.j.s.SaveService: Loading file: /Users/jeb228/Development/DataDistributionAPI/testing/tests_and_results/OrganizationResearchAreas/OrganizationResearchAreas.jmx
2017-07-25 23:45:47,460 INFO o.a.j.p.h.s.HTTPSamplerBase: Parser for text/html is org.apache.jmeter.protocol.http.parser.LagartoBasedHtmlParser
2017-07-25 23:45:47,460 INFO o.a.j.p.h.s.HTTPSamplerBase: Parser for application/xhtml+xml is org.apache.jmeter.protocol.http.parser.LagartoBasedHtmlParser
2017-07-25 23:45:47,460 INFO o.a.j.p.h.s.HTTPSamplerBase: Parser for application/xml is org.apache.jmeter.protocol.http.parser.LagartoBasedHtmlParser
2017-07-25 23:45:47,460 INFO o.a.j.p.h.s.HTTPSamplerBase: Parser for text/xml is org.apache.jmeter.protocol.http.parser.LagartoBasedHtmlParser
2017-07-25 23:45:47,460 INFO o.a.j.p.h.s.HTTPSamplerBase: Parser for text/vnd.wap.wml is org.apache.jmeter.protocol.http.parser.RegexpHTMLParser
2017-07-25 23:45:47,460 INFO o.a.j.p.h.s.HTTPSamplerBase: Parser for text/css is org.apache.jmeter.protocol.http.parser.CssParser
2017-07-25 23:45:47,467 INFO o.a.j.JMeter: Creating summariser <summary>
2017-07-25 23:45:47,475 INFO o.a.j.e.StandardJMeterEngine: Running the test!
2017-07-25 23:45:47,475 INFO o.a.j.s.SampleEvent: List of sample_variables: [LABEL]
2017-07-25 23:45:47,476 INFO o.a.j.s.SampleEvent: List of sample_variables: [LABEL]
2017-07-25 23:45:47,478 INFO o.a.j.e.u.CompoundVariable: Note: Function class names must contain the string: '.functions.'
2017-07-25 23:45:47,478 INFO o.a.j.e.u.CompoundVariable: Note: Function class names must not contain the string: '.gui.'
2017-07-25 23:45:47,727 INFO o.a.j.JMeter: Running test (1501040747727)
2017-07-25 23:45:47,766 INFO o.a.j.e.StandardJMeterEngine: Starting ThreadGroup: 1 : The thread Group
2017-07-25 23:45:47,766 INFO o.a.j.e.StandardJMeterEngine: Starting 1 threads for group The thread Group.
2017-07-25 23:45:47,766 INFO o.a.j.e.StandardJMeterEngine: Thread will continue on error
2017-07-25 23:45:47,767 INFO o.a.j.t.ThreadGroup: Starting thread group... number=1 threads=1 ramp-up=1 perThread=1000.0 delayedStart=false
2017-07-25 23:45:47,771 INFO o.a.j.t.ThreadGroup: Started thread group number 1
2017-07-25 23:45:47,771 INFO o.a.j.e.StandardJMeterEngine: All thread groups have been started
2017-07-25 23:45:47,917 INFO o.a.j.t.JMeterThread: Thread started: The thread Group 1-1
2017-07-25 23:45:47,920 INFO o.a.j.s.FileServer: Stored: /Users/jeb228/Development/DataDistributionAPI/testing/tests_and_results/OrganizationResearchAreas/OrganizationUris.csv
2017-07-25 23:45:47,936 INFO o.a.j.p.h.s.HTTPHCAbstractImpl: Local host = lib-jeb228-maclap.local
2017-07-25 23:45:47,941 INFO o.a.j.p.h.s.HTTPHC4Impl: HTTP request retry count = 0
2017-07-25 23:45:47,947 INFO o.a.j.s.SampleResult: Note: Sample TimeStamps are START times
2017-07-25 23:45:47,947 INFO o.a.j.s.SampleResult: sampleresult.default.encoding is set to ISO-8859-1
2017-07-25 23:45:47,948 INFO o.a.j.s.SampleResult: sampleresult.useNanoTime=true
2017-07-25 23:45:47,948 INFO o.a.j.s.SampleResult: sampleresult.nanoThreadSleep=5000
2017-07-25 23:46:01,593 INFO o.a.j.r.Summariser: summary +      4 in 00:00:14 =    0.3/s Avg:  3406 Min:  2614 Max:  4572 Err:     0 (0.00%) Active: 1 Started: 1 Finished: 0
2017-07-25 23:46:30,836 INFO o.a.j.r.Summariser: summary +     10 in 00:00:29 =    0.3/s Avg:  2923 Min:   913 Max:  4419 Err:     0 (0.00%) Active: 1 Started: 1 Finished: 0
2017-07-25 23:46:30,837 INFO o.a.j.r.Summariser: summary =     14 in 00:00:43 =    0.3/s Avg:  3061 Min:   913 Max:  4572 Err:     0 (0.00%)
2017-07-25 23:47:01,608 INFO o.a.j.r.Summariser: summary +     11 in 00:00:31 =    0.4/s Avg:  2797 Min:   661 Max:  4417 Err:     0 (0.00%) Active: 1 Started: 1 Finished: 0
2017-07-25 23:47:01,609 INFO o.a.j.r.Summariser: summary =     25 in 00:01:14 =    0.3/s Avg:  2945 Min:   661 Max:  4572 Err:     0 (0.00%)
2017-07-25 23:47:30,032 INFO o.a.j.r.Summariser: summary +     10 in 00:00:28 =    0.4/s Avg:  2841 Min:   657 Max:  4583 Err:     0 (0.00%) Active: 1 Started: 1 Finished: 0
2017-07-25 23:47:30,033 INFO o.a.j.r.Summariser: summary =     35 in 00:01:42 =    0.3/s Avg:  2915 Min:   657 Max:  4583 Err:     0 (0.00%)
2017-07-25 23:48:00,970 INFO o.a.j.r.Summariser: summary +     11 in 00:00:31 =    0.4/s Avg:  2811 Min:   679 Max:  4330 Err:     0 (0.00%) Active: 1 Started: 1 Finished: 0
2017-07-25 23:48:00,970 INFO o.a.j.r.Summariser: summary =     46 in 00:02:13 =    0.3/s Avg:  2890 Min:   657 Max:  4583 Err:     0 (0.00%)
2017-07-25 23:48:30,335 INFO o.a.j.r.Summariser: summary +     10 in 00:00:29 =    0.3/s Avg:  2935 Min:   772 Max:  5063 Err:     0 (0.00%) Active: 1 Started: 1 Finished: 0
2017-07-25 23:48:30,335 INFO o.a.j.r.Summariser: summary =     56 in 00:02:43 =    0.3/s Avg:  2898 Min:   657 Max:  5063 Err:     0 (0.00%)
2017-07-25 23:49:00,795 INFO o.a.j.r.Summariser: summary +     10 in 00:00:30 =    0.3/s Avg:  3045 Min:   934 Max:  4716 Err:     0 (0.00%) Active: 1 Started: 1 Finished: 0
2017-07-25 23:49:00,795 INFO o.a.j.r.Summariser: summary =     66 in 00:03:13 =    0.3/s Avg:  2921 Min:   657 Max:  5063 Err:     0 (0.00%)
2017-07-25 23:49:30,075 INFO o.a.j.r.Summariser: summary +     10 in 00:00:29 =    0.3/s Avg:  2927 Min:   683 Max:  4470 Err:     0 (0.00%) Active: 1 Started: 1 Finished: 0
2017-07-25 23:49:30,075 INFO o.a.j.r.Summariser: summary =     76 in 00:03:42 =    0.3/s Avg:  2921 Min:   657 Max:  5063 Err:     0 (0.00%)
2017-07-25 23:50:00,811 INFO o.a.j.r.Summariser: summary +     11 in 00:00:31 =    0.4/s Avg:  2793 Min:   656 Max:  4613 Err:     0 (0.00%) Active: 1 Started: 1 Finished: 0
2017-07-25 23:50:00,812 INFO o.a.j.r.Summariser: summary =     87 in 00:04:13 =    0.3/s Avg:  2905 Min:   656 Max:  5063 Err:     0 (0.00%)
2017-07-25 23:50:32,465 INFO o.a.j.r.Summariser: summary +     11 in 00:00:32 =    0.3/s Avg:  2877 Min:   689 Max:  4597 Err:     0 (0.00%) Active: 1 Started: 1 Finished: 0
2017-07-25 23:50:32,466 INFO o.a.j.r.Summariser: summary =     98 in 00:04:45 =    0.3/s Avg:  2902 Min:   656 Max:  5063 Err:     0 (0.00%)
2017-07-25 23:50:35,685 INFO o.a.j.t.JMeterThread: Thread is done: The thread Group 1-1
2017-07-25 23:50:35,685 INFO o.a.j.t.JMeterThread: Thread finished: The thread Group 1-1
2017-07-25 23:50:35,686 INFO o.a.j.e.StandardJMeterEngine: Notifying test listeners of end of test
2017-07-25 23:50:35,686 INFO o.a.j.s.FileServer: Close: /Users/jeb228/Development/DataDistributionAPI/testing/tests_and_results/OrganizationResearchAreas/OrganizationUris.csv
2017-07-25 23:50:35,686 INFO o.a.j.r.Summariser: summary +      2 in 00:00:03 =    0.6/s Avg:  1609 Min:   656 Max:  2562 Err:     0 (0.00%) Active: 0 Started: 1 Finished: 1
2017-07-25 23:50:35,687 INFO o.a.j.r.Summariser: summary =    100 in 00:04:48 =    0.3/s Avg:  2876 Min:   656 Max:  5063 Err:     0 (0.00%)
