2017-07-26 00:06:56,746 INFO o.a.j.u.JMeterUtils: Setting Locale to en_US
2017-07-26 00:06:56,754 INFO o.a.j.JMeter: Loading user properties from: /Users/jeb228/Software/forMac/JMeter/apache-jmeter-3.2/bin/user.properties
2017-07-26 00:06:56,754 INFO o.a.j.JMeter: Loading system properties from: /Users/jeb228/Software/forMac/JMeter/apache-jmeter-3.2/bin/system.properties
2017-07-26 00:06:56,754 INFO o.a.j.JMeter: Setting JMeter property: dir.base=/Users/jeb228/Development/DataDistributionAPI/testing/tests_and_results/DepartmentWordCloud/_results
2017-07-26 00:06:56,754 INFO o.a.j.JMeter: Setting JMeter property: dir.output=/Users/jeb228/Development/DataDistributionAPI/testing/tests_and_results/DepartmentWordCloud/_results/scholars_dwc_double_2
2017-07-26 00:06:56,754 INFO o.a.j.JMeter: Setting JMeter property: context.path=scholars
2017-07-26 00:06:56,755 INFO o.a.j.JMeter: Setting JMeter property: action.name=dwc_double
2017-07-26 00:06:56,755 INFO o.a.j.JMeter: Setting JMeter property: file.uris=/Users/jeb228/Development/DataDistributionAPI/testing/tests_and_results/DepartmentWordCloud/DepartmentUris.csv
2017-07-26 00:06:56,755 INFO o.a.j.JMeter: Setting JMeter property: sample_variables=LABEL
2017-07-26 00:06:56,759 INFO o.a.j.JMeter: Copyright (c) 1998-2017 The Apache Software Foundation
2017-07-26 00:06:56,759 INFO o.a.j.JMeter: Version 3.2 r1790748
2017-07-26 00:06:56,759 INFO o.a.j.JMeter: java.version=1.8.0_131
2017-07-26 00:06:56,759 INFO o.a.j.JMeter: java.vm.name=Java HotSpot(TM) 64-Bit Server VM
2017-07-26 00:06:56,759 INFO o.a.j.JMeter: os.name=Mac OS X
2017-07-26 00:06:56,759 INFO o.a.j.JMeter: os.arch=x86_64
2017-07-26 00:06:56,759 INFO o.a.j.JMeter: os.version=10.12.6
2017-07-26 00:06:56,759 INFO o.a.j.JMeter: file.encoding=UTF-8
2017-07-26 00:06:56,759 INFO o.a.j.JMeter: Max memory     =536870912
2017-07-26 00:06:56,759 INFO o.a.j.JMeter: Available Processors =4
2017-07-26 00:06:56,762 INFO o.a.j.JMeter: Default Locale=English (United States)
2017-07-26 00:06:56,762 INFO o.a.j.JMeter: JMeter  Locale=English (United States)
2017-07-26 00:06:56,762 INFO o.a.j.JMeter: JMeterHome=/Users/jeb228/Software/forMac/JMeter/apache-jmeter-3.2
2017-07-26 00:06:56,762 INFO o.a.j.JMeter: user.dir  =/Users/jeb228/Development/DataDistributionAPI/testing/tests_and_results/DepartmentWordCloud/_results
2017-07-26 00:06:56,762 INFO o.a.j.JMeter: PWD       =/Users/jeb228/Development/DataDistributionAPI/testing/tests_and_results/DepartmentWordCloud/_results
2017-07-26 00:06:56,768 INFO o.a.j.JMeter: IP: 10.0.1.36 Name: lib-jeb228-maclap.local FullName: 10.0.1.36
2017-07-26 00:06:56,770 INFO o.a.j.s.FileServer: Default base='/Users/jeb228/Development/DataDistributionAPI/testing/tests_and_results/DepartmentWordCloud/_results'
2017-07-26 00:06:56,770 INFO o.a.j.s.FileServer: Set new base='/Users/jeb228/Development/DataDistributionAPI/testing/tests_and_results/DepartmentWordCloud'
2017-07-26 00:06:56,852 INFO o.a.j.s.SaveService: Testplan (JMX) version: 2.2. Testlog (JTL) version: 2.2
2017-07-26 00:06:56,861 INFO o.a.j.s.SaveService: Using SaveService properties file encoding UTF-8
2017-07-26 00:06:56,871 INFO o.a.j.s.SaveService: Using SaveService properties version 3.2
2017-07-26 00:06:56,875 INFO o.a.j.s.SaveService: Loading file: /Users/jeb228/Development/DataDistributionAPI/testing/tests_and_results/DepartmentWordCloud/DepartmentWordClouds.jmx
2017-07-26 00:06:56,907 INFO o.a.j.p.h.s.HTTPSamplerBase: Parser for text/html is org.apache.jmeter.protocol.http.parser.LagartoBasedHtmlParser
2017-07-26 00:06:56,907 INFO o.a.j.p.h.s.HTTPSamplerBase: Parser for application/xhtml+xml is org.apache.jmeter.protocol.http.parser.LagartoBasedHtmlParser
2017-07-26 00:06:56,907 INFO o.a.j.p.h.s.HTTPSamplerBase: Parser for application/xml is org.apache.jmeter.protocol.http.parser.LagartoBasedHtmlParser
2017-07-26 00:06:56,907 INFO o.a.j.p.h.s.HTTPSamplerBase: Parser for text/xml is org.apache.jmeter.protocol.http.parser.LagartoBasedHtmlParser
2017-07-26 00:06:56,908 INFO o.a.j.p.h.s.HTTPSamplerBase: Parser for text/vnd.wap.wml is org.apache.jmeter.protocol.http.parser.RegexpHTMLParser
2017-07-26 00:06:56,908 INFO o.a.j.p.h.s.HTTPSamplerBase: Parser for text/css is org.apache.jmeter.protocol.http.parser.CssParser
2017-07-26 00:06:56,914 INFO o.a.j.JMeter: Creating summariser <summary>
2017-07-26 00:06:56,922 INFO o.a.j.e.StandardJMeterEngine: Running the test!
2017-07-26 00:06:56,922 INFO o.a.j.s.SampleEvent: List of sample_variables: [LABEL]
2017-07-26 00:06:56,922 INFO o.a.j.s.SampleEvent: List of sample_variables: [LABEL]
2017-07-26 00:06:56,925 INFO o.a.j.e.u.CompoundVariable: Note: Function class names must contain the string: '.functions.'
2017-07-26 00:06:56,925 INFO o.a.j.e.u.CompoundVariable: Note: Function class names must not contain the string: '.gui.'
2017-07-26 00:06:57,161 INFO o.a.j.JMeter: Running test (1501042017161)
2017-07-26 00:06:57,193 INFO o.a.j.e.StandardJMeterEngine: Starting ThreadGroup: 1 : The thread Group
2017-07-26 00:06:57,193 INFO o.a.j.e.StandardJMeterEngine: Starting 1 threads for group The thread Group.
2017-07-26 00:06:57,193 INFO o.a.j.e.StandardJMeterEngine: Thread will continue on error
2017-07-26 00:06:57,193 INFO o.a.j.t.ThreadGroup: Starting thread group... number=1 threads=1 ramp-up=1 perThread=1000.0 delayedStart=false
2017-07-26 00:06:57,196 INFO o.a.j.t.ThreadGroup: Started thread group number 1
2017-07-26 00:06:57,197 INFO o.a.j.e.StandardJMeterEngine: All thread groups have been started
2017-07-26 00:06:57,347 INFO o.a.j.t.JMeterThread: Thread started: The thread Group 1-1
2017-07-26 00:06:57,349 INFO o.a.j.s.FileServer: Stored: /Users/jeb228/Development/DataDistributionAPI/testing/tests_and_results/DepartmentWordCloud/DepartmentUris.csv
2017-07-26 00:06:57,362 INFO o.a.j.p.h.s.HTTPHCAbstractImpl: Local host = lib-jeb228-maclap.local
2017-07-26 00:06:57,366 INFO o.a.j.p.h.s.HTTPHC4Impl: HTTP request retry count = 0
2017-07-26 00:06:57,371 INFO o.a.j.s.SampleResult: Note: Sample TimeStamps are START times
2017-07-26 00:06:57,371 INFO o.a.j.s.SampleResult: sampleresult.default.encoding is set to ISO-8859-1
2017-07-26 00:06:57,371 INFO o.a.j.s.SampleResult: sampleresult.useNanoTime=true
2017-07-26 00:06:57,371 INFO o.a.j.s.SampleResult: sampleresult.nanoThreadSleep=5000
2017-07-26 00:07:00,784 INFO o.a.j.r.Summariser: summary +      1 in 00:00:04 =    0.3/s Avg:  3394 Min:  3394 Max:  3394 Err:     0 (0.00%) Active: 1 Started: 1 Finished: 0
2017-07-26 00:07:30,188 INFO o.a.j.r.Summariser: summary +     10 in 00:00:29 =    0.3/s Avg:  2939 Min:   411 Max:  4372 Err:     0 (0.00%) Active: 1 Started: 1 Finished: 0
2017-07-26 00:07:30,189 INFO o.a.j.r.Summariser: summary =     11 in 00:00:33 =    0.3/s Avg:  2980 Min:   411 Max:  4372 Err:     0 (0.00%)
2017-07-26 00:08:03,139 INFO o.a.j.r.Summariser: summary +     11 in 00:00:33 =    0.3/s Avg:  2994 Min:   419 Max:  4351 Err:     0 (0.00%) Active: 1 Started: 1 Finished: 0
2017-07-26 00:08:03,139 INFO o.a.j.r.Summariser: summary =     22 in 00:01:06 =    0.3/s Avg:  2987 Min:   411 Max:  4372 Err:     0 (0.00%)
2017-07-26 00:08:31,120 INFO o.a.j.r.Summariser: summary +      9 in 00:00:28 =    0.3/s Avg:  3108 Min:   452 Max:  4798 Err:     0 (0.00%) Active: 1 Started: 1 Finished: 0
2017-07-26 00:08:31,120 INFO o.a.j.r.Summariser: summary =     31 in 00:01:34 =    0.3/s Avg:  3022 Min:   411 Max:  4798 Err:     0 (0.00%)
2017-07-26 00:09:01,646 INFO o.a.j.r.Summariser: summary +     10 in 00:00:31 =    0.3/s Avg:  3052 Min:   419 Max:  4358 Err:     0 (0.00%) Active: 1 Started: 1 Finished: 0
2017-07-26 00:09:01,646 INFO o.a.j.r.Summariser: summary =     41 in 00:02:04 =    0.3/s Avg:  3029 Min:   411 Max:  4798 Err:     0 (0.00%)
2017-07-26 00:09:32,426 INFO o.a.j.r.Summariser: summary +     10 in 00:00:31 =    0.3/s Avg:  3077 Min:   450 Max:  4739 Err:     0 (0.00%) Active: 1 Started: 1 Finished: 0
2017-07-26 00:09:32,426 INFO o.a.j.r.Summariser: summary =     51 in 00:02:35 =    0.3/s Avg:  3039 Min:   411 Max:  4798 Err:     0 (0.00%)
2017-07-26 00:10:00,306 INFO o.a.j.r.Summariser: summary +      8 in 00:00:28 =    0.3/s Avg:  3484 Min:   899 Max:  4726 Err:     0 (0.00%) Active: 1 Started: 1 Finished: 0
2017-07-26 00:10:00,306 INFO o.a.j.r.Summariser: summary =     59 in 00:03:03 =    0.3/s Avg:  3099 Min:   411 Max:  4798 Err:     0 (0.00%)
2017-07-26 00:10:33,289 INFO o.a.j.r.Summariser: summary +     12 in 00:00:33 =    0.4/s Avg:  2748 Min:   419 Max:  4356 Err:     0 (0.00%) Active: 1 Started: 1 Finished: 0
2017-07-26 00:10:33,289 INFO o.a.j.r.Summariser: summary =     71 in 00:03:36 =    0.3/s Avg:  3040 Min:   411 Max:  4798 Err:     0 (0.00%)
2017-07-26 00:11:00,735 INFO o.a.j.r.Summariser: summary +      7 in 00:00:27 =    0.3/s Avg:  3920 Min:  3295 Max:  4762 Err:     0 (0.00%) Active: 1 Started: 1 Finished: 0
2017-07-26 00:11:00,735 INFO o.a.j.r.Summariser: summary =     78 in 00:04:04 =    0.3/s Avg:  3119 Min:   411 Max:  4798 Err:     0 (0.00%)
2017-07-26 00:11:32,757 INFO o.a.j.r.Summariser: summary +     10 in 00:00:32 =    0.3/s Avg:  3201 Min:   456 Max:  4770 Err:     0 (0.00%) Active: 1 Started: 1 Finished: 0
2017-07-26 00:11:32,757 INFO o.a.j.r.Summariser: summary =     88 in 00:04:36 =    0.3/s Avg:  3128 Min:   411 Max:  4798 Err:     0 (0.00%)
2017-07-26 00:12:04,742 INFO o.a.j.r.Summariser: summary +     10 in 00:00:32 =    0.3/s Avg:  3198 Min:   458 Max:  4783 Err:     0 (0.00%) Active: 1 Started: 1 Finished: 0
2017-07-26 00:12:04,742 INFO o.a.j.r.Summariser: summary =     98 in 00:05:08 =    0.3/s Avg:  3135 Min:   411 Max:  4798 Err:     0 (0.00%)
2017-07-26 00:12:06,099 INFO o.a.j.t.JMeterThread: Thread is done: The thread Group 1-1
2017-07-26 00:12:06,099 INFO o.a.j.t.JMeterThread: Thread finished: The thread Group 1-1
2017-07-26 00:12:06,100 INFO o.a.j.e.StandardJMeterEngine: Notifying test listeners of end of test
2017-07-26 00:12:06,100 INFO o.a.j.s.FileServer: Close: /Users/jeb228/Development/DataDistributionAPI/testing/tests_and_results/DepartmentWordCloud/DepartmentUris.csv
2017-07-26 00:12:06,101 INFO o.a.j.r.Summariser: summary +      2 in 00:00:01 =    1.5/s Avg:   678 Min:   449 Max:   907 Err:     0 (0.00%) Active: 0 Started: 1 Finished: 1
2017-07-26 00:12:06,102 INFO o.a.j.r.Summariser: summary =    100 in 00:05:09 =    0.3/s Avg:  3086 Min:   411 Max:  4798 Err:     0 (0.00%)
