2017-07-26 19:03:24,405 INFO o.a.j.u.JMeterUtils: Setting Locale to en_US
2017-07-26 19:03:24,415 INFO o.a.j.JMeter: Loading user properties from: /Users/jeb228/Software/forMac/JMeter/apache-jmeter-3.2/bin/user.properties
2017-07-26 19:03:24,416 INFO o.a.j.JMeter: Loading system properties from: /Users/jeb228/Software/forMac/JMeter/apache-jmeter-3.2/bin/system.properties
2017-07-26 19:03:24,416 INFO o.a.j.JMeter: Setting JMeter property: dir.base=/Users/jeb228/Development/DataDistributionAPI/testing/tests_and_results/OrganizationResearchAreas/_results
2017-07-26 19:03:24,416 INFO o.a.j.JMeter: Setting JMeter property: dir.output=/Users/jeb228/Development/DataDistributionAPI/testing/tests_and_results/OrganizationResearchAreas/_results/vivo_ora_drill_L4_1
2017-07-26 19:03:24,417 INFO o.a.j.JMeter: Setting JMeter property: context.path=vivo
2017-07-26 19:03:24,417 INFO o.a.j.JMeter: Setting JMeter property: action.name=ora_drill_L4
2017-07-26 19:03:24,417 INFO o.a.j.JMeter: Setting JMeter property: file.uris=/Users/jeb228/Development/DataDistributionAPI/testing/tests_and_results/OrganizationResearchAreas/OrganizationUris.csv
2017-07-26 19:03:24,417 INFO o.a.j.JMeter: Setting JMeter property: sample_variables=LABEL
2017-07-26 19:03:24,420 INFO o.a.j.JMeter: Copyright (c) 1998-2017 The Apache Software Foundation
2017-07-26 19:03:24,421 INFO o.a.j.JMeter: Version 3.2 r1790748
2017-07-26 19:03:24,421 INFO o.a.j.JMeter: java.version=1.8.0_131
2017-07-26 19:03:24,421 INFO o.a.j.JMeter: java.vm.name=Java HotSpot(TM) 64-Bit Server VM
2017-07-26 19:03:24,421 INFO o.a.j.JMeter: os.name=Mac OS X
2017-07-26 19:03:24,421 INFO o.a.j.JMeter: os.arch=x86_64
2017-07-26 19:03:24,421 INFO o.a.j.JMeter: os.version=10.12.6
2017-07-26 19:03:24,421 INFO o.a.j.JMeter: file.encoding=UTF-8
2017-07-26 19:03:24,421 INFO o.a.j.JMeter: Max memory     =536870912
2017-07-26 19:03:24,421 INFO o.a.j.JMeter: Available Processors =4
2017-07-26 19:03:24,424 INFO o.a.j.JMeter: Default Locale=English (United States)
2017-07-26 19:03:24,424 INFO o.a.j.JMeter: JMeter  Locale=English (United States)
2017-07-26 19:03:24,424 INFO o.a.j.JMeter: JMeterHome=/Users/jeb228/Software/forMac/JMeter/apache-jmeter-3.2
2017-07-26 19:03:24,424 INFO o.a.j.JMeter: user.dir  =/Users/jeb228/Development/DataDistributionAPI/testing/tests_and_results/OrganizationResearchAreas/_results
2017-07-26 19:03:24,424 INFO o.a.j.JMeter: PWD       =/Users/jeb228/Development/DataDistributionAPI/testing/tests_and_results/OrganizationResearchAreas/_results
2017-07-26 19:03:24,430 INFO o.a.j.JMeter: IP: 10.0.1.36 Name: lib-jeb228-maclap.local FullName: 10.0.1.36
2017-07-26 19:03:24,433 INFO o.a.j.s.FileServer: Default base='/Users/jeb228/Development/DataDistributionAPI/testing/tests_and_results/OrganizationResearchAreas/_results'
2017-07-26 19:03:24,433 INFO o.a.j.s.FileServer: Set new base='/Users/jeb228/Development/DataDistributionAPI/testing/tests_and_results/OrganizationResearchAreas'
2017-07-26 19:03:24,513 INFO o.a.j.s.SaveService: Testplan (JMX) version: 2.2. Testlog (JTL) version: 2.2
2017-07-26 19:03:24,524 INFO o.a.j.s.SaveService: Using SaveService properties file encoding UTF-8
2017-07-26 19:03:24,535 INFO o.a.j.s.SaveService: Using SaveService properties version 3.2
2017-07-26 19:03:24,539 INFO o.a.j.s.SaveService: Loading file: /Users/jeb228/Development/DataDistributionAPI/testing/tests_and_results/OrganizationResearchAreas/OrganizationResearchAreas.jmx
2017-07-26 19:03:24,571 INFO o.a.j.p.h.s.HTTPSamplerBase: Parser for text/html is org.apache.jmeter.protocol.http.parser.LagartoBasedHtmlParser
2017-07-26 19:03:24,572 INFO o.a.j.p.h.s.HTTPSamplerBase: Parser for application/xhtml+xml is org.apache.jmeter.protocol.http.parser.LagartoBasedHtmlParser
2017-07-26 19:03:24,572 INFO o.a.j.p.h.s.HTTPSamplerBase: Parser for application/xml is org.apache.jmeter.protocol.http.parser.LagartoBasedHtmlParser
2017-07-26 19:03:24,572 INFO o.a.j.p.h.s.HTTPSamplerBase: Parser for text/xml is org.apache.jmeter.protocol.http.parser.LagartoBasedHtmlParser
2017-07-26 19:03:24,572 INFO o.a.j.p.h.s.HTTPSamplerBase: Parser for text/vnd.wap.wml is org.apache.jmeter.protocol.http.parser.RegexpHTMLParser
2017-07-26 19:03:24,572 INFO o.a.j.p.h.s.HTTPSamplerBase: Parser for text/css is org.apache.jmeter.protocol.http.parser.CssParser
2017-07-26 19:03:24,579 INFO o.a.j.JMeter: Creating summariser <summary>
2017-07-26 19:03:24,585 INFO o.a.j.e.StandardJMeterEngine: Running the test!
2017-07-26 19:03:24,586 INFO o.a.j.s.SampleEvent: List of sample_variables: [LABEL]
2017-07-26 19:03:24,586 INFO o.a.j.s.SampleEvent: List of sample_variables: [LABEL]
2017-07-26 19:03:24,589 INFO o.a.j.e.u.CompoundVariable: Note: Function class names must contain the string: '.functions.'
2017-07-26 19:03:24,589 INFO o.a.j.e.u.CompoundVariable: Note: Function class names must not contain the string: '.gui.'
2017-07-26 19:03:24,818 INFO o.a.j.JMeter: Running test (1501110204818)
2017-07-26 19:03:24,850 INFO o.a.j.e.StandardJMeterEngine: Starting ThreadGroup: 1 : The thread Group
2017-07-26 19:03:24,850 INFO o.a.j.e.StandardJMeterEngine: Starting 1 threads for group The thread Group.
2017-07-26 19:03:24,850 INFO o.a.j.e.StandardJMeterEngine: Thread will continue on error
2017-07-26 19:03:24,850 INFO o.a.j.t.ThreadGroup: Starting thread group... number=1 threads=1 ramp-up=1 perThread=1000.0 delayedStart=false
2017-07-26 19:03:24,853 INFO o.a.j.t.ThreadGroup: Started thread group number 1
2017-07-26 19:03:24,853 INFO o.a.j.e.StandardJMeterEngine: All thread groups have been started
2017-07-26 19:03:24,943 INFO o.a.j.t.JMeterThread: Thread started: The thread Group 1-1
2017-07-26 19:03:24,945 INFO o.a.j.s.FileServer: Stored: /Users/jeb228/Development/DataDistributionAPI/testing/tests_and_results/OrganizationResearchAreas/OrganizationUris.csv
2017-07-26 19:03:24,956 INFO o.a.j.p.h.s.HTTPHCAbstractImpl: Local host = lib-jeb228-maclap.local
2017-07-26 19:03:24,960 INFO o.a.j.p.h.s.HTTPHC4Impl: HTTP request retry count = 0
2017-07-26 19:03:24,964 INFO o.a.j.s.SampleResult: Note: Sample TimeStamps are START times
2017-07-26 19:03:24,965 INFO o.a.j.s.SampleResult: sampleresult.default.encoding is set to ISO-8859-1
2017-07-26 19:03:24,965 INFO o.a.j.s.SampleResult: sampleresult.useNanoTime=true
2017-07-26 19:03:24,965 INFO o.a.j.s.SampleResult: sampleresult.nanoThreadSleep=5000
2017-07-26 19:03:35,023 INFO o.a.j.r.Summariser: summary +      1 in 00:00:10 =    0.1/s Avg: 10042 Min: 10042 Max: 10042 Err:     0 (0.00%) Active: 1 Started: 1 Finished: 0
2017-07-26 19:04:00,783 INFO o.a.j.r.Summariser: summary +      9 in 00:00:26 =    0.3/s Avg:  2861 Min:  2228 Max:  4232 Err:     0 (0.00%) Active: 1 Started: 1 Finished: 0
2017-07-26 19:04:00,784 INFO o.a.j.r.Summariser: summary =     10 in 00:00:36 =    0.3/s Avg:  3579 Min:  2228 Max: 10042 Err:     0 (0.00%)
2017-07-26 19:04:32,288 INFO o.a.j.r.Summariser: summary +      8 in 00:00:32 =    0.3/s Avg:  3937 Min:  2297 Max: 10083 Err:     0 (0.00%) Active: 1 Started: 1 Finished: 0
2017-07-26 19:04:32,289 INFO o.a.j.r.Summariser: summary =     18 in 00:01:07 =    0.3/s Avg:  3738 Min:  2228 Max: 10083 Err:     0 (0.00%)
2017-07-26 19:05:01,068 INFO o.a.j.r.Summariser: summary +      7 in 00:00:29 =    0.2/s Avg:  4110 Min:  2226 Max: 10921 Err:     0 (0.00%) Active: 1 Started: 1 Finished: 0
2017-07-26 19:05:01,068 INFO o.a.j.r.Summariser: summary =     25 in 00:01:36 =    0.3/s Avg:  3843 Min:  2226 Max: 10921 Err:     0 (0.00%)
2017-07-26 19:05:31,151 INFO o.a.j.r.Summariser: summary +      8 in 00:00:30 =    0.3/s Avg:  3759 Min:  2252 Max: 10212 Err:     0 (0.00%) Active: 1 Started: 1 Finished: 0
2017-07-26 19:05:31,151 INFO o.a.j.r.Summariser: summary =     33 in 00:02:06 =    0.3/s Avg:  3822 Min:  2226 Max: 10921 Err:     0 (0.00%)
2017-07-26 19:06:03,634 INFO o.a.j.r.Summariser: summary +      9 in 00:00:32 =    0.3/s Avg:  3608 Min:  1991 Max: 10059 Err:     0 (0.00%) Active: 1 Started: 1 Finished: 0
2017-07-26 19:06:03,634 INFO o.a.j.r.Summariser: summary =     42 in 00:02:39 =    0.3/s Avg:  3776 Min:  1991 Max: 10921 Err:     0 (0.00%)
2017-07-26 19:06:35,345 INFO o.a.j.r.Summariser: summary +      9 in 00:00:32 =    0.3/s Avg:  3522 Min:  2317 Max:  9943 Err:     0 (0.00%) Active: 1 Started: 1 Finished: 0
2017-07-26 19:06:35,345 INFO o.a.j.r.Summariser: summary =     51 in 00:03:11 =    0.3/s Avg:  3732 Min:  1991 Max: 10921 Err:     0 (0.00%)
2017-07-26 19:07:01,092 INFO o.a.j.r.Summariser: summary +      9 in 00:00:26 =    0.3/s Avg:  2860 Min:  2008 Max:  4226 Err:     0 (0.00%) Active: 1 Started: 1 Finished: 0
2017-07-26 19:07:01,092 INFO o.a.j.r.Summariser: summary =     60 in 00:03:36 =    0.3/s Avg:  3601 Min:  1991 Max: 10921 Err:     0 (0.00%)
2017-07-26 19:07:32,301 INFO o.a.j.r.Summariser: summary +      8 in 00:00:31 =    0.3/s Avg:  3900 Min:  2305 Max: 10082 Err:     0 (0.00%) Active: 1 Started: 1 Finished: 0
2017-07-26 19:07:32,302 INFO o.a.j.r.Summariser: summary =     68 in 00:04:07 =    0.3/s Avg:  3636 Min:  1991 Max: 10921 Err:     0 (0.00%)
2017-07-26 19:08:00,253 INFO o.a.j.r.Summariser: summary +      7 in 00:00:28 =    0.3/s Avg:  3992 Min:  1997 Max: 10089 Err:     0 (0.00%) Active: 1 Started: 1 Finished: 0
2017-07-26 19:08:00,253 INFO o.a.j.r.Summariser: summary =     75 in 00:04:35 =    0.3/s Avg:  3669 Min:  1991 Max: 10921 Err:     0 (0.00%)
2017-07-26 19:08:30,158 INFO o.a.j.r.Summariser: summary +      8 in 00:00:30 =    0.3/s Avg:  3737 Min:  2234 Max: 10065 Err:     0 (0.00%) Active: 1 Started: 1 Finished: 0
2017-07-26 19:08:30,158 INFO o.a.j.r.Summariser: summary =     83 in 00:05:05 =    0.3/s Avg:  3676 Min:  1991 Max: 10921 Err:     0 (0.00%)
2017-07-26 19:09:02,334 INFO o.a.j.r.Summariser: summary +      9 in 00:00:32 =    0.3/s Avg:  3574 Min:  2080 Max: 10116 Err:     0 (0.00%) Active: 1 Started: 1 Finished: 0
2017-07-26 19:09:02,334 INFO o.a.j.r.Summariser: summary =     92 in 00:05:38 =    0.3/s Avg:  3666 Min:  1991 Max: 10921 Err:     0 (0.00%)
2017-07-26 19:09:23,974 INFO o.a.j.t.JMeterThread: Thread is done: The thread Group 1-1
2017-07-26 19:09:23,974 INFO o.a.j.t.JMeterThread: Thread finished: The thread Group 1-1
2017-07-26 19:09:23,975 INFO o.a.j.e.StandardJMeterEngine: Notifying test listeners of end of test
2017-07-26 19:09:23,975 INFO o.a.j.s.FileServer: Close: /Users/jeb228/Development/DataDistributionAPI/testing/tests_and_results/OrganizationResearchAreas/OrganizationUris.csv
2017-07-26 19:09:23,975 INFO o.a.j.r.Summariser: summary +      8 in 00:00:22 =    0.4/s Avg:  2704 Min:  2168 Max:  3517 Err:     0 (0.00%) Active: 0 Started: 1 Finished: 1
2017-07-26 19:09:23,976 INFO o.a.j.r.Summariser: summary =    100 in 00:05:59 =    0.3/s Avg:  3589 Min:  1991 Max: 10921 Err:     0 (0.00%)
