2017-07-26 19:09:25,668 INFO o.a.j.u.JMeterUtils: Setting Locale to en_US
2017-07-26 19:09:25,677 INFO o.a.j.JMeter: Loading user properties from: /Users/jeb228/Software/forMac/JMeter/apache-jmeter-3.2/bin/user.properties
2017-07-26 19:09:25,678 INFO o.a.j.JMeter: Loading system properties from: /Users/jeb228/Software/forMac/JMeter/apache-jmeter-3.2/bin/system.properties
2017-07-26 19:09:25,678 INFO o.a.j.JMeter: Setting JMeter property: dir.base=/Users/jeb228/Development/DataDistributionAPI/testing/tests_and_results/OrganizationResearchAreas/_results
2017-07-26 19:09:25,678 INFO o.a.j.JMeter: Setting JMeter property: dir.output=/Users/jeb228/Development/DataDistributionAPI/testing/tests_and_results/OrganizationResearchAreas/_results/vivo_ora_drill_L5_1
2017-07-26 19:09:25,678 INFO o.a.j.JMeter: Setting JMeter property: context.path=vivo
2017-07-26 19:09:25,678 INFO o.a.j.JMeter: Setting JMeter property: action.name=ora_drill_L5
2017-07-26 19:09:25,678 INFO o.a.j.JMeter: Setting JMeter property: file.uris=/Users/jeb228/Development/DataDistributionAPI/testing/tests_and_results/OrganizationResearchAreas/OrganizationUris.csv
2017-07-26 19:09:25,678 INFO o.a.j.JMeter: Setting JMeter property: sample_variables=LABEL
2017-07-26 19:09:25,682 INFO o.a.j.JMeter: Copyright (c) 1998-2017 The Apache Software Foundation
2017-07-26 19:09:25,682 INFO o.a.j.JMeter: Version 3.2 r1790748
2017-07-26 19:09:25,682 INFO o.a.j.JMeter: java.version=1.8.0_131
2017-07-26 19:09:25,682 INFO o.a.j.JMeter: java.vm.name=Java HotSpot(TM) 64-Bit Server VM
2017-07-26 19:09:25,682 INFO o.a.j.JMeter: os.name=Mac OS X
2017-07-26 19:09:25,682 INFO o.a.j.JMeter: os.arch=x86_64
2017-07-26 19:09:25,682 INFO o.a.j.JMeter: os.version=10.12.6
2017-07-26 19:09:25,682 INFO o.a.j.JMeter: file.encoding=UTF-8
2017-07-26 19:09:25,682 INFO o.a.j.JMeter: Max memory     =536870912
2017-07-26 19:09:25,682 INFO o.a.j.JMeter: Available Processors =4
2017-07-26 19:09:25,685 INFO o.a.j.JMeter: Default Locale=English (United States)
2017-07-26 19:09:25,685 INFO o.a.j.JMeter: JMeter  Locale=English (United States)
2017-07-26 19:09:25,685 INFO o.a.j.JMeter: JMeterHome=/Users/jeb228/Software/forMac/JMeter/apache-jmeter-3.2
2017-07-26 19:09:25,685 INFO o.a.j.JMeter: user.dir  =/Users/jeb228/Development/DataDistributionAPI/testing/tests_and_results/OrganizationResearchAreas/_results
2017-07-26 19:09:25,685 INFO o.a.j.JMeter: PWD       =/Users/jeb228/Development/DataDistributionAPI/testing/tests_and_results/OrganizationResearchAreas/_results
2017-07-26 19:09:25,691 INFO o.a.j.JMeter: IP: 10.0.1.36 Name: lib-jeb228-maclap.local FullName: 10.0.1.36
2017-07-26 19:09:25,694 INFO o.a.j.s.FileServer: Default base='/Users/jeb228/Development/DataDistributionAPI/testing/tests_and_results/OrganizationResearchAreas/_results'
2017-07-26 19:09:25,694 INFO o.a.j.s.FileServer: Set new base='/Users/jeb228/Development/DataDistributionAPI/testing/tests_and_results/OrganizationResearchAreas'
2017-07-26 19:09:25,772 INFO o.a.j.s.SaveService: Testplan (JMX) version: 2.2. Testlog (JTL) version: 2.2
2017-07-26 19:09:25,782 INFO o.a.j.s.SaveService: Using SaveService properties file encoding UTF-8
2017-07-26 19:09:25,794 INFO o.a.j.s.SaveService: Using SaveService properties version 3.2
2017-07-26 19:09:25,799 INFO o.a.j.s.SaveService: Loading file: /Users/jeb228/Development/DataDistributionAPI/testing/tests_and_results/OrganizationResearchAreas/OrganizationResearchAreas.jmx
2017-07-26 19:09:25,832 INFO o.a.j.p.h.s.HTTPSamplerBase: Parser for text/html is org.apache.jmeter.protocol.http.parser.LagartoBasedHtmlParser
2017-07-26 19:09:25,832 INFO o.a.j.p.h.s.HTTPSamplerBase: Parser for application/xhtml+xml is org.apache.jmeter.protocol.http.parser.LagartoBasedHtmlParser
2017-07-26 19:09:25,832 INFO o.a.j.p.h.s.HTTPSamplerBase: Parser for application/xml is org.apache.jmeter.protocol.http.parser.LagartoBasedHtmlParser
2017-07-26 19:09:25,832 INFO o.a.j.p.h.s.HTTPSamplerBase: Parser for text/xml is org.apache.jmeter.protocol.http.parser.LagartoBasedHtmlParser
2017-07-26 19:09:25,832 INFO o.a.j.p.h.s.HTTPSamplerBase: Parser for text/vnd.wap.wml is org.apache.jmeter.protocol.http.parser.RegexpHTMLParser
2017-07-26 19:09:25,832 INFO o.a.j.p.h.s.HTTPSamplerBase: Parser for text/css is org.apache.jmeter.protocol.http.parser.CssParser
2017-07-26 19:09:25,839 INFO o.a.j.JMeter: Creating summariser <summary>
2017-07-26 19:09:25,846 INFO o.a.j.e.StandardJMeterEngine: Running the test!
2017-07-26 19:09:25,846 INFO o.a.j.s.SampleEvent: List of sample_variables: [LABEL]
2017-07-26 19:09:25,846 INFO o.a.j.s.SampleEvent: List of sample_variables: [LABEL]
2017-07-26 19:09:25,849 INFO o.a.j.e.u.CompoundVariable: Note: Function class names must contain the string: '.functions.'
2017-07-26 19:09:25,849 INFO o.a.j.e.u.CompoundVariable: Note: Function class names must not contain the string: '.gui.'
2017-07-26 19:09:26,076 INFO o.a.j.JMeter: Running test (1501110566075)
2017-07-26 19:09:26,108 INFO o.a.j.e.StandardJMeterEngine: Starting ThreadGroup: 1 : The thread Group
2017-07-26 19:09:26,109 INFO o.a.j.e.StandardJMeterEngine: Starting 1 threads for group The thread Group.
2017-07-26 19:09:26,109 INFO o.a.j.e.StandardJMeterEngine: Thread will continue on error
2017-07-26 19:09:26,109 INFO o.a.j.t.ThreadGroup: Starting thread group... number=1 threads=1 ramp-up=1 perThread=1000.0 delayedStart=false
2017-07-26 19:09:26,112 INFO o.a.j.t.ThreadGroup: Started thread group number 1
2017-07-26 19:09:26,112 INFO o.a.j.e.StandardJMeterEngine: All thread groups have been started
2017-07-26 19:09:26,200 INFO o.a.j.t.JMeterThread: Thread started: The thread Group 1-1
2017-07-26 19:09:26,202 INFO o.a.j.s.FileServer: Stored: /Users/jeb228/Development/DataDistributionAPI/testing/tests_and_results/OrganizationResearchAreas/OrganizationUris.csv
2017-07-26 19:09:26,214 INFO o.a.j.p.h.s.HTTPHCAbstractImpl: Local host = lib-jeb228-maclap.local
2017-07-26 19:09:26,217 INFO o.a.j.p.h.s.HTTPHC4Impl: HTTP request retry count = 0
2017-07-26 19:09:26,222 INFO o.a.j.s.SampleResult: Note: Sample TimeStamps are START times
2017-07-26 19:09:26,222 INFO o.a.j.s.SampleResult: sampleresult.default.encoding is set to ISO-8859-1
2017-07-26 19:09:26,222 INFO o.a.j.s.SampleResult: sampleresult.useNanoTime=true
2017-07-26 19:09:26,222 INFO o.a.j.s.SampleResult: sampleresult.nanoThreadSleep=5000
2017-07-26 19:11:30,869 INFO o.a.j.r.Summariser: summary +      6 in 00:02:05 =    0.0/s Avg: 20771 Min: 19662 Max: 21472 Err:     0 (0.00%) Active: 1 Started: 1 Finished: 0
2017-07-26 19:12:34,779 INFO o.a.j.r.Summariser: summary +      3 in 00:01:04 =    0.0/s Avg: 21302 Min: 21167 Max: 21423 Err:     0 (0.00%) Active: 1 Started: 1 Finished: 0
2017-07-26 19:12:34,780 INFO o.a.j.r.Summariser: summary =      9 in 00:03:09 =    0.0/s Avg: 20948 Min: 19662 Max: 21472 Err:     0 (0.00%)
2017-07-26 19:14:00,664 INFO o.a.j.r.Summariser: summary +      4 in 00:01:26 =    0.0/s Avg: 21470 Min: 21172 Max: 22069 Err:     0 (0.00%) Active: 1 Started: 1 Finished: 0
2017-07-26 19:14:00,664 INFO o.a.j.r.Summariser: summary =     13 in 00:04:35 =    0.0/s Avg: 21108 Min: 19662 Max: 22069 Err:     0 (0.00%)
2017-07-26 19:15:04,545 INFO o.a.j.r.Summariser: summary +      3 in 00:01:04 =    0.0/s Avg: 21293 Min: 21231 Max: 21405 Err:     0 (0.00%) Active: 1 Started: 1 Finished: 0
2017-07-26 19:15:04,545 INFO o.a.j.r.Summariser: summary =     16 in 00:05:38 =    0.0/s Avg: 21143 Min: 19662 Max: 22069 Err:     0 (0.00%)
2017-07-26 19:17:34,172 INFO o.a.j.r.Summariser: summary +      7 in 00:02:30 =    0.0/s Avg: 21374 Min: 21148 Max: 21958 Err:     0 (0.00%) Active: 1 Started: 1 Finished: 0
2017-07-26 19:17:34,172 INFO o.a.j.r.Summariser: summary =     23 in 00:08:08 =    0.0/s Avg: 21213 Min: 19662 Max: 22069 Err:     0 (0.00%)
2017-07-26 19:20:03,307 INFO o.a.j.r.Summariser: summary +      7 in 00:02:29 =    0.0/s Avg: 21303 Min: 21209 Max: 21401 Err:     0 (0.00%) Active: 1 Started: 1 Finished: 0
2017-07-26 19:20:03,308 INFO o.a.j.r.Summariser: summary =     30 in 00:10:37 =    0.0/s Avg: 21234 Min: 19662 Max: 22069 Err:     0 (0.00%)
2017-07-26 19:22:33,520 INFO o.a.j.r.Summariser: summary +      7 in 00:02:30 =    0.0/s Avg: 21458 Min: 21285 Max: 21969 Err:     0 (0.00%) Active: 1 Started: 1 Finished: 0
2017-07-26 19:22:33,521 INFO o.a.j.r.Summariser: summary =     37 in 00:13:07 =    0.0/s Avg: 21277 Min: 19662 Max: 22069 Err:     0 (0.00%)
2017-07-26 19:25:03,595 INFO o.a.j.r.Summariser: summary +      7 in 00:02:30 =    0.0/s Avg: 21438 Min: 21234 Max: 22054 Err:     0 (0.00%) Active: 1 Started: 1 Finished: 0
2017-07-26 19:25:03,595 INFO o.a.j.r.Summariser: summary =     44 in 00:15:38 =    0.0/s Avg: 21302 Min: 19662 Max: 22069 Err:     0 (0.00%)
2017-07-26 19:27:33,415 INFO o.a.j.r.Summariser: summary +      7 in 00:02:30 =    0.0/s Avg: 21402 Min: 21170 Max: 22055 Err:     0 (0.00%) Active: 1 Started: 1 Finished: 0
2017-07-26 19:27:33,415 INFO o.a.j.r.Summariser: summary =     51 in 00:18:07 =    0.0/s Avg: 21316 Min: 19662 Max: 22069 Err:     0 (0.00%)
2017-07-26 19:30:02,956 INFO o.a.j.r.Summariser: summary +      7 in 00:02:30 =    0.0/s Avg: 21362 Min: 21219 Max: 21461 Err:     0 (0.00%) Active: 1 Started: 1 Finished: 0
2017-07-26 19:30:02,956 INFO o.a.j.r.Summariser: summary =     58 in 00:20:37 =    0.0/s Avg: 21321 Min: 19662 Max: 22069 Err:     0 (0.00%)
2017-07-26 19:32:32,739 INFO o.a.j.r.Summariser: summary +      7 in 00:02:30 =    0.0/s Avg: 21396 Min: 21194 Max: 21947 Err:     0 (0.00%) Active: 1 Started: 1 Finished: 0
2017-07-26 19:32:32,740 INFO o.a.j.r.Summariser: summary =     65 in 00:23:07 =    0.0/s Avg: 21330 Min: 19662 Max: 22069 Err:     0 (0.00%)
2017-07-26 19:35:02,639 INFO o.a.j.r.Summariser: summary +      7 in 00:02:30 =    0.0/s Avg: 21413 Min: 21235 Max: 22048 Err:     0 (0.00%) Active: 1 Started: 1 Finished: 0
2017-07-26 19:35:02,640 INFO o.a.j.r.Summariser: summary =     72 in 00:25:37 =    0.0/s Avg: 21338 Min: 19662 Max: 22069 Err:     0 (0.00%)
2017-07-26 19:37:32,185 INFO o.a.j.r.Summariser: summary +      7 in 00:02:30 =    0.0/s Avg: 21363 Min: 21248 Max: 21559 Err:     0 (0.00%) Active: 1 Started: 1 Finished: 0
2017-07-26 19:37:32,185 INFO o.a.j.r.Summariser: summary =     79 in 00:28:06 =    0.0/s Avg: 21340 Min: 19662 Max: 22069 Err:     0 (0.00%)
2017-07-26 19:40:02,452 INFO o.a.j.r.Summariser: summary +      7 in 00:02:30 =    0.0/s Avg: 21465 Min: 21204 Max: 22004 Err:     0 (0.00%) Active: 1 Started: 1 Finished: 0
2017-07-26 19:40:02,452 INFO o.a.j.r.Summariser: summary =     86 in 00:30:36 =    0.0/s Avg: 21350 Min: 19662 Max: 22069 Err:     0 (0.00%)
2017-07-26 19:42:32,530 INFO o.a.j.r.Summariser: summary +      7 in 00:02:30 =    0.0/s Avg: 21439 Min: 21222 Max: 22064 Err:     0 (0.00%) Active: 1 Started: 1 Finished: 0
2017-07-26 19:42:32,531 INFO o.a.j.r.Summariser: summary =     93 in 00:33:06 =    0.0/s Avg: 21357 Min: 19662 Max: 22069 Err:     0 (0.00%)
2017-07-26 19:45:02,214 INFO o.a.j.r.Summariser: summary +      7 in 00:02:30 =    0.0/s Avg: 21382 Min: 21221 Max: 21689 Err:     0 (0.00%) Active: 1 Started: 1 Finished: 0
2017-07-26 19:45:02,214 INFO o.a.j.r.Summariser: summary =    100 in 00:35:36 =    0.0/s Avg: 21359 Min: 19662 Max: 22069 Err:     0 (0.00%)
2017-07-26 19:45:02,215 INFO o.a.j.t.JMeterThread: Thread is done: The thread Group 1-1
2017-07-26 19:45:02,215 INFO o.a.j.t.JMeterThread: Thread finished: The thread Group 1-1
2017-07-26 19:45:02,215 INFO o.a.j.e.StandardJMeterEngine: Notifying test listeners of end of test
2017-07-26 19:45:02,215 INFO o.a.j.s.FileServer: Close: /Users/jeb228/Development/DataDistributionAPI/testing/tests_and_results/OrganizationResearchAreas/OrganizationUris.csv
2017-07-26 19:45:02,217 INFO o.a.j.r.Summariser: summary =    100 in 00:35:36 =    0.0/s Avg: 21359 Min: 19662 Max: 22069 Err:     0 (0.00%)
