2017-07-25 23:50:37,149 INFO o.a.j.u.JMeterUtils: Setting Locale to en_US
2017-07-25 23:50:37,158 INFO o.a.j.JMeter: Loading user properties from: /Users/jeb228/Software/forMac/JMeter/apache-jmeter-3.2/bin/user.properties
2017-07-25 23:50:37,158 INFO o.a.j.JMeter: Loading system properties from: /Users/jeb228/Software/forMac/JMeter/apache-jmeter-3.2/bin/system.properties
2017-07-25 23:50:37,159 INFO o.a.j.JMeter: Setting JMeter property: dir.base=/Users/jeb228/Development/DataDistributionAPI/testing/tests_and_results/OrganizationResearchAreas/_results
2017-07-25 23:50:37,159 INFO o.a.j.JMeter: Setting JMeter property: dir.output=/Users/jeb228/Development/DataDistributionAPI/testing/tests_and_results/OrganizationResearchAreas/_results/scholars_ora_drill_L4_2
2017-07-25 23:50:37,159 INFO o.a.j.JMeter: Setting JMeter property: context.path=scholars
2017-07-25 23:50:37,159 INFO o.a.j.JMeter: Setting JMeter property: action.name=ora_drill_L4
2017-07-25 23:50:37,159 INFO o.a.j.JMeter: Setting JMeter property: file.uris=/Users/jeb228/Development/DataDistributionAPI/testing/tests_and_results/OrganizationResearchAreas/OrganizationUris.csv
2017-07-25 23:50:37,159 INFO o.a.j.JMeter: Setting JMeter property: sample_variables=LABEL
2017-07-25 23:50:37,163 INFO o.a.j.JMeter: Copyright (c) 1998-2017 The Apache Software Foundation
2017-07-25 23:50:37,163 INFO o.a.j.JMeter: Version 3.2 r1790748
2017-07-25 23:50:37,163 INFO o.a.j.JMeter: java.version=1.8.0_131
2017-07-25 23:50:37,163 INFO o.a.j.JMeter: java.vm.name=Java HotSpot(TM) 64-Bit Server VM
2017-07-25 23:50:37,163 INFO o.a.j.JMeter: os.name=Mac OS X
2017-07-25 23:50:37,164 INFO o.a.j.JMeter: os.arch=x86_64
2017-07-25 23:50:37,164 INFO o.a.j.JMeter: os.version=10.12.6
2017-07-25 23:50:37,164 INFO o.a.j.JMeter: file.encoding=UTF-8
2017-07-25 23:50:37,164 INFO o.a.j.JMeter: Max memory     =536870912
2017-07-25 23:50:37,164 INFO o.a.j.JMeter: Available Processors =4
2017-07-25 23:50:37,166 INFO o.a.j.JMeter: Default Locale=English (United States)
2017-07-25 23:50:37,166 INFO o.a.j.JMeter: JMeter  Locale=English (United States)
2017-07-25 23:50:37,166 INFO o.a.j.JMeter: JMeterHome=/Users/jeb228/Software/forMac/JMeter/apache-jmeter-3.2
2017-07-25 23:50:37,167 INFO o.a.j.JMeter: user.dir  =/Users/jeb228/Development/DataDistributionAPI/testing/tests_and_results/OrganizationResearchAreas/_results
2017-07-25 23:50:37,167 INFO o.a.j.JMeter: PWD       =/Users/jeb228/Development/DataDistributionAPI/testing/tests_and_results/OrganizationResearchAreas/_results
2017-07-25 23:50:37,171 INFO o.a.j.JMeter: IP: 10.0.1.36 Name: lib-jeb228-maclap.local FullName: 10.0.1.36
2017-07-25 23:50:37,173 INFO o.a.j.s.FileServer: Default base='/Users/jeb228/Development/DataDistributionAPI/testing/tests_and_results/OrganizationResearchAreas/_results'
2017-07-25 23:50:37,173 INFO o.a.j.s.FileServer: Set new base='/Users/jeb228/Development/DataDistributionAPI/testing/tests_and_results/OrganizationResearchAreas'
2017-07-25 23:50:37,275 INFO o.a.j.s.SaveService: Testplan (JMX) version: 2.2. Testlog (JTL) version: 2.2
2017-07-25 23:50:37,288 INFO o.a.j.s.SaveService: Using SaveService properties file encoding UTF-8
2017-07-25 23:50:37,302 INFO o.a.j.s.SaveService: Using SaveService properties version 3.2
2017-07-25 23:50:37,307 INFO o.a.j.s.SaveService: Loading file: /Users/jeb228/Development/DataDistributionAPI/testing/tests_and_results/OrganizationResearchAreas/OrganizationResearchAreas.jmx
2017-07-25 23:50:37,344 INFO o.a.j.p.h.s.HTTPSamplerBase: Parser for text/html is org.apache.jmeter.protocol.http.parser.LagartoBasedHtmlParser
2017-07-25 23:50:37,344 INFO o.a.j.p.h.s.HTTPSamplerBase: Parser for application/xhtml+xml is org.apache.jmeter.protocol.http.parser.LagartoBasedHtmlParser
2017-07-25 23:50:37,344 INFO o.a.j.p.h.s.HTTPSamplerBase: Parser for application/xml is org.apache.jmeter.protocol.http.parser.LagartoBasedHtmlParser
2017-07-25 23:50:37,344 INFO o.a.j.p.h.s.HTTPSamplerBase: Parser for text/xml is org.apache.jmeter.protocol.http.parser.LagartoBasedHtmlParser
2017-07-25 23:50:37,345 INFO o.a.j.p.h.s.HTTPSamplerBase: Parser for text/vnd.wap.wml is org.apache.jmeter.protocol.http.parser.RegexpHTMLParser
2017-07-25 23:50:37,345 INFO o.a.j.p.h.s.HTTPSamplerBase: Parser for text/css is org.apache.jmeter.protocol.http.parser.CssParser
2017-07-25 23:50:37,353 INFO o.a.j.JMeter: Creating summariser <summary>
2017-07-25 23:50:37,360 INFO o.a.j.e.StandardJMeterEngine: Running the test!
2017-07-25 23:50:37,361 INFO o.a.j.s.SampleEvent: List of sample_variables: [LABEL]
2017-07-25 23:50:37,361 INFO o.a.j.s.SampleEvent: List of sample_variables: [LABEL]
2017-07-25 23:50:37,363 INFO o.a.j.e.u.CompoundVariable: Note: Function class names must contain the string: '.functions.'
2017-07-25 23:50:37,364 INFO o.a.j.e.u.CompoundVariable: Note: Function class names must not contain the string: '.gui.'
2017-07-25 23:50:37,617 INFO o.a.j.JMeter: Running test (1501041037617)
2017-07-25 23:50:37,651 INFO o.a.j.e.StandardJMeterEngine: Starting ThreadGroup: 1 : The thread Group
2017-07-25 23:50:37,651 INFO o.a.j.e.StandardJMeterEngine: Starting 1 threads for group The thread Group.
2017-07-25 23:50:37,652 INFO o.a.j.e.StandardJMeterEngine: Thread will continue on error
2017-07-25 23:50:37,652 INFO o.a.j.t.ThreadGroup: Starting thread group... number=1 threads=1 ramp-up=1 perThread=1000.0 delayedStart=false
2017-07-25 23:50:37,655 INFO o.a.j.t.ThreadGroup: Started thread group number 1
2017-07-25 23:50:37,655 INFO o.a.j.e.StandardJMeterEngine: All thread groups have been started
2017-07-25 23:50:37,799 INFO o.a.j.t.JMeterThread: Thread started: The thread Group 1-1
2017-07-25 23:50:37,802 INFO o.a.j.s.FileServer: Stored: /Users/jeb228/Development/DataDistributionAPI/testing/tests_and_results/OrganizationResearchAreas/OrganizationUris.csv
2017-07-25 23:50:37,816 INFO o.a.j.p.h.s.HTTPHCAbstractImpl: Local host = lib-jeb228-maclap.local
2017-07-25 23:50:37,820 INFO o.a.j.p.h.s.HTTPHC4Impl: HTTP request retry count = 0
2017-07-25 23:50:37,827 INFO o.a.j.s.SampleResult: Note: Sample TimeStamps are START times
2017-07-25 23:50:37,827 INFO o.a.j.s.SampleResult: sampleresult.default.encoding is set to ISO-8859-1
2017-07-25 23:50:37,827 INFO o.a.j.s.SampleResult: sampleresult.useNanoTime=true
2017-07-25 23:50:37,827 INFO o.a.j.s.SampleResult: sampleresult.nanoThreadSleep=5000
2017-07-25 23:51:00,259 INFO o.a.j.r.Summariser: summary +     11 in 00:00:23 =    0.5/s Avg:  2036 Min:   474 Max:  3553 Err:     0 (0.00%) Active: 1 Started: 1 Finished: 0
2017-07-25 23:51:30,872 INFO o.a.j.r.Summariser: summary +     15 in 00:00:31 =    0.5/s Avg:  2040 Min:   463 Max:  3125 Err:     0 (0.00%) Active: 1 Started: 1 Finished: 0
2017-07-25 23:51:30,872 INFO o.a.j.r.Summariser: summary =     26 in 00:00:53 =    0.5/s Avg:  2038 Min:   463 Max:  3553 Err:     0 (0.00%)
2017-07-25 23:52:01,276 INFO o.a.j.r.Summariser: summary +     16 in 00:00:30 =    0.5/s Avg:  1899 Min:   455 Max:  3040 Err:     0 (0.00%) Active: 1 Started: 1 Finished: 0
2017-07-25 23:52:01,276 INFO o.a.j.r.Summariser: summary =     42 in 00:01:24 =    0.5/s Avg:  1985 Min:   455 Max:  3553 Err:     0 (0.00%)
2017-07-25 23:52:31,533 INFO o.a.j.r.Summariser: summary +     16 in 00:00:30 =    0.5/s Avg:  1890 Min:   458 Max:  2990 Err:     0 (0.00%) Active: 1 Started: 1 Finished: 0
2017-07-25 23:52:31,533 INFO o.a.j.r.Summariser: summary =     58 in 00:01:54 =    0.5/s Avg:  1959 Min:   455 Max:  3553 Err:     0 (0.00%)
2017-07-25 23:53:00,472 INFO o.a.j.r.Summariser: summary +     12 in 00:00:29 =    0.4/s Avg:  2411 Min:   477 Max:  4060 Err:     0 (0.00%) Active: 1 Started: 1 Finished: 0
2017-07-25 23:53:00,473 INFO o.a.j.r.Summariser: summary =     70 in 00:02:23 =    0.5/s Avg:  2037 Min:   455 Max:  4060 Err:     0 (0.00%)
2017-07-25 23:53:30,509 INFO o.a.j.r.Summariser: summary +     16 in 00:00:30 =    0.5/s Avg:  1876 Min:   455 Max:  2931 Err:     0 (0.00%) Active: 1 Started: 1 Finished: 0
2017-07-25 23:53:30,509 INFO o.a.j.r.Summariser: summary =     86 in 00:02:53 =    0.5/s Avg:  2007 Min:   455 Max:  4060 Err:     0 (0.00%)
2017-07-25 23:53:54,009 INFO o.a.j.t.JMeterThread: Thread is done: The thread Group 1-1
2017-07-25 23:53:54,009 INFO o.a.j.t.JMeterThread: Thread finished: The thread Group 1-1
2017-07-25 23:53:54,010 INFO o.a.j.e.StandardJMeterEngine: Notifying test listeners of end of test
2017-07-25 23:53:54,010 INFO o.a.j.s.FileServer: Close: /Users/jeb228/Development/DataDistributionAPI/testing/tests_and_results/OrganizationResearchAreas/OrganizationUris.csv
2017-07-25 23:53:54,010 INFO o.a.j.r.Summariser: summary +     14 in 00:00:24 =    0.6/s Avg:  1678 Min:   458 Max:  2838 Err:     0 (0.00%) Active: 0 Started: 1 Finished: 1
2017-07-25 23:53:54,011 INFO o.a.j.r.Summariser: summary =    100 in 00:03:16 =    0.5/s Avg:  1961 Min:   455 Max:  4060 Err:     0 (0.00%)
