2017-08-08 22:39:50,618 INFO o.a.j.u.JMeterUtils: Setting Locale to en_US
2017-08-08 22:39:50,627 INFO o.a.j.JMeter: Loading user properties from: /Users/jeb228/Software/forMac/JMeter/apache-jmeter-3.2/bin/user.properties
2017-08-08 22:39:50,628 INFO o.a.j.JMeter: Loading system properties from: /Users/jeb228/Software/forMac/JMeter/apache-jmeter-3.2/bin/system.properties
2017-08-08 22:39:50,628 INFO o.a.j.JMeter: Setting JMeter property: dir.base=/Users/jeb228/Development/DataDistributionAPI/testing/tests_and_results/DepartmentWordCloud/_results
2017-08-08 22:39:50,628 INFO o.a.j.JMeter: Setting JMeter property: dir.output=/Users/jeb228/Development/DataDistributionAPI/testing/tests_and_results/DepartmentWordCloud/_results/vivo_dwc_double_2
2017-08-08 22:39:50,628 INFO o.a.j.JMeter: Setting JMeter property: context.path=vivo
2017-08-08 22:39:50,628 INFO o.a.j.JMeter: Setting JMeter property: action.name=dwc_double
2017-08-08 22:39:50,628 INFO o.a.j.JMeter: Setting JMeter property: file.uris=/Users/jeb228/Development/DataDistributionAPI/testing/tests_and_results/DepartmentWordCloud/DepartmentUris.csv
2017-08-08 22:39:50,629 INFO o.a.j.JMeter: Setting JMeter property: sample_variables=LABEL
2017-08-08 22:39:50,634 INFO o.a.j.JMeter: Copyright (c) 1998-2017 The Apache Software Foundation
2017-08-08 22:39:50,634 INFO o.a.j.JMeter: Version 3.2 r1790748
2017-08-08 22:39:50,634 INFO o.a.j.JMeter: java.version=1.8.0_131
2017-08-08 22:39:50,634 INFO o.a.j.JMeter: java.vm.name=Java HotSpot(TM) 64-Bit Server VM
2017-08-08 22:39:50,634 INFO o.a.j.JMeter: os.name=Mac OS X
2017-08-08 22:39:50,634 INFO o.a.j.JMeter: os.arch=x86_64
2017-08-08 22:39:50,634 INFO o.a.j.JMeter: os.version=10.12.6
2017-08-08 22:39:50,634 INFO o.a.j.JMeter: file.encoding=UTF-8
2017-08-08 22:39:50,634 INFO o.a.j.JMeter: Max memory     =536870912
2017-08-08 22:39:50,634 INFO o.a.j.JMeter: Available Processors =4
2017-08-08 22:39:50,637 INFO o.a.j.JMeter: Default Locale=English (United States)
2017-08-08 22:39:50,638 INFO o.a.j.JMeter: JMeter  Locale=English (United States)
2017-08-08 22:39:50,638 INFO o.a.j.JMeter: JMeterHome=/Users/jeb228/Software/forMac/JMeter/apache-jmeter-3.2
2017-08-08 22:39:50,638 INFO o.a.j.JMeter: user.dir  =/Users/jeb228/Development/DataDistributionAPI/testing/tests_and_results/DepartmentWordCloud/_results
2017-08-08 22:39:50,638 INFO o.a.j.JMeter: PWD       =/Users/jeb228/Development/DataDistributionAPI/testing/tests_and_results/DepartmentWordCloud/_results
2017-08-08 22:39:50,644 INFO o.a.j.JMeter: IP: 10.0.1.38 Name: lib-jeb228-maclap.local FullName: 10.0.1.38
2017-08-08 22:39:50,647 INFO o.a.j.s.FileServer: Default base='/Users/jeb228/Development/DataDistributionAPI/testing/tests_and_results/DepartmentWordCloud/_results'
2017-08-08 22:39:50,647 INFO o.a.j.s.FileServer: Set new base='/Users/jeb228/Development/DataDistributionAPI/testing/tests_and_results/DepartmentWordCloud'
2017-08-08 22:39:50,735 INFO o.a.j.s.SaveService: Testplan (JMX) version: 2.2. Testlog (JTL) version: 2.2
2017-08-08 22:39:50,744 INFO o.a.j.s.SaveService: Using SaveService properties file encoding UTF-8
2017-08-08 22:39:50,755 INFO o.a.j.s.SaveService: Using SaveService properties version 3.2
2017-08-08 22:39:50,760 INFO o.a.j.s.SaveService: Loading file: /Users/jeb228/Development/DataDistributionAPI/testing/tests_and_results/DepartmentWordCloud/DepartmentWordClouds.jmx
2017-08-08 22:39:50,794 INFO o.a.j.p.h.s.HTTPSamplerBase: Parser for text/html is org.apache.jmeter.protocol.http.parser.LagartoBasedHtmlParser
2017-08-08 22:39:50,794 INFO o.a.j.p.h.s.HTTPSamplerBase: Parser for application/xhtml+xml is org.apache.jmeter.protocol.http.parser.LagartoBasedHtmlParser
2017-08-08 22:39:50,795 INFO o.a.j.p.h.s.HTTPSamplerBase: Parser for application/xml is org.apache.jmeter.protocol.http.parser.LagartoBasedHtmlParser
2017-08-08 22:39:50,795 INFO o.a.j.p.h.s.HTTPSamplerBase: Parser for text/xml is org.apache.jmeter.protocol.http.parser.LagartoBasedHtmlParser
2017-08-08 22:39:50,795 INFO o.a.j.p.h.s.HTTPSamplerBase: Parser for text/vnd.wap.wml is org.apache.jmeter.protocol.http.parser.RegexpHTMLParser
2017-08-08 22:39:50,795 INFO o.a.j.p.h.s.HTTPSamplerBase: Parser for text/css is org.apache.jmeter.protocol.http.parser.CssParser
2017-08-08 22:39:50,803 INFO o.a.j.JMeter: Creating summariser <summary>
2017-08-08 22:39:50,810 INFO o.a.j.e.StandardJMeterEngine: Running the test!
2017-08-08 22:39:50,811 INFO o.a.j.s.SampleEvent: List of sample_variables: [LABEL]
2017-08-08 22:39:50,811 INFO o.a.j.s.SampleEvent: List of sample_variables: [LABEL]
2017-08-08 22:39:50,814 INFO o.a.j.e.u.CompoundVariable: Note: Function class names must contain the string: '.functions.'
2017-08-08 22:39:50,814 INFO o.a.j.e.u.CompoundVariable: Note: Function class names must not contain the string: '.gui.'
2017-08-08 22:39:51,057 INFO o.a.j.JMeter: Running test (1502246391057)
2017-08-08 22:39:51,092 INFO o.a.j.e.StandardJMeterEngine: Starting ThreadGroup: 1 : The thread Group
2017-08-08 22:39:51,092 INFO o.a.j.e.StandardJMeterEngine: Starting 1 threads for group The thread Group.
2017-08-08 22:39:51,092 INFO o.a.j.e.StandardJMeterEngine: Thread will continue on error
2017-08-08 22:39:51,092 INFO o.a.j.t.ThreadGroup: Starting thread group... number=1 threads=1 ramp-up=1 perThread=1000.0 delayedStart=false
2017-08-08 22:39:51,097 INFO o.a.j.t.ThreadGroup: Started thread group number 1
2017-08-08 22:39:51,097 INFO o.a.j.e.StandardJMeterEngine: All thread groups have been started
2017-08-08 22:39:51,185 INFO o.a.j.t.JMeterThread: Thread started: The thread Group 1-1
2017-08-08 22:39:51,188 INFO o.a.j.s.FileServer: Stored: /Users/jeb228/Development/DataDistributionAPI/testing/tests_and_results/DepartmentWordCloud/DepartmentUris.csv
2017-08-08 22:39:51,199 INFO o.a.j.p.h.s.HTTPHCAbstractImpl: Local host = lib-jeb228-maclap.local
2017-08-08 22:39:51,202 INFO o.a.j.p.h.s.HTTPHC4Impl: HTTP request retry count = 0
2017-08-08 22:39:51,207 INFO o.a.j.s.SampleResult: Note: Sample TimeStamps are START times
2017-08-08 22:39:51,207 INFO o.a.j.s.SampleResult: sampleresult.default.encoding is set to ISO-8859-1
2017-08-08 22:39:51,207 INFO o.a.j.s.SampleResult: sampleresult.useNanoTime=true
2017-08-08 22:39:51,207 INFO o.a.j.s.SampleResult: sampleresult.nanoThreadSleep=5000
2017-08-08 22:40:31,190 INFO o.a.j.r.Summariser: summary +      6 in 00:00:40 =    0.1/s Avg:  6660 Min:  3181 Max: 16099 Err:     0 (0.00%) Active: 1 Started: 1 Finished: 0
2017-08-08 22:41:02,296 INFO o.a.j.r.Summariser: summary +      5 in 00:00:31 =    0.2/s Avg:  6220 Min:  3186 Max: 15389 Err:     0 (0.00%) Active: 1 Started: 1 Finished: 0
2017-08-08 22:41:02,296 INFO o.a.j.r.Summariser: summary =     11 in 00:01:11 =    0.2/s Avg:  6460 Min:  3181 Max: 16099 Err:     0 (0.00%)
2017-08-08 22:41:33,631 INFO o.a.j.r.Summariser: summary +      7 in 00:00:31 =    0.2/s Avg:  4475 Min:  3046 Max:  6712 Err:     0 (0.00%) Active: 1 Started: 1 Finished: 0
2017-08-08 22:41:33,631 INFO o.a.j.r.Summariser: summary =     18 in 00:01:43 =    0.2/s Avg:  5688 Min:  3046 Max: 16099 Err:     0 (0.00%)
2017-08-08 22:42:03,868 INFO o.a.j.r.Summariser: summary +      4 in 00:00:30 =    0.1/s Avg:  7558 Min:  3231 Max: 15454 Err:     0 (0.00%) Active: 1 Started: 1 Finished: 0
2017-08-08 22:42:03,868 INFO o.a.j.r.Summariser: summary =     22 in 00:02:13 =    0.2/s Avg:  6028 Min:  3046 Max: 16099 Err:     0 (0.00%)
2017-08-08 22:42:31,847 INFO o.a.j.r.Summariser: summary +      7 in 00:00:28 =    0.3/s Avg:  3996 Min:  3140 Max:  4962 Err:     0 (0.00%) Active: 1 Started: 1 Finished: 0
2017-08-08 22:42:31,847 INFO o.a.j.r.Summariser: summary =     29 in 00:02:41 =    0.2/s Avg:  5537 Min:  3046 Max: 16099 Err:     0 (0.00%)
2017-08-08 22:43:02,634 INFO o.a.j.r.Summariser: summary +      4 in 00:00:31 =    0.1/s Avg:  7696 Min:  4325 Max: 15358 Err:     0 (0.00%) Active: 1 Started: 1 Finished: 0
2017-08-08 22:43:02,634 INFO o.a.j.r.Summariser: summary =     33 in 00:03:12 =    0.2/s Avg:  5799 Min:  3046 Max: 16099 Err:     0 (0.00%)
2017-08-08 22:43:30,313 INFO o.a.j.r.Summariser: summary +      7 in 00:00:28 =    0.3/s Avg:  3953 Min:  2870 Max:  5007 Err:     0 (0.00%) Active: 1 Started: 1 Finished: 0
2017-08-08 22:43:30,313 INFO o.a.j.r.Summariser: summary =     40 in 00:03:39 =    0.2/s Avg:  5476 Min:  2870 Max: 16099 Err:     0 (0.00%)
2017-08-08 22:44:01,520 INFO o.a.j.r.Summariser: summary +      4 in 00:00:31 =    0.1/s Avg:  7801 Min:  4115 Max: 15340 Err:     0 (0.00%) Active: 1 Started: 1 Finished: 0
2017-08-08 22:44:01,521 INFO o.a.j.r.Summariser: summary =     44 in 00:04:10 =    0.2/s Avg:  5687 Min:  2870 Max: 16099 Err:     0 (0.00%)
2017-08-08 22:45:03,082 INFO o.a.j.r.Summariser: summary +     12 in 00:01:02 =    0.2/s Avg:  5129 Min:  3096 Max: 15021 Err:     0 (0.00%) Active: 1 Started: 1 Finished: 0
2017-08-08 22:45:03,082 INFO o.a.j.r.Summariser: summary =     56 in 00:05:12 =    0.2/s Avg:  5568 Min:  2870 Max: 16099 Err:     0 (0.00%)
2017-08-08 22:45:33,884 INFO o.a.j.r.Summariser: summary +      5 in 00:00:31 =    0.2/s Avg:  6159 Min:  3222 Max: 15230 Err:     0 (0.00%) Active: 1 Started: 1 Finished: 0
2017-08-08 22:45:33,884 INFO o.a.j.r.Summariser: summary =     61 in 00:05:43 =    0.2/s Avg:  5616 Min:  2870 Max: 16099 Err:     0 (0.00%)
2017-08-08 22:46:00,795 INFO o.a.j.r.Summariser: summary +      6 in 00:00:27 =    0.2/s Avg:  4484 Min:  2835 Max:  6679 Err:     0 (0.00%) Active: 1 Started: 1 Finished: 0
2017-08-08 22:46:00,795 INFO o.a.j.r.Summariser: summary =     67 in 00:06:10 =    0.2/s Avg:  5515 Min:  2835 Max: 16099 Err:     0 (0.00%)
2017-08-08 22:46:34,460 INFO o.a.j.r.Summariser: summary +      5 in 00:00:34 =    0.1/s Avg:  6732 Min:  2935 Max: 15064 Err:     0 (0.00%) Active: 1 Started: 1 Finished: 0
2017-08-08 22:46:34,460 INFO o.a.j.r.Summariser: summary =     72 in 00:06:43 =    0.2/s Avg:  5599 Min:  2835 Max: 16099 Err:     0 (0.00%)
2017-08-08 22:47:01,725 INFO o.a.j.r.Summariser: summary +      7 in 00:00:27 =    0.3/s Avg:  3894 Min:  2876 Max:  5007 Err:     0 (0.00%) Active: 1 Started: 1 Finished: 0
2017-08-08 22:47:01,725 INFO o.a.j.r.Summariser: summary =     79 in 00:07:11 =    0.2/s Avg:  5448 Min:  2835 Max: 16099 Err:     0 (0.00%)
2017-08-08 22:47:33,298 INFO o.a.j.r.Summariser: summary +      4 in 00:00:32 =    0.1/s Avg:  7892 Min:  4012 Max: 15208 Err:     0 (0.00%) Active: 1 Started: 1 Finished: 0
2017-08-08 22:47:33,298 INFO o.a.j.r.Summariser: summary =     83 in 00:07:42 =    0.2/s Avg:  5566 Min:  2835 Max: 16099 Err:     0 (0.00%)
2017-08-08 22:48:00,906 INFO o.a.j.r.Summariser: summary +      7 in 00:00:28 =    0.3/s Avg:  3943 Min:  2926 Max:  4981 Err:     0 (0.00%) Active: 1 Started: 1 Finished: 0
2017-08-08 22:48:00,906 INFO o.a.j.r.Summariser: summary =     90 in 00:08:10 =    0.2/s Avg:  5440 Min:  2835 Max: 16099 Err:     0 (0.00%)
2017-08-08 22:48:31,704 INFO o.a.j.r.Summariser: summary +      4 in 00:00:31 =    0.1/s Avg:  7699 Min:  3776 Max: 15238 Err:     0 (0.00%) Active: 1 Started: 1 Finished: 0
2017-08-08 22:48:31,704 INFO o.a.j.r.Summariser: summary =     94 in 00:08:41 =    0.2/s Avg:  5536 Min:  2835 Max: 16099 Err:     0 (0.00%)
2017-08-08 22:48:54,374 INFO o.a.j.t.JMeterThread: Thread is done: The thread Group 1-1
2017-08-08 22:48:54,375 INFO o.a.j.t.JMeterThread: Thread finished: The thread Group 1-1
2017-08-08 22:48:54,375 INFO o.a.j.e.StandardJMeterEngine: Notifying test listeners of end of test
2017-08-08 22:48:54,375 INFO o.a.j.s.FileServer: Close: /Users/jeb228/Development/DataDistributionAPI/testing/tests_and_results/DepartmentWordCloud/DepartmentUris.csv
2017-08-08 22:48:54,377 INFO o.a.j.r.Summariser: summary +      6 in 00:00:23 =    0.3/s Avg:  3777 Min:  3121 Max:  4564 Err:     0 (0.00%) Active: 0 Started: 1 Finished: 1
2017-08-08 22:48:54,377 INFO o.a.j.r.Summariser: summary =    100 in 00:09:03 =    0.2/s Avg:  5430 Min:  2835 Max: 16099 Err:     0 (0.00%)
