2017-07-24 20:01:24,523 INFO o.a.j.u.JMeterUtils: Setting Locale to en_US
2017-07-24 20:01:24,531 INFO o.a.j.JMeter: Loading user properties from: /Users/jeb228/Software/forMac/JMeter/apache-jmeter-3.2/bin/user.properties
2017-07-24 20:01:24,532 INFO o.a.j.JMeter: Loading system properties from: /Users/jeb228/Software/forMac/JMeter/apache-jmeter-3.2/bin/system.properties
2017-07-24 20:01:24,532 INFO o.a.j.JMeter: Setting JMeter property: dir.base=/Users/jeb228/Development/DataDistributionAPI/testing/tests_and_results/OrganizationResearchAreas/_results
2017-07-24 20:01:24,532 INFO o.a.j.JMeter: Setting JMeter property: dir.output=/Users/jeb228/Development/DataDistributionAPI/testing/tests_and_results/OrganizationResearchAreas/_results/vivo_ora_baseline_1
2017-07-24 20:01:24,532 INFO o.a.j.JMeter: Setting JMeter property: context.path=vivo
2017-07-24 20:01:24,532 INFO o.a.j.JMeter: Setting JMeter property: action.name=ora_baseline
2017-07-24 20:01:24,533 INFO o.a.j.JMeter: Setting JMeter property: file.uris=/Users/jeb228/Development/DataDistributionAPI/testing/tests_and_results/OrganizationResearchAreas/OrganizationUris.csv
2017-07-24 20:01:24,533 INFO o.a.j.JMeter: Setting JMeter property: sample_variables=LABEL
2017-07-24 20:01:24,537 INFO o.a.j.JMeter: Copyright (c) 1998-2017 The Apache Software Foundation
2017-07-24 20:01:24,537 INFO o.a.j.JMeter: Version 3.2 r1790748
2017-07-24 20:01:24,537 INFO o.a.j.JMeter: java.version=1.8.0_131
2017-07-24 20:01:24,537 INFO o.a.j.JMeter: java.vm.name=Java HotSpot(TM) 64-Bit Server VM
2017-07-24 20:01:24,537 INFO o.a.j.JMeter: os.name=Mac OS X
2017-07-24 20:01:24,537 INFO o.a.j.JMeter: os.arch=x86_64
2017-07-24 20:01:24,537 INFO o.a.j.JMeter: os.version=10.12.6
2017-07-24 20:01:24,537 INFO o.a.j.JMeter: file.encoding=UTF-8
2017-07-24 20:01:24,537 INFO o.a.j.JMeter: Max memory     =536870912
2017-07-24 20:01:24,537 INFO o.a.j.JMeter: Available Processors =4
2017-07-24 20:01:24,540 INFO o.a.j.JMeter: Default Locale=English (United States)
2017-07-24 20:01:24,540 INFO o.a.j.JMeter: JMeter  Locale=English (United States)
2017-07-24 20:01:24,540 INFO o.a.j.JMeter: JMeterHome=/Users/jeb228/Software/forMac/JMeter/apache-jmeter-3.2
2017-07-24 20:01:24,540 INFO o.a.j.JMeter: user.dir  =/Users/jeb228/Development/DataDistributionAPI/testing/tests_and_results/OrganizationResearchAreas/_results
2017-07-24 20:01:24,541 INFO o.a.j.JMeter: PWD       =/Users/jeb228/Development/DataDistributionAPI/testing/tests_and_results/OrganizationResearchAreas/_results
2017-07-24 20:01:24,561 INFO o.a.j.JMeter: IP: 10.0.1.36 Name: lib-jeb228-maclap.local FullName: 10.0.1.36
2017-07-24 20:01:24,564 INFO o.a.j.s.FileServer: Default base='/Users/jeb228/Development/DataDistributionAPI/testing/tests_and_results/OrganizationResearchAreas/_results'
2017-07-24 20:01:24,565 INFO o.a.j.s.FileServer: Set new base='/Users/jeb228/Development/DataDistributionAPI/testing/tests_and_results/OrganizationResearchAreas'
2017-07-24 20:01:24,648 INFO o.a.j.s.SaveService: Testplan (JMX) version: 2.2. Testlog (JTL) version: 2.2
2017-07-24 20:01:24,659 INFO o.a.j.s.SaveService: Using SaveService properties file encoding UTF-8
2017-07-24 20:01:24,672 INFO o.a.j.s.SaveService: Using SaveService properties version 3.2
2017-07-24 20:01:24,677 INFO o.a.j.s.SaveService: Loading file: /Users/jeb228/Development/DataDistributionAPI/testing/tests_and_results/OrganizationResearchAreas/OrganizationResearchAreas.jmx
2017-07-24 20:01:24,712 INFO o.a.j.p.h.s.HTTPSamplerBase: Parser for text/html is org.apache.jmeter.protocol.http.parser.LagartoBasedHtmlParser
2017-07-24 20:01:24,712 INFO o.a.j.p.h.s.HTTPSamplerBase: Parser for application/xhtml+xml is org.apache.jmeter.protocol.http.parser.LagartoBasedHtmlParser
2017-07-24 20:01:24,712 INFO o.a.j.p.h.s.HTTPSamplerBase: Parser for application/xml is org.apache.jmeter.protocol.http.parser.LagartoBasedHtmlParser
2017-07-24 20:01:24,712 INFO o.a.j.p.h.s.HTTPSamplerBase: Parser for text/xml is org.apache.jmeter.protocol.http.parser.LagartoBasedHtmlParser
2017-07-24 20:01:24,712 INFO o.a.j.p.h.s.HTTPSamplerBase: Parser for text/vnd.wap.wml is org.apache.jmeter.protocol.http.parser.RegexpHTMLParser
2017-07-24 20:01:24,712 INFO o.a.j.p.h.s.HTTPSamplerBase: Parser for text/css is org.apache.jmeter.protocol.http.parser.CssParser
2017-07-24 20:01:24,720 INFO o.a.j.JMeter: Creating summariser <summary>
2017-07-24 20:01:24,728 INFO o.a.j.e.StandardJMeterEngine: Running the test!
2017-07-24 20:01:24,728 INFO o.a.j.s.SampleEvent: List of sample_variables: [LABEL]
2017-07-24 20:01:24,728 INFO o.a.j.s.SampleEvent: List of sample_variables: [LABEL]
2017-07-24 20:01:24,731 INFO o.a.j.e.u.CompoundVariable: Note: Function class names must contain the string: '.functions.'
2017-07-24 20:01:24,731 INFO o.a.j.e.u.CompoundVariable: Note: Function class names must not contain the string: '.gui.'
2017-07-24 20:01:24,977 INFO o.a.j.JMeter: Running test (1500940884977)
2017-07-24 20:01:25,009 INFO o.a.j.e.StandardJMeterEngine: Starting ThreadGroup: 1 : The thread Group
2017-07-24 20:01:25,009 INFO o.a.j.e.StandardJMeterEngine: Starting 1 threads for group The thread Group.
2017-07-24 20:01:25,009 INFO o.a.j.e.StandardJMeterEngine: Thread will continue on error
2017-07-24 20:01:25,009 INFO o.a.j.t.ThreadGroup: Starting thread group... number=1 threads=1 ramp-up=1 perThread=1000.0 delayedStart=false
2017-07-24 20:01:25,012 INFO o.a.j.t.ThreadGroup: Started thread group number 1
2017-07-24 20:01:25,012 INFO o.a.j.e.StandardJMeterEngine: All thread groups have been started
2017-07-24 20:01:25,253 INFO o.a.j.t.JMeterThread: Thread started: The thread Group 1-1
2017-07-24 20:01:25,258 INFO o.a.j.s.FileServer: Stored: /Users/jeb228/Development/DataDistributionAPI/testing/tests_and_results/OrganizationResearchAreas/OrganizationUris.csv
2017-07-24 20:01:25,278 INFO o.a.j.p.h.s.HTTPHCAbstractImpl: Local host = lib-jeb228-maclap.local
2017-07-24 20:01:25,285 INFO o.a.j.p.h.s.HTTPHC4Impl: HTTP request retry count = 0
2017-07-24 20:01:25,293 INFO o.a.j.s.SampleResult: Note: Sample TimeStamps are START times
2017-07-24 20:01:25,293 INFO o.a.j.s.SampleResult: sampleresult.default.encoding is set to ISO-8859-1
2017-07-24 20:01:25,293 INFO o.a.j.s.SampleResult: sampleresult.useNanoTime=true
2017-07-24 20:01:25,293 INFO o.a.j.s.SampleResult: sampleresult.nanoThreadSleep=5000
2017-07-24 20:03:33,486 INFO o.a.j.r.Summariser: summary +      6 in 00:02:09 =    0.0/s Avg: 21361 Min: 21277 Max: 21472 Err:     0 (0.00%) Active: 1 Started: 1 Finished: 0
2017-07-24 20:06:01,625 INFO o.a.j.r.Summariser: summary +      7 in 00:02:28 =    0.0/s Avg: 21161 Min: 20582 Max: 21579 Err:     0 (0.00%) Active: 1 Started: 1 Finished: 0
2017-07-24 20:06:01,625 INFO o.a.j.r.Summariser: summary =     13 in 00:04:37 =    0.0/s Avg: 21253 Min: 20582 Max: 21579 Err:     0 (0.00%)
2017-07-24 20:07:04,934 INFO o.a.j.r.Summariser: summary +      3 in 00:01:03 =    0.0/s Avg: 21102 Min: 21012 Max: 21242 Err:     0 (0.00%) Active: 1 Started: 1 Finished: 0
2017-07-24 20:07:04,935 INFO o.a.j.r.Summariser: summary =     16 in 00:05:40 =    0.0/s Avg: 21225 Min: 20582 Max: 21579 Err:     0 (0.00%)
2017-07-24 20:09:33,132 INFO o.a.j.r.Summariser: summary +      7 in 00:02:28 =    0.0/s Avg: 21169 Min: 20597 Max: 21474 Err:     0 (0.00%) Active: 1 Started: 1 Finished: 0
2017-07-24 20:09:33,133 INFO o.a.j.r.Summariser: summary =     23 in 00:08:08 =    0.0/s Avg: 21208 Min: 20582 Max: 21579 Err:     0 (0.00%)
2017-07-24 20:12:00,680 INFO o.a.j.r.Summariser: summary +      7 in 00:02:28 =    0.0/s Avg: 21077 Min: 20701 Max: 21315 Err:     0 (0.00%) Active: 1 Started: 1 Finished: 0
2017-07-24 20:12:00,680 INFO o.a.j.r.Summariser: summary =     30 in 00:10:36 =    0.0/s Avg: 21177 Min: 20582 Max: 21579 Err:     0 (0.00%)
2017-07-24 20:13:04,209 INFO o.a.j.r.Summariser: summary +      3 in 00:01:04 =    0.0/s Avg: 21174 Min: 21014 Max: 21430 Err:     0 (0.00%) Active: 1 Started: 1 Finished: 0
2017-07-24 20:13:04,209 INFO o.a.j.r.Summariser: summary =     33 in 00:11:39 =    0.0/s Avg: 21177 Min: 20582 Max: 21579 Err:     0 (0.00%)
2017-07-24 20:15:31,371 INFO o.a.j.r.Summariser: summary +      7 in 00:02:27 =    0.0/s Avg: 21021 Min: 20653 Max: 21266 Err:     0 (0.00%) Active: 1 Started: 1 Finished: 0
2017-07-24 20:15:31,371 INFO o.a.j.r.Summariser: summary =     40 in 00:14:06 =    0.0/s Avg: 21150 Min: 20582 Max: 21579 Err:     0 (0.00%)
2017-07-24 20:16:34,914 INFO o.a.j.r.Summariser: summary +      3 in 00:01:04 =    0.0/s Avg: 21179 Min: 21058 Max: 21356 Err:     0 (0.00%) Active: 1 Started: 1 Finished: 0
2017-07-24 20:16:34,914 INFO o.a.j.r.Summariser: summary =     43 in 00:15:10 =    0.0/s Avg: 21152 Min: 20582 Max: 21579 Err:     0 (0.00%)
2017-07-24 20:19:01,957 INFO o.a.j.r.Summariser: summary +      7 in 00:02:27 =    0.0/s Avg: 21005 Min: 20701 Max: 21294 Err:     0 (0.00%) Active: 1 Started: 1 Finished: 0
2017-07-24 20:19:01,957 INFO o.a.j.r.Summariser: summary =     50 in 00:17:37 =    0.0/s Avg: 21131 Min: 20582 Max: 21579 Err:     0 (0.00%)
2017-07-24 20:20:05,334 INFO o.a.j.r.Summariser: summary +      3 in 00:01:03 =    0.0/s Avg: 21124 Min: 20969 Max: 21370 Err:     0 (0.00%) Active: 1 Started: 1 Finished: 0
2017-07-24 20:20:05,334 INFO o.a.j.r.Summariser: summary =     53 in 00:18:40 =    0.0/s Avg: 21131 Min: 20582 Max: 21579 Err:     0 (0.00%)
2017-07-24 20:22:32,605 INFO o.a.j.r.Summariser: summary +      7 in 00:02:27 =    0.0/s Avg: 21037 Min: 20641 Max: 21295 Err:     0 (0.00%) Active: 1 Started: 1 Finished: 0
2017-07-24 20:22:32,606 INFO o.a.j.r.Summariser: summary =     60 in 00:21:08 =    0.0/s Avg: 21120 Min: 20582 Max: 21579 Err:     0 (0.00%)
2017-07-24 20:23:35,955 INFO o.a.j.r.Summariser: summary +      3 in 00:01:03 =    0.0/s Avg: 21115 Min: 20970 Max: 21360 Err:     0 (0.00%) Active: 1 Started: 1 Finished: 0
2017-07-24 20:23:35,955 INFO o.a.j.r.Summariser: summary =     63 in 00:22:11 =    0.0/s Avg: 21120 Min: 20582 Max: 21579 Err:     0 (0.00%)
2017-07-24 20:25:00,765 INFO o.a.j.r.Summariser: summary +      4 in 00:01:25 =    0.0/s Avg: 21201 Min: 21006 Max: 21608 Err:     0 (0.00%) Active: 1 Started: 1 Finished: 0
2017-07-24 20:25:00,766 INFO o.a.j.r.Summariser: summary =     67 in 00:23:36 =    0.0/s Avg: 21124 Min: 20582 Max: 21608 Err:     0 (0.00%)
2017-07-24 20:26:03,725 INFO o.a.j.r.Summariser: summary +      3 in 00:01:03 =    0.0/s Avg: 20986 Min: 20709 Max: 21402 Err:     0 (0.00%) Active: 1 Started: 1 Finished: 0
2017-07-24 20:26:03,726 INFO o.a.j.r.Summariser: summary =     70 in 00:24:39 =    0.0/s Avg: 21118 Min: 20582 Max: 21608 Err:     0 (0.00%)
2017-07-24 20:28:31,481 INFO o.a.j.r.Summariser: summary +      7 in 00:02:28 =    0.0/s Avg: 21107 Min: 20997 Max: 21331 Err:     0 (0.00%) Active: 1 Started: 1 Finished: 0
2017-07-24 20:28:31,482 INFO o.a.j.r.Summariser: summary =     77 in 00:27:07 =    0.0/s Avg: 21117 Min: 20582 Max: 21608 Err:     0 (0.00%)
2017-07-24 20:29:34,177 INFO o.a.j.r.Summariser: summary +      3 in 00:01:03 =    0.0/s Avg: 20897 Min: 20718 Max: 21206 Err:     0 (0.00%) Active: 1 Started: 1 Finished: 0
2017-07-24 20:29:34,178 INFO o.a.j.r.Summariser: summary =     80 in 00:28:09 =    0.0/s Avg: 21109 Min: 20582 Max: 21608 Err:     0 (0.00%)
2017-07-24 20:32:02,096 INFO o.a.j.r.Summariser: summary +      7 in 00:02:28 =    0.0/s Avg: 21130 Min: 20955 Max: 21706 Err:     0 (0.00%) Active: 1 Started: 1 Finished: 0
2017-07-24 20:32:02,097 INFO o.a.j.r.Summariser: summary =     87 in 00:30:37 =    0.0/s Avg: 21111 Min: 20582 Max: 21706 Err:     0 (0.00%)
2017-07-24 20:33:04,815 INFO o.a.j.r.Summariser: summary +      3 in 00:01:03 =    0.0/s Avg: 20905 Min: 20548 Max: 21366 Err:     0 (0.00%) Active: 1 Started: 1 Finished: 0
2017-07-24 20:33:04,815 INFO o.a.j.r.Summariser: summary =     90 in 00:31:40 =    0.0/s Avg: 21104 Min: 20548 Max: 21706 Err:     0 (0.00%)
2017-07-24 20:35:32,429 INFO o.a.j.r.Summariser: summary +      7 in 00:02:28 =    0.0/s Avg: 21087 Min: 20982 Max: 21358 Err:     0 (0.00%) Active: 1 Started: 1 Finished: 0
2017-07-24 20:35:32,429 INFO o.a.j.r.Summariser: summary =     97 in 00:34:07 =    0.0/s Avg: 21103 Min: 20548 Max: 21706 Err:     0 (0.00%)
2017-07-24 20:36:35,498 INFO o.a.j.r.Summariser: summary +      3 in 00:01:03 =    0.0/s Avg: 21022 Min: 20664 Max: 21591 Err:     0 (0.00%) Active: 1 Started: 1 Finished: 0
2017-07-24 20:36:35,498 INFO o.a.j.r.Summariser: summary =    100 in 00:35:11 =    0.0/s Avg: 21100 Min: 20548 Max: 21706 Err:     0 (0.00%)
2017-07-24 20:36:35,498 INFO o.a.j.t.JMeterThread: Thread is done: The thread Group 1-1
2017-07-24 20:36:35,499 INFO o.a.j.t.JMeterThread: Thread finished: The thread Group 1-1
2017-07-24 20:36:35,499 INFO o.a.j.e.StandardJMeterEngine: Notifying test listeners of end of test
2017-07-24 20:36:35,499 INFO o.a.j.s.FileServer: Close: /Users/jeb228/Development/DataDistributionAPI/testing/tests_and_results/OrganizationResearchAreas/OrganizationUris.csv
2017-07-24 20:36:35,500 INFO o.a.j.r.Summariser: summary =    100 in 00:35:11 =    0.0/s Avg: 21100 Min: 20548 Max: 21706 Err:     0 (0.00%)
