2017-07-25 16:50:52,646 INFO o.a.j.u.JMeterUtils: Setting Locale to en_US
2017-07-25 16:50:52,655 INFO o.a.j.JMeter: Loading user properties from: /Users/jeb228/Software/forMac/JMeter/apache-jmeter-3.2/bin/user.properties
2017-07-25 16:50:52,656 INFO o.a.j.JMeter: Loading system properties from: /Users/jeb228/Software/forMac/JMeter/apache-jmeter-3.2/bin/system.properties
2017-07-25 16:50:52,656 INFO o.a.j.JMeter: Setting JMeter property: dir.base=/Users/jeb228/Development/DataDistributionAPI/testing/tests_and_results/DepartmentWordCloud/_results
2017-07-25 16:50:52,656 INFO o.a.j.JMeter: Setting JMeter property: dir.output=/Users/jeb228/Development/DataDistributionAPI/testing/tests_and_results/DepartmentWordCloud/_results/vivo_dwc_unions_2
2017-07-25 16:50:52,656 INFO o.a.j.JMeter: Setting JMeter property: context.path=vivo
2017-07-25 16:50:52,656 INFO o.a.j.JMeter: Setting JMeter property: action.name=dwc_unions
2017-07-25 16:50:52,656 INFO o.a.j.JMeter: Setting JMeter property: file.uris=/Users/jeb228/Development/DataDistributionAPI/testing/tests_and_results/DepartmentWordCloud/DepartmentUris.csv
2017-07-25 16:50:52,656 INFO o.a.j.JMeter: Setting JMeter property: sample_variables=LABEL
2017-07-25 16:50:52,660 INFO o.a.j.JMeter: Copyright (c) 1998-2017 The Apache Software Foundation
2017-07-25 16:50:52,660 INFO o.a.j.JMeter: Version 3.2 r1790748
2017-07-25 16:50:52,660 INFO o.a.j.JMeter: java.version=1.8.0_131
2017-07-25 16:50:52,660 INFO o.a.j.JMeter: java.vm.name=Java HotSpot(TM) 64-Bit Server VM
2017-07-25 16:50:52,660 INFO o.a.j.JMeter: os.name=Mac OS X
2017-07-25 16:50:52,660 INFO o.a.j.JMeter: os.arch=x86_64
2017-07-25 16:50:52,660 INFO o.a.j.JMeter: os.version=10.12.6
2017-07-25 16:50:52,660 INFO o.a.j.JMeter: file.encoding=UTF-8
2017-07-25 16:50:52,660 INFO o.a.j.JMeter: Max memory     =536870912
2017-07-25 16:50:52,660 INFO o.a.j.JMeter: Available Processors =4
2017-07-25 16:50:52,664 INFO o.a.j.JMeter: Default Locale=English (United States)
2017-07-25 16:50:52,665 INFO o.a.j.JMeter: JMeter  Locale=English (United States)
2017-07-25 16:50:52,665 INFO o.a.j.JMeter: JMeterHome=/Users/jeb228/Software/forMac/JMeter/apache-jmeter-3.2
2017-07-25 16:50:52,665 INFO o.a.j.JMeter: user.dir  =/Users/jeb228/Development/DataDistributionAPI/testing/tests_and_results/DepartmentWordCloud/_results
2017-07-25 16:50:52,665 INFO o.a.j.JMeter: PWD       =/Users/jeb228/Development/DataDistributionAPI/testing/tests_and_results/DepartmentWordCloud/_results
2017-07-25 16:50:52,671 INFO o.a.j.JMeter: IP: 10.0.1.36 Name: lib-jeb228-maclap.local FullName: 10.0.1.36
2017-07-25 16:50:52,673 INFO o.a.j.s.FileServer: Default base='/Users/jeb228/Development/DataDistributionAPI/testing/tests_and_results/DepartmentWordCloud/_results'
2017-07-25 16:50:52,674 INFO o.a.j.s.FileServer: Set new base='/Users/jeb228/Development/DataDistributionAPI/testing/tests_and_results/DepartmentWordCloud'
2017-07-25 16:50:52,757 INFO o.a.j.s.SaveService: Testplan (JMX) version: 2.2. Testlog (JTL) version: 2.2
2017-07-25 16:50:52,766 INFO o.a.j.s.SaveService: Using SaveService properties file encoding UTF-8
2017-07-25 16:50:52,776 INFO o.a.j.s.SaveService: Using SaveService properties version 3.2
2017-07-25 16:50:52,781 INFO o.a.j.s.SaveService: Loading file: /Users/jeb228/Development/DataDistributionAPI/testing/tests_and_results/DepartmentWordCloud/DepartmentWordClouds.jmx
2017-07-25 16:50:52,813 INFO o.a.j.p.h.s.HTTPSamplerBase: Parser for text/html is org.apache.jmeter.protocol.http.parser.LagartoBasedHtmlParser
2017-07-25 16:50:52,813 INFO o.a.j.p.h.s.HTTPSamplerBase: Parser for application/xhtml+xml is org.apache.jmeter.protocol.http.parser.LagartoBasedHtmlParser
2017-07-25 16:50:52,813 INFO o.a.j.p.h.s.HTTPSamplerBase: Parser for application/xml is org.apache.jmeter.protocol.http.parser.LagartoBasedHtmlParser
2017-07-25 16:50:52,813 INFO o.a.j.p.h.s.HTTPSamplerBase: Parser for text/xml is org.apache.jmeter.protocol.http.parser.LagartoBasedHtmlParser
2017-07-25 16:50:52,813 INFO o.a.j.p.h.s.HTTPSamplerBase: Parser for text/vnd.wap.wml is org.apache.jmeter.protocol.http.parser.RegexpHTMLParser
2017-07-25 16:50:52,813 INFO o.a.j.p.h.s.HTTPSamplerBase: Parser for text/css is org.apache.jmeter.protocol.http.parser.CssParser
2017-07-25 16:50:52,821 INFO o.a.j.JMeter: Creating summariser <summary>
2017-07-25 16:50:52,828 INFO o.a.j.e.StandardJMeterEngine: Running the test!
2017-07-25 16:50:52,828 INFO o.a.j.s.SampleEvent: List of sample_variables: [LABEL]
2017-07-25 16:50:52,828 INFO o.a.j.s.SampleEvent: List of sample_variables: [LABEL]
2017-07-25 16:50:52,831 INFO o.a.j.e.u.CompoundVariable: Note: Function class names must contain the string: '.functions.'
2017-07-25 16:50:52,831 INFO o.a.j.e.u.CompoundVariable: Note: Function class names must not contain the string: '.gui.'
2017-07-25 16:50:53,067 INFO o.a.j.JMeter: Running test (1501015853067)
2017-07-25 16:50:53,100 INFO o.a.j.e.StandardJMeterEngine: Starting ThreadGroup: 1 : The thread Group
2017-07-25 16:50:53,100 INFO o.a.j.e.StandardJMeterEngine: Starting 1 threads for group The thread Group.
2017-07-25 16:50:53,100 INFO o.a.j.e.StandardJMeterEngine: Thread will continue on error
2017-07-25 16:50:53,100 INFO o.a.j.t.ThreadGroup: Starting thread group... number=1 threads=1 ramp-up=1 perThread=1000.0 delayedStart=false
2017-07-25 16:50:53,104 INFO o.a.j.t.ThreadGroup: Started thread group number 1
2017-07-25 16:50:53,104 INFO o.a.j.e.StandardJMeterEngine: All thread groups have been started
2017-07-25 16:50:53,358 INFO o.a.j.t.JMeterThread: Thread started: The thread Group 1-1
2017-07-25 16:50:53,361 INFO o.a.j.s.FileServer: Stored: /Users/jeb228/Development/DataDistributionAPI/testing/tests_and_results/DepartmentWordCloud/DepartmentUris.csv
2017-07-25 16:50:53,380 INFO o.a.j.p.h.s.HTTPHCAbstractImpl: Local host = lib-jeb228-maclap.local
2017-07-25 16:50:53,385 INFO o.a.j.p.h.s.HTTPHC4Impl: HTTP request retry count = 0
2017-07-25 16:50:53,391 INFO o.a.j.s.SampleResult: Note: Sample TimeStamps are START times
2017-07-25 16:50:53,392 INFO o.a.j.s.SampleResult: sampleresult.default.encoding is set to ISO-8859-1
2017-07-25 16:50:53,392 INFO o.a.j.s.SampleResult: sampleresult.useNanoTime=true
2017-07-25 16:50:53,392 INFO o.a.j.s.SampleResult: sampleresult.nanoThreadSleep=5000
2017-07-25 16:57:34,619 INFO o.a.j.r.Summariser: summary +      8 in 00:06:42 =    0.0/s Avg: 50148 Min: 49146 Max: 53062 Err:     0 (0.00%) Active: 1 Started: 1 Finished: 0
2017-07-25 17:00:01,656 INFO o.a.j.r.Summariser: summary +      3 in 00:02:27 =    0.0/s Avg: 49010 Min: 48466 Max: 50074 Err:     0 (0.00%) Active: 1 Started: 1 Finished: 0
2017-07-25 17:00:01,656 INFO o.a.j.r.Summariser: summary =     11 in 00:09:09 =    0.0/s Avg: 49838 Min: 48466 Max: 53062 Err:     0 (0.00%)
2017-07-25 17:06:33,811 INFO o.a.j.r.Summariser: summary +      8 in 00:06:32 =    0.0/s Avg: 49017 Min: 48487 Max: 49429 Err:     0 (0.00%) Active: 1 Started: 1 Finished: 0
2017-07-25 17:06:33,811 INFO o.a.j.r.Summariser: summary =     19 in 00:15:41 =    0.0/s Avg: 49492 Min: 48466 Max: 53062 Err:     0 (0.00%)
2017-07-25 17:09:01,732 INFO o.a.j.r.Summariser: summary +      3 in 00:02:28 =    0.0/s Avg: 49305 Min: 48482 Max: 50158 Err:     0 (0.00%) Active: 1 Started: 1 Finished: 0
2017-07-25 17:09:01,733 INFO o.a.j.r.Summariser: summary =     22 in 00:18:09 =    0.0/s Avg: 49467 Min: 48466 Max: 53062 Err:     0 (0.00%)
2017-07-25 17:15:33,723 INFO o.a.j.r.Summariser: summary +      8 in 00:06:32 =    0.0/s Avg: 48997 Min: 48388 Max: 49383 Err:     0 (0.00%) Active: 1 Started: 1 Finished: 0
2017-07-25 17:15:33,724 INFO o.a.j.r.Summariser: summary =     30 in 00:24:41 =    0.0/s Avg: 49341 Min: 48388 Max: 53062 Err:     0 (0.00%)
2017-07-25 17:18:02,631 INFO o.a.j.r.Summariser: summary +      3 in 00:02:29 =    0.0/s Avg: 49634 Min: 49214 Max: 50095 Err:     0 (0.00%) Active: 1 Started: 1 Finished: 0
2017-07-25 17:18:02,631 INFO o.a.j.r.Summariser: summary =     33 in 00:27:10 =    0.0/s Avg: 49368 Min: 48388 Max: 53062 Err:     0 (0.00%)
2017-07-25 17:20:30,601 INFO o.a.j.r.Summariser: summary +      3 in 00:02:28 =    0.0/s Avg: 49322 Min: 49193 Max: 49387 Err:     0 (0.00%) Active: 1 Started: 1 Finished: 0
2017-07-25 17:20:30,601 INFO o.a.j.r.Summariser: summary =     36 in 00:29:38 =    0.0/s Avg: 49364 Min: 48388 Max: 53062 Err:     0 (0.00%)
2017-07-25 17:24:35,520 INFO o.a.j.r.Summariser: summary +      5 in 00:04:05 =    0.0/s Avg: 48982 Min: 48474 Max: 50180 Err:     0 (0.00%) Active: 1 Started: 1 Finished: 0
2017-07-25 17:24:35,520 INFO o.a.j.r.Summariser: summary =     41 in 00:33:42 =    0.0/s Avg: 49318 Min: 48388 Max: 53062 Err:     0 (0.00%)
2017-07-25 17:27:02,901 INFO o.a.j.r.Summariser: summary +      3 in 00:02:27 =    0.0/s Avg: 49125 Min: 49027 Max: 49275 Err:     0 (0.00%) Active: 1 Started: 1 Finished: 0
2017-07-25 17:27:02,902 INFO o.a.j.r.Summariser: summary =     44 in 00:36:10 =    0.0/s Avg: 49304 Min: 48388 Max: 53062 Err:     0 (0.00%)
2017-07-25 17:29:30,304 INFO o.a.j.r.Summariser: summary +      3 in 00:02:27 =    0.0/s Avg: 49132 Min: 48945 Max: 49379 Err:     0 (0.00%) Active: 1 Started: 1 Finished: 0
2017-07-25 17:29:30,304 INFO o.a.j.r.Summariser: summary =     47 in 00:38:37 =    0.0/s Avg: 49293 Min: 48388 Max: 53062 Err:     0 (0.00%)
2017-07-25 17:33:35,278 INFO o.a.j.r.Summariser: summary +      5 in 00:04:05 =    0.0/s Avg: 48994 Min: 48376 Max: 50121 Err:     0 (0.00%) Active: 1 Started: 1 Finished: 0
2017-07-25 17:33:35,278 INFO o.a.j.r.Summariser: summary =     52 in 00:42:42 =    0.0/s Avg: 49265 Min: 48376 Max: 53062 Err:     0 (0.00%)
2017-07-25 17:36:03,045 INFO o.a.j.r.Summariser: summary +      3 in 00:02:28 =    0.0/s Avg: 49254 Min: 48938 Max: 49510 Err:     0 (0.00%) Active: 1 Started: 1 Finished: 0
2017-07-25 17:36:03,045 INFO o.a.j.r.Summariser: summary =     55 in 00:45:10 =    0.0/s Avg: 49264 Min: 48376 Max: 53062 Err:     0 (0.00%)
2017-07-25 17:38:30,212 INFO o.a.j.r.Summariser: summary +      3 in 00:02:27 =    0.0/s Avg: 49054 Min: 48786 Max: 49273 Err:     0 (0.00%) Active: 1 Started: 1 Finished: 0
2017-07-25 17:38:30,212 INFO o.a.j.r.Summariser: summary =     58 in 00:47:37 =    0.0/s Avg: 49253 Min: 48376 Max: 53062 Err:     0 (0.00%)
2017-07-25 17:42:35,714 INFO o.a.j.r.Summariser: summary +      5 in 00:04:06 =    0.0/s Avg: 49099 Min: 48459 Max: 50107 Err:     0 (0.00%) Active: 1 Started: 1 Finished: 0
2017-07-25 17:42:35,714 INFO o.a.j.r.Summariser: summary =     63 in 00:51:43 =    0.0/s Avg: 49241 Min: 48376 Max: 53062 Err:     0 (0.00%)
2017-07-25 17:45:03,217 INFO o.a.j.r.Summariser: summary +      3 in 00:02:28 =    0.0/s Avg: 49166 Min: 48992 Max: 49404 Err:     0 (0.00%) Active: 1 Started: 1 Finished: 0
2017-07-25 17:45:03,217 INFO o.a.j.r.Summariser: summary =     66 in 00:54:10 =    0.0/s Avg: 49238 Min: 48376 Max: 53062 Err:     0 (0.00%)
2017-07-25 17:47:30,092 INFO o.a.j.r.Summariser: summary +      3 in 00:02:27 =    0.0/s Avg: 48957 Min: 48768 Max: 49197 Err:     0 (0.00%) Active: 1 Started: 1 Finished: 0
2017-07-25 17:47:30,092 INFO o.a.j.r.Summariser: summary =     69 in 00:56:37 =    0.0/s Avg: 49225 Min: 48376 Max: 53062 Err:     0 (0.00%)
2017-07-25 17:54:03,171 INFO o.a.j.r.Summariser: summary +      8 in 00:06:33 =    0.0/s Avg: 49134 Min: 48458 Max: 49970 Err:     0 (0.00%) Active: 1 Started: 1 Finished: 0
2017-07-25 17:54:03,171 INFO o.a.j.r.Summariser: summary =     77 in 01:03:10 =    0.0/s Avg: 49216 Min: 48376 Max: 53062 Err:     0 (0.00%)
2017-07-25 18:00:35,936 INFO o.a.j.r.Summariser: summary +      8 in 00:06:33 =    0.0/s Avg: 49094 Min: 48383 Max: 50005 Err:     0 (0.00%) Active: 1 Started: 1 Finished: 0
2017-07-25 18:00:35,936 INFO o.a.j.r.Summariser: summary =     85 in 01:09:43 =    0.0/s Avg: 49204 Min: 48376 Max: 53062 Err:     0 (0.00%)
2017-07-25 18:03:02,538 INFO o.a.j.r.Summariser: summary +      3 in 00:02:27 =    0.0/s Avg: 48867 Min: 48657 Max: 49007 Err:     0 (0.00%) Active: 1 Started: 1 Finished: 0
2017-07-25 18:03:02,539 INFO o.a.j.r.Summariser: summary =     88 in 01:12:09 =    0.0/s Avg: 49193 Min: 48376 Max: 53062 Err:     0 (0.00%)
2017-07-25 18:09:35,453 INFO o.a.j.r.Summariser: summary +      8 in 00:06:33 =    0.0/s Avg: 49113 Min: 48329 Max: 50078 Err:     0 (0.00%) Active: 1 Started: 1 Finished: 0
2017-07-25 18:09:35,453 INFO o.a.j.r.Summariser: summary =     96 in 01:18:42 =    0.0/s Avg: 49186 Min: 48329 Max: 53062 Err:     0 (0.00%)
2017-07-25 18:12:01,485 INFO o.a.j.r.Summariser: summary +      3 in 00:02:26 =    0.0/s Avg: 48676 Min: 48380 Max: 48845 Err:     0 (0.00%) Active: 1 Started: 1 Finished: 0
2017-07-25 18:12:01,485 INFO o.a.j.r.Summariser: summary =     99 in 01:21:08 =    0.0/s Avg: 49171 Min: 48329 Max: 53062 Err:     0 (0.00%)
2017-07-25 18:12:54,019 INFO o.a.j.t.JMeterThread: Thread is done: The thread Group 1-1
2017-07-25 18:12:54,019 INFO o.a.j.t.JMeterThread: Thread finished: The thread Group 1-1
2017-07-25 18:12:54,019 INFO o.a.j.e.StandardJMeterEngine: Notifying test listeners of end of test
2017-07-25 18:12:54,019 INFO o.a.j.s.FileServer: Close: /Users/jeb228/Development/DataDistributionAPI/testing/tests_and_results/DepartmentWordCloud/DepartmentUris.csv
2017-07-25 18:12:54,020 INFO o.a.j.r.Summariser: summary +      1 in 00:00:53 =    0.0/s Avg: 52532 Min: 52532 Max: 52532 Err:     0 (0.00%) Active: 0 Started: 1 Finished: 1
2017-07-25 18:12:54,020 INFO o.a.j.r.Summariser: summary =    100 in 01:22:01 =    0.0/s Avg: 49204 Min: 48329 Max: 53062 Err:     0 (0.00%)
