2017-08-08 19:30:31,731 INFO o.a.j.u.JMeterUtils: Setting Locale to en_US
2017-08-08 19:30:31,743 INFO o.a.j.JMeter: Loading user properties from: /Users/jeb228/Software/forMac/JMeter/apache-jmeter-3.2/bin/user.properties
2017-08-08 19:30:31,749 INFO o.a.j.JMeter: Loading system properties from: /Users/jeb228/Software/forMac/JMeter/apache-jmeter-3.2/bin/system.properties
2017-08-08 19:30:31,750 INFO o.a.j.JMeter: Setting JMeter property: dir.base=/Users/jeb228/Development/DataDistributionAPI/testing/tests_and_results/DepartmentWordCloud/_results
2017-08-08 19:30:31,750 INFO o.a.j.JMeter: Setting JMeter property: dir.output=/Users/jeb228/Development/DataDistributionAPI/testing/tests_and_results/DepartmentWordCloud/_results/vivo_dwc_optionals_2
2017-08-08 19:30:31,750 INFO o.a.j.JMeter: Setting JMeter property: context.path=vivo
2017-08-08 19:30:31,750 INFO o.a.j.JMeter: Setting JMeter property: action.name=dwc_optionals
2017-08-08 19:30:31,750 INFO o.a.j.JMeter: Setting JMeter property: file.uris=/Users/jeb228/Development/DataDistributionAPI/testing/tests_and_results/DepartmentWordCloud/DepartmentUris.csv
2017-08-08 19:30:31,750 INFO o.a.j.JMeter: Setting JMeter property: sample_variables=LABEL
2017-08-08 19:30:31,756 INFO o.a.j.JMeter: Copyright (c) 1998-2017 The Apache Software Foundation
2017-08-08 19:30:31,756 INFO o.a.j.JMeter: Version 3.2 r1790748
2017-08-08 19:30:31,756 INFO o.a.j.JMeter: java.version=1.8.0_131
2017-08-08 19:30:31,756 INFO o.a.j.JMeter: java.vm.name=Java HotSpot(TM) 64-Bit Server VM
2017-08-08 19:30:31,756 INFO o.a.j.JMeter: os.name=Mac OS X
2017-08-08 19:30:31,756 INFO o.a.j.JMeter: os.arch=x86_64
2017-08-08 19:30:31,756 INFO o.a.j.JMeter: os.version=10.12.6
2017-08-08 19:30:31,756 INFO o.a.j.JMeter: file.encoding=UTF-8
2017-08-08 19:30:31,756 INFO o.a.j.JMeter: Max memory     =536870912
2017-08-08 19:30:31,757 INFO o.a.j.JMeter: Available Processors =4
2017-08-08 19:30:31,763 INFO o.a.j.JMeter: Default Locale=English (United States)
2017-08-08 19:30:31,763 INFO o.a.j.JMeter: JMeter  Locale=English (United States)
2017-08-08 19:30:31,763 INFO o.a.j.JMeter: JMeterHome=/Users/jeb228/Software/forMac/JMeter/apache-jmeter-3.2
2017-08-08 19:30:31,763 INFO o.a.j.JMeter: user.dir  =/Users/jeb228/Development/DataDistributionAPI/testing/tests_and_results/DepartmentWordCloud/_results
2017-08-08 19:30:31,763 INFO o.a.j.JMeter: PWD       =/Users/jeb228/Development/DataDistributionAPI/testing/tests_and_results/DepartmentWordCloud/_results
2017-08-08 19:30:31,768 INFO o.a.j.JMeter: IP: 10.0.1.38 Name: lib-jeb228-maclap.local FullName: 10.0.1.38
2017-08-08 19:30:31,770 INFO o.a.j.s.FileServer: Default base='/Users/jeb228/Development/DataDistributionAPI/testing/tests_and_results/DepartmentWordCloud/_results'
2017-08-08 19:30:31,770 INFO o.a.j.s.FileServer: Set new base='/Users/jeb228/Development/DataDistributionAPI/testing/tests_and_results/DepartmentWordCloud'
2017-08-08 19:30:31,883 INFO o.a.j.s.SaveService: Testplan (JMX) version: 2.2. Testlog (JTL) version: 2.2
2017-08-08 19:30:31,894 INFO o.a.j.s.SaveService: Using SaveService properties file encoding UTF-8
2017-08-08 19:30:31,905 INFO o.a.j.s.SaveService: Using SaveService properties version 3.2
2017-08-08 19:30:31,910 INFO o.a.j.s.SaveService: Loading file: /Users/jeb228/Development/DataDistributionAPI/testing/tests_and_results/DepartmentWordCloud/DepartmentWordClouds.jmx
2017-08-08 19:30:31,959 INFO o.a.j.p.h.s.HTTPSamplerBase: Parser for text/html is org.apache.jmeter.protocol.http.parser.LagartoBasedHtmlParser
2017-08-08 19:30:31,959 INFO o.a.j.p.h.s.HTTPSamplerBase: Parser for application/xhtml+xml is org.apache.jmeter.protocol.http.parser.LagartoBasedHtmlParser
2017-08-08 19:30:31,959 INFO o.a.j.p.h.s.HTTPSamplerBase: Parser for application/xml is org.apache.jmeter.protocol.http.parser.LagartoBasedHtmlParser
2017-08-08 19:30:31,959 INFO o.a.j.p.h.s.HTTPSamplerBase: Parser for text/xml is org.apache.jmeter.protocol.http.parser.LagartoBasedHtmlParser
2017-08-08 19:30:31,959 INFO o.a.j.p.h.s.HTTPSamplerBase: Parser for text/vnd.wap.wml is org.apache.jmeter.protocol.http.parser.RegexpHTMLParser
2017-08-08 19:30:31,959 INFO o.a.j.p.h.s.HTTPSamplerBase: Parser for text/css is org.apache.jmeter.protocol.http.parser.CssParser
2017-08-08 19:30:31,972 INFO o.a.j.JMeter: Creating summariser <summary>
2017-08-08 19:30:31,981 INFO o.a.j.e.StandardJMeterEngine: Running the test!
2017-08-08 19:30:31,982 INFO o.a.j.s.SampleEvent: List of sample_variables: [LABEL]
2017-08-08 19:30:31,982 INFO o.a.j.s.SampleEvent: List of sample_variables: [LABEL]
2017-08-08 19:30:31,986 INFO o.a.j.e.u.CompoundVariable: Note: Function class names must contain the string: '.functions.'
2017-08-08 19:30:31,986 INFO o.a.j.e.u.CompoundVariable: Note: Function class names must not contain the string: '.gui.'
2017-08-08 19:30:32,294 INFO o.a.j.JMeter: Running test (1502235032294)
2017-08-08 19:30:32,323 INFO o.a.j.e.StandardJMeterEngine: Starting ThreadGroup: 1 : The thread Group
2017-08-08 19:30:32,324 INFO o.a.j.e.StandardJMeterEngine: Starting 1 threads for group The thread Group.
2017-08-08 19:30:32,324 INFO o.a.j.e.StandardJMeterEngine: Thread will continue on error
2017-08-08 19:30:32,324 INFO o.a.j.t.ThreadGroup: Starting thread group... number=1 threads=1 ramp-up=1 perThread=1000.0 delayedStart=false
2017-08-08 19:30:32,327 INFO o.a.j.t.ThreadGroup: Started thread group number 1
2017-08-08 19:30:32,327 INFO o.a.j.e.StandardJMeterEngine: All thread groups have been started
2017-08-08 19:30:32,547 INFO o.a.j.t.JMeterThread: Thread started: The thread Group 1-1
2017-08-08 19:30:32,550 INFO o.a.j.s.FileServer: Stored: /Users/jeb228/Development/DataDistributionAPI/testing/tests_and_results/DepartmentWordCloud/DepartmentUris.csv
2017-08-08 19:30:32,574 INFO o.a.j.p.h.s.HTTPHCAbstractImpl: Local host = lib-jeb228-maclap.local
2017-08-08 19:30:32,583 INFO o.a.j.p.h.s.HTTPHC4Impl: HTTP request retry count = 0
2017-08-08 19:30:32,592 INFO o.a.j.s.SampleResult: Note: Sample TimeStamps are START times
2017-08-08 19:30:32,593 INFO o.a.j.s.SampleResult: sampleresult.default.encoding is set to ISO-8859-1
2017-08-08 19:30:32,593 INFO o.a.j.s.SampleResult: sampleresult.useNanoTime=true
2017-08-08 19:30:32,593 INFO o.a.j.s.SampleResult: sampleresult.nanoThreadSleep=5000
2017-08-08 19:31:31,292 INFO o.a.j.r.Summariser: summary +      3 in 00:00:59 =    0.1/s Avg: 19553 Min: 15426 Max: 26278 Err:     0 (0.00%) Active: 1 Started: 1 Finished: 0
2017-08-08 19:32:32,301 INFO o.a.j.r.Summariser: summary +      7 in 00:01:01 =    0.1/s Avg:  8714 Min:  3904 Max: 12898 Err:     0 (0.00%) Active: 1 Started: 1 Finished: 0
2017-08-08 19:32:32,301 INFO o.a.j.r.Summariser: summary =     10 in 00:02:00 =    0.1/s Avg: 11966 Min:  3904 Max: 26278 Err:     0 (0.00%)
2017-08-08 19:34:02,584 INFO o.a.j.r.Summariser: summary +      6 in 00:01:30 =    0.1/s Avg: 15046 Min: 10669 Max: 23423 Err:     0 (0.00%) Active: 1 Started: 1 Finished: 0
2017-08-08 19:34:02,585 INFO o.a.j.r.Summariser: summary =     16 in 00:03:30 =    0.1/s Avg: 13121 Min:  3904 Max: 26278 Err:     0 (0.00%)
2017-08-08 19:35:33,161 INFO o.a.j.r.Summariser: summary +      8 in 00:01:31 =    0.1/s Avg: 11321 Min:  3233 Max: 23676 Err:     0 (0.00%) Active: 1 Started: 1 Finished: 0
2017-08-08 19:35:33,161 INFO o.a.j.r.Summariser: summary =     24 in 00:05:01 =    0.1/s Avg: 12521 Min:  3233 Max: 26278 Err:     0 (0.00%)
2017-08-08 19:40:33,583 INFO o.a.j.r.Summariser: summary +     23 in 00:05:00 =    0.1/s Avg: 13061 Min:  3286 Max: 26747 Err:     0 (0.00%) Active: 1 Started: 1 Finished: 0
2017-08-08 19:40:33,583 INFO o.a.j.r.Summariser: summary =     47 in 00:10:01 =    0.1/s Avg: 12785 Min:  3233 Max: 26747 Err:     0 (0.00%)
2017-08-08 19:41:34,944 INFO o.a.j.r.Summariser: summary +      5 in 00:01:01 =    0.1/s Avg: 12271 Min:  3509 Max: 25396 Err:     0 (0.00%) Active: 1 Started: 1 Finished: 0
2017-08-08 19:41:34,944 INFO o.a.j.r.Summariser: summary =     52 in 00:11:03 =    0.1/s Avg: 12736 Min:  3233 Max: 26747 Err:     0 (0.00%)
2017-08-08 19:42:04,355 INFO o.a.j.r.Summariser: summary +      2 in 00:00:29 =    0.1/s Avg: 14704 Min: 10877 Max: 18531 Err:     0 (0.00%) Active: 1 Started: 1 Finished: 0
2017-08-08 19:42:04,355 INFO o.a.j.r.Summariser: summary =     54 in 00:11:32 =    0.1/s Avg: 12808 Min:  3233 Max: 26747 Err:     0 (0.00%)
2017-08-08 19:42:30,887 INFO o.a.j.r.Summariser: summary +      2 in 00:00:27 =    0.1/s Avg: 13264 Min: 11869 Max: 14660 Err:     0 (0.00%) Active: 1 Started: 1 Finished: 0
2017-08-08 19:42:30,887 INFO o.a.j.r.Summariser: summary =     56 in 00:11:59 =    0.1/s Avg: 12825 Min:  3233 Max: 26747 Err:     0 (0.00%)
2017-08-08 19:43:00,797 INFO o.a.j.r.Summariser: summary +      4 in 00:00:30 =    0.1/s Avg:  7476 Min:  4547 Max:  9418 Err:     0 (0.00%) Active: 1 Started: 1 Finished: 0
2017-08-08 19:43:00,797 INFO o.a.j.r.Summariser: summary =     60 in 00:12:29 =    0.1/s Avg: 12468 Min:  3233 Max: 26747 Err:     0 (0.00%)
2017-08-08 19:44:34,526 INFO o.a.j.r.Summariser: summary +      5 in 00:01:34 =    0.1/s Avg: 18744 Min: 12665 Max: 27182 Err:     0 (0.00%) Active: 1 Started: 1 Finished: 0
2017-08-08 19:44:34,526 INFO o.a.j.r.Summariser: summary =     65 in 00:14:02 =    0.1/s Avg: 12951 Min:  3233 Max: 27182 Err:     0 (0.00%)
2017-08-08 19:45:33,908 INFO o.a.j.r.Summariser: summary +      6 in 00:00:59 =    0.1/s Avg:  9896 Min:  3210 Max: 23932 Err:     0 (0.00%) Active: 1 Started: 1 Finished: 0
2017-08-08 19:45:33,908 INFO o.a.j.r.Summariser: summary =     71 in 00:15:02 =    0.1/s Avg: 12693 Min:  3210 Max: 27182 Err:     0 (0.00%)
2017-08-08 19:46:32,619 INFO o.a.j.r.Summariser: summary +      4 in 00:00:59 =    0.1/s Avg: 14676 Min: 11812 Max: 19009 Err:     0 (0.00%) Active: 1 Started: 1 Finished: 0
2017-08-08 19:46:32,620 INFO o.a.j.r.Summariser: summary =     75 in 00:16:00 =    0.1/s Avg: 12798 Min:  3210 Max: 27182 Err:     0 (0.00%)
2017-08-08 19:47:02,559 INFO o.a.j.r.Summariser: summary +      4 in 00:00:30 =    0.1/s Avg:  7484 Min:  5409 Max: 10484 Err:     0 (0.00%) Active: 1 Started: 1 Finished: 0
2017-08-08 19:47:02,559 INFO o.a.j.r.Summariser: summary =     79 in 00:16:30 =    0.1/s Avg: 12529 Min:  3210 Max: 27182 Err:     0 (0.00%)
2017-08-08 19:49:02,730 INFO o.a.j.r.Summariser: summary +     10 in 00:02:00 =    0.1/s Avg: 12016 Min:  3433 Max: 23957 Err:     0 (0.00%) Active: 1 Started: 1 Finished: 0
2017-08-08 19:49:02,730 INFO o.a.j.r.Summariser: summary =     89 in 00:18:30 =    0.1/s Avg: 12472 Min:  3210 Max: 27182 Err:     0 (0.00%)
2017-08-08 19:50:03,462 INFO o.a.j.r.Summariser: summary +      4 in 00:01:01 =    0.1/s Avg: 15181 Min:  3196 Max: 22932 Err:     0 (0.00%) Active: 1 Started: 1 Finished: 0
2017-08-08 19:50:03,462 INFO o.a.j.r.Summariser: summary =     93 in 00:19:31 =    0.1/s Avg: 12588 Min:  3196 Max: 27182 Err:     0 (0.00%)
2017-08-08 19:50:59,431 INFO o.a.j.t.JMeterThread: Thread is done: The thread Group 1-1
2017-08-08 19:50:59,431 INFO o.a.j.t.JMeterThread: Thread finished: The thread Group 1-1
2017-08-08 19:50:59,431 INFO o.a.j.e.StandardJMeterEngine: Notifying test listeners of end of test
2017-08-08 19:50:59,431 INFO o.a.j.s.FileServer: Close: /Users/jeb228/Development/DataDistributionAPI/testing/tests_and_results/DepartmentWordCloud/DepartmentUris.csv
2017-08-08 19:50:59,433 INFO o.a.j.r.Summariser: summary +      7 in 00:00:56 =    0.1/s Avg:  7994 Min:  3824 Max: 11715 Err:     0 (0.00%) Active: 0 Started: 1 Finished: 1
2017-08-08 19:50:59,433 INFO o.a.j.r.Summariser: summary =    100 in 00:20:27 =    0.1/s Avg: 12267 Min:  3196 Max: 27182 Err:     0 (0.00%)
