2017-07-26 18:13:01,575 INFO o.a.j.u.JMeterUtils: Setting Locale to en_US
2017-07-26 18:13:01,584 INFO o.a.j.JMeter: Loading user properties from: /Users/jeb228/Software/forMac/JMeter/apache-jmeter-3.2/bin/user.properties
2017-07-26 18:13:01,584 INFO o.a.j.JMeter: Loading system properties from: /Users/jeb228/Software/forMac/JMeter/apache-jmeter-3.2/bin/system.properties
2017-07-26 18:13:01,585 INFO o.a.j.JMeter: Setting JMeter property: dir.base=/Users/jeb228/Development/DataDistributionAPI/testing/tests_and_results/OrganizationResearchAreas/_results
2017-07-26 18:13:01,585 INFO o.a.j.JMeter: Setting JMeter property: dir.output=/Users/jeb228/Development/DataDistributionAPI/testing/tests_and_results/OrganizationResearchAreas/_results/vivo_ora_baseline_1
2017-07-26 18:13:01,585 INFO o.a.j.JMeter: Setting JMeter property: context.path=vivo
2017-07-26 18:13:01,585 INFO o.a.j.JMeter: Setting JMeter property: action.name=ora_baseline
2017-07-26 18:13:01,585 INFO o.a.j.JMeter: Setting JMeter property: file.uris=/Users/jeb228/Development/DataDistributionAPI/testing/tests_and_results/OrganizationResearchAreas/OrganizationUris.csv
2017-07-26 18:13:01,585 INFO o.a.j.JMeter: Setting JMeter property: sample_variables=LABEL
2017-07-26 18:13:01,589 INFO o.a.j.JMeter: Copyright (c) 1998-2017 The Apache Software Foundation
2017-07-26 18:13:01,589 INFO o.a.j.JMeter: Version 3.2 r1790748
2017-07-26 18:13:01,589 INFO o.a.j.JMeter: java.version=1.8.0_131
2017-07-26 18:13:01,589 INFO o.a.j.JMeter: java.vm.name=Java HotSpot(TM) 64-Bit Server VM
2017-07-26 18:13:01,589 INFO o.a.j.JMeter: os.name=Mac OS X
2017-07-26 18:13:01,589 INFO o.a.j.JMeter: os.arch=x86_64
2017-07-26 18:13:01,589 INFO o.a.j.JMeter: os.version=10.12.6
2017-07-26 18:13:01,589 INFO o.a.j.JMeter: file.encoding=UTF-8
2017-07-26 18:13:01,589 INFO o.a.j.JMeter: Max memory     =536870912
2017-07-26 18:13:01,589 INFO o.a.j.JMeter: Available Processors =4
2017-07-26 18:13:01,592 INFO o.a.j.JMeter: Default Locale=English (United States)
2017-07-26 18:13:01,592 INFO o.a.j.JMeter: JMeter  Locale=English (United States)
2017-07-26 18:13:01,592 INFO o.a.j.JMeter: JMeterHome=/Users/jeb228/Software/forMac/JMeter/apache-jmeter-3.2
2017-07-26 18:13:01,592 INFO o.a.j.JMeter: user.dir  =/Users/jeb228/Development/DataDistributionAPI/testing/tests_and_results/OrganizationResearchAreas/_results
2017-07-26 18:13:01,592 INFO o.a.j.JMeter: PWD       =/Users/jeb228/Development/DataDistributionAPI/testing/tests_and_results/OrganizationResearchAreas/_results
2017-07-26 18:13:01,598 INFO o.a.j.JMeter: IP: 10.0.1.36 Name: lib-jeb228-maclap.local FullName: 10.0.1.36
2017-07-26 18:13:01,601 INFO o.a.j.s.FileServer: Default base='/Users/jeb228/Development/DataDistributionAPI/testing/tests_and_results/OrganizationResearchAreas/_results'
2017-07-26 18:13:01,601 INFO o.a.j.s.FileServer: Set new base='/Users/jeb228/Development/DataDistributionAPI/testing/tests_and_results/OrganizationResearchAreas'
2017-07-26 18:13:01,689 INFO o.a.j.s.SaveService: Testplan (JMX) version: 2.2. Testlog (JTL) version: 2.2
2017-07-26 18:13:01,699 INFO o.a.j.s.SaveService: Using SaveService properties file encoding UTF-8
2017-07-26 18:13:01,711 INFO o.a.j.s.SaveService: Using SaveService properties version 3.2
2017-07-26 18:13:01,715 INFO o.a.j.s.SaveService: Loading file: /Users/jeb228/Development/DataDistributionAPI/testing/tests_and_results/OrganizationResearchAreas/OrganizationResearchAreas.jmx
2017-07-26 18:13:01,750 INFO o.a.j.p.h.s.HTTPSamplerBase: Parser for text/html is org.apache.jmeter.protocol.http.parser.LagartoBasedHtmlParser
2017-07-26 18:13:01,750 INFO o.a.j.p.h.s.HTTPSamplerBase: Parser for application/xhtml+xml is org.apache.jmeter.protocol.http.parser.LagartoBasedHtmlParser
2017-07-26 18:13:01,750 INFO o.a.j.p.h.s.HTTPSamplerBase: Parser for application/xml is org.apache.jmeter.protocol.http.parser.LagartoBasedHtmlParser
2017-07-26 18:13:01,750 INFO o.a.j.p.h.s.HTTPSamplerBase: Parser for text/xml is org.apache.jmeter.protocol.http.parser.LagartoBasedHtmlParser
2017-07-26 18:13:01,750 INFO o.a.j.p.h.s.HTTPSamplerBase: Parser for text/vnd.wap.wml is org.apache.jmeter.protocol.http.parser.RegexpHTMLParser
2017-07-26 18:13:01,750 INFO o.a.j.p.h.s.HTTPSamplerBase: Parser for text/css is org.apache.jmeter.protocol.http.parser.CssParser
2017-07-26 18:13:01,757 INFO o.a.j.JMeter: Creating summariser <summary>
2017-07-26 18:13:01,764 INFO o.a.j.e.StandardJMeterEngine: Running the test!
2017-07-26 18:13:01,765 INFO o.a.j.s.SampleEvent: List of sample_variables: [LABEL]
2017-07-26 18:13:01,765 INFO o.a.j.s.SampleEvent: List of sample_variables: [LABEL]
2017-07-26 18:13:01,768 INFO o.a.j.e.u.CompoundVariable: Note: Function class names must contain the string: '.functions.'
2017-07-26 18:13:01,768 INFO o.a.j.e.u.CompoundVariable: Note: Function class names must not contain the string: '.gui.'
2017-07-26 18:13:02,000 INFO o.a.j.JMeter: Running test (1501107182000)
2017-07-26 18:13:02,032 INFO o.a.j.e.StandardJMeterEngine: Starting ThreadGroup: 1 : The thread Group
2017-07-26 18:13:02,032 INFO o.a.j.e.StandardJMeterEngine: Starting 1 threads for group The thread Group.
2017-07-26 18:13:02,032 INFO o.a.j.e.StandardJMeterEngine: Thread will continue on error
2017-07-26 18:13:02,033 INFO o.a.j.t.ThreadGroup: Starting thread group... number=1 threads=1 ramp-up=1 perThread=1000.0 delayedStart=false
2017-07-26 18:13:02,036 INFO o.a.j.t.ThreadGroup: Started thread group number 1
2017-07-26 18:13:02,036 INFO o.a.j.e.StandardJMeterEngine: All thread groups have been started
2017-07-26 18:13:02,122 INFO o.a.j.t.JMeterThread: Thread started: The thread Group 1-1
2017-07-26 18:13:02,124 INFO o.a.j.s.FileServer: Stored: /Users/jeb228/Development/DataDistributionAPI/testing/tests_and_results/OrganizationResearchAreas/OrganizationUris.csv
2017-07-26 18:13:02,137 INFO o.a.j.p.h.s.HTTPHCAbstractImpl: Local host = lib-jeb228-maclap.local
2017-07-26 18:13:02,141 INFO o.a.j.p.h.s.HTTPHC4Impl: HTTP request retry count = 0
2017-07-26 18:13:02,147 INFO o.a.j.s.SampleResult: Note: Sample TimeStamps are START times
2017-07-26 18:13:02,147 INFO o.a.j.s.SampleResult: sampleresult.default.encoding is set to ISO-8859-1
2017-07-26 18:13:02,147 INFO o.a.j.s.SampleResult: sampleresult.useNanoTime=true
2017-07-26 18:13:02,147 INFO o.a.j.s.SampleResult: sampleresult.nanoThreadSleep=5000
2017-07-26 18:14:02,454 INFO o.a.j.r.Summariser: summary +      3 in 00:01:00 =    0.0/s Avg: 20096 Min: 19376 Max: 21295 Err:     0 (0.00%) Active: 1 Started: 1 Finished: 0
2017-07-26 18:15:03,972 INFO o.a.j.r.Summariser: summary +      3 in 00:01:02 =    0.0/s Avg: 20504 Min: 19762 Max: 20906 Err:     0 (0.00%) Active: 1 Started: 1 Finished: 0
2017-07-26 18:15:03,972 INFO o.a.j.r.Summariser: summary =      6 in 00:02:02 =    0.0/s Avg: 20300 Min: 19376 Max: 21295 Err:     0 (0.00%)
2017-07-26 18:17:30,754 INFO o.a.j.r.Summariser: summary +      7 in 00:02:27 =    0.0/s Avg: 20968 Min: 20826 Max: 21216 Err:     0 (0.00%) Active: 1 Started: 1 Finished: 0
2017-07-26 18:17:30,754 INFO o.a.j.r.Summariser: summary =     13 in 00:04:29 =    0.0/s Avg: 20660 Min: 19376 Max: 21295 Err:     0 (0.00%)
2017-07-26 18:18:33,363 INFO o.a.j.r.Summariser: summary +      3 in 00:01:03 =    0.0/s Avg: 20868 Min: 20842 Max: 20901 Err:     0 (0.00%) Active: 1 Started: 1 Finished: 0
2017-07-26 18:18:33,363 INFO o.a.j.r.Summariser: summary =     16 in 00:05:31 =    0.0/s Avg: 20699 Min: 19376 Max: 21295 Err:     0 (0.00%)
2017-07-26 18:19:35,957 INFO o.a.j.r.Summariser: summary +      3 in 00:01:03 =    0.0/s Avg: 20863 Min: 20718 Max: 20940 Err:     0 (0.00%) Active: 1 Started: 1 Finished: 0
2017-07-26 18:19:35,957 INFO o.a.j.r.Summariser: summary =     19 in 00:06:34 =    0.0/s Avg: 20725 Min: 19376 Max: 21295 Err:     0 (0.00%)
2017-07-26 18:22:02,399 INFO o.a.j.r.Summariser: summary +      7 in 00:02:26 =    0.0/s Avg: 20919 Min: 20824 Max: 21235 Err:     0 (0.00%) Active: 1 Started: 1 Finished: 0
2017-07-26 18:22:02,399 INFO o.a.j.r.Summariser: summary =     26 in 00:09:00 =    0.0/s Avg: 20777 Min: 19376 Max: 21295 Err:     0 (0.00%)
2017-07-26 18:23:04,836 INFO o.a.j.r.Summariser: summary +      3 in 00:01:02 =    0.0/s Avg: 20811 Min: 20675 Max: 20915 Err:     0 (0.00%) Active: 1 Started: 1 Finished: 0
2017-07-26 18:23:04,836 INFO o.a.j.r.Summariser: summary =     29 in 00:10:03 =    0.0/s Avg: 20780 Min: 19376 Max: 21295 Err:     0 (0.00%)
2017-07-26 18:25:31,452 INFO o.a.j.r.Summariser: summary +      7 in 00:02:27 =    0.0/s Avg: 20944 Min: 20812 Max: 21302 Err:     0 (0.00%) Active: 1 Started: 1 Finished: 0
2017-07-26 18:25:31,452 INFO o.a.j.r.Summariser: summary =     36 in 00:12:29 =    0.0/s Avg: 20812 Min: 19376 Max: 21302 Err:     0 (0.00%)
2017-07-26 18:26:34,228 INFO o.a.j.r.Summariser: summary +      3 in 00:01:03 =    0.0/s Avg: 20924 Min: 20894 Max: 20949 Err:     0 (0.00%) Active: 1 Started: 1 Finished: 0
2017-07-26 18:26:34,228 INFO o.a.j.r.Summariser: summary =     39 in 00:13:32 =    0.0/s Avg: 20821 Min: 19376 Max: 21302 Err:     0 (0.00%)
2017-07-26 18:29:00,489 INFO o.a.j.r.Summariser: summary +      7 in 00:02:26 =    0.0/s Avg: 20893 Min: 20799 Max: 21214 Err:     0 (0.00%) Active: 1 Started: 1 Finished: 0
2017-07-26 18:29:00,489 INFO o.a.j.r.Summariser: summary =     46 in 00:15:58 =    0.0/s Avg: 20832 Min: 19376 Max: 21302 Err:     0 (0.00%)
2017-07-26 18:30:03,074 INFO o.a.j.r.Summariser: summary +      3 in 00:01:03 =    0.0/s Avg: 20861 Min: 20717 Max: 20965 Err:     0 (0.00%) Active: 1 Started: 1 Finished: 0
2017-07-26 18:30:03,075 INFO o.a.j.r.Summariser: summary =     49 in 00:17:01 =    0.0/s Avg: 20834 Min: 19376 Max: 21302 Err:     0 (0.00%)
2017-07-26 18:33:32,259 INFO o.a.j.r.Summariser: summary +     10 in 00:03:29 =    0.0/s Avg: 20917 Min: 20718 Max: 21207 Err:     0 (0.00%) Active: 1 Started: 1 Finished: 0
2017-07-26 18:33:32,259 INFO o.a.j.r.Summariser: summary =     59 in 00:20:30 =    0.0/s Avg: 20848 Min: 19376 Max: 21302 Err:     0 (0.00%)
2017-07-26 18:34:35,161 INFO o.a.j.r.Summariser: summary +      3 in 00:01:03 =    0.0/s Avg: 20966 Min: 20778 Max: 21232 Err:     0 (0.00%) Active: 1 Started: 1 Finished: 0
2017-07-26 18:34:35,161 INFO o.a.j.r.Summariser: summary =     62 in 00:21:33 =    0.0/s Avg: 20853 Min: 19376 Max: 21302 Err:     0 (0.00%)
2017-07-26 18:37:01,183 INFO o.a.j.r.Summariser: summary +      7 in 00:02:26 =    0.0/s Avg: 20859 Min: 20701 Max: 20959 Err:     0 (0.00%) Active: 1 Started: 1 Finished: 0
2017-07-26 18:37:01,183 INFO o.a.j.r.Summariser: summary =     69 in 00:23:59 =    0.0/s Avg: 20854 Min: 19376 Max: 21302 Err:     0 (0.00%)
2017-07-26 18:38:04,197 INFO o.a.j.r.Summariser: summary +      3 in 00:01:03 =    0.0/s Avg: 21003 Min: 20794 Max: 21289 Err:     0 (0.00%) Active: 1 Started: 1 Finished: 0
2017-07-26 18:38:04,197 INFO o.a.j.r.Summariser: summary =     72 in 00:25:02 =    0.0/s Avg: 20860 Min: 19376 Max: 21302 Err:     0 (0.00%)
2017-07-26 18:39:30,186 INFO o.a.j.r.Summariser: summary +      4 in 00:01:26 =    0.0/s Avg: 21496 Min: 20791 Max: 23357 Err:     0 (0.00%) Active: 1 Started: 1 Finished: 0
2017-07-26 18:39:30,186 INFO o.a.j.r.Summariser: summary =     76 in 00:26:28 =    0.0/s Avg: 20894 Min: 19376 Max: 23357 Err:     0 (0.00%)
2017-07-26 18:40:34,579 INFO o.a.j.r.Summariser: summary +      3 in 00:01:04 =    0.0/s Avg: 21463 Min: 20683 Max: 22536 Err:     0 (0.00%) Active: 1 Started: 1 Finished: 0
2017-07-26 18:40:34,580 INFO o.a.j.r.Summariser: summary =     79 in 00:27:33 =    0.0/s Avg: 20915 Min: 19376 Max: 23357 Err:     0 (0.00%)
2017-07-26 18:43:00,848 INFO o.a.j.r.Summariser: summary +      7 in 00:02:26 =    0.0/s Avg: 20894 Min: 20768 Max: 21247 Err:     0 (0.00%) Active: 1 Started: 1 Finished: 0
2017-07-26 18:43:00,848 INFO o.a.j.r.Summariser: summary =     86 in 00:29:59 =    0.0/s Avg: 20914 Min: 19376 Max: 23357 Err:     0 (0.00%)
2017-07-26 18:44:03,259 INFO o.a.j.r.Summariser: summary +      3 in 00:01:02 =    0.0/s Avg: 20802 Min: 20631 Max: 20936 Err:     0 (0.00%) Active: 1 Started: 1 Finished: 0
2017-07-26 18:44:03,259 INFO o.a.j.r.Summariser: summary =     89 in 00:31:01 =    0.0/s Avg: 20910 Min: 19376 Max: 23357 Err:     0 (0.00%)
2017-07-26 18:47:32,251 INFO o.a.j.r.Summariser: summary +     10 in 00:03:29 =    0.0/s Avg: 20898 Min: 20803 Max: 21213 Err:     0 (0.00%) Active: 1 Started: 1 Finished: 0
2017-07-26 18:47:32,251 INFO o.a.j.r.Summariser: summary =     99 in 00:34:30 =    0.0/s Avg: 20909 Min: 19376 Max: 23357 Err:     0 (0.00%)
2017-07-26 18:47:53,079 INFO o.a.j.t.JMeterThread: Thread is done: The thread Group 1-1
2017-07-26 18:47:53,079 INFO o.a.j.t.JMeterThread: Thread finished: The thread Group 1-1
2017-07-26 18:47:53,079 INFO o.a.j.e.StandardJMeterEngine: Notifying test listeners of end of test
2017-07-26 18:47:53,079 INFO o.a.j.s.FileServer: Close: /Users/jeb228/Development/DataDistributionAPI/testing/tests_and_results/OrganizationResearchAreas/OrganizationUris.csv
2017-07-26 18:47:53,080 INFO o.a.j.r.Summariser: summary +      1 in 00:00:21 =    0.0/s Avg: 20827 Min: 20827 Max: 20827 Err:     0 (0.00%) Active: 0 Started: 1 Finished: 1
2017-07-26 18:47:53,080 INFO o.a.j.r.Summariser: summary =    100 in 00:34:51 =    0.0/s Avg: 20908 Min: 19376 Max: 23357 Err:     0 (0.00%)
