2017-07-24 20:40:17,700 INFO o.a.j.u.JMeterUtils: Setting Locale to en_US
2017-07-24 20:40:17,709 INFO o.a.j.JMeter: Loading user properties from: /Users/jeb228/Software/forMac/JMeter/apache-jmeter-3.2/bin/user.properties
2017-07-24 20:40:17,710 INFO o.a.j.JMeter: Loading system properties from: /Users/jeb228/Software/forMac/JMeter/apache-jmeter-3.2/bin/system.properties
2017-07-24 20:40:17,710 INFO o.a.j.JMeter: Setting JMeter property: dir.base=/Users/jeb228/Development/DataDistributionAPI/testing/tests_and_results/OrganizationResearchAreas/_results
2017-07-24 20:40:17,710 INFO o.a.j.JMeter: Setting JMeter property: dir.output=/Users/jeb228/Development/DataDistributionAPI/testing/tests_and_results/OrganizationResearchAreas/_results/vivo_ora_drill_L3_1
2017-07-24 20:40:17,710 INFO o.a.j.JMeter: Setting JMeter property: context.path=vivo
2017-07-24 20:40:17,710 INFO o.a.j.JMeter: Setting JMeter property: action.name=ora_drill_L3
2017-07-24 20:40:17,710 INFO o.a.j.JMeter: Setting JMeter property: file.uris=/Users/jeb228/Development/DataDistributionAPI/testing/tests_and_results/OrganizationResearchAreas/OrganizationUris.csv
2017-07-24 20:40:17,710 INFO o.a.j.JMeter: Setting JMeter property: sample_variables=LABEL
2017-07-24 20:40:17,714 INFO o.a.j.JMeter: Copyright (c) 1998-2017 The Apache Software Foundation
2017-07-24 20:40:17,714 INFO o.a.j.JMeter: Version 3.2 r1790748
2017-07-24 20:40:17,714 INFO o.a.j.JMeter: java.version=1.8.0_131
2017-07-24 20:40:17,714 INFO o.a.j.JMeter: java.vm.name=Java HotSpot(TM) 64-Bit Server VM
2017-07-24 20:40:17,714 INFO o.a.j.JMeter: os.name=Mac OS X
2017-07-24 20:40:17,714 INFO o.a.j.JMeter: os.arch=x86_64
2017-07-24 20:40:17,714 INFO o.a.j.JMeter: os.version=10.12.6
2017-07-24 20:40:17,714 INFO o.a.j.JMeter: file.encoding=UTF-8
2017-07-24 20:40:17,714 INFO o.a.j.JMeter: Max memory     =536870912
2017-07-24 20:40:17,714 INFO o.a.j.JMeter: Available Processors =4
2017-07-24 20:40:17,717 INFO o.a.j.JMeter: Default Locale=English (United States)
2017-07-24 20:40:17,717 INFO o.a.j.JMeter: JMeter  Locale=English (United States)
2017-07-24 20:40:17,717 INFO o.a.j.JMeter: JMeterHome=/Users/jeb228/Software/forMac/JMeter/apache-jmeter-3.2
2017-07-24 20:40:17,717 INFO o.a.j.JMeter: user.dir  =/Users/jeb228/Development/DataDistributionAPI/testing/tests_and_results/OrganizationResearchAreas/_results
2017-07-24 20:40:17,718 INFO o.a.j.JMeter: PWD       =/Users/jeb228/Development/DataDistributionAPI/testing/tests_and_results/OrganizationResearchAreas/_results
2017-07-24 20:40:17,723 INFO o.a.j.JMeter: IP: 10.0.1.36 Name: lib-jeb228-maclap.local FullName: 10.0.1.36
2017-07-24 20:40:17,726 INFO o.a.j.s.FileServer: Default base='/Users/jeb228/Development/DataDistributionAPI/testing/tests_and_results/OrganizationResearchAreas/_results'
2017-07-24 20:40:17,726 INFO o.a.j.s.FileServer: Set new base='/Users/jeb228/Development/DataDistributionAPI/testing/tests_and_results/OrganizationResearchAreas'
2017-07-24 20:40:17,809 INFO o.a.j.s.SaveService: Testplan (JMX) version: 2.2. Testlog (JTL) version: 2.2
2017-07-24 20:40:17,819 INFO o.a.j.s.SaveService: Using SaveService properties file encoding UTF-8
2017-07-24 20:40:17,831 INFO o.a.j.s.SaveService: Using SaveService properties version 3.2
2017-07-24 20:40:17,836 INFO o.a.j.s.SaveService: Loading file: /Users/jeb228/Development/DataDistributionAPI/testing/tests_and_results/OrganizationResearchAreas/OrganizationResearchAreas.jmx
2017-07-24 20:40:17,869 INFO o.a.j.p.h.s.HTTPSamplerBase: Parser for text/html is org.apache.jmeter.protocol.http.parser.LagartoBasedHtmlParser
2017-07-24 20:40:17,869 INFO o.a.j.p.h.s.HTTPSamplerBase: Parser for application/xhtml+xml is org.apache.jmeter.protocol.http.parser.LagartoBasedHtmlParser
2017-07-24 20:40:17,869 INFO o.a.j.p.h.s.HTTPSamplerBase: Parser for application/xml is org.apache.jmeter.protocol.http.parser.LagartoBasedHtmlParser
2017-07-24 20:40:17,870 INFO o.a.j.p.h.s.HTTPSamplerBase: Parser for text/xml is org.apache.jmeter.protocol.http.parser.LagartoBasedHtmlParser
2017-07-24 20:40:17,870 INFO o.a.j.p.h.s.HTTPSamplerBase: Parser for text/vnd.wap.wml is org.apache.jmeter.protocol.http.parser.RegexpHTMLParser
2017-07-24 20:40:17,870 INFO o.a.j.p.h.s.HTTPSamplerBase: Parser for text/css is org.apache.jmeter.protocol.http.parser.CssParser
2017-07-24 20:40:17,877 INFO o.a.j.JMeter: Creating summariser <summary>
2017-07-24 20:40:17,884 INFO o.a.j.e.StandardJMeterEngine: Running the test!
2017-07-24 20:40:17,885 INFO o.a.j.s.SampleEvent: List of sample_variables: [LABEL]
2017-07-24 20:40:17,885 INFO o.a.j.s.SampleEvent: List of sample_variables: [LABEL]
2017-07-24 20:40:17,887 INFO o.a.j.e.u.CompoundVariable: Note: Function class names must contain the string: '.functions.'
2017-07-24 20:40:17,887 INFO o.a.j.e.u.CompoundVariable: Note: Function class names must not contain the string: '.gui.'
2017-07-24 20:40:18,122 INFO o.a.j.JMeter: Running test (1500943218122)
2017-07-24 20:40:18,154 INFO o.a.j.e.StandardJMeterEngine: Starting ThreadGroup: 1 : The thread Group
2017-07-24 20:40:18,154 INFO o.a.j.e.StandardJMeterEngine: Starting 1 threads for group The thread Group.
2017-07-24 20:40:18,154 INFO o.a.j.e.StandardJMeterEngine: Thread will continue on error
2017-07-24 20:40:18,154 INFO o.a.j.t.ThreadGroup: Starting thread group... number=1 threads=1 ramp-up=1 perThread=1000.0 delayedStart=false
2017-07-24 20:40:18,158 INFO o.a.j.t.ThreadGroup: Started thread group number 1
2017-07-24 20:40:18,159 INFO o.a.j.e.StandardJMeterEngine: All thread groups have been started
2017-07-24 20:40:18,243 INFO o.a.j.t.JMeterThread: Thread started: The thread Group 1-1
2017-07-24 20:40:18,245 INFO o.a.j.s.FileServer: Stored: /Users/jeb228/Development/DataDistributionAPI/testing/tests_and_results/OrganizationResearchAreas/OrganizationUris.csv
2017-07-24 20:40:18,257 INFO o.a.j.p.h.s.HTTPHCAbstractImpl: Local host = lib-jeb228-maclap.local
2017-07-24 20:40:18,260 INFO o.a.j.p.h.s.HTTPHC4Impl: HTTP request retry count = 0
2017-07-24 20:40:18,265 INFO o.a.j.s.SampleResult: Note: Sample TimeStamps are START times
2017-07-24 20:40:18,265 INFO o.a.j.s.SampleResult: sampleresult.default.encoding is set to ISO-8859-1
2017-07-24 20:40:18,265 INFO o.a.j.s.SampleResult: sampleresult.useNanoTime=true
2017-07-24 20:40:18,265 INFO o.a.j.s.SampleResult: sampleresult.nanoThreadSleep=5000
2017-07-24 20:40:31,060 INFO o.a.j.r.Summariser: summary +      3 in 00:00:13 =    0.2/s Avg:  4259 Min:  3204 Max:  6194 Err:     0 (0.00%) Active: 1 Started: 1 Finished: 0
2017-07-24 20:41:02,928 INFO o.a.j.r.Summariser: summary +     10 in 00:00:32 =    0.3/s Avg:  3186 Min:   733 Max:  4665 Err:     0 (0.00%) Active: 1 Started: 1 Finished: 0
2017-07-24 20:41:02,928 INFO o.a.j.r.Summariser: summary =     13 in 00:00:45 =    0.3/s Avg:  3433 Min:   733 Max:  6194 Err:     0 (0.00%)
2017-07-24 20:41:31,544 INFO o.a.j.r.Summariser: summary +      9 in 00:00:29 =    0.3/s Avg:  3179 Min:   723 Max:  5009 Err:     0 (0.00%) Active: 1 Started: 1 Finished: 0
2017-07-24 20:41:31,545 INFO o.a.j.r.Summariser: summary =     22 in 00:01:13 =    0.3/s Avg:  3329 Min:   723 Max:  6194 Err:     0 (0.00%)
2017-07-24 20:42:03,872 INFO o.a.j.r.Summariser: summary +     10 in 00:00:32 =    0.3/s Avg:  3232 Min:   731 Max:  5003 Err:     0 (0.00%) Active: 1 Started: 1 Finished: 0
2017-07-24 20:42:03,872 INFO o.a.j.r.Summariser: summary =     32 in 00:01:46 =    0.3/s Avg:  3299 Min:   723 Max:  6194 Err:     0 (0.00%)
2017-07-24 20:42:33,576 INFO o.a.j.r.Summariser: summary +      9 in 00:00:30 =    0.3/s Avg:  3299 Min:   892 Max:  5010 Err:     0 (0.00%) Active: 1 Started: 1 Finished: 0
2017-07-24 20:42:33,576 INFO o.a.j.r.Summariser: summary =     41 in 00:02:15 =    0.3/s Avg:  3299 Min:   723 Max:  6194 Err:     0 (0.00%)
2017-07-24 20:43:00,310 INFO o.a.j.r.Summariser: summary +      9 in 00:00:27 =    0.3/s Avg:  2970 Min:   913 Max:  3971 Err:     0 (0.00%) Active: 1 Started: 1 Finished: 0
2017-07-24 20:43:00,310 INFO o.a.j.r.Summariser: summary =     50 in 00:02:42 =    0.3/s Avg:  3240 Min:   723 Max:  6194 Err:     0 (0.00%)
2017-07-24 20:43:30,734 INFO o.a.j.r.Summariser: summary +      9 in 00:00:30 =    0.3/s Avg:  3379 Min:  2500 Max:  4675 Err:     0 (0.00%) Active: 1 Started: 1 Finished: 0
2017-07-24 20:43:30,734 INFO o.a.j.r.Summariser: summary =     59 in 00:03:13 =    0.3/s Avg:  3261 Min:   723 Max:  6194 Err:     0 (0.00%)
2017-07-24 20:44:02,512 INFO o.a.j.r.Summariser: summary +     10 in 00:00:32 =    0.3/s Avg:  3177 Min:  1052 Max:  4996 Err:     0 (0.00%) Active: 1 Started: 1 Finished: 0
2017-07-24 20:44:02,512 INFO o.a.j.r.Summariser: summary =     69 in 00:03:44 =    0.3/s Avg:  3249 Min:   723 Max:  6194 Err:     0 (0.00%)
2017-07-24 20:44:30,819 INFO o.a.j.r.Summariser: summary +      9 in 00:00:28 =    0.3/s Avg:  3144 Min:   721 Max:  5034 Err:     0 (0.00%) Active: 1 Started: 1 Finished: 0
2017-07-24 20:44:30,819 INFO o.a.j.r.Summariser: summary =     78 in 00:04:13 =    0.3/s Avg:  3237 Min:   721 Max:  6194 Err:     0 (0.00%)
2017-07-24 20:45:02,234 INFO o.a.j.r.Summariser: summary +     10 in 00:00:31 =    0.3/s Avg:  3141 Min:   722 Max:  4997 Err:     0 (0.00%) Active: 1 Started: 1 Finished: 0
2017-07-24 20:45:02,235 INFO o.a.j.r.Summariser: summary =     88 in 00:04:44 =    0.3/s Avg:  3226 Min:   721 Max:  6194 Err:     0 (0.00%)
2017-07-24 20:45:33,653 INFO o.a.j.r.Summariser: summary +     10 in 00:00:31 =    0.3/s Avg:  3141 Min:  1001 Max:  4645 Err:     0 (0.00%) Active: 1 Started: 1 Finished: 0
2017-07-24 20:45:33,654 INFO o.a.j.r.Summariser: summary =     98 in 00:05:16 =    0.3/s Avg:  3217 Min:   721 Max:  6194 Err:     0 (0.00%)
2017-07-24 20:45:37,163 INFO o.a.j.t.JMeterThread: Thread is done: The thread Group 1-1
2017-07-24 20:45:37,163 INFO o.a.j.t.JMeterThread: Thread finished: The thread Group 1-1
2017-07-24 20:45:37,163 INFO o.a.j.e.StandardJMeterEngine: Notifying test listeners of end of test
2017-07-24 20:45:37,163 INFO o.a.j.s.FileServer: Close: /Users/jeb228/Development/DataDistributionAPI/testing/tests_and_results/OrganizationResearchAreas/OrganizationUris.csv
2017-07-24 20:45:37,165 INFO o.a.j.r.Summariser: summary +      2 in 00:00:04 =    0.6/s Avg:  1754 Min:   716 Max:  2792 Err:     0 (0.00%) Active: 0 Started: 1 Finished: 1
2017-07-24 20:45:37,165 INFO o.a.j.r.Summariser: summary =    100 in 00:05:19 =    0.3/s Avg:  3188 Min:   716 Max:  6194 Err:     0 (0.00%)
