2017-07-25 19:34:16,141 INFO o.a.j.u.JMeterUtils: Setting Locale to en_US
2017-07-25 19:34:16,151 INFO o.a.j.JMeter: Loading user properties from: /Users/jeb228/Software/forMac/JMeter/apache-jmeter-3.2/bin/user.properties
2017-07-25 19:34:16,152 INFO o.a.j.JMeter: Loading system properties from: /Users/jeb228/Software/forMac/JMeter/apache-jmeter-3.2/bin/system.properties
2017-07-25 19:34:16,152 INFO o.a.j.JMeter: Setting JMeter property: dir.base=/Users/jeb228/Development/DataDistributionAPI/testing/tests_and_results/DepartmentWordCloud/_results
2017-07-25 19:34:16,152 INFO o.a.j.JMeter: Setting JMeter property: dir.output=/Users/jeb228/Development/DataDistributionAPI/testing/tests_and_results/DepartmentWordCloud/_results/vivo_dwc_double_2
2017-07-25 19:34:16,152 INFO o.a.j.JMeter: Setting JMeter property: context.path=vivo
2017-07-25 19:34:16,152 INFO o.a.j.JMeter: Setting JMeter property: action.name=dwc_double
2017-07-25 19:34:16,152 INFO o.a.j.JMeter: Setting JMeter property: file.uris=/Users/jeb228/Development/DataDistributionAPI/testing/tests_and_results/DepartmentWordCloud/DepartmentUris.csv
2017-07-25 19:34:16,152 INFO o.a.j.JMeter: Setting JMeter property: sample_variables=LABEL
2017-07-25 19:34:16,155 INFO o.a.j.JMeter: Copyright (c) 1998-2017 The Apache Software Foundation
2017-07-25 19:34:16,156 INFO o.a.j.JMeter: Version 3.2 r1790748
2017-07-25 19:34:16,156 INFO o.a.j.JMeter: java.version=1.8.0_131
2017-07-25 19:34:16,156 INFO o.a.j.JMeter: java.vm.name=Java HotSpot(TM) 64-Bit Server VM
2017-07-25 19:34:16,156 INFO o.a.j.JMeter: os.name=Mac OS X
2017-07-25 19:34:16,156 INFO o.a.j.JMeter: os.arch=x86_64
2017-07-25 19:34:16,156 INFO o.a.j.JMeter: os.version=10.12.6
2017-07-25 19:34:16,156 INFO o.a.j.JMeter: file.encoding=UTF-8
2017-07-25 19:34:16,156 INFO o.a.j.JMeter: Max memory     =536870912
2017-07-25 19:34:16,156 INFO o.a.j.JMeter: Available Processors =4
2017-07-25 19:34:16,159 INFO o.a.j.JMeter: Default Locale=English (United States)
2017-07-25 19:34:16,159 INFO o.a.j.JMeter: JMeter  Locale=English (United States)
2017-07-25 19:34:16,159 INFO o.a.j.JMeter: JMeterHome=/Users/jeb228/Software/forMac/JMeter/apache-jmeter-3.2
2017-07-25 19:34:16,159 INFO o.a.j.JMeter: user.dir  =/Users/jeb228/Development/DataDistributionAPI/testing/tests_and_results/DepartmentWordCloud/_results
2017-07-25 19:34:16,159 INFO o.a.j.JMeter: PWD       =/Users/jeb228/Development/DataDistributionAPI/testing/tests_and_results/DepartmentWordCloud/_results
2017-07-25 19:34:16,165 INFO o.a.j.JMeter: IP: 10.0.1.36 Name: lib-jeb228-maclap.local FullName: 10.0.1.36
2017-07-25 19:34:16,168 INFO o.a.j.s.FileServer: Default base='/Users/jeb228/Development/DataDistributionAPI/testing/tests_and_results/DepartmentWordCloud/_results'
2017-07-25 19:34:16,168 INFO o.a.j.s.FileServer: Set new base='/Users/jeb228/Development/DataDistributionAPI/testing/tests_and_results/DepartmentWordCloud'
2017-07-25 19:34:16,257 INFO o.a.j.s.SaveService: Testplan (JMX) version: 2.2. Testlog (JTL) version: 2.2
2017-07-25 19:34:16,265 INFO o.a.j.s.SaveService: Using SaveService properties file encoding UTF-8
2017-07-25 19:34:16,268 INFO o.a.j.s.SaveService: Using SaveService properties version 3.2
2017-07-25 19:34:16,280 INFO o.a.j.s.SaveService: Loading file: /Users/jeb228/Development/DataDistributionAPI/testing/tests_and_results/DepartmentWordCloud/DepartmentWordClouds.jmx
2017-07-25 19:34:16,314 INFO o.a.j.p.h.s.HTTPSamplerBase: Parser for text/html is org.apache.jmeter.protocol.http.parser.LagartoBasedHtmlParser
2017-07-25 19:34:16,314 INFO o.a.j.p.h.s.HTTPSamplerBase: Parser for application/xhtml+xml is org.apache.jmeter.protocol.http.parser.LagartoBasedHtmlParser
2017-07-25 19:34:16,314 INFO o.a.j.p.h.s.HTTPSamplerBase: Parser for application/xml is org.apache.jmeter.protocol.http.parser.LagartoBasedHtmlParser
2017-07-25 19:34:16,314 INFO o.a.j.p.h.s.HTTPSamplerBase: Parser for text/xml is org.apache.jmeter.protocol.http.parser.LagartoBasedHtmlParser
2017-07-25 19:34:16,314 INFO o.a.j.p.h.s.HTTPSamplerBase: Parser for text/vnd.wap.wml is org.apache.jmeter.protocol.http.parser.RegexpHTMLParser
2017-07-25 19:34:16,314 INFO o.a.j.p.h.s.HTTPSamplerBase: Parser for text/css is org.apache.jmeter.protocol.http.parser.CssParser
2017-07-25 19:34:16,321 INFO o.a.j.JMeter: Creating summariser <summary>
2017-07-25 19:34:16,329 INFO o.a.j.e.StandardJMeterEngine: Running the test!
2017-07-25 19:34:16,329 INFO o.a.j.s.SampleEvent: List of sample_variables: [LABEL]
2017-07-25 19:34:16,329 INFO o.a.j.s.SampleEvent: List of sample_variables: [LABEL]
2017-07-25 19:34:16,333 INFO o.a.j.e.u.CompoundVariable: Note: Function class names must contain the string: '.functions.'
2017-07-25 19:34:16,333 INFO o.a.j.e.u.CompoundVariable: Note: Function class names must not contain the string: '.gui.'
2017-07-25 19:34:16,567 INFO o.a.j.JMeter: Running test (1501025656567)
2017-07-25 19:34:16,596 INFO o.a.j.e.StandardJMeterEngine: Starting ThreadGroup: 1 : The thread Group
2017-07-25 19:34:16,596 INFO o.a.j.e.StandardJMeterEngine: Starting 1 threads for group The thread Group.
2017-07-25 19:34:16,596 INFO o.a.j.e.StandardJMeterEngine: Thread will continue on error
2017-07-25 19:34:16,596 INFO o.a.j.t.ThreadGroup: Starting thread group... number=1 threads=1 ramp-up=1 perThread=1000.0 delayedStart=false
2017-07-25 19:34:16,600 INFO o.a.j.t.ThreadGroup: Started thread group number 1
2017-07-25 19:34:16,601 INFO o.a.j.e.StandardJMeterEngine: All thread groups have been started
2017-07-25 19:34:16,685 INFO o.a.j.t.JMeterThread: Thread started: The thread Group 1-1
2017-07-25 19:34:16,688 INFO o.a.j.s.FileServer: Stored: /Users/jeb228/Development/DataDistributionAPI/testing/tests_and_results/DepartmentWordCloud/DepartmentUris.csv
2017-07-25 19:34:16,699 INFO o.a.j.p.h.s.HTTPHCAbstractImpl: Local host = lib-jeb228-maclap.local
2017-07-25 19:34:16,703 INFO o.a.j.p.h.s.HTTPHC4Impl: HTTP request retry count = 0
2017-07-25 19:34:16,708 INFO o.a.j.s.SampleResult: Note: Sample TimeStamps are START times
2017-07-25 19:34:16,708 INFO o.a.j.s.SampleResult: sampleresult.default.encoding is set to ISO-8859-1
2017-07-25 19:34:16,708 INFO o.a.j.s.SampleResult: sampleresult.useNanoTime=true
2017-07-25 19:34:16,708 INFO o.a.j.s.SampleResult: sampleresult.nanoThreadSleep=5000
2017-07-25 19:34:31,634 INFO o.a.j.r.Summariser: summary +      3 in 00:00:15 =    0.2/s Avg:  4969 Min:  3944 Max:  5946 Err:     0 (0.00%) Active: 1 Started: 1 Finished: 0
2017-07-25 19:35:03,914 INFO o.a.j.r.Summariser: summary +      9 in 00:00:32 =    0.3/s Avg:  3586 Min:   527 Max:  5207 Err:     0 (0.00%) Active: 1 Started: 1 Finished: 0
2017-07-25 19:35:03,914 INFO o.a.j.r.Summariser: summary =     12 in 00:00:47 =    0.3/s Avg:  3932 Min:   527 Max:  5946 Err:     0 (0.00%)
2017-07-25 19:35:30,860 INFO o.a.j.r.Summariser: summary +      7 in 00:00:27 =    0.3/s Avg:  3848 Min:  1239 Max:  5281 Err:     0 (0.00%) Active: 1 Started: 1 Finished: 0
2017-07-25 19:35:30,860 INFO o.a.j.r.Summariser: summary =     19 in 00:01:14 =    0.3/s Avg:  3901 Min:   527 Max:  5946 Err:     0 (0.00%)
2017-07-25 19:36:00,387 INFO o.a.j.r.Summariser: summary +      8 in 00:00:30 =    0.3/s Avg:  3690 Min:   467 Max:  4952 Err:     0 (0.00%) Active: 1 Started: 1 Finished: 0
2017-07-25 19:36:00,388 INFO o.a.j.r.Summariser: summary =     27 in 00:01:44 =    0.3/s Avg:  3838 Min:   467 Max:  5946 Err:     0 (0.00%)
2017-07-25 19:36:32,685 INFO o.a.j.r.Summariser: summary +      9 in 00:00:32 =    0.3/s Avg:  3588 Min:   476 Max:  5173 Err:     0 (0.00%) Active: 1 Started: 1 Finished: 0
2017-07-25 19:36:32,685 INFO o.a.j.r.Summariser: summary =     36 in 00:02:16 =    0.3/s Avg:  3776 Min:   467 Max:  5946 Err:     0 (0.00%)
2017-07-25 19:37:02,181 INFO o.a.j.r.Summariser: summary +      8 in 00:00:29 =    0.3/s Avg:  3686 Min:   463 Max:  5615 Err:     0 (0.00%) Active: 1 Started: 1 Finished: 0
2017-07-25 19:37:02,182 INFO o.a.j.r.Summariser: summary =     44 in 00:02:46 =    0.3/s Avg:  3759 Min:   463 Max:  5946 Err:     0 (0.00%)
2017-07-25 19:37:32,161 INFO o.a.j.r.Summariser: summary +      8 in 00:00:30 =    0.3/s Avg:  3746 Min:   470 Max:  5814 Err:     0 (0.00%) Active: 1 Started: 1 Finished: 0
2017-07-25 19:37:32,162 INFO o.a.j.r.Summariser: summary =     52 in 00:03:16 =    0.3/s Avg:  3757 Min:   463 Max:  5946 Err:     0 (0.00%)
2017-07-25 19:38:03,684 INFO o.a.j.r.Summariser: summary +      9 in 00:00:32 =    0.3/s Avg:  3501 Min:   480 Max:  5328 Err:     0 (0.00%) Active: 1 Started: 1 Finished: 0
2017-07-25 19:38:03,684 INFO o.a.j.r.Summariser: summary =     61 in 00:03:47 =    0.3/s Avg:  3720 Min:   463 Max:  5946 Err:     0 (0.00%)
2017-07-25 19:38:33,867 INFO o.a.j.r.Summariser: summary +      7 in 00:00:30 =    0.2/s Avg:  4311 Min:  3233 Max:  5219 Err:     0 (0.00%) Active: 1 Started: 1 Finished: 0
2017-07-25 19:38:33,867 INFO o.a.j.r.Summariser: summary =     68 in 00:04:17 =    0.3/s Avg:  3780 Min:   463 Max:  5946 Err:     0 (0.00%)
2017-07-25 19:39:01,355 INFO o.a.j.r.Summariser: summary +      8 in 00:00:27 =    0.3/s Avg:  3435 Min:   514 Max:  5168 Err:     0 (0.00%) Active: 1 Started: 1 Finished: 0
2017-07-25 19:39:01,355 INFO o.a.j.r.Summariser: summary =     76 in 00:04:45 =    0.3/s Avg:  3744 Min:   463 Max:  5946 Err:     0 (0.00%)
2017-07-25 19:39:32,470 INFO o.a.j.r.Summariser: summary +      9 in 00:00:31 =    0.3/s Avg:  3456 Min:   465 Max:  5492 Err:     0 (0.00%) Active: 1 Started: 1 Finished: 0
2017-07-25 19:39:32,470 INFO o.a.j.r.Summariser: summary =     85 in 00:05:16 =    0.3/s Avg:  3714 Min:   463 Max:  5946 Err:     0 (0.00%)
2017-07-25 19:40:00,304 INFO o.a.j.r.Summariser: summary +      8 in 00:00:28 =    0.3/s Avg:  3478 Min:   465 Max:  5425 Err:     0 (0.00%) Active: 1 Started: 1 Finished: 0
2017-07-25 19:40:00,305 INFO o.a.j.r.Summariser: summary =     93 in 00:05:44 =    0.3/s Avg:  3693 Min:   463 Max:  5946 Err:     0 (0.00%)
2017-07-25 19:40:23,740 INFO o.a.j.t.JMeterThread: Thread is done: The thread Group 1-1
2017-07-25 19:40:23,740 INFO o.a.j.t.JMeterThread: Thread finished: The thread Group 1-1
2017-07-25 19:40:23,740 INFO o.a.j.e.StandardJMeterEngine: Notifying test listeners of end of test
2017-07-25 19:40:23,740 INFO o.a.j.s.FileServer: Close: /Users/jeb228/Development/DataDistributionAPI/testing/tests_and_results/DepartmentWordCloud/DepartmentUris.csv
2017-07-25 19:40:23,741 INFO o.a.j.r.Summariser: summary +      7 in 00:00:23 =    0.3/s Avg:  3347 Min:   501 Max:  5324 Err:     0 (0.00%) Active: 0 Started: 1 Finished: 1
2017-07-25 19:40:23,741 INFO o.a.j.r.Summariser: summary =    100 in 00:06:07 =    0.3/s Avg:  3669 Min:   463 Max:  5946 Err:     0 (0.00%)
