2017-07-26 14:45:43,179 INFO o.a.j.u.JMeterUtils: Setting Locale to en_US
2017-07-26 14:45:43,188 INFO o.a.j.JMeter: Loading user properties from: /Users/jeb228/Software/forMac/JMeter/apache-jmeter-3.2/bin/user.properties
2017-07-26 14:45:43,189 INFO o.a.j.JMeter: Loading system properties from: /Users/jeb228/Software/forMac/JMeter/apache-jmeter-3.2/bin/system.properties
2017-07-26 14:45:43,189 INFO o.a.j.JMeter: Setting JMeter property: dir.base=/Users/jeb228/Development/DataDistributionAPI/testing/tests_and_results/DepartmentWordCloud/_results
2017-07-26 14:45:43,189 INFO o.a.j.JMeter: Setting JMeter property: dir.output=/Users/jeb228/Development/DataDistributionAPI/testing/tests_and_results/DepartmentWordCloud/_results/vivo_dwc_optionals_1
2017-07-26 14:45:43,189 INFO o.a.j.JMeter: Setting JMeter property: context.path=vivo
2017-07-26 14:45:43,189 INFO o.a.j.JMeter: Setting JMeter property: action.name=dwc_optionals
2017-07-26 14:45:43,189 INFO o.a.j.JMeter: Setting JMeter property: file.uris=/Users/jeb228/Development/DataDistributionAPI/testing/tests_and_results/DepartmentWordCloud/DepartmentUris.csv
2017-07-26 14:45:43,189 INFO o.a.j.JMeter: Setting JMeter property: sample_variables=LABEL
2017-07-26 14:45:43,193 INFO o.a.j.JMeter: Copyright (c) 1998-2017 The Apache Software Foundation
2017-07-26 14:45:43,194 INFO o.a.j.JMeter: Version 3.2 r1790748
2017-07-26 14:45:43,194 INFO o.a.j.JMeter: java.version=1.8.0_131
2017-07-26 14:45:43,194 INFO o.a.j.JMeter: java.vm.name=Java HotSpot(TM) 64-Bit Server VM
2017-07-26 14:45:43,194 INFO o.a.j.JMeter: os.name=Mac OS X
2017-07-26 14:45:43,194 INFO o.a.j.JMeter: os.arch=x86_64
2017-07-26 14:45:43,194 INFO o.a.j.JMeter: os.version=10.12.6
2017-07-26 14:45:43,194 INFO o.a.j.JMeter: file.encoding=UTF-8
2017-07-26 14:45:43,194 INFO o.a.j.JMeter: Max memory     =536870912
2017-07-26 14:45:43,194 INFO o.a.j.JMeter: Available Processors =4
2017-07-26 14:45:43,196 INFO o.a.j.JMeter: Default Locale=English (United States)
2017-07-26 14:45:43,197 INFO o.a.j.JMeter: JMeter  Locale=English (United States)
2017-07-26 14:45:43,197 INFO o.a.j.JMeter: JMeterHome=/Users/jeb228/Software/forMac/JMeter/apache-jmeter-3.2
2017-07-26 14:45:43,197 INFO o.a.j.JMeter: user.dir  =/Users/jeb228/Development/DataDistributionAPI/testing/tests_and_results/DepartmentWordCloud/_results
2017-07-26 14:45:43,197 INFO o.a.j.JMeter: PWD       =/Users/jeb228/Development/DataDistributionAPI/testing/tests_and_results/DepartmentWordCloud/_results
2017-07-26 14:45:43,202 INFO o.a.j.JMeter: IP: 10.0.1.36 Name: lib-jeb228-maclap.local FullName: 10.0.1.36
2017-07-26 14:45:43,205 INFO o.a.j.s.FileServer: Default base='/Users/jeb228/Development/DataDistributionAPI/testing/tests_and_results/DepartmentWordCloud/_results'
2017-07-26 14:45:43,205 INFO o.a.j.s.FileServer: Set new base='/Users/jeb228/Development/DataDistributionAPI/testing/tests_and_results/DepartmentWordCloud'
2017-07-26 14:45:43,284 INFO o.a.j.s.SaveService: Testplan (JMX) version: 2.2. Testlog (JTL) version: 2.2
2017-07-26 14:45:43,294 INFO o.a.j.s.SaveService: Using SaveService properties file encoding UTF-8
2017-07-26 14:45:43,307 INFO o.a.j.s.SaveService: Using SaveService properties version 3.2
2017-07-26 14:45:43,312 INFO o.a.j.s.SaveService: Loading file: /Users/jeb228/Development/DataDistributionAPI/testing/tests_and_results/DepartmentWordCloud/DepartmentWordClouds.jmx
2017-07-26 14:45:43,345 INFO o.a.j.p.h.s.HTTPSamplerBase: Parser for text/html is org.apache.jmeter.protocol.http.parser.LagartoBasedHtmlParser
2017-07-26 14:45:43,345 INFO o.a.j.p.h.s.HTTPSamplerBase: Parser for application/xhtml+xml is org.apache.jmeter.protocol.http.parser.LagartoBasedHtmlParser
2017-07-26 14:45:43,345 INFO o.a.j.p.h.s.HTTPSamplerBase: Parser for application/xml is org.apache.jmeter.protocol.http.parser.LagartoBasedHtmlParser
2017-07-26 14:45:43,345 INFO o.a.j.p.h.s.HTTPSamplerBase: Parser for text/xml is org.apache.jmeter.protocol.http.parser.LagartoBasedHtmlParser
2017-07-26 14:45:43,345 INFO o.a.j.p.h.s.HTTPSamplerBase: Parser for text/vnd.wap.wml is org.apache.jmeter.protocol.http.parser.RegexpHTMLParser
2017-07-26 14:45:43,345 INFO o.a.j.p.h.s.HTTPSamplerBase: Parser for text/css is org.apache.jmeter.protocol.http.parser.CssParser
2017-07-26 14:45:43,352 INFO o.a.j.JMeter: Creating summariser <summary>
2017-07-26 14:45:43,360 INFO o.a.j.e.StandardJMeterEngine: Running the test!
2017-07-26 14:45:43,360 INFO o.a.j.s.SampleEvent: List of sample_variables: [LABEL]
2017-07-26 14:45:43,361 INFO o.a.j.s.SampleEvent: List of sample_variables: [LABEL]
2017-07-26 14:45:43,364 INFO o.a.j.e.u.CompoundVariable: Note: Function class names must contain the string: '.functions.'
2017-07-26 14:45:43,364 INFO o.a.j.e.u.CompoundVariable: Note: Function class names must not contain the string: '.gui.'
2017-07-26 14:45:43,609 INFO o.a.j.JMeter: Running test (1501094743609)
2017-07-26 14:45:43,640 INFO o.a.j.e.StandardJMeterEngine: Starting ThreadGroup: 1 : The thread Group
2017-07-26 14:45:43,640 INFO o.a.j.e.StandardJMeterEngine: Starting 1 threads for group The thread Group.
2017-07-26 14:45:43,640 INFO o.a.j.e.StandardJMeterEngine: Thread will continue on error
2017-07-26 14:45:43,640 INFO o.a.j.t.ThreadGroup: Starting thread group... number=1 threads=1 ramp-up=1 perThread=1000.0 delayedStart=false
2017-07-26 14:45:43,643 INFO o.a.j.t.ThreadGroup: Started thread group number 1
2017-07-26 14:45:43,643 INFO o.a.j.e.StandardJMeterEngine: All thread groups have been started
2017-07-26 14:45:43,891 INFO o.a.j.t.JMeterThread: Thread started: The thread Group 1-1
2017-07-26 14:45:43,896 INFO o.a.j.s.FileServer: Stored: /Users/jeb228/Development/DataDistributionAPI/testing/tests_and_results/DepartmentWordCloud/DepartmentUris.csv
2017-07-26 14:45:43,916 INFO o.a.j.p.h.s.HTTPHCAbstractImpl: Local host = lib-jeb228-maclap.local
2017-07-26 14:45:43,920 INFO o.a.j.p.h.s.HTTPHC4Impl: HTTP request retry count = 0
2017-07-26 14:45:43,929 INFO o.a.j.s.SampleResult: Note: Sample TimeStamps are START times
2017-07-26 14:45:43,929 INFO o.a.j.s.SampleResult: sampleresult.default.encoding is set to ISO-8859-1
2017-07-26 14:45:43,929 INFO o.a.j.s.SampleResult: sampleresult.useNanoTime=true
2017-07-26 14:45:43,929 INFO o.a.j.s.SampleResult: sampleresult.nanoThreadSleep=5000
2017-07-26 14:47:05,558 INFO o.a.j.r.Summariser: summary +      5 in 00:01:22 =    0.1/s Avg: 16321 Min: 11073 Max: 25290 Err:     0 (0.00%) Active: 1 Started: 1 Finished: 0
2017-07-26 14:48:02,644 INFO o.a.j.r.Summariser: summary +      6 in 00:00:57 =    0.1/s Avg:  9513 Min:  3273 Max: 22640 Err:     0 (0.00%) Active: 1 Started: 1 Finished: 0
2017-07-26 14:48:02,645 INFO o.a.j.r.Summariser: summary =     11 in 00:02:19 =    0.1/s Avg: 12607 Min:  3273 Max: 25290 Err:     0 (0.00%)
2017-07-26 14:48:33,911 INFO o.a.j.r.Summariser: summary +      2 in 00:00:31 =    0.1/s Avg: 15632 Min: 15548 Max: 15717 Err:     0 (0.00%) Active: 1 Started: 1 Finished: 0
2017-07-26 14:48:33,911 INFO o.a.j.r.Summariser: summary =     13 in 00:02:50 =    0.1/s Avg: 13073 Min:  3273 Max: 25290 Err:     0 (0.00%)
2017-07-26 14:49:30,312 INFO o.a.j.r.Summariser: summary +      6 in 00:00:56 =    0.1/s Avg:  9399 Min:  5262 Max: 13771 Err:     0 (0.00%) Active: 1 Started: 1 Finished: 0
2017-07-26 14:49:30,312 INFO o.a.j.r.Summariser: summary =     19 in 00:03:47 =    0.1/s Avg: 11912 Min:  3273 Max: 25290 Err:     0 (0.00%)
2017-07-26 14:51:02,311 INFO o.a.j.r.Summariser: summary +      7 in 00:01:32 =    0.1/s Avg: 13141 Min:  3325 Max: 22847 Err:     0 (0.00%) Active: 1 Started: 1 Finished: 0
2017-07-26 14:51:02,311 INFO o.a.j.r.Summariser: summary =     26 in 00:05:19 =    0.1/s Avg: 12243 Min:  3273 Max: 25290 Err:     0 (0.00%)
2017-07-26 14:52:04,562 INFO o.a.j.r.Summariser: summary +      6 in 00:01:02 =    0.1/s Avg: 10374 Min:  3242 Max: 22807 Err:     0 (0.00%) Active: 1 Started: 1 Finished: 0
2017-07-26 14:52:04,563 INFO o.a.j.r.Summariser: summary =     32 in 00:06:21 =    0.1/s Avg: 11893 Min:  3242 Max: 25290 Err:     0 (0.00%)
2017-07-26 14:52:35,712 INFO o.a.j.r.Summariser: summary +      2 in 00:00:31 =    0.1/s Avg: 15573 Min: 12908 Max: 18239 Err:     0 (0.00%) Active: 1 Started: 1 Finished: 0
2017-07-26 14:52:35,712 INFO o.a.j.r.Summariser: summary =     34 in 00:06:52 =    0.1/s Avg: 12109 Min:  3242 Max: 25290 Err:     0 (0.00%)
2017-07-26 14:53:05,794 INFO o.a.j.r.Summariser: summary +      3 in 00:00:30 =    0.1/s Avg: 10027 Min:  7017 Max: 12195 Err:     0 (0.00%) Active: 1 Started: 1 Finished: 0
2017-07-26 14:53:05,794 INFO o.a.j.r.Summariser: summary =     37 in 00:07:22 =    0.1/s Avg: 11940 Min:  3242 Max: 25290 Err:     0 (0.00%)
2017-07-26 14:54:00,971 INFO o.a.j.r.Summariser: summary +      5 in 00:00:55 =    0.1/s Avg: 11034 Min:  3287 Max: 22698 Err:     0 (0.00%) Active: 1 Started: 1 Finished: 0
2017-07-26 14:54:00,971 INFO o.a.j.r.Summariser: summary =     42 in 00:08:17 =    0.1/s Avg: 11832 Min:  3242 Max: 25290 Err:     0 (0.00%)
2017-07-26 14:55:04,069 INFO o.a.j.r.Summariser: summary +      6 in 00:01:03 =    0.1/s Avg: 10515 Min:  5253 Max: 16826 Err:     0 (0.00%) Active: 1 Started: 1 Finished: 0
2017-07-26 14:55:04,069 INFO o.a.j.r.Summariser: summary =     48 in 00:09:20 =    0.1/s Avg: 11668 Min:  3242 Max: 25290 Err:     0 (0.00%)
2017-07-26 14:58:05,234 INFO o.a.j.r.Summariser: summary +     14 in 00:03:01 =    0.1/s Avg: 12939 Min:  3274 Max: 22947 Err:     0 (0.00%) Active: 1 Started: 1 Finished: 0
2017-07-26 14:58:05,234 INFO o.a.j.r.Summariser: summary =     62 in 00:12:22 =    0.1/s Avg: 11955 Min:  3242 Max: 25290 Err:     0 (0.00%)
2017-07-26 14:58:33,591 INFO o.a.j.r.Summariser: summary +      2 in 00:00:28 =    0.1/s Avg: 14178 Min: 11774 Max: 16582 Err:     0 (0.00%) Active: 1 Started: 1 Finished: 0
2017-07-26 14:58:33,591 INFO o.a.j.r.Summariser: summary =     64 in 00:12:50 =    0.1/s Avg: 12024 Min:  3242 Max: 25290 Err:     0 (0.00%)
2017-07-26 14:59:05,680 INFO o.a.j.r.Summariser: summary +      3 in 00:00:32 =    0.1/s Avg: 10695 Min:  7949 Max: 12767 Err:     0 (0.00%) Active: 1 Started: 1 Finished: 0
2017-07-26 14:59:05,680 INFO o.a.j.r.Summariser: summary =     67 in 00:13:22 =    0.1/s Avg: 11965 Min:  3242 Max: 25290 Err:     0 (0.00%)
2017-07-26 15:00:02,166 INFO o.a.j.r.Summariser: summary +      5 in 00:00:56 =    0.1/s Avg: 11296 Min:  3545 Max: 22725 Err:     0 (0.00%) Active: 1 Started: 1 Finished: 0
2017-07-26 15:00:02,166 INFO o.a.j.r.Summariser: summary =     72 in 00:14:19 =    0.1/s Avg: 11918 Min:  3242 Max: 25290 Err:     0 (0.00%)
2017-07-26 15:01:01,087 INFO o.a.j.r.Summariser: summary +      5 in 00:00:59 =    0.1/s Avg: 11783 Min:  7701 Max: 15794 Err:     0 (0.00%) Active: 1 Started: 1 Finished: 0
2017-07-26 15:01:01,088 INFO o.a.j.r.Summariser: summary =     77 in 00:15:17 =    0.1/s Avg: 11910 Min:  3242 Max: 25290 Err:     0 (0.00%)
2017-07-26 15:03:02,064 INFO o.a.j.r.Summariser: summary +     11 in 00:02:01 =    0.1/s Avg: 10997 Min:  3900 Max: 22838 Err:     0 (0.00%) Active: 1 Started: 1 Finished: 0
2017-07-26 15:03:02,064 INFO o.a.j.r.Summariser: summary =     88 in 00:17:18 =    0.1/s Avg: 11795 Min:  3242 Max: 25290 Err:     0 (0.00%)
2017-07-26 15:04:32,448 INFO o.a.j.r.Summariser: summary +      7 in 00:01:30 =    0.1/s Avg: 12911 Min:  3469 Max: 23116 Err:     0 (0.00%) Active: 1 Started: 1 Finished: 0
2017-07-26 15:04:32,448 INFO o.a.j.r.Summariser: summary =     95 in 00:18:49 =    0.1/s Avg: 11878 Min:  3242 Max: 25290 Err:     0 (0.00%)
2017-07-26 15:05:04,036 INFO o.a.j.r.Summariser: summary +      4 in 00:00:32 =    0.1/s Avg:  7896 Min:  5487 Max: 11203 Err:     0 (0.00%) Active: 1 Started: 1 Finished: 0
2017-07-26 15:05:04,037 INFO o.a.j.r.Summariser: summary =     99 in 00:19:20 =    0.1/s Avg: 11717 Min:  3242 Max: 25290 Err:     0 (0.00%)
2017-07-26 15:05:07,304 INFO o.a.j.t.JMeterThread: Thread is done: The thread Group 1-1
2017-07-26 15:05:07,304 INFO o.a.j.t.JMeterThread: Thread finished: The thread Group 1-1
2017-07-26 15:05:07,305 INFO o.a.j.e.StandardJMeterEngine: Notifying test listeners of end of test
2017-07-26 15:05:07,305 INFO o.a.j.s.FileServer: Close: /Users/jeb228/Development/DataDistributionAPI/testing/tests_and_results/DepartmentWordCloud/DepartmentUris.csv
2017-07-26 15:05:07,306 INFO o.a.j.r.Summariser: summary +      1 in 00:00:03 =    0.3/s Avg:  3267 Min:  3267 Max:  3267 Err:     0 (0.00%) Active: 0 Started: 1 Finished: 1
2017-07-26 15:05:07,306 INFO o.a.j.r.Summariser: summary =    100 in 00:19:24 =    0.1/s Avg: 11632 Min:  3242 Max: 25290 Err:     0 (0.00%)
