2017-07-26 18:54:14,480 INFO o.a.j.u.JMeterUtils: Setting Locale to en_US
2017-07-26 18:54:14,490 INFO o.a.j.JMeter: Loading user properties from: /Users/jeb228/Software/forMac/JMeter/apache-jmeter-3.2/bin/user.properties
2017-07-26 18:54:14,491 INFO o.a.j.JMeter: Loading system properties from: /Users/jeb228/Software/forMac/JMeter/apache-jmeter-3.2/bin/system.properties
2017-07-26 18:54:14,491 INFO o.a.j.JMeter: Setting JMeter property: dir.base=/Users/jeb228/Development/DataDistributionAPI/testing/tests_and_results/OrganizationResearchAreas/_results
2017-07-26 18:54:14,492 INFO o.a.j.JMeter: Setting JMeter property: dir.output=/Users/jeb228/Development/DataDistributionAPI/testing/tests_and_results/OrganizationResearchAreas/_results/vivo_ora_drill_L3_1
2017-07-26 18:54:14,492 INFO o.a.j.JMeter: Setting JMeter property: context.path=vivo
2017-07-26 18:54:14,492 INFO o.a.j.JMeter: Setting JMeter property: action.name=ora_drill_L3
2017-07-26 18:54:14,492 INFO o.a.j.JMeter: Setting JMeter property: file.uris=/Users/jeb228/Development/DataDistributionAPI/testing/tests_and_results/OrganizationResearchAreas/OrganizationUris.csv
2017-07-26 18:54:14,492 INFO o.a.j.JMeter: Setting JMeter property: sample_variables=LABEL
2017-07-26 18:54:14,495 INFO o.a.j.JMeter: Copyright (c) 1998-2017 The Apache Software Foundation
2017-07-26 18:54:14,495 INFO o.a.j.JMeter: Version 3.2 r1790748
2017-07-26 18:54:14,495 INFO o.a.j.JMeter: java.version=1.8.0_131
2017-07-26 18:54:14,495 INFO o.a.j.JMeter: java.vm.name=Java HotSpot(TM) 64-Bit Server VM
2017-07-26 18:54:14,495 INFO o.a.j.JMeter: os.name=Mac OS X
2017-07-26 18:54:14,495 INFO o.a.j.JMeter: os.arch=x86_64
2017-07-26 18:54:14,495 INFO o.a.j.JMeter: os.version=10.12.6
2017-07-26 18:54:14,495 INFO o.a.j.JMeter: file.encoding=UTF-8
2017-07-26 18:54:14,495 INFO o.a.j.JMeter: Max memory     =536870912
2017-07-26 18:54:14,495 INFO o.a.j.JMeter: Available Processors =4
2017-07-26 18:54:14,498 INFO o.a.j.JMeter: Default Locale=English (United States)
2017-07-26 18:54:14,498 INFO o.a.j.JMeter: JMeter  Locale=English (United States)
2017-07-26 18:54:14,498 INFO o.a.j.JMeter: JMeterHome=/Users/jeb228/Software/forMac/JMeter/apache-jmeter-3.2
2017-07-26 18:54:14,498 INFO o.a.j.JMeter: user.dir  =/Users/jeb228/Development/DataDistributionAPI/testing/tests_and_results/OrganizationResearchAreas/_results
2017-07-26 18:54:14,499 INFO o.a.j.JMeter: PWD       =/Users/jeb228/Development/DataDistributionAPI/testing/tests_and_results/OrganizationResearchAreas/_results
2017-07-26 18:54:14,505 INFO o.a.j.JMeter: IP: 10.0.1.36 Name: lib-jeb228-maclap.local FullName: 10.0.1.36
2017-07-26 18:54:14,507 INFO o.a.j.s.FileServer: Default base='/Users/jeb228/Development/DataDistributionAPI/testing/tests_and_results/OrganizationResearchAreas/_results'
2017-07-26 18:54:14,508 INFO o.a.j.s.FileServer: Set new base='/Users/jeb228/Development/DataDistributionAPI/testing/tests_and_results/OrganizationResearchAreas'
2017-07-26 18:54:14,591 INFO o.a.j.s.SaveService: Testplan (JMX) version: 2.2. Testlog (JTL) version: 2.2
2017-07-26 18:54:14,600 INFO o.a.j.s.SaveService: Using SaveService properties file encoding UTF-8
2017-07-26 18:54:14,611 INFO o.a.j.s.SaveService: Using SaveService properties version 3.2
2017-07-26 18:54:14,616 INFO o.a.j.s.SaveService: Loading file: /Users/jeb228/Development/DataDistributionAPI/testing/tests_and_results/OrganizationResearchAreas/OrganizationResearchAreas.jmx
2017-07-26 18:54:14,648 INFO o.a.j.p.h.s.HTTPSamplerBase: Parser for text/html is org.apache.jmeter.protocol.http.parser.LagartoBasedHtmlParser
2017-07-26 18:54:14,648 INFO o.a.j.p.h.s.HTTPSamplerBase: Parser for application/xhtml+xml is org.apache.jmeter.protocol.http.parser.LagartoBasedHtmlParser
2017-07-26 18:54:14,648 INFO o.a.j.p.h.s.HTTPSamplerBase: Parser for application/xml is org.apache.jmeter.protocol.http.parser.LagartoBasedHtmlParser
2017-07-26 18:54:14,648 INFO o.a.j.p.h.s.HTTPSamplerBase: Parser for text/xml is org.apache.jmeter.protocol.http.parser.LagartoBasedHtmlParser
2017-07-26 18:54:14,648 INFO o.a.j.p.h.s.HTTPSamplerBase: Parser for text/vnd.wap.wml is org.apache.jmeter.protocol.http.parser.RegexpHTMLParser
2017-07-26 18:54:14,648 INFO o.a.j.p.h.s.HTTPSamplerBase: Parser for text/css is org.apache.jmeter.protocol.http.parser.CssParser
2017-07-26 18:54:14,655 INFO o.a.j.JMeter: Creating summariser <summary>
2017-07-26 18:54:14,662 INFO o.a.j.e.StandardJMeterEngine: Running the test!
2017-07-26 18:54:14,663 INFO o.a.j.s.SampleEvent: List of sample_variables: [LABEL]
2017-07-26 18:54:14,663 INFO o.a.j.s.SampleEvent: List of sample_variables: [LABEL]
2017-07-26 18:54:14,665 INFO o.a.j.e.u.CompoundVariable: Note: Function class names must contain the string: '.functions.'
2017-07-26 18:54:14,665 INFO o.a.j.e.u.CompoundVariable: Note: Function class names must not contain the string: '.gui.'
2017-07-26 18:54:14,895 INFO o.a.j.JMeter: Running test (1501109654895)
2017-07-26 18:54:14,930 INFO o.a.j.e.StandardJMeterEngine: Starting ThreadGroup: 1 : The thread Group
2017-07-26 18:54:14,930 INFO o.a.j.e.StandardJMeterEngine: Starting 1 threads for group The thread Group.
2017-07-26 18:54:14,930 INFO o.a.j.e.StandardJMeterEngine: Thread will continue on error
2017-07-26 18:54:14,930 INFO o.a.j.t.ThreadGroup: Starting thread group... number=1 threads=1 ramp-up=1 perThread=1000.0 delayedStart=false
2017-07-26 18:54:14,934 INFO o.a.j.t.ThreadGroup: Started thread group number 1
2017-07-26 18:54:14,934 INFO o.a.j.e.StandardJMeterEngine: All thread groups have been started
2017-07-26 18:54:15,025 INFO o.a.j.t.JMeterThread: Thread started: The thread Group 1-1
2017-07-26 18:54:15,028 INFO o.a.j.s.FileServer: Stored: /Users/jeb228/Development/DataDistributionAPI/testing/tests_and_results/OrganizationResearchAreas/OrganizationUris.csv
2017-07-26 18:54:15,039 INFO o.a.j.p.h.s.HTTPHCAbstractImpl: Local host = lib-jeb228-maclap.local
2017-07-26 18:54:15,043 INFO o.a.j.p.h.s.HTTPHC4Impl: HTTP request retry count = 0
2017-07-26 18:54:15,048 INFO o.a.j.s.SampleResult: Note: Sample TimeStamps are START times
2017-07-26 18:54:15,048 INFO o.a.j.s.SampleResult: sampleresult.default.encoding is set to ISO-8859-1
2017-07-26 18:54:15,048 INFO o.a.j.s.SampleResult: sampleresult.useNanoTime=true
2017-07-26 18:54:15,048 INFO o.a.j.s.SampleResult: sampleresult.nanoThreadSleep=5000
2017-07-26 18:54:32,102 INFO o.a.j.r.Summariser: summary +      1 in 00:00:17 =    0.1/s Avg: 17038 Min: 17038 Max: 17038 Err:     0 (0.00%) Active: 1 Started: 1 Finished: 0
2017-07-26 18:55:01,152 INFO o.a.j.r.Summariser: summary +      6 in 00:00:29 =    0.2/s Avg:  4840 Min:  3982 Max:  6209 Err:     0 (0.00%) Active: 1 Started: 1 Finished: 0
2017-07-26 18:55:01,153 INFO o.a.j.r.Summariser: summary =      7 in 00:00:46 =    0.2/s Avg:  6583 Min:  3982 Max: 17038 Err:     0 (0.00%)
2017-07-26 18:55:33,653 INFO o.a.j.r.Summariser: summary +      5 in 00:00:33 =    0.2/s Avg:  6499 Min:  3282 Max: 16019 Err:     0 (0.00%) Active: 1 Started: 1 Finished: 0
2017-07-26 18:55:33,654 INFO o.a.j.r.Summariser: summary =     12 in 00:01:19 =    0.2/s Avg:  6548 Min:  3282 Max: 17038 Err:     0 (0.00%)
2017-07-26 18:56:03,154 INFO o.a.j.r.Summariser: summary +      7 in 00:00:30 =    0.2/s Avg:  4213 Min:  3540 Max:  5043 Err:     0 (0.00%) Active: 1 Started: 1 Finished: 0
2017-07-26 18:56:03,154 INFO o.a.j.r.Summariser: summary =     19 in 00:01:48 =    0.2/s Avg:  5688 Min:  3282 Max: 17038 Err:     0 (0.00%)
2017-07-26 18:56:33,742 INFO o.a.j.r.Summariser: summary +      4 in 00:00:31 =    0.1/s Avg:  7646 Min:  3284 Max: 15985 Err:     0 (0.00%) Active: 1 Started: 1 Finished: 0
2017-07-26 18:56:33,742 INFO o.a.j.r.Summariser: summary =     23 in 00:02:19 =    0.2/s Avg:  6028 Min:  3282 Max: 17038 Err:     0 (0.00%)
2017-07-26 18:57:01,059 INFO o.a.j.r.Summariser: summary +      7 in 00:00:27 =    0.3/s Avg:  3901 Min:  2947 Max:  4670 Err:     0 (0.00%) Active: 1 Started: 1 Finished: 0
2017-07-26 18:57:01,059 INFO o.a.j.r.Summariser: summary =     30 in 00:02:46 =    0.2/s Avg:  5532 Min:  2947 Max: 17038 Err:     0 (0.00%)
2017-07-26 18:57:33,869 INFO o.a.j.r.Summariser: summary +      4 in 00:00:33 =    0.1/s Avg:  8202 Min:  4948 Max: 15903 Err:     0 (0.00%) Active: 1 Started: 1 Finished: 0
2017-07-26 18:57:33,869 INFO o.a.j.r.Summariser: summary =     34 in 00:03:19 =    0.2/s Avg:  5846 Min:  2947 Max: 17038 Err:     0 (0.00%)
2017-07-26 18:58:32,696 INFO o.a.j.r.Summariser: summary +     11 in 00:00:59 =    0.2/s Avg:  5347 Min:  3287 Max: 15762 Err:     0 (0.00%) Active: 1 Started: 1 Finished: 0
2017-07-26 18:58:32,696 INFO o.a.j.r.Summariser: summary =     45 in 00:04:18 =    0.2/s Avg:  5724 Min:  2947 Max: 17038 Err:     0 (0.00%)
2017-07-26 18:59:30,954 INFO o.a.j.r.Summariser: summary +     11 in 00:00:58 =    0.2/s Avg:  5295 Min:  3267 Max: 15903 Err:     0 (0.00%) Active: 1 Started: 1 Finished: 0
2017-07-26 18:59:30,955 INFO o.a.j.r.Summariser: summary =     56 in 00:05:16 =    0.2/s Avg:  5640 Min:  2947 Max: 17038 Err:     0 (0.00%)
2017-07-26 19:00:00,959 INFO o.a.j.r.Summariser: summary +      5 in 00:00:30 =    0.2/s Avg:  6000 Min:  3216 Max: 15928 Err:     0 (0.00%) Active: 1 Started: 1 Finished: 0
2017-07-26 19:00:00,959 INFO o.a.j.r.Summariser: summary =     61 in 00:05:46 =    0.2/s Avg:  5669 Min:  2947 Max: 17038 Err:     0 (0.00%)
2017-07-26 19:00:32,904 INFO o.a.j.r.Summariser: summary +      7 in 00:00:32 =    0.2/s Avg:  4562 Min:  3740 Max:  5965 Err:     0 (0.00%) Active: 1 Started: 1 Finished: 0
2017-07-26 19:00:32,905 INFO o.a.j.r.Summariser: summary =     68 in 00:06:18 =    0.2/s Avg:  5555 Min:  2947 Max: 17038 Err:     0 (0.00%)
2017-07-26 19:01:01,485 INFO o.a.j.r.Summariser: summary +      4 in 00:00:29 =    0.1/s Avg:  7144 Min:  3182 Max: 15692 Err:     0 (0.00%) Active: 1 Started: 1 Finished: 0
2017-07-26 19:01:01,485 INFO o.a.j.r.Summariser: summary =     72 in 00:06:47 =    0.2/s Avg:  5644 Min:  2947 Max: 17038 Err:     0 (0.00%)
2017-07-26 19:01:30,567 INFO o.a.j.r.Summariser: summary +      7 in 00:00:29 =    0.2/s Avg:  4153 Min:  3384 Max:  5120 Err:     0 (0.00%) Active: 1 Started: 1 Finished: 0
2017-07-26 19:01:30,567 INFO o.a.j.r.Summariser: summary =     79 in 00:07:16 =    0.2/s Avg:  5511 Min:  2947 Max: 17038 Err:     0 (0.00%)
2017-07-26 19:02:00,765 INFO o.a.j.r.Summariser: summary +      4 in 00:00:30 =    0.1/s Avg:  7548 Min:  3269 Max: 15978 Err:     0 (0.00%) Active: 1 Started: 1 Finished: 0
2017-07-26 19:02:00,765 INFO o.a.j.r.Summariser: summary =     83 in 00:07:46 =    0.2/s Avg:  5610 Min:  2947 Max: 17038 Err:     0 (0.00%)
2017-07-26 19:03:03,795 INFO o.a.j.r.Summariser: summary +     12 in 00:01:03 =    0.2/s Avg:  5251 Min:  2900 Max: 16020 Err:     0 (0.00%) Active: 1 Started: 1 Finished: 0
2017-07-26 19:03:03,795 INFO o.a.j.r.Summariser: summary =     95 in 00:08:49 =    0.2/s Avg:  5564 Min:  2900 Max: 17038 Err:     0 (0.00%)
2017-07-26 19:03:22,181 INFO o.a.j.t.JMeterThread: Thread is done: The thread Group 1-1
2017-07-26 19:03:22,181 INFO o.a.j.t.JMeterThread: Thread finished: The thread Group 1-1
2017-07-26 19:03:22,182 INFO o.a.j.e.StandardJMeterEngine: Notifying test listeners of end of test
2017-07-26 19:03:22,182 INFO o.a.j.s.FileServer: Close: /Users/jeb228/Development/DataDistributionAPI/testing/tests_and_results/OrganizationResearchAreas/OrganizationUris.csv
2017-07-26 19:03:22,183 INFO o.a.j.r.Summariser: summary +      5 in 00:00:18 =    0.3/s Avg:  3676 Min:  3168 Max:  3960 Err:     0 (0.00%) Active: 0 Started: 1 Finished: 1
2017-07-26 19:03:22,183 INFO o.a.j.r.Summariser: summary =    100 in 00:09:07 =    0.2/s Avg:  5470 Min:  2900 Max: 17038 Err:     0 (0.00%)
