2017-07-26 18:04:20,024 INFO o.a.j.u.JMeterUtils: Setting Locale to en_US
2017-07-26 18:04:20,034 INFO o.a.j.JMeter: Loading user properties from: /Users/jeb228/Software/forMac/JMeter/apache-jmeter-3.2/bin/user.properties
2017-07-26 18:04:20,035 INFO o.a.j.JMeter: Loading system properties from: /Users/jeb228/Software/forMac/JMeter/apache-jmeter-3.2/bin/system.properties
2017-07-26 18:04:20,035 INFO o.a.j.JMeter: Setting JMeter property: dir.base=/Users/jeb228/Development/DataDistributionAPI/testing/tests_and_results/DepartmentWordCloud/_results
2017-07-26 18:04:20,035 INFO o.a.j.JMeter: Setting JMeter property: dir.output=/Users/jeb228/Development/DataDistributionAPI/testing/tests_and_results/DepartmentWordCloud/_results/vivo_dwc_deeper_1
2017-07-26 18:04:20,035 INFO o.a.j.JMeter: Setting JMeter property: context.path=vivo
2017-07-26 18:04:20,035 INFO o.a.j.JMeter: Setting JMeter property: action.name=dwc_deeper
2017-07-26 18:04:20,036 INFO o.a.j.JMeter: Setting JMeter property: file.uris=/Users/jeb228/Development/DataDistributionAPI/testing/tests_and_results/DepartmentWordCloud/DepartmentUris.csv
2017-07-26 18:04:20,036 INFO o.a.j.JMeter: Setting JMeter property: sample_variables=LABEL
2017-07-26 18:04:20,039 INFO o.a.j.JMeter: Copyright (c) 1998-2017 The Apache Software Foundation
2017-07-26 18:04:20,039 INFO o.a.j.JMeter: Version 3.2 r1790748
2017-07-26 18:04:20,039 INFO o.a.j.JMeter: java.version=1.8.0_131
2017-07-26 18:04:20,039 INFO o.a.j.JMeter: java.vm.name=Java HotSpot(TM) 64-Bit Server VM
2017-07-26 18:04:20,039 INFO o.a.j.JMeter: os.name=Mac OS X
2017-07-26 18:04:20,039 INFO o.a.j.JMeter: os.arch=x86_64
2017-07-26 18:04:20,040 INFO o.a.j.JMeter: os.version=10.12.6
2017-07-26 18:04:20,040 INFO o.a.j.JMeter: file.encoding=UTF-8
2017-07-26 18:04:20,040 INFO o.a.j.JMeter: Max memory     =536870912
2017-07-26 18:04:20,040 INFO o.a.j.JMeter: Available Processors =4
2017-07-26 18:04:20,042 INFO o.a.j.JMeter: Default Locale=English (United States)
2017-07-26 18:04:20,043 INFO o.a.j.JMeter: JMeter  Locale=English (United States)
2017-07-26 18:04:20,043 INFO o.a.j.JMeter: JMeterHome=/Users/jeb228/Software/forMac/JMeter/apache-jmeter-3.2
2017-07-26 18:04:20,043 INFO o.a.j.JMeter: user.dir  =/Users/jeb228/Development/DataDistributionAPI/testing/tests_and_results/DepartmentWordCloud/_results
2017-07-26 18:04:20,043 INFO o.a.j.JMeter: PWD       =/Users/jeb228/Development/DataDistributionAPI/testing/tests_and_results/DepartmentWordCloud/_results
2017-07-26 18:04:20,049 INFO o.a.j.JMeter: IP: 10.0.1.36 Name: lib-jeb228-maclap.local FullName: 10.0.1.36
2017-07-26 18:04:20,052 INFO o.a.j.s.FileServer: Default base='/Users/jeb228/Development/DataDistributionAPI/testing/tests_and_results/DepartmentWordCloud/_results'
2017-07-26 18:04:20,052 INFO o.a.j.s.FileServer: Set new base='/Users/jeb228/Development/DataDistributionAPI/testing/tests_and_results/DepartmentWordCloud'
2017-07-26 18:04:20,130 INFO o.a.j.s.SaveService: Testplan (JMX) version: 2.2. Testlog (JTL) version: 2.2
2017-07-26 18:04:20,143 INFO o.a.j.s.SaveService: Using SaveService properties file encoding UTF-8
2017-07-26 18:04:20,154 INFO o.a.j.s.SaveService: Using SaveService properties version 3.2
2017-07-26 18:04:20,160 INFO o.a.j.s.SaveService: Loading file: /Users/jeb228/Development/DataDistributionAPI/testing/tests_and_results/DepartmentWordCloud/DepartmentWordClouds.jmx
2017-07-26 18:04:20,192 INFO o.a.j.p.h.s.HTTPSamplerBase: Parser for text/html is org.apache.jmeter.protocol.http.parser.LagartoBasedHtmlParser
2017-07-26 18:04:20,192 INFO o.a.j.p.h.s.HTTPSamplerBase: Parser for application/xhtml+xml is org.apache.jmeter.protocol.http.parser.LagartoBasedHtmlParser
2017-07-26 18:04:20,192 INFO o.a.j.p.h.s.HTTPSamplerBase: Parser for application/xml is org.apache.jmeter.protocol.http.parser.LagartoBasedHtmlParser
2017-07-26 18:04:20,192 INFO o.a.j.p.h.s.HTTPSamplerBase: Parser for text/xml is org.apache.jmeter.protocol.http.parser.LagartoBasedHtmlParser
2017-07-26 18:04:20,192 INFO o.a.j.p.h.s.HTTPSamplerBase: Parser for text/vnd.wap.wml is org.apache.jmeter.protocol.http.parser.RegexpHTMLParser
2017-07-26 18:04:20,192 INFO o.a.j.p.h.s.HTTPSamplerBase: Parser for text/css is org.apache.jmeter.protocol.http.parser.CssParser
2017-07-26 18:04:20,199 INFO o.a.j.JMeter: Creating summariser <summary>
2017-07-26 18:04:20,207 INFO o.a.j.e.StandardJMeterEngine: Running the test!
2017-07-26 18:04:20,207 INFO o.a.j.s.SampleEvent: List of sample_variables: [LABEL]
2017-07-26 18:04:20,207 INFO o.a.j.s.SampleEvent: List of sample_variables: [LABEL]
2017-07-26 18:04:20,210 INFO o.a.j.e.u.CompoundVariable: Note: Function class names must contain the string: '.functions.'
2017-07-26 18:04:20,210 INFO o.a.j.e.u.CompoundVariable: Note: Function class names must not contain the string: '.gui.'
2017-07-26 18:04:20,441 INFO o.a.j.JMeter: Running test (1501106660441)
2017-07-26 18:04:20,480 INFO o.a.j.e.StandardJMeterEngine: Starting ThreadGroup: 1 : The thread Group
2017-07-26 18:04:20,480 INFO o.a.j.e.StandardJMeterEngine: Starting 1 threads for group The thread Group.
2017-07-26 18:04:20,480 INFO o.a.j.e.StandardJMeterEngine: Thread will continue on error
2017-07-26 18:04:20,481 INFO o.a.j.t.ThreadGroup: Starting thread group... number=1 threads=1 ramp-up=1 perThread=1000.0 delayedStart=false
2017-07-26 18:04:20,485 INFO o.a.j.t.ThreadGroup: Started thread group number 1
2017-07-26 18:04:20,485 INFO o.a.j.e.StandardJMeterEngine: All thread groups have been started
2017-07-26 18:04:20,576 INFO o.a.j.t.JMeterThread: Thread started: The thread Group 1-1
2017-07-26 18:04:20,578 INFO o.a.j.s.FileServer: Stored: /Users/jeb228/Development/DataDistributionAPI/testing/tests_and_results/DepartmentWordCloud/DepartmentUris.csv
2017-07-26 18:04:20,591 INFO o.a.j.p.h.s.HTTPHCAbstractImpl: Local host = lib-jeb228-maclap.local
2017-07-26 18:04:20,594 INFO o.a.j.p.h.s.HTTPHC4Impl: HTTP request retry count = 0
2017-07-26 18:04:20,599 INFO o.a.j.s.SampleResult: Note: Sample TimeStamps are START times
2017-07-26 18:04:20,599 INFO o.a.j.s.SampleResult: sampleresult.default.encoding is set to ISO-8859-1
2017-07-26 18:04:20,599 INFO o.a.j.s.SampleResult: sampleresult.useNanoTime=true
2017-07-26 18:04:20,599 INFO o.a.j.s.SampleResult: sampleresult.nanoThreadSleep=5000
2017-07-26 18:04:35,972 INFO o.a.j.r.Summariser: summary +      1 in 00:00:16 =    0.1/s Avg: 15356 Min: 15356 Max: 15356 Err:     0 (0.00%) Active: 1 Started: 1 Finished: 0
2017-07-26 18:05:01,808 INFO o.a.j.r.Summariser: summary +      6 in 00:00:26 =    0.2/s Avg:  4305 Min:  2833 Max:  6506 Err:     0 (0.00%) Active: 1 Started: 1 Finished: 0
2017-07-26 18:05:01,808 INFO o.a.j.r.Summariser: summary =      7 in 00:00:41 =    0.2/s Avg:  5884 Min:  2833 Max: 15356 Err:     0 (0.00%)
2017-07-26 18:05:34,184 INFO o.a.j.r.Summariser: summary +      5 in 00:00:32 =    0.2/s Avg:  6474 Min:  3069 Max: 14678 Err:     0 (0.00%) Active: 1 Started: 1 Finished: 0
2017-07-26 18:05:34,184 INFO o.a.j.r.Summariser: summary =     12 in 00:01:14 =    0.2/s Avg:  6129 Min:  2833 Max: 15356 Err:     0 (0.00%)
2017-07-26 18:06:00,683 INFO o.a.j.r.Summariser: summary +      7 in 00:00:26 =    0.3/s Avg:  3785 Min:  2668 Max:  4760 Err:     0 (0.00%) Active: 1 Started: 1 Finished: 0
2017-07-26 18:06:00,684 INFO o.a.j.r.Summariser: summary =     19 in 00:01:40 =    0.2/s Avg:  5266 Min:  2668 Max: 15356 Err:     0 (0.00%)
2017-07-26 18:06:30,276 INFO o.a.j.r.Summariser: summary +      4 in 00:00:30 =    0.1/s Avg:  7397 Min:  4059 Max: 14527 Err:     0 (0.00%) Active: 1 Started: 1 Finished: 0
2017-07-26 18:06:30,277 INFO o.a.j.r.Summariser: summary =     23 in 00:02:10 =    0.2/s Avg:  5636 Min:  2668 Max: 15356 Err:     0 (0.00%)
2017-07-26 18:07:31,270 INFO o.a.j.r.Summariser: summary +     12 in 00:01:01 =    0.2/s Avg:  5082 Min:  3113 Max: 14602 Err:     0 (0.00%) Active: 1 Started: 1 Finished: 0
2017-07-26 18:07:31,270 INFO o.a.j.r.Summariser: summary =     35 in 00:03:11 =    0.2/s Avg:  5446 Min:  2668 Max: 15356 Err:     0 (0.00%)
2017-07-26 18:08:03,709 INFO o.a.j.r.Summariser: summary +      6 in 00:00:32 =    0.2/s Avg:  5405 Min:  2957 Max: 14473 Err:     0 (0.00%) Active: 1 Started: 1 Finished: 0
2017-07-26 18:08:03,710 INFO o.a.j.r.Summariser: summary =     41 in 00:03:43 =    0.2/s Avg:  5440 Min:  2668 Max: 15356 Err:     0 (0.00%)
2017-07-26 18:08:33,491 INFO o.a.j.r.Summariser: summary +      7 in 00:00:30 =    0.2/s Avg:  4254 Min:  2952 Max:  6499 Err:     0 (0.00%) Active: 1 Started: 1 Finished: 0
2017-07-26 18:08:33,492 INFO o.a.j.r.Summariser: summary =     48 in 00:04:13 =    0.2/s Avg:  5267 Min:  2668 Max: 15356 Err:     0 (0.00%)
2017-07-26 18:09:01,911 INFO o.a.j.r.Summariser: summary +      4 in 00:00:28 =    0.1/s Avg:  7103 Min:  2786 Max: 14538 Err:     0 (0.00%) Active: 1 Started: 1 Finished: 0
2017-07-26 18:09:01,911 INFO o.a.j.r.Summariser: summary =     52 in 00:04:41 =    0.2/s Avg:  5408 Min:  2668 Max: 15356 Err:     0 (0.00%)
2017-07-26 18:09:32,594 INFO o.a.j.r.Summariser: summary +      8 in 00:00:31 =    0.3/s Avg:  3834 Min:  2622 Max:  5088 Err:     0 (0.00%) Active: 1 Started: 1 Finished: 0
2017-07-26 18:09:32,594 INFO o.a.j.r.Summariser: summary =     60 in 00:05:12 =    0.2/s Avg:  5198 Min:  2622 Max: 15356 Err:     0 (0.00%)
2017-07-26 18:10:02,507 INFO o.a.j.r.Summariser: summary +      4 in 00:00:30 =    0.1/s Avg:  7477 Min:  4187 Max: 14801 Err:     0 (0.00%) Active: 1 Started: 1 Finished: 0
2017-07-26 18:10:02,507 INFO o.a.j.r.Summariser: summary =     64 in 00:05:42 =    0.2/s Avg:  5341 Min:  2622 Max: 15356 Err:     0 (0.00%)
2017-07-26 18:11:01,862 INFO o.a.j.r.Summariser: summary +     12 in 00:00:59 =    0.2/s Avg:  4945 Min:  2927 Max: 14899 Err:     0 (0.00%) Active: 1 Started: 1 Finished: 0
2017-07-26 18:11:01,862 INFO o.a.j.r.Summariser: summary =     76 in 00:06:41 =    0.2/s Avg:  5278 Min:  2622 Max: 15356 Err:     0 (0.00%)
2017-07-26 18:11:31,343 INFO o.a.j.r.Summariser: summary +      5 in 00:00:29 =    0.2/s Avg:  5895 Min:  3413 Max: 14507 Err:     0 (0.00%) Active: 1 Started: 1 Finished: 0
2017-07-26 18:11:31,343 INFO o.a.j.r.Summariser: summary =     81 in 00:07:11 =    0.2/s Avg:  5316 Min:  2622 Max: 15356 Err:     0 (0.00%)
2017-07-26 18:12:00,999 INFO o.a.j.r.Summariser: summary +      7 in 00:00:30 =    0.2/s Avg:  4236 Min:  2621 Max:  6475 Err:     0 (0.00%) Active: 1 Started: 1 Finished: 0
2017-07-26 18:12:01,000 INFO o.a.j.r.Summariser: summary =     88 in 00:07:41 =    0.2/s Avg:  5231 Min:  2621 Max: 15356 Err:     0 (0.00%)
2017-07-26 18:12:33,231 INFO o.a.j.r.Summariser: summary +      5 in 00:00:32 =    0.2/s Avg:  6445 Min:  2784 Max: 14534 Err:     0 (0.00%) Active: 1 Started: 1 Finished: 0
2017-07-26 18:12:33,232 INFO o.a.j.r.Summariser: summary =     93 in 00:08:13 =    0.2/s Avg:  5296 Min:  2621 Max: 15356 Err:     0 (0.00%)
2017-07-26 18:12:59,913 INFO o.a.j.t.JMeterThread: Thread is done: The thread Group 1-1
2017-07-26 18:12:59,913 INFO o.a.j.t.JMeterThread: Thread finished: The thread Group 1-1
2017-07-26 18:12:59,914 INFO o.a.j.e.StandardJMeterEngine: Notifying test listeners of end of test
2017-07-26 18:12:59,914 INFO o.a.j.s.FileServer: Close: /Users/jeb228/Development/DataDistributionAPI/testing/tests_and_results/DepartmentWordCloud/DepartmentUris.csv
2017-07-26 18:12:59,915 INFO o.a.j.r.Summariser: summary +      7 in 00:00:27 =    0.3/s Avg:  3811 Min:  2917 Max:  4889 Err:     0 (0.00%) Active: 0 Started: 1 Finished: 1
2017-07-26 18:12:59,916 INFO o.a.j.r.Summariser: summary =    100 in 00:08:39 =    0.2/s Avg:  5192 Min:  2621 Max: 15356 Err:     0 (0.00%)
