2017-07-25 19:46:11,203 INFO o.a.j.u.JMeterUtils: Setting Locale to en_US
2017-07-25 19:46:11,213 INFO o.a.j.JMeter: Loading user properties from: /Users/jeb228/Software/forMac/JMeter/apache-jmeter-3.2/bin/user.properties
2017-07-25 19:46:11,214 INFO o.a.j.JMeter: Loading system properties from: /Users/jeb228/Software/forMac/JMeter/apache-jmeter-3.2/bin/system.properties
2017-07-25 19:46:11,214 INFO o.a.j.JMeter: Setting JMeter property: dir.base=/Users/jeb228/Development/DataDistributionAPI/testing/tests_and_results/OrganizationResearchAreas/_results
2017-07-25 19:46:11,214 INFO o.a.j.JMeter: Setting JMeter property: dir.output=/Users/jeb228/Development/DataDistributionAPI/testing/tests_and_results/OrganizationResearchAreas/_results/vivo_ora_baseline_2
2017-07-25 19:46:11,215 INFO o.a.j.JMeter: Setting JMeter property: context.path=vivo
2017-07-25 19:46:11,215 INFO o.a.j.JMeter: Setting JMeter property: action.name=ora_baseline
2017-07-25 19:46:11,215 INFO o.a.j.JMeter: Setting JMeter property: file.uris=/Users/jeb228/Development/DataDistributionAPI/testing/tests_and_results/OrganizationResearchAreas/OrganizationUris.csv
2017-07-25 19:46:11,215 INFO o.a.j.JMeter: Setting JMeter property: sample_variables=LABEL
2017-07-25 19:46:11,219 INFO o.a.j.JMeter: Copyright (c) 1998-2017 The Apache Software Foundation
2017-07-25 19:46:11,219 INFO o.a.j.JMeter: Version 3.2 r1790748
2017-07-25 19:46:11,219 INFO o.a.j.JMeter: java.version=1.8.0_131
2017-07-25 19:46:11,219 INFO o.a.j.JMeter: java.vm.name=Java HotSpot(TM) 64-Bit Server VM
2017-07-25 19:46:11,219 INFO o.a.j.JMeter: os.name=Mac OS X
2017-07-25 19:46:11,219 INFO o.a.j.JMeter: os.arch=x86_64
2017-07-25 19:46:11,219 INFO o.a.j.JMeter: os.version=10.12.6
2017-07-25 19:46:11,219 INFO o.a.j.JMeter: file.encoding=UTF-8
2017-07-25 19:46:11,219 INFO o.a.j.JMeter: Max memory     =536870912
2017-07-25 19:46:11,219 INFO o.a.j.JMeter: Available Processors =4
2017-07-25 19:46:11,222 INFO o.a.j.JMeter: Default Locale=English (United States)
2017-07-25 19:46:11,222 INFO o.a.j.JMeter: JMeter  Locale=English (United States)
2017-07-25 19:46:11,222 INFO o.a.j.JMeter: JMeterHome=/Users/jeb228/Software/forMac/JMeter/apache-jmeter-3.2
2017-07-25 19:46:11,223 INFO o.a.j.JMeter: user.dir  =/Users/jeb228/Development/DataDistributionAPI/testing/tests_and_results/OrganizationResearchAreas/_results
2017-07-25 19:46:11,223 INFO o.a.j.JMeter: PWD       =/Users/jeb228/Development/DataDistributionAPI/testing/tests_and_results/OrganizationResearchAreas/_results
2017-07-25 19:46:11,227 INFO o.a.j.JMeter: IP: 10.0.1.36 Name: lib-jeb228-maclap.local FullName: 10.0.1.36
2017-07-25 19:46:11,229 INFO o.a.j.s.FileServer: Default base='/Users/jeb228/Development/DataDistributionAPI/testing/tests_and_results/OrganizationResearchAreas/_results'
2017-07-25 19:46:11,229 INFO o.a.j.s.FileServer: Set new base='/Users/jeb228/Development/DataDistributionAPI/testing/tests_and_results/OrganizationResearchAreas'
2017-07-25 19:46:11,316 INFO o.a.j.s.SaveService: Testplan (JMX) version: 2.2. Testlog (JTL) version: 2.2
2017-07-25 19:46:11,326 INFO o.a.j.s.SaveService: Using SaveService properties file encoding UTF-8
2017-07-25 19:46:11,337 INFO o.a.j.s.SaveService: Using SaveService properties version 3.2
2017-07-25 19:46:11,341 INFO o.a.j.s.SaveService: Loading file: /Users/jeb228/Development/DataDistributionAPI/testing/tests_and_results/OrganizationResearchAreas/OrganizationResearchAreas.jmx
2017-07-25 19:46:11,376 INFO o.a.j.p.h.s.HTTPSamplerBase: Parser for text/html is org.apache.jmeter.protocol.http.parser.LagartoBasedHtmlParser
2017-07-25 19:46:11,376 INFO o.a.j.p.h.s.HTTPSamplerBase: Parser for application/xhtml+xml is org.apache.jmeter.protocol.http.parser.LagartoBasedHtmlParser
2017-07-25 19:46:11,376 INFO o.a.j.p.h.s.HTTPSamplerBase: Parser for application/xml is org.apache.jmeter.protocol.http.parser.LagartoBasedHtmlParser
2017-07-25 19:46:11,376 INFO o.a.j.p.h.s.HTTPSamplerBase: Parser for text/xml is org.apache.jmeter.protocol.http.parser.LagartoBasedHtmlParser
2017-07-25 19:46:11,376 INFO o.a.j.p.h.s.HTTPSamplerBase: Parser for text/vnd.wap.wml is org.apache.jmeter.protocol.http.parser.RegexpHTMLParser
2017-07-25 19:46:11,376 INFO o.a.j.p.h.s.HTTPSamplerBase: Parser for text/css is org.apache.jmeter.protocol.http.parser.CssParser
2017-07-25 19:46:11,383 INFO o.a.j.JMeter: Creating summariser <summary>
2017-07-25 19:46:11,390 INFO o.a.j.e.StandardJMeterEngine: Running the test!
2017-07-25 19:46:11,391 INFO o.a.j.s.SampleEvent: List of sample_variables: [LABEL]
2017-07-25 19:46:11,391 INFO o.a.j.s.SampleEvent: List of sample_variables: [LABEL]
2017-07-25 19:46:11,393 INFO o.a.j.e.u.CompoundVariable: Note: Function class names must contain the string: '.functions.'
2017-07-25 19:46:11,393 INFO o.a.j.e.u.CompoundVariable: Note: Function class names must not contain the string: '.gui.'
2017-07-25 19:46:11,626 INFO o.a.j.JMeter: Running test (1501026371626)
2017-07-25 19:46:11,657 INFO o.a.j.e.StandardJMeterEngine: Starting ThreadGroup: 1 : The thread Group
2017-07-25 19:46:11,658 INFO o.a.j.e.StandardJMeterEngine: Starting 1 threads for group The thread Group.
2017-07-25 19:46:11,658 INFO o.a.j.e.StandardJMeterEngine: Thread will continue on error
2017-07-25 19:46:11,658 INFO o.a.j.t.ThreadGroup: Starting thread group... number=1 threads=1 ramp-up=1 perThread=1000.0 delayedStart=false
2017-07-25 19:46:11,661 INFO o.a.j.t.ThreadGroup: Started thread group number 1
2017-07-25 19:46:11,661 INFO o.a.j.e.StandardJMeterEngine: All thread groups have been started
2017-07-25 19:46:11,747 INFO o.a.j.t.JMeterThread: Thread started: The thread Group 1-1
2017-07-25 19:46:11,750 INFO o.a.j.s.FileServer: Stored: /Users/jeb228/Development/DataDistributionAPI/testing/tests_and_results/OrganizationResearchAreas/OrganizationUris.csv
2017-07-25 19:46:11,761 INFO o.a.j.p.h.s.HTTPHCAbstractImpl: Local host = lib-jeb228-maclap.local
2017-07-25 19:46:11,764 INFO o.a.j.p.h.s.HTTPHC4Impl: HTTP request retry count = 0
2017-07-25 19:46:11,770 INFO o.a.j.s.SampleResult: Note: Sample TimeStamps are START times
2017-07-25 19:46:11,770 INFO o.a.j.s.SampleResult: sampleresult.default.encoding is set to ISO-8859-1
2017-07-25 19:46:11,770 INFO o.a.j.s.SampleResult: sampleresult.useNanoTime=true
2017-07-25 19:46:11,770 INFO o.a.j.s.SampleResult: sampleresult.nanoThreadSleep=5000
2017-07-25 19:46:32,970 INFO o.a.j.r.Summariser: summary +      1 in 00:00:21 =    0.0/s Avg: 21184 Min: 21184 Max: 21184 Err:     0 (0.00%) Active: 1 Started: 1 Finished: 0
2017-07-25 19:47:32,617 INFO o.a.j.r.Summariser: summary +      3 in 00:01:00 =    0.1/s Avg: 19881 Min: 19450 Max: 20744 Err:     0 (0.00%) Active: 1 Started: 1 Finished: 0
2017-07-25 19:47:32,617 INFO o.a.j.r.Summariser: summary =      4 in 00:01:21 =    0.0/s Avg: 20207 Min: 19450 Max: 21184 Err:     0 (0.00%)
2017-07-25 19:48:35,214 INFO o.a.j.r.Summariser: summary +      3 in 00:01:03 =    0.0/s Avg: 20864 Min: 20616 Max: 20997 Err:     0 (0.00%) Active: 1 Started: 1 Finished: 0
2017-07-25 19:48:35,214 INFO o.a.j.r.Summariser: summary =      7 in 00:02:24 =    0.0/s Avg: 20488 Min: 19450 Max: 21184 Err:     0 (0.00%)
2017-07-25 19:51:00,781 INFO o.a.j.r.Summariser: summary +      7 in 00:02:26 =    0.0/s Avg: 20794 Min: 20261 Max: 21258 Err:     0 (0.00%) Active: 1 Started: 1 Finished: 0
2017-07-25 19:51:00,781 INFO o.a.j.r.Summariser: summary =     14 in 00:04:49 =    0.0/s Avg: 20641 Min: 19450 Max: 21258 Err:     0 (0.00%)
2017-07-25 19:52:02,885 INFO o.a.j.r.Summariser: summary +      3 in 00:01:02 =    0.0/s Avg: 20701 Min: 20650 Max: 20791 Err:     0 (0.00%) Active: 1 Started: 1 Finished: 0
2017-07-25 19:52:02,886 INFO o.a.j.r.Summariser: summary =     17 in 00:05:51 =    0.0/s Avg: 20652 Min: 19450 Max: 21258 Err:     0 (0.00%)
2017-07-25 19:53:04,758 INFO o.a.j.r.Summariser: summary +      3 in 00:01:02 =    0.0/s Avg: 20623 Min: 20296 Max: 21056 Err:     0 (0.00%) Active: 1 Started: 1 Finished: 0
2017-07-25 19:53:04,758 INFO o.a.j.r.Summariser: summary =     20 in 00:06:53 =    0.0/s Avg: 20647 Min: 19450 Max: 21258 Err:     0 (0.00%)
2017-07-25 19:55:30,235 INFO o.a.j.r.Summariser: summary +      7 in 00:02:25 =    0.0/s Avg: 20781 Min: 20613 Max: 21042 Err:     0 (0.00%) Active: 1 Started: 1 Finished: 0
2017-07-25 19:55:30,235 INFO o.a.j.r.Summariser: summary =     27 in 00:09:19 =    0.0/s Avg: 20682 Min: 19450 Max: 21258 Err:     0 (0.00%)
2017-07-25 19:56:31,989 INFO o.a.j.r.Summariser: summary +      3 in 00:01:02 =    0.0/s Avg: 20584 Min: 20262 Max: 20960 Err:     0 (0.00%) Active: 1 Started: 1 Finished: 0
2017-07-25 19:56:31,989 INFO o.a.j.r.Summariser: summary =     30 in 00:10:20 =    0.0/s Avg: 20672 Min: 19450 Max: 21258 Err:     0 (0.00%)
2017-07-25 19:57:34,470 INFO o.a.j.r.Summariser: summary +      3 in 00:01:02 =    0.0/s Avg: 20826 Min: 20695 Max: 21027 Err:     0 (0.00%) Active: 1 Started: 1 Finished: 0
2017-07-25 19:57:34,471 INFO o.a.j.r.Summariser: summary =     33 in 00:11:23 =    0.0/s Avg: 20686 Min: 19450 Max: 21258 Err:     0 (0.00%)
2017-07-25 20:01:01,643 INFO o.a.j.r.Summariser: summary +     10 in 00:03:27 =    0.0/s Avg: 20716 Min: 20285 Max: 21019 Err:     0 (0.00%) Active: 1 Started: 1 Finished: 0
2017-07-25 20:01:01,643 INFO o.a.j.r.Summariser: summary =     43 in 00:14:50 =    0.0/s Avg: 20693 Min: 19450 Max: 21258 Err:     0 (0.00%)
2017-07-25 20:02:04,039 INFO o.a.j.r.Summariser: summary +      3 in 00:01:02 =    0.0/s Avg: 20798 Min: 20728 Max: 20885 Err:     0 (0.00%) Active: 1 Started: 1 Finished: 0
2017-07-25 20:02:04,040 INFO o.a.j.r.Summariser: summary =     46 in 00:15:52 =    0.0/s Avg: 20700 Min: 19450 Max: 21258 Err:     0 (0.00%)
2017-07-25 20:05:31,200 INFO o.a.j.r.Summariser: summary +     10 in 00:03:27 =    0.0/s Avg: 20715 Min: 20300 Max: 21044 Err:     0 (0.00%) Active: 1 Started: 1 Finished: 0
2017-07-25 20:05:31,200 INFO o.a.j.r.Summariser: summary =     56 in 00:19:20 =    0.0/s Avg: 20703 Min: 19450 Max: 21258 Err:     0 (0.00%)
2017-07-25 20:06:33,359 INFO o.a.j.r.Summariser: summary +      3 in 00:01:02 =    0.0/s Avg: 20719 Min: 20537 Max: 20980 Err:     0 (0.00%) Active: 1 Started: 1 Finished: 0
2017-07-25 20:06:33,360 INFO o.a.j.r.Summariser: summary =     59 in 00:20:22 =    0.0/s Avg: 20703 Min: 19450 Max: 21258 Err:     0 (0.00%)
2017-07-25 20:07:35,529 INFO o.a.j.r.Summariser: summary +      3 in 00:01:02 =    0.0/s Avg: 20722 Min: 20299 Max: 21036 Err:     0 (0.00%) Active: 1 Started: 1 Finished: 0
2017-07-25 20:07:35,529 INFO o.a.j.r.Summariser: summary =     62 in 00:21:24 =    0.0/s Avg: 20704 Min: 19450 Max: 21258 Err:     0 (0.00%)
2017-07-25 20:10:00,746 INFO o.a.j.r.Summariser: summary +      7 in 00:02:25 =    0.0/s Avg: 20744 Min: 20490 Max: 21154 Err:     0 (0.00%) Active: 1 Started: 1 Finished: 0
2017-07-25 20:10:00,746 INFO o.a.j.r.Summariser: summary =     69 in 00:23:49 =    0.0/s Avg: 20708 Min: 19450 Max: 21258 Err:     0 (0.00%)
2017-07-25 20:11:02,794 INFO o.a.j.r.Summariser: summary +      3 in 00:01:02 =    0.0/s Avg: 20682 Min: 20367 Max: 20997 Err:     0 (0.00%) Active: 1 Started: 1 Finished: 0
2017-07-25 20:11:02,794 INFO o.a.j.r.Summariser: summary =     72 in 00:24:51 =    0.0/s Avg: 20707 Min: 19450 Max: 21258 Err:     0 (0.00%)
2017-07-25 20:12:05,031 INFO o.a.j.r.Summariser: summary +      3 in 00:01:02 =    0.0/s Avg: 20745 Min: 20671 Max: 20874 Err:     0 (0.00%) Active: 1 Started: 1 Finished: 0
2017-07-25 20:12:05,032 INFO o.a.j.r.Summariser: summary =     75 in 00:25:53 =    0.0/s Avg: 20709 Min: 19450 Max: 21258 Err:     0 (0.00%)
2017-07-25 20:14:30,081 INFO o.a.j.r.Summariser: summary +      7 in 00:02:25 =    0.0/s Avg: 20720 Min: 20278 Max: 20979 Err:     0 (0.00%) Active: 1 Started: 1 Finished: 0
2017-07-25 20:14:30,081 INFO o.a.j.r.Summariser: summary =     82 in 00:28:18 =    0.0/s Avg: 20710 Min: 19450 Max: 21258 Err:     0 (0.00%)
2017-07-25 20:15:32,294 INFO o.a.j.r.Summariser: summary +      3 in 00:01:02 =    0.0/s Avg: 20736 Min: 20622 Max: 20863 Err:     0 (0.00%) Active: 1 Started: 1 Finished: 0
2017-07-25 20:15:32,294 INFO o.a.j.r.Summariser: summary =     85 in 00:29:21 =    0.0/s Avg: 20711 Min: 19450 Max: 21258 Err:     0 (0.00%)
2017-07-25 20:16:34,594 INFO o.a.j.r.Summariser: summary +      3 in 00:01:02 =    0.0/s Avg: 20766 Min: 20650 Max: 20935 Err:     0 (0.00%) Active: 1 Started: 1 Finished: 0
2017-07-25 20:16:34,594 INFO o.a.j.r.Summariser: summary =     88 in 00:30:23 =    0.0/s Avg: 20713 Min: 19450 Max: 21258 Err:     0 (0.00%)
2017-07-25 20:20:02,179 INFO o.a.j.r.Summariser: summary +     10 in 00:03:28 =    0.0/s Avg: 20757 Min: 20357 Max: 21021 Err:     0 (0.00%) Active: 1 Started: 1 Finished: 0
2017-07-25 20:20:02,179 INFO o.a.j.r.Summariser: summary =     98 in 00:33:51 =    0.0/s Avg: 20717 Min: 19450 Max: 21258 Err:     0 (0.00%)
2017-07-25 20:20:43,071 INFO o.a.j.t.JMeterThread: Thread is done: The thread Group 1-1
2017-07-25 20:20:43,071 INFO o.a.j.t.JMeterThread: Thread finished: The thread Group 1-1
2017-07-25 20:20:43,072 INFO o.a.j.e.StandardJMeterEngine: Notifying test listeners of end of test
2017-07-25 20:20:43,072 INFO o.a.j.s.FileServer: Close: /Users/jeb228/Development/DataDistributionAPI/testing/tests_and_results/OrganizationResearchAreas/OrganizationUris.csv
2017-07-25 20:20:43,074 INFO o.a.j.r.Summariser: summary +      2 in 00:00:41 =    0.0/s Avg: 20445 Min: 20313 Max: 20578 Err:     0 (0.00%) Active: 0 Started: 1 Finished: 1
2017-07-25 20:20:43,074 INFO o.a.j.r.Summariser: summary =    100 in 00:34:31 =    0.0/s Avg: 20712 Min: 19450 Max: 21258 Err:     0 (0.00%)
