2017-07-25 20:33:01,129 INFO o.a.j.u.JMeterUtils: Setting Locale to en_US
2017-07-25 20:33:01,137 INFO o.a.j.JMeter: Loading user properties from: /Users/jeb228/Software/forMac/JMeter/apache-jmeter-3.2/bin/user.properties
2017-07-25 20:33:01,138 INFO o.a.j.JMeter: Loading system properties from: /Users/jeb228/Software/forMac/JMeter/apache-jmeter-3.2/bin/system.properties
2017-07-25 20:33:01,138 INFO o.a.j.JMeter: Setting JMeter property: dir.base=/Users/jeb228/Development/DataDistributionAPI/testing/tests_and_results/OrganizationResearchAreas/_results
2017-07-25 20:33:01,138 INFO o.a.j.JMeter: Setting JMeter property: dir.output=/Users/jeb228/Development/DataDistributionAPI/testing/tests_and_results/OrganizationResearchAreas/_results/vivo_ora_drill_L5_2
2017-07-25 20:33:01,138 INFO o.a.j.JMeter: Setting JMeter property: context.path=vivo
2017-07-25 20:33:01,138 INFO o.a.j.JMeter: Setting JMeter property: action.name=ora_drill_L5
2017-07-25 20:33:01,139 INFO o.a.j.JMeter: Setting JMeter property: file.uris=/Users/jeb228/Development/DataDistributionAPI/testing/tests_and_results/OrganizationResearchAreas/OrganizationUris.csv
2017-07-25 20:33:01,139 INFO o.a.j.JMeter: Setting JMeter property: sample_variables=LABEL
2017-07-25 20:33:01,143 INFO o.a.j.JMeter: Copyright (c) 1998-2017 The Apache Software Foundation
2017-07-25 20:33:01,143 INFO o.a.j.JMeter: Version 3.2 r1790748
2017-07-25 20:33:01,143 INFO o.a.j.JMeter: java.version=1.8.0_131
2017-07-25 20:33:01,143 INFO o.a.j.JMeter: java.vm.name=Java HotSpot(TM) 64-Bit Server VM
2017-07-25 20:33:01,143 INFO o.a.j.JMeter: os.name=Mac OS X
2017-07-25 20:33:01,143 INFO o.a.j.JMeter: os.arch=x86_64
2017-07-25 20:33:01,143 INFO o.a.j.JMeter: os.version=10.12.6
2017-07-25 20:33:01,143 INFO o.a.j.JMeter: file.encoding=UTF-8
2017-07-25 20:33:01,143 INFO o.a.j.JMeter: Max memory     =536870912
2017-07-25 20:33:01,143 INFO o.a.j.JMeter: Available Processors =4
2017-07-25 20:33:01,146 INFO o.a.j.JMeter: Default Locale=English (United States)
2017-07-25 20:33:01,146 INFO o.a.j.JMeter: JMeter  Locale=English (United States)
2017-07-25 20:33:01,146 INFO o.a.j.JMeter: JMeterHome=/Users/jeb228/Software/forMac/JMeter/apache-jmeter-3.2
2017-07-25 20:33:01,146 INFO o.a.j.JMeter: user.dir  =/Users/jeb228/Development/DataDistributionAPI/testing/tests_and_results/OrganizationResearchAreas/_results
2017-07-25 20:33:01,147 INFO o.a.j.JMeter: PWD       =/Users/jeb228/Development/DataDistributionAPI/testing/tests_and_results/OrganizationResearchAreas/_results
2017-07-25 20:33:01,153 INFO o.a.j.JMeter: IP: 10.0.1.36 Name: lib-jeb228-maclap.local FullName: 10.0.1.36
2017-07-25 20:33:01,156 INFO o.a.j.s.FileServer: Default base='/Users/jeb228/Development/DataDistributionAPI/testing/tests_and_results/OrganizationResearchAreas/_results'
2017-07-25 20:33:01,156 INFO o.a.j.s.FileServer: Set new base='/Users/jeb228/Development/DataDistributionAPI/testing/tests_and_results/OrganizationResearchAreas'
2017-07-25 20:33:01,243 INFO o.a.j.s.SaveService: Testplan (JMX) version: 2.2. Testlog (JTL) version: 2.2
2017-07-25 20:33:01,253 INFO o.a.j.s.SaveService: Using SaveService properties file encoding UTF-8
2017-07-25 20:33:01,268 INFO o.a.j.s.SaveService: Using SaveService properties version 3.2
2017-07-25 20:33:01,272 INFO o.a.j.s.SaveService: Loading file: /Users/jeb228/Development/DataDistributionAPI/testing/tests_and_results/OrganizationResearchAreas/OrganizationResearchAreas.jmx
2017-07-25 20:33:01,305 INFO o.a.j.p.h.s.HTTPSamplerBase: Parser for text/html is org.apache.jmeter.protocol.http.parser.LagartoBasedHtmlParser
2017-07-25 20:33:01,306 INFO o.a.j.p.h.s.HTTPSamplerBase: Parser for application/xhtml+xml is org.apache.jmeter.protocol.http.parser.LagartoBasedHtmlParser
2017-07-25 20:33:01,306 INFO o.a.j.p.h.s.HTTPSamplerBase: Parser for application/xml is org.apache.jmeter.protocol.http.parser.LagartoBasedHtmlParser
2017-07-25 20:33:01,306 INFO o.a.j.p.h.s.HTTPSamplerBase: Parser for text/xml is org.apache.jmeter.protocol.http.parser.LagartoBasedHtmlParser
2017-07-25 20:33:01,306 INFO o.a.j.p.h.s.HTTPSamplerBase: Parser for text/vnd.wap.wml is org.apache.jmeter.protocol.http.parser.RegexpHTMLParser
2017-07-25 20:33:01,306 INFO o.a.j.p.h.s.HTTPSamplerBase: Parser for text/css is org.apache.jmeter.protocol.http.parser.CssParser
2017-07-25 20:33:01,313 INFO o.a.j.JMeter: Creating summariser <summary>
2017-07-25 20:33:01,320 INFO o.a.j.e.StandardJMeterEngine: Running the test!
2017-07-25 20:33:01,320 INFO o.a.j.s.SampleEvent: List of sample_variables: [LABEL]
2017-07-25 20:33:01,320 INFO o.a.j.s.SampleEvent: List of sample_variables: [LABEL]
2017-07-25 20:33:01,324 INFO o.a.j.e.u.CompoundVariable: Note: Function class names must contain the string: '.functions.'
2017-07-25 20:33:01,324 INFO o.a.j.e.u.CompoundVariable: Note: Function class names must not contain the string: '.gui.'
2017-07-25 20:33:01,552 INFO o.a.j.JMeter: Running test (1501029181552)
2017-07-25 20:33:01,586 INFO o.a.j.e.StandardJMeterEngine: Starting ThreadGroup: 1 : The thread Group
2017-07-25 20:33:01,586 INFO o.a.j.e.StandardJMeterEngine: Starting 1 threads for group The thread Group.
2017-07-25 20:33:01,586 INFO o.a.j.e.StandardJMeterEngine: Thread will continue on error
2017-07-25 20:33:01,586 INFO o.a.j.t.ThreadGroup: Starting thread group... number=1 threads=1 ramp-up=1 perThread=1000.0 delayedStart=false
2017-07-25 20:33:01,589 INFO o.a.j.t.ThreadGroup: Started thread group number 1
2017-07-25 20:33:01,589 INFO o.a.j.e.StandardJMeterEngine: All thread groups have been started
2017-07-25 20:33:01,676 INFO o.a.j.t.JMeterThread: Thread started: The thread Group 1-1
2017-07-25 20:33:01,679 INFO o.a.j.s.FileServer: Stored: /Users/jeb228/Development/DataDistributionAPI/testing/tests_and_results/OrganizationResearchAreas/OrganizationUris.csv
2017-07-25 20:33:01,690 INFO o.a.j.p.h.s.HTTPHCAbstractImpl: Local host = lib-jeb228-maclap.local
2017-07-25 20:33:01,693 INFO o.a.j.p.h.s.HTTPHC4Impl: HTTP request retry count = 0
2017-07-25 20:33:01,698 INFO o.a.j.s.SampleResult: Note: Sample TimeStamps are START times
2017-07-25 20:33:01,698 INFO o.a.j.s.SampleResult: sampleresult.default.encoding is set to ISO-8859-1
2017-07-25 20:33:01,698 INFO o.a.j.s.SampleResult: sampleresult.useNanoTime=true
2017-07-25 20:33:01,698 INFO o.a.j.s.SampleResult: sampleresult.nanoThreadSleep=5000
2017-07-25 20:34:00,552 INFO o.a.j.r.Summariser: summary +      3 in 00:00:59 =    0.1/s Avg: 19611 Min: 19424 Max: 19941 Err:     0 (0.00%) Active: 1 Started: 1 Finished: 0
2017-07-25 20:35:04,179 INFO o.a.j.r.Summariser: summary +      3 in 00:01:04 =    0.0/s Avg: 21208 Min: 21140 Max: 21308 Err:     0 (0.00%) Active: 1 Started: 1 Finished: 0
2017-07-25 20:35:04,179 INFO o.a.j.r.Summariser: summary =      6 in 00:02:03 =    0.0/s Avg: 20410 Min: 19424 Max: 21308 Err:     0 (0.00%)
2017-07-25 20:37:33,289 INFO o.a.j.r.Summariser: summary +      8 in 00:02:29 =    0.1/s Avg: 18638 Min:   199 Max: 21391 Err:     0 (0.00%) Active: 1 Started: 1 Finished: 0
2017-07-25 20:37:33,290 INFO o.a.j.r.Summariser: summary =     14 in 00:04:32 =    0.1/s Avg: 19397 Min:   199 Max: 21391 Err:     0 (0.00%)
2017-07-25 20:40:02,159 INFO o.a.j.r.Summariser: summary +      8 in 00:02:29 =    0.1/s Avg: 18608 Min:   198 Max: 21380 Err:     0 (0.00%) Active: 1 Started: 1 Finished: 0
2017-07-25 20:40:02,160 INFO o.a.j.r.Summariser: summary =     22 in 00:07:01 =    0.1/s Avg: 19110 Min:   198 Max: 21391 Err:     0 (0.00%)
2017-07-25 20:41:05,902 INFO o.a.j.r.Summariser: summary +      3 in 00:01:04 =    0.0/s Avg: 21247 Min: 21212 Max: 21279 Err:     0 (0.00%) Active: 1 Started: 1 Finished: 0
2017-07-25 20:41:05,902 INFO o.a.j.r.Summariser: summary =     25 in 00:08:04 =    0.1/s Avg: 19366 Min:   198 Max: 21391 Err:     0 (0.00%)
2017-07-25 20:42:30,719 INFO o.a.j.r.Summariser: summary +      4 in 00:01:25 =    0.0/s Avg: 21203 Min: 21051 Max: 21297 Err:     0 (0.00%) Active: 1 Started: 1 Finished: 0
2017-07-25 20:42:30,719 INFO o.a.j.r.Summariser: summary =     29 in 00:09:29 =    0.1/s Avg: 19620 Min:   198 Max: 21391 Err:     0 (0.00%)
2017-07-25 20:43:34,686 INFO o.a.j.r.Summariser: summary +      4 in 00:01:04 =    0.1/s Avg: 15991 Min:   196 Max: 21347 Err:     0 (0.00%) Active: 1 Started: 1 Finished: 0
2017-07-25 20:43:34,686 INFO o.a.j.r.Summariser: summary =     33 in 00:10:33 =    0.1/s Avg: 19180 Min:   196 Max: 21391 Err:     0 (0.00%)
2017-07-25 20:46:03,458 INFO o.a.j.r.Summariser: summary +      8 in 00:02:29 =    0.1/s Avg: 18596 Min:   203 Max: 21497 Err:     0 (0.00%) Active: 1 Started: 1 Finished: 0
2017-07-25 20:46:03,458 INFO o.a.j.r.Summariser: summary =     41 in 00:13:02 =    0.1/s Avg: 19066 Min:   196 Max: 21497 Err:     0 (0.00%)
2017-07-25 20:48:32,329 INFO o.a.j.r.Summariser: summary +      7 in 00:02:29 =    0.0/s Avg: 21266 Min: 21129 Max: 21432 Err:     0 (0.00%) Active: 1 Started: 1 Finished: 0
2017-07-25 20:48:32,329 INFO o.a.j.r.Summariser: summary =     48 in 00:15:31 =    0.1/s Avg: 19387 Min:   196 Max: 21497 Err:     0 (0.00%)
2017-07-25 20:51:01,119 INFO o.a.j.r.Summariser: summary +      8 in 00:02:29 =    0.1/s Avg: 18598 Min:   195 Max: 21284 Err:     0 (0.00%) Active: 1 Started: 1 Finished: 0
2017-07-25 20:51:01,119 INFO o.a.j.r.Summariser: summary =     56 in 00:18:00 =    0.1/s Avg: 19274 Min:   195 Max: 21497 Err:     0 (0.00%)
2017-07-25 20:52:04,555 INFO o.a.j.r.Summariser: summary +      3 in 00:01:03 =    0.0/s Avg: 21145 Min: 21026 Max: 21241 Err:     0 (0.00%) Active: 1 Started: 1 Finished: 0
2017-07-25 20:52:04,555 INFO o.a.j.r.Summariser: summary =     59 in 00:19:03 =    0.1/s Avg: 19369 Min:   195 Max: 21497 Err:     0 (0.00%)
2017-07-25 20:54:33,313 INFO o.a.j.r.Summariser: summary +      8 in 00:02:29 =    0.1/s Avg: 18594 Min:   193 Max: 21346 Err:     0 (0.00%) Active: 1 Started: 1 Finished: 0
2017-07-25 20:54:33,314 INFO o.a.j.r.Summariser: summary =     67 in 00:21:32 =    0.1/s Avg: 19277 Min:   193 Max: 21497 Err:     0 (0.00%)
2017-07-25 20:57:02,445 INFO o.a.j.r.Summariser: summary +      8 in 00:02:29 =    0.1/s Avg: 18640 Min:   198 Max: 21430 Err:     0 (0.00%) Active: 1 Started: 1 Finished: 0
2017-07-25 20:57:02,445 INFO o.a.j.r.Summariser: summary =     75 in 00:24:01 =    0.1/s Avg: 19209 Min:   193 Max: 21497 Err:     0 (0.00%)
2017-07-25 20:58:05,844 INFO o.a.j.r.Summariser: summary +      3 in 00:01:03 =    0.0/s Avg: 21132 Min: 21051 Max: 21207 Err:     0 (0.00%) Active: 1 Started: 1 Finished: 0
2017-07-25 20:58:05,844 INFO o.a.j.r.Summariser: summary =     78 in 00:25:04 =    0.1/s Avg: 19283 Min:   193 Max: 21497 Err:     0 (0.00%)
2017-07-25 20:59:31,075 INFO o.a.j.r.Summariser: summary +      5 in 00:01:25 =    0.1/s Avg: 17045 Min:   193 Max: 21350 Err:     0 (0.00%) Active: 1 Started: 1 Finished: 0
2017-07-25 20:59:31,075 INFO o.a.j.r.Summariser: summary =     83 in 00:26:30 =    0.1/s Avg: 19148 Min:   193 Max: 21497 Err:     0 (0.00%)
2017-07-25 21:00:34,948 INFO o.a.j.r.Summariser: summary +      3 in 00:01:04 =    0.0/s Avg: 21290 Min: 21155 Max: 21513 Err:     0 (0.00%) Active: 1 Started: 1 Finished: 0
2017-07-25 21:00:34,949 INFO o.a.j.r.Summariser: summary =     86 in 00:27:33 =    0.1/s Avg: 19223 Min:   193 Max: 21513 Err:     0 (0.00%)
2017-07-25 21:02:00,020 INFO o.a.j.r.Summariser: summary +      5 in 00:01:25 =    0.1/s Avg: 17013 Min:   194 Max: 21314 Err:     0 (0.00%) Active: 1 Started: 1 Finished: 0
2017-07-25 21:02:00,020 INFO o.a.j.r.Summariser: summary =     91 in 00:28:58 =    0.1/s Avg: 19101 Min:   193 Max: 21513 Err:     0 (0.00%)
2017-07-25 21:03:03,776 INFO o.a.j.r.Summariser: summary +      3 in 00:01:04 =    0.0/s Avg: 21251 Min: 21140 Max: 21317 Err:     0 (0.00%) Active: 1 Started: 1 Finished: 0
2017-07-25 21:03:03,776 INFO o.a.j.r.Summariser: summary =     94 in 00:30:02 =    0.1/s Avg: 19170 Min:   193 Max: 21513 Err:     0 (0.00%)
2017-07-25 21:04:49,886 INFO o.a.j.t.JMeterThread: Thread is done: The thread Group 1-1
2017-07-25 21:04:49,886 INFO o.a.j.t.JMeterThread: Thread finished: The thread Group 1-1
2017-07-25 21:04:49,887 INFO o.a.j.e.StandardJMeterEngine: Notifying test listeners of end of test
2017-07-25 21:04:49,887 INFO o.a.j.s.FileServer: Close: /Users/jeb228/Development/DataDistributionAPI/testing/tests_and_results/OrganizationResearchAreas/OrganizationUris.csv
2017-07-25 21:04:49,887 INFO o.a.j.r.Summariser: summary +      6 in 00:01:46 =    0.1/s Avg: 17684 Min:   195 Max: 21276 Err:     0 (0.00%) Active: 0 Started: 1 Finished: 1
2017-07-25 21:04:49,888 INFO o.a.j.r.Summariser: summary =    100 in 00:31:48 =    0.1/s Avg: 19081 Min:   193 Max: 21513 Err:     0 (0.00%)
