2017-07-25 20:24:12,382 INFO o.a.j.u.JMeterUtils: Setting Locale to en_US
2017-07-25 20:24:12,393 INFO o.a.j.JMeter: Loading user properties from: /Users/jeb228/Software/forMac/JMeter/apache-jmeter-3.2/bin/user.properties
2017-07-25 20:24:12,394 INFO o.a.j.JMeter: Loading system properties from: /Users/jeb228/Software/forMac/JMeter/apache-jmeter-3.2/bin/system.properties
2017-07-25 20:24:12,394 INFO o.a.j.JMeter: Setting JMeter property: dir.base=/Users/jeb228/Development/DataDistributionAPI/testing/tests_and_results/OrganizationResearchAreas/_results
2017-07-25 20:24:12,394 INFO o.a.j.JMeter: Setting JMeter property: dir.output=/Users/jeb228/Development/DataDistributionAPI/testing/tests_and_results/OrganizationResearchAreas/_results/vivo_ora_drill_L3_2
2017-07-25 20:24:12,394 INFO o.a.j.JMeter: Setting JMeter property: context.path=vivo
2017-07-25 20:24:12,394 INFO o.a.j.JMeter: Setting JMeter property: action.name=ora_drill_L3
2017-07-25 20:24:12,394 INFO o.a.j.JMeter: Setting JMeter property: file.uris=/Users/jeb228/Development/DataDistributionAPI/testing/tests_and_results/OrganizationResearchAreas/OrganizationUris.csv
2017-07-25 20:24:12,394 INFO o.a.j.JMeter: Setting JMeter property: sample_variables=LABEL
2017-07-25 20:24:12,399 INFO o.a.j.JMeter: Copyright (c) 1998-2017 The Apache Software Foundation
2017-07-25 20:24:12,399 INFO o.a.j.JMeter: Version 3.2 r1790748
2017-07-25 20:24:12,399 INFO o.a.j.JMeter: java.version=1.8.0_131
2017-07-25 20:24:12,399 INFO o.a.j.JMeter: java.vm.name=Java HotSpot(TM) 64-Bit Server VM
2017-07-25 20:24:12,399 INFO o.a.j.JMeter: os.name=Mac OS X
2017-07-25 20:24:12,399 INFO o.a.j.JMeter: os.arch=x86_64
2017-07-25 20:24:12,399 INFO o.a.j.JMeter: os.version=10.12.6
2017-07-25 20:24:12,399 INFO o.a.j.JMeter: file.encoding=UTF-8
2017-07-25 20:24:12,399 INFO o.a.j.JMeter: Max memory     =536870912
2017-07-25 20:24:12,400 INFO o.a.j.JMeter: Available Processors =4
2017-07-25 20:24:12,403 INFO o.a.j.JMeter: Default Locale=English (United States)
2017-07-25 20:24:12,403 INFO o.a.j.JMeter: JMeter  Locale=English (United States)
2017-07-25 20:24:12,403 INFO o.a.j.JMeter: JMeterHome=/Users/jeb228/Software/forMac/JMeter/apache-jmeter-3.2
2017-07-25 20:24:12,403 INFO o.a.j.JMeter: user.dir  =/Users/jeb228/Development/DataDistributionAPI/testing/tests_and_results/OrganizationResearchAreas/_results
2017-07-25 20:24:12,403 INFO o.a.j.JMeter: PWD       =/Users/jeb228/Development/DataDistributionAPI/testing/tests_and_results/OrganizationResearchAreas/_results
2017-07-25 20:24:12,409 INFO o.a.j.JMeter: IP: 10.0.1.36 Name: lib-jeb228-maclap.local FullName: 10.0.1.36
2017-07-25 20:24:12,412 INFO o.a.j.s.FileServer: Default base='/Users/jeb228/Development/DataDistributionAPI/testing/tests_and_results/OrganizationResearchAreas/_results'
2017-07-25 20:24:12,412 INFO o.a.j.s.FileServer: Set new base='/Users/jeb228/Development/DataDistributionAPI/testing/tests_and_results/OrganizationResearchAreas'
2017-07-25 20:24:12,497 INFO o.a.j.s.SaveService: Testplan (JMX) version: 2.2. Testlog (JTL) version: 2.2
2017-07-25 20:24:12,506 INFO o.a.j.s.SaveService: Using SaveService properties file encoding UTF-8
2017-07-25 20:24:12,510 INFO o.a.j.s.SaveService: Using SaveService properties version 3.2
2017-07-25 20:24:12,522 INFO o.a.j.s.SaveService: Loading file: /Users/jeb228/Development/DataDistributionAPI/testing/tests_and_results/OrganizationResearchAreas/OrganizationResearchAreas.jmx
2017-07-25 20:24:12,561 INFO o.a.j.p.h.s.HTTPSamplerBase: Parser for text/html is org.apache.jmeter.protocol.http.parser.LagartoBasedHtmlParser
2017-07-25 20:24:12,561 INFO o.a.j.p.h.s.HTTPSamplerBase: Parser for application/xhtml+xml is org.apache.jmeter.protocol.http.parser.LagartoBasedHtmlParser
2017-07-25 20:24:12,561 INFO o.a.j.p.h.s.HTTPSamplerBase: Parser for application/xml is org.apache.jmeter.protocol.http.parser.LagartoBasedHtmlParser
2017-07-25 20:24:12,561 INFO o.a.j.p.h.s.HTTPSamplerBase: Parser for text/xml is org.apache.jmeter.protocol.http.parser.LagartoBasedHtmlParser
2017-07-25 20:24:12,561 INFO o.a.j.p.h.s.HTTPSamplerBase: Parser for text/vnd.wap.wml is org.apache.jmeter.protocol.http.parser.RegexpHTMLParser
2017-07-25 20:24:12,561 INFO o.a.j.p.h.s.HTTPSamplerBase: Parser for text/css is org.apache.jmeter.protocol.http.parser.CssParser
2017-07-25 20:24:12,569 INFO o.a.j.JMeter: Creating summariser <summary>
2017-07-25 20:24:12,576 INFO o.a.j.e.StandardJMeterEngine: Running the test!
2017-07-25 20:24:12,577 INFO o.a.j.s.SampleEvent: List of sample_variables: [LABEL]
2017-07-25 20:24:12,577 INFO o.a.j.s.SampleEvent: List of sample_variables: [LABEL]
2017-07-25 20:24:12,579 INFO o.a.j.e.u.CompoundVariable: Note: Function class names must contain the string: '.functions.'
2017-07-25 20:24:12,579 INFO o.a.j.e.u.CompoundVariable: Note: Function class names must not contain the string: '.gui.'
2017-07-25 20:24:12,817 INFO o.a.j.JMeter: Running test (1501028652816)
2017-07-25 20:24:12,848 INFO o.a.j.e.StandardJMeterEngine: Starting ThreadGroup: 1 : The thread Group
2017-07-25 20:24:12,848 INFO o.a.j.e.StandardJMeterEngine: Starting 1 threads for group The thread Group.
2017-07-25 20:24:12,848 INFO o.a.j.e.StandardJMeterEngine: Thread will continue on error
2017-07-25 20:24:12,848 INFO o.a.j.t.ThreadGroup: Starting thread group... number=1 threads=1 ramp-up=1 perThread=1000.0 delayedStart=false
2017-07-25 20:24:12,851 INFO o.a.j.t.ThreadGroup: Started thread group number 1
2017-07-25 20:24:12,851 INFO o.a.j.e.StandardJMeterEngine: All thread groups have been started
2017-07-25 20:24:12,934 INFO o.a.j.t.JMeterThread: Thread started: The thread Group 1-1
2017-07-25 20:24:12,937 INFO o.a.j.s.FileServer: Stored: /Users/jeb228/Development/DataDistributionAPI/testing/tests_and_results/OrganizationResearchAreas/OrganizationUris.csv
2017-07-25 20:24:12,948 INFO o.a.j.p.h.s.HTTPHCAbstractImpl: Local host = lib-jeb228-maclap.local
2017-07-25 20:24:12,951 INFO o.a.j.p.h.s.HTTPHC4Impl: HTTP request retry count = 0
2017-07-25 20:24:12,957 INFO o.a.j.s.SampleResult: Note: Sample TimeStamps are START times
2017-07-25 20:24:12,957 INFO o.a.j.s.SampleResult: sampleresult.default.encoding is set to ISO-8859-1
2017-07-25 20:24:12,957 INFO o.a.j.s.SampleResult: sampleresult.useNanoTime=true
2017-07-25 20:24:12,957 INFO o.a.j.s.SampleResult: sampleresult.nanoThreadSleep=5000
2017-07-25 20:24:31,201 INFO o.a.j.r.Summariser: summary +      5 in 00:00:18 =    0.3/s Avg:  3645 Min:  2870 Max:  5505 Err:     0 (0.00%) Active: 1 Started: 1 Finished: 0
2017-07-25 20:25:02,625 INFO o.a.j.r.Summariser: summary +     10 in 00:00:31 =    0.3/s Avg:  3141 Min:   710 Max:  4926 Err:     0 (0.00%) Active: 1 Started: 1 Finished: 0
2017-07-25 20:25:02,625 INFO o.a.j.r.Summariser: summary =     15 in 00:00:50 =    0.3/s Avg:  3309 Min:   710 Max:  5505 Err:     0 (0.00%)
2017-07-25 20:25:30,616 INFO o.a.j.r.Summariser: summary +      9 in 00:00:28 =    0.3/s Avg:  3109 Min:   952 Max:  4728 Err:     0 (0.00%) Active: 1 Started: 1 Finished: 0
2017-07-25 20:25:30,616 INFO o.a.j.r.Summariser: summary =     24 in 00:01:18 =    0.3/s Avg:  3234 Min:   710 Max:  5505 Err:     0 (0.00%)
2017-07-25 20:26:01,664 INFO o.a.j.r.Summariser: summary +     10 in 00:00:31 =    0.3/s Avg:  3104 Min:   703 Max:  4893 Err:     0 (0.00%) Active: 1 Started: 1 Finished: 0
2017-07-25 20:26:01,664 INFO o.a.j.r.Summariser: summary =     34 in 00:01:49 =    0.3/s Avg:  3196 Min:   703 Max:  5505 Err:     0 (0.00%)
2017-07-25 20:26:32,597 INFO o.a.j.r.Summariser: summary +     10 in 00:00:31 =    0.3/s Avg:  3092 Min:   875 Max:  4882 Err:     0 (0.00%) Active: 1 Started: 1 Finished: 0
2017-07-25 20:26:32,597 INFO o.a.j.r.Summariser: summary =     44 in 00:02:20 =    0.3/s Avg:  3172 Min:   703 Max:  5505 Err:     0 (0.00%)
2017-07-25 20:27:00,529 INFO o.a.j.r.Summariser: summary +      9 in 00:00:28 =    0.3/s Avg:  3102 Min:   739 Max:  4875 Err:     0 (0.00%) Active: 1 Started: 1 Finished: 0
2017-07-25 20:27:00,529 INFO o.a.j.r.Summariser: summary =     53 in 00:02:48 =    0.3/s Avg:  3160 Min:   703 Max:  5505 Err:     0 (0.00%)
2017-07-25 20:27:32,012 INFO o.a.j.r.Summariser: summary +     10 in 00:00:31 =    0.3/s Avg:  3147 Min:   709 Max:  4895 Err:     0 (0.00%) Active: 1 Started: 1 Finished: 0
2017-07-25 20:27:32,013 INFO o.a.j.r.Summariser: summary =     63 in 00:03:19 =    0.3/s Avg:  3158 Min:   703 Max:  5505 Err:     0 (0.00%)
2017-07-25 20:28:03,027 INFO o.a.j.r.Summariser: summary +     10 in 00:00:31 =    0.3/s Avg:  3100 Min:   793 Max:  5120 Err:     0 (0.00%) Active: 1 Started: 1 Finished: 0
2017-07-25 20:28:03,027 INFO o.a.j.r.Summariser: summary =     73 in 00:03:50 =    0.3/s Avg:  3150 Min:   703 Max:  5505 Err:     0 (0.00%)
2017-07-25 20:28:31,028 INFO o.a.j.r.Summariser: summary +      9 in 00:00:28 =    0.3/s Avg:  3110 Min:   700 Max:  4886 Err:     0 (0.00%) Active: 1 Started: 1 Finished: 0
2017-07-25 20:28:31,028 INFO o.a.j.r.Summariser: summary =     82 in 00:04:18 =    0.3/s Avg:  3146 Min:   700 Max:  5505 Err:     0 (0.00%)
2017-07-25 20:29:02,408 INFO o.a.j.r.Summariser: summary +     10 in 00:00:31 =    0.3/s Avg:  3137 Min:   700 Max:  4877 Err:     0 (0.00%) Active: 1 Started: 1 Finished: 0
2017-07-25 20:29:02,408 INFO o.a.j.r.Summariser: summary =     92 in 00:04:50 =    0.3/s Avg:  3145 Min:   700 Max:  5505 Err:     0 (0.00%)
2017-07-25 20:29:24,733 INFO o.a.j.t.JMeterThread: Thread is done: The thread Group 1-1
2017-07-25 20:29:24,733 INFO o.a.j.t.JMeterThread: Thread finished: The thread Group 1-1
2017-07-25 20:29:24,734 INFO o.a.j.e.StandardJMeterEngine: Notifying test listeners of end of test
2017-07-25 20:29:24,734 INFO o.a.j.s.FileServer: Close: /Users/jeb228/Development/DataDistributionAPI/testing/tests_and_results/OrganizationResearchAreas/OrganizationUris.csv
2017-07-25 20:29:24,735 INFO o.a.j.r.Summariser: summary +      8 in 00:00:22 =    0.4/s Avg:  2790 Min:   699 Max:  3910 Err:     0 (0.00%) Active: 0 Started: 1 Finished: 1
2017-07-25 20:29:24,735 INFO o.a.j.r.Summariser: summary =    100 in 00:05:12 =    0.3/s Avg:  3117 Min:   699 Max:  5505 Err:     0 (0.00%)
