2017-07-24 19:16:24,898 INFO o.a.j.u.JMeterUtils: Setting Locale to en_US
2017-07-24 19:16:24,907 INFO o.a.j.JMeter: Loading user properties from: /Users/jeb228/Software/forMac/JMeter/apache-jmeter-3.2/bin/user.properties
2017-07-24 19:16:24,908 INFO o.a.j.JMeter: Loading system properties from: /Users/jeb228/Software/forMac/JMeter/apache-jmeter-3.2/bin/system.properties
2017-07-24 19:16:24,908 INFO o.a.j.JMeter: Setting JMeter property: dir.base=/Users/jeb228/Development/DataDistributionAPI/testing/tests_and_results/DepartmentWordCloud/_results
2017-07-24 19:16:24,908 INFO o.a.j.JMeter: Setting JMeter property: dir.output=/Users/jeb228/Development/DataDistributionAPI/testing/tests_and_results/DepartmentWordCloud/_results/vivo_dwc_deeper_1
2017-07-24 19:16:24,908 INFO o.a.j.JMeter: Setting JMeter property: context.path=vivo
2017-07-24 19:16:24,908 INFO o.a.j.JMeter: Setting JMeter property: action.name=dwc_deeper
2017-07-24 19:16:24,908 INFO o.a.j.JMeter: Setting JMeter property: file.uris=/Users/jeb228/Development/DataDistributionAPI/testing/tests_and_results/DepartmentWordCloud/DepartmentUris.csv
2017-07-24 19:16:24,909 INFO o.a.j.JMeter: Setting JMeter property: sample_variables=LABEL
2017-07-24 19:16:24,912 INFO o.a.j.JMeter: Copyright (c) 1998-2017 The Apache Software Foundation
2017-07-24 19:16:24,912 INFO o.a.j.JMeter: Version 3.2 r1790748
2017-07-24 19:16:24,912 INFO o.a.j.JMeter: java.version=1.8.0_131
2017-07-24 19:16:24,912 INFO o.a.j.JMeter: java.vm.name=Java HotSpot(TM) 64-Bit Server VM
2017-07-24 19:16:24,912 INFO o.a.j.JMeter: os.name=Mac OS X
2017-07-24 19:16:24,913 INFO o.a.j.JMeter: os.arch=x86_64
2017-07-24 19:16:24,913 INFO o.a.j.JMeter: os.version=10.12.6
2017-07-24 19:16:24,913 INFO o.a.j.JMeter: file.encoding=UTF-8
2017-07-24 19:16:24,913 INFO o.a.j.JMeter: Max memory     =536870912
2017-07-24 19:16:24,913 INFO o.a.j.JMeter: Available Processors =4
2017-07-24 19:16:24,915 INFO o.a.j.JMeter: Default Locale=English (United States)
2017-07-24 19:16:24,916 INFO o.a.j.JMeter: JMeter  Locale=English (United States)
2017-07-24 19:16:24,916 INFO o.a.j.JMeter: JMeterHome=/Users/jeb228/Software/forMac/JMeter/apache-jmeter-3.2
2017-07-24 19:16:24,916 INFO o.a.j.JMeter: user.dir  =/Users/jeb228/Development/DataDistributionAPI/testing/tests_and_results/DepartmentWordCloud/_results
2017-07-24 19:16:24,916 INFO o.a.j.JMeter: PWD       =/Users/jeb228/Development/DataDistributionAPI/testing/tests_and_results/DepartmentWordCloud/_results
2017-07-24 19:16:24,922 INFO o.a.j.JMeter: IP: 10.0.1.36 Name: lib-jeb228-maclap.local FullName: 10.0.1.36
2017-07-24 19:16:24,925 INFO o.a.j.s.FileServer: Default base='/Users/jeb228/Development/DataDistributionAPI/testing/tests_and_results/DepartmentWordCloud/_results'
2017-07-24 19:16:24,925 INFO o.a.j.s.FileServer: Set new base='/Users/jeb228/Development/DataDistributionAPI/testing/tests_and_results/DepartmentWordCloud'
2017-07-24 19:16:25,012 INFO o.a.j.s.SaveService: Testplan (JMX) version: 2.2. Testlog (JTL) version: 2.2
2017-07-24 19:16:25,023 INFO o.a.j.s.SaveService: Using SaveService properties file encoding UTF-8
2017-07-24 19:16:25,037 INFO o.a.j.s.SaveService: Using SaveService properties version 3.2
2017-07-24 19:16:25,042 INFO o.a.j.s.SaveService: Loading file: /Users/jeb228/Development/DataDistributionAPI/testing/tests_and_results/DepartmentWordCloud/DepartmentWordClouds.jmx
2017-07-24 19:16:25,077 INFO o.a.j.p.h.s.HTTPSamplerBase: Parser for text/html is org.apache.jmeter.protocol.http.parser.LagartoBasedHtmlParser
2017-07-24 19:16:25,077 INFO o.a.j.p.h.s.HTTPSamplerBase: Parser for application/xhtml+xml is org.apache.jmeter.protocol.http.parser.LagartoBasedHtmlParser
2017-07-24 19:16:25,077 INFO o.a.j.p.h.s.HTTPSamplerBase: Parser for application/xml is org.apache.jmeter.protocol.http.parser.LagartoBasedHtmlParser
2017-07-24 19:16:25,077 INFO o.a.j.p.h.s.HTTPSamplerBase: Parser for text/xml is org.apache.jmeter.protocol.http.parser.LagartoBasedHtmlParser
2017-07-24 19:16:25,077 INFO o.a.j.p.h.s.HTTPSamplerBase: Parser for text/vnd.wap.wml is org.apache.jmeter.protocol.http.parser.RegexpHTMLParser
2017-07-24 19:16:25,077 INFO o.a.j.p.h.s.HTTPSamplerBase: Parser for text/css is org.apache.jmeter.protocol.http.parser.CssParser
2017-07-24 19:16:25,084 INFO o.a.j.JMeter: Creating summariser <summary>
2017-07-24 19:16:25,092 INFO o.a.j.e.StandardJMeterEngine: Running the test!
2017-07-24 19:16:25,093 INFO o.a.j.s.SampleEvent: List of sample_variables: [LABEL]
2017-07-24 19:16:25,093 INFO o.a.j.s.SampleEvent: List of sample_variables: [LABEL]
2017-07-24 19:16:25,095 INFO o.a.j.e.u.CompoundVariable: Note: Function class names must contain the string: '.functions.'
2017-07-24 19:16:25,096 INFO o.a.j.e.u.CompoundVariable: Note: Function class names must not contain the string: '.gui.'
2017-07-24 19:16:25,337 INFO o.a.j.JMeter: Running test (1500938185337)
2017-07-24 19:16:25,369 INFO o.a.j.e.StandardJMeterEngine: Starting ThreadGroup: 1 : The thread Group
2017-07-24 19:16:25,369 INFO o.a.j.e.StandardJMeterEngine: Starting 1 threads for group The thread Group.
2017-07-24 19:16:25,370 INFO o.a.j.e.StandardJMeterEngine: Thread will continue on error
2017-07-24 19:16:25,370 INFO o.a.j.t.ThreadGroup: Starting thread group... number=1 threads=1 ramp-up=1 perThread=1000.0 delayedStart=false
2017-07-24 19:16:25,373 INFO o.a.j.t.ThreadGroup: Started thread group number 1
2017-07-24 19:16:25,373 INFO o.a.j.e.StandardJMeterEngine: All thread groups have been started
2017-07-24 19:16:25,517 INFO o.a.j.t.JMeterThread: Thread started: The thread Group 1-1
2017-07-24 19:16:25,520 INFO o.a.j.s.FileServer: Stored: /Users/jeb228/Development/DataDistributionAPI/testing/tests_and_results/DepartmentWordCloud/DepartmentUris.csv
2017-07-24 19:16:25,537 INFO o.a.j.p.h.s.HTTPHCAbstractImpl: Local host = lib-jeb228-maclap.local
2017-07-24 19:16:25,544 INFO o.a.j.p.h.s.HTTPHC4Impl: HTTP request retry count = 0
2017-07-24 19:16:25,551 INFO o.a.j.s.SampleResult: Note: Sample TimeStamps are START times
2017-07-24 19:16:25,551 INFO o.a.j.s.SampleResult: sampleresult.default.encoding is set to ISO-8859-1
2017-07-24 19:16:25,551 INFO o.a.j.s.SampleResult: sampleresult.useNanoTime=true
2017-07-24 19:16:25,551 INFO o.a.j.s.SampleResult: sampleresult.nanoThreadSleep=5000
2017-07-24 19:16:30,632 INFO o.a.j.r.Summariser: summary +      1 in 00:00:05 =    0.2/s Avg:  5063 Min:  5063 Max:  5063 Err:     0 (0.00%) Active: 1 Started: 1 Finished: 0
2017-07-24 19:17:02,120 INFO o.a.j.r.Summariser: summary +      7 in 00:00:31 =    0.2/s Avg:  4497 Min:  3155 Max:  6137 Err:     0 (0.00%) Active: 1 Started: 1 Finished: 0
2017-07-24 19:17:02,120 INFO o.a.j.r.Summariser: summary =      8 in 00:00:37 =    0.2/s Avg:  4568 Min:  3155 Max:  6137 Err:     0 (0.00%)
2017-07-24 19:17:32,119 INFO o.a.j.r.Summariser: summary +      9 in 00:00:30 =    0.3/s Avg:  3332 Min:   595 Max:  4724 Err:     0 (0.00%) Active: 1 Started: 1 Finished: 0
2017-07-24 19:17:32,119 INFO o.a.j.r.Summariser: summary =     17 in 00:01:07 =    0.3/s Avg:  3914 Min:   595 Max:  6137 Err:     0 (0.00%)
2017-07-24 19:18:03,116 INFO o.a.j.r.Summariser: summary +      9 in 00:00:31 =    0.3/s Avg:  3443 Min:   439 Max:  5520 Err:     0 (0.00%) Active: 1 Started: 1 Finished: 0
2017-07-24 19:18:03,116 INFO o.a.j.r.Summariser: summary =     26 in 00:01:38 =    0.3/s Avg:  3751 Min:   439 Max:  6137 Err:     0 (0.00%)
2017-07-24 19:18:33,620 INFO o.a.j.r.Summariser: summary +      9 in 00:00:31 =    0.3/s Avg:  3389 Min:   442 Max:  5518 Err:     0 (0.00%) Active: 1 Started: 1 Finished: 0
2017-07-24 19:18:33,621 INFO o.a.j.r.Summariser: summary =     35 in 00:02:08 =    0.3/s Avg:  3658 Min:   439 Max:  6137 Err:     0 (0.00%)
2017-07-24 19:19:00,602 INFO o.a.j.r.Summariser: summary +      8 in 00:00:27 =    0.3/s Avg:  3372 Min:   446 Max:  5214 Err:     0 (0.00%) Active: 1 Started: 1 Finished: 0
2017-07-24 19:19:00,603 INFO o.a.j.r.Summariser: summary =     43 in 00:02:35 =    0.3/s Avg:  3604 Min:   439 Max:  6137 Err:     0 (0.00%)
2017-07-24 19:19:31,648 INFO o.a.j.r.Summariser: summary +      9 in 00:00:31 =    0.3/s Avg:  3449 Min:   440 Max:  5220 Err:     0 (0.00%) Active: 1 Started: 1 Finished: 0
2017-07-24 19:19:31,649 INFO o.a.j.r.Summariser: summary =     52 in 00:03:06 =    0.3/s Avg:  3577 Min:   439 Max:  6137 Err:     0 (0.00%)
2017-07-24 19:20:01,793 INFO o.a.j.r.Summariser: summary +      9 in 00:00:30 =    0.3/s Avg:  3349 Min:   443 Max:  5225 Err:     0 (0.00%) Active: 1 Started: 1 Finished: 0
2017-07-24 19:20:01,793 INFO o.a.j.r.Summariser: summary =     61 in 00:03:36 =    0.3/s Avg:  3544 Min:   439 Max:  6137 Err:     0 (0.00%)
2017-07-24 19:20:31,178 INFO o.a.j.r.Summariser: summary +      7 in 00:00:29 =    0.2/s Avg:  4197 Min:  3045 Max:  5227 Err:     0 (0.00%) Active: 1 Started: 1 Finished: 0
2017-07-24 19:20:31,179 INFO o.a.j.r.Summariser: summary =     68 in 00:04:06 =    0.3/s Avg:  3611 Min:   439 Max:  6137 Err:     0 (0.00%)
2017-07-24 19:21:00,414 INFO o.a.j.r.Summariser: summary +      9 in 00:00:29 =    0.3/s Avg:  3248 Min:   441 Max:  4657 Err:     0 (0.00%) Active: 1 Started: 1 Finished: 0
2017-07-24 19:21:00,414 INFO o.a.j.r.Summariser: summary =     77 in 00:04:35 =    0.3/s Avg:  3568 Min:   439 Max:  6137 Err:     0 (0.00%)
2017-07-24 19:21:31,484 INFO o.a.j.r.Summariser: summary +      9 in 00:00:31 =    0.3/s Avg:  3452 Min:   446 Max:  5226 Err:     0 (0.00%) Active: 1 Started: 1 Finished: 0
2017-07-24 19:21:31,484 INFO o.a.j.r.Summariser: summary =     86 in 00:05:06 =    0.3/s Avg:  3556 Min:   439 Max:  6137 Err:     0 (0.00%)
2017-07-24 19:22:01,467 INFO o.a.j.r.Summariser: summary +      9 in 00:00:30 =    0.3/s Avg:  3331 Min:   461 Max:  4935 Err:     0 (0.00%) Active: 1 Started: 1 Finished: 0
2017-07-24 19:22:01,467 INFO o.a.j.r.Summariser: summary =     95 in 00:05:36 =    0.3/s Avg:  3535 Min:   439 Max:  6137 Err:     0 (0.00%)
2017-07-24 19:22:16,406 INFO o.a.j.t.JMeterThread: Thread is done: The thread Group 1-1
2017-07-24 19:22:16,406 INFO o.a.j.t.JMeterThread: Thread finished: The thread Group 1-1
2017-07-24 19:22:16,406 INFO o.a.j.e.StandardJMeterEngine: Notifying test listeners of end of test
2017-07-24 19:22:16,406 INFO o.a.j.s.FileServer: Close: /Users/jeb228/Development/DataDistributionAPI/testing/tests_and_results/DepartmentWordCloud/DepartmentUris.csv
2017-07-24 19:22:16,408 INFO o.a.j.r.Summariser: summary +      5 in 00:00:15 =    0.3/s Avg:  2987 Min:   439 Max:  5083 Err:     0 (0.00%) Active: 0 Started: 1 Finished: 1
2017-07-24 19:22:16,408 INFO o.a.j.r.Summariser: summary =    100 in 00:05:51 =    0.3/s Avg:  3507 Min:   439 Max:  6137 Err:     0 (0.00%)
