2017-07-26 18:47:54,704 INFO o.a.j.u.JMeterUtils: Setting Locale to en_US
2017-07-26 18:47:54,714 INFO o.a.j.JMeter: Loading user properties from: /Users/jeb228/Software/forMac/JMeter/apache-jmeter-3.2/bin/user.properties
2017-07-26 18:47:54,715 INFO o.a.j.JMeter: Loading system properties from: /Users/jeb228/Software/forMac/JMeter/apache-jmeter-3.2/bin/system.properties
2017-07-26 18:47:54,716 INFO o.a.j.JMeter: Setting JMeter property: dir.base=/Users/jeb228/Development/DataDistributionAPI/testing/tests_and_results/OrganizationResearchAreas/_results
2017-07-26 18:47:54,716 INFO o.a.j.JMeter: Setting JMeter property: dir.output=/Users/jeb228/Development/DataDistributionAPI/testing/tests_and_results/OrganizationResearchAreas/_results/vivo_ora_drill_L1_1
2017-07-26 18:47:54,716 INFO o.a.j.JMeter: Setting JMeter property: context.path=vivo
2017-07-26 18:47:54,716 INFO o.a.j.JMeter: Setting JMeter property: action.name=ora_drill_L1
2017-07-26 18:47:54,716 INFO o.a.j.JMeter: Setting JMeter property: file.uris=/Users/jeb228/Development/DataDistributionAPI/testing/tests_and_results/OrganizationResearchAreas/OrganizationUris.csv
2017-07-26 18:47:54,716 INFO o.a.j.JMeter: Setting JMeter property: sample_variables=LABEL
2017-07-26 18:47:54,719 INFO o.a.j.JMeter: Copyright (c) 1998-2017 The Apache Software Foundation
2017-07-26 18:47:54,719 INFO o.a.j.JMeter: Version 3.2 r1790748
2017-07-26 18:47:54,719 INFO o.a.j.JMeter: java.version=1.8.0_131
2017-07-26 18:47:54,719 INFO o.a.j.JMeter: java.vm.name=Java HotSpot(TM) 64-Bit Server VM
2017-07-26 18:47:54,719 INFO o.a.j.JMeter: os.name=Mac OS X
2017-07-26 18:47:54,720 INFO o.a.j.JMeter: os.arch=x86_64
2017-07-26 18:47:54,720 INFO o.a.j.JMeter: os.version=10.12.6
2017-07-26 18:47:54,720 INFO o.a.j.JMeter: file.encoding=UTF-8
2017-07-26 18:47:54,720 INFO o.a.j.JMeter: Max memory     =536870912
2017-07-26 18:47:54,720 INFO o.a.j.JMeter: Available Processors =4
2017-07-26 18:47:54,722 INFO o.a.j.JMeter: Default Locale=English (United States)
2017-07-26 18:47:54,723 INFO o.a.j.JMeter: JMeter  Locale=English (United States)
2017-07-26 18:47:54,723 INFO o.a.j.JMeter: JMeterHome=/Users/jeb228/Software/forMac/JMeter/apache-jmeter-3.2
2017-07-26 18:47:54,723 INFO o.a.j.JMeter: user.dir  =/Users/jeb228/Development/DataDistributionAPI/testing/tests_and_results/OrganizationResearchAreas/_results
2017-07-26 18:47:54,723 INFO o.a.j.JMeter: PWD       =/Users/jeb228/Development/DataDistributionAPI/testing/tests_and_results/OrganizationResearchAreas/_results
2017-07-26 18:47:54,730 INFO o.a.j.JMeter: IP: 10.0.1.36 Name: lib-jeb228-maclap.local FullName: 10.0.1.36
2017-07-26 18:47:54,733 INFO o.a.j.s.FileServer: Default base='/Users/jeb228/Development/DataDistributionAPI/testing/tests_and_results/OrganizationResearchAreas/_results'
2017-07-26 18:47:54,733 INFO o.a.j.s.FileServer: Set new base='/Users/jeb228/Development/DataDistributionAPI/testing/tests_and_results/OrganizationResearchAreas'
2017-07-26 18:47:54,816 INFO o.a.j.s.SaveService: Testplan (JMX) version: 2.2. Testlog (JTL) version: 2.2
2017-07-26 18:47:54,828 INFO o.a.j.s.SaveService: Using SaveService properties file encoding UTF-8
2017-07-26 18:47:54,842 INFO o.a.j.s.SaveService: Using SaveService properties version 3.2
2017-07-26 18:47:54,846 INFO o.a.j.s.SaveService: Loading file: /Users/jeb228/Development/DataDistributionAPI/testing/tests_and_results/OrganizationResearchAreas/OrganizationResearchAreas.jmx
2017-07-26 18:47:54,879 INFO o.a.j.p.h.s.HTTPSamplerBase: Parser for text/html is org.apache.jmeter.protocol.http.parser.LagartoBasedHtmlParser
2017-07-26 18:47:54,879 INFO o.a.j.p.h.s.HTTPSamplerBase: Parser for application/xhtml+xml is org.apache.jmeter.protocol.http.parser.LagartoBasedHtmlParser
2017-07-26 18:47:54,879 INFO o.a.j.p.h.s.HTTPSamplerBase: Parser for application/xml is org.apache.jmeter.protocol.http.parser.LagartoBasedHtmlParser
2017-07-26 18:47:54,879 INFO o.a.j.p.h.s.HTTPSamplerBase: Parser for text/xml is org.apache.jmeter.protocol.http.parser.LagartoBasedHtmlParser
2017-07-26 18:47:54,879 INFO o.a.j.p.h.s.HTTPSamplerBase: Parser for text/vnd.wap.wml is org.apache.jmeter.protocol.http.parser.RegexpHTMLParser
2017-07-26 18:47:54,879 INFO o.a.j.p.h.s.HTTPSamplerBase: Parser for text/css is org.apache.jmeter.protocol.http.parser.CssParser
2017-07-26 18:47:54,886 INFO o.a.j.JMeter: Creating summariser <summary>
2017-07-26 18:47:54,893 INFO o.a.j.e.StandardJMeterEngine: Running the test!
2017-07-26 18:47:54,893 INFO o.a.j.s.SampleEvent: List of sample_variables: [LABEL]
2017-07-26 18:47:54,894 INFO o.a.j.s.SampleEvent: List of sample_variables: [LABEL]
2017-07-26 18:47:54,897 INFO o.a.j.e.u.CompoundVariable: Note: Function class names must contain the string: '.functions.'
2017-07-26 18:47:54,897 INFO o.a.j.e.u.CompoundVariable: Note: Function class names must not contain the string: '.gui.'
2017-07-26 18:47:55,123 INFO o.a.j.JMeter: Running test (1501109275123)
2017-07-26 18:47:55,155 INFO o.a.j.e.StandardJMeterEngine: Starting ThreadGroup: 1 : The thread Group
2017-07-26 18:47:55,156 INFO o.a.j.e.StandardJMeterEngine: Starting 1 threads for group The thread Group.
2017-07-26 18:47:55,156 INFO o.a.j.e.StandardJMeterEngine: Thread will continue on error
2017-07-26 18:47:55,156 INFO o.a.j.t.ThreadGroup: Starting thread group... number=1 threads=1 ramp-up=1 perThread=1000.0 delayedStart=false
2017-07-26 18:47:55,159 INFO o.a.j.t.ThreadGroup: Started thread group number 1
2017-07-26 18:47:55,159 INFO o.a.j.e.StandardJMeterEngine: All thread groups have been started
2017-07-26 18:47:55,252 INFO o.a.j.t.JMeterThread: Thread started: The thread Group 1-1
2017-07-26 18:47:55,254 INFO o.a.j.s.FileServer: Stored: /Users/jeb228/Development/DataDistributionAPI/testing/tests_and_results/OrganizationResearchAreas/OrganizationUris.csv
2017-07-26 18:47:55,265 INFO o.a.j.p.h.s.HTTPHCAbstractImpl: Local host = lib-jeb228-maclap.local
2017-07-26 18:47:55,268 INFO o.a.j.p.h.s.HTTPHC4Impl: HTTP request retry count = 0
2017-07-26 18:47:55,273 INFO o.a.j.s.SampleResult: Note: Sample TimeStamps are START times
2017-07-26 18:47:55,273 INFO o.a.j.s.SampleResult: sampleresult.default.encoding is set to ISO-8859-1
2017-07-26 18:47:55,273 INFO o.a.j.s.SampleResult: sampleresult.useNanoTime=true
2017-07-26 18:47:55,273 INFO o.a.j.s.SampleResult: sampleresult.nanoThreadSleep=5000
2017-07-26 18:48:00,175 INFO o.a.j.r.Summariser: summary +      6 in 00:00:05 =    1.2/s Avg:   814 Min:   479 Max:  2182 Err:     0 (0.00%) Active: 1 Started: 1 Finished: 0
2017-07-26 18:48:30,730 INFO o.a.j.r.Summariser: summary +     45 in 00:00:31 =    1.5/s Avg:   678 Min:   334 Max:  2351 Err:     0 (0.00%) Active: 1 Started: 1 Finished: 0
2017-07-26 18:48:30,730 INFO o.a.j.r.Summariser: summary =     51 in 00:00:36 =    1.4/s Avg:   694 Min:   334 Max:  2351 Err:     0 (0.00%)
2017-07-26 18:49:00,141 INFO o.a.j.r.Summariser: summary +     42 in 00:00:29 =    1.4/s Avg:   699 Min:   331 Max:  2361 Err:     0 (0.00%) Active: 1 Started: 1 Finished: 0
2017-07-26 18:49:00,141 INFO o.a.j.r.Summariser: summary =     93 in 00:01:05 =    1.4/s Avg:   696 Min:   331 Max:  2361 Err:     0 (0.00%)
2017-07-26 18:49:03,918 INFO o.a.j.t.JMeterThread: Thread is done: The thread Group 1-1
2017-07-26 18:49:03,918 INFO o.a.j.t.JMeterThread: Thread finished: The thread Group 1-1
2017-07-26 18:49:03,918 INFO o.a.j.e.StandardJMeterEngine: Notifying test listeners of end of test
2017-07-26 18:49:03,918 INFO o.a.j.s.FileServer: Close: /Users/jeb228/Development/DataDistributionAPI/testing/tests_and_results/OrganizationResearchAreas/OrganizationUris.csv
2017-07-26 18:49:03,919 INFO o.a.j.r.Summariser: summary +      7 in 00:00:04 =    1.9/s Avg:   539 Min:   334 Max:   776 Err:     0 (0.00%) Active: 0 Started: 1 Finished: 1
2017-07-26 18:49:03,919 INFO o.a.j.r.Summariser: summary =    100 in 00:01:09 =    1.5/s Avg:   685 Min:   331 Max:  2361 Err:     0 (0.00%)
