2017-07-24 21:56:53,772 INFO o.a.j.u.JMeterUtils: Setting Locale to en_US
2017-07-24 21:56:53,783 INFO o.a.j.JMeter: Loading user properties from: /Users/jeb228/Software/forMac/JMeter/apache-jmeter-3.2/bin/user.properties
2017-07-24 21:56:53,784 INFO o.a.j.JMeter: Loading system properties from: /Users/jeb228/Software/forMac/JMeter/apache-jmeter-3.2/bin/system.properties
2017-07-24 21:56:53,784 INFO o.a.j.JMeter: Setting JMeter property: dir.base=/Users/jeb228/Development/DataDistributionAPI/testing/tests_and_results/OrganizationResearchAreas/_results
2017-07-24 21:56:53,784 INFO o.a.j.JMeter: Setting JMeter property: dir.output=/Users/jeb228/Development/DataDistributionAPI/testing/tests_and_results/OrganizationResearchAreas/_results/vivo_ora_drill_L1L2_1
2017-07-24 21:56:53,784 INFO o.a.j.JMeter: Setting JMeter property: context.path=vivo
2017-07-24 21:56:53,784 INFO o.a.j.JMeter: Setting JMeter property: action.name=ora_drill_L1L2
2017-07-24 21:56:53,784 INFO o.a.j.JMeter: Setting JMeter property: file.uris=/Users/jeb228/Development/DataDistributionAPI/testing/tests_and_results/OrganizationResearchAreas/OrganizationUris.csv
2017-07-24 21:56:53,784 INFO o.a.j.JMeter: Setting JMeter property: sample_variables=LABEL
2017-07-24 21:56:53,789 INFO o.a.j.JMeter: Copyright (c) 1998-2017 The Apache Software Foundation
2017-07-24 21:56:53,789 INFO o.a.j.JMeter: Version 3.2 r1790748
2017-07-24 21:56:53,789 INFO o.a.j.JMeter: java.version=1.8.0_131
2017-07-24 21:56:53,789 INFO o.a.j.JMeter: java.vm.name=Java HotSpot(TM) 64-Bit Server VM
2017-07-24 21:56:53,789 INFO o.a.j.JMeter: os.name=Mac OS X
2017-07-24 21:56:53,789 INFO o.a.j.JMeter: os.arch=x86_64
2017-07-24 21:56:53,789 INFO o.a.j.JMeter: os.version=10.12.6
2017-07-24 21:56:53,789 INFO o.a.j.JMeter: file.encoding=UTF-8
2017-07-24 21:56:53,789 INFO o.a.j.JMeter: Max memory     =536870912
2017-07-24 21:56:53,789 INFO o.a.j.JMeter: Available Processors =4
2017-07-24 21:56:53,792 INFO o.a.j.JMeter: Default Locale=English (United States)
2017-07-24 21:56:53,792 INFO o.a.j.JMeter: JMeter  Locale=English (United States)
2017-07-24 21:56:53,792 INFO o.a.j.JMeter: JMeterHome=/Users/jeb228/Software/forMac/JMeter/apache-jmeter-3.2
2017-07-24 21:56:53,792 INFO o.a.j.JMeter: user.dir  =/Users/jeb228/Development/DataDistributionAPI/testing/tests_and_results/OrganizationResearchAreas/_results
2017-07-24 21:56:53,792 INFO o.a.j.JMeter: PWD       =/Users/jeb228/Development/DataDistributionAPI/testing/tests_and_results/OrganizationResearchAreas/_results
2017-07-24 21:56:53,798 INFO o.a.j.JMeter: IP: 10.0.1.36 Name: lib-jeb228-maclap.local FullName: 10.0.1.36
2017-07-24 21:56:53,801 INFO o.a.j.s.FileServer: Default base='/Users/jeb228/Development/DataDistributionAPI/testing/tests_and_results/OrganizationResearchAreas/_results'
2017-07-24 21:56:53,801 INFO o.a.j.s.FileServer: Set new base='/Users/jeb228/Development/DataDistributionAPI/testing/tests_and_results/OrganizationResearchAreas'
2017-07-24 21:56:53,892 INFO o.a.j.s.SaveService: Testplan (JMX) version: 2.2. Testlog (JTL) version: 2.2
2017-07-24 21:56:53,902 INFO o.a.j.s.SaveService: Using SaveService properties file encoding UTF-8
2017-07-24 21:56:53,915 INFO o.a.j.s.SaveService: Using SaveService properties version 3.2
2017-07-24 21:56:53,919 INFO o.a.j.s.SaveService: Loading file: /Users/jeb228/Development/DataDistributionAPI/testing/tests_and_results/OrganizationResearchAreas/OrganizationResearchAreas.jmx
2017-07-24 21:56:53,955 INFO o.a.j.p.h.s.HTTPSamplerBase: Parser for text/html is org.apache.jmeter.protocol.http.parser.LagartoBasedHtmlParser
2017-07-24 21:56:53,955 INFO o.a.j.p.h.s.HTTPSamplerBase: Parser for application/xhtml+xml is org.apache.jmeter.protocol.http.parser.LagartoBasedHtmlParser
2017-07-24 21:56:53,955 INFO o.a.j.p.h.s.HTTPSamplerBase: Parser for application/xml is org.apache.jmeter.protocol.http.parser.LagartoBasedHtmlParser
2017-07-24 21:56:53,955 INFO o.a.j.p.h.s.HTTPSamplerBase: Parser for text/xml is org.apache.jmeter.protocol.http.parser.LagartoBasedHtmlParser
2017-07-24 21:56:53,955 INFO o.a.j.p.h.s.HTTPSamplerBase: Parser for text/vnd.wap.wml is org.apache.jmeter.protocol.http.parser.RegexpHTMLParser
2017-07-24 21:56:53,956 INFO o.a.j.p.h.s.HTTPSamplerBase: Parser for text/css is org.apache.jmeter.protocol.http.parser.CssParser
2017-07-24 21:56:53,966 INFO o.a.j.JMeter: Creating summariser <summary>
2017-07-24 21:56:53,974 INFO o.a.j.e.StandardJMeterEngine: Running the test!
2017-07-24 21:56:53,974 INFO o.a.j.s.SampleEvent: List of sample_variables: [LABEL]
2017-07-24 21:56:53,974 INFO o.a.j.s.SampleEvent: List of sample_variables: [LABEL]
2017-07-24 21:56:53,977 INFO o.a.j.e.u.CompoundVariable: Note: Function class names must contain the string: '.functions.'
2017-07-24 21:56:53,977 INFO o.a.j.e.u.CompoundVariable: Note: Function class names must not contain the string: '.gui.'
2017-07-24 21:56:54,218 INFO o.a.j.JMeter: Running test (1500947814218)
2017-07-24 21:56:54,250 INFO o.a.j.e.StandardJMeterEngine: Starting ThreadGroup: 1 : The thread Group
2017-07-24 21:56:54,251 INFO o.a.j.e.StandardJMeterEngine: Starting 1 threads for group The thread Group.
2017-07-24 21:56:54,251 INFO o.a.j.e.StandardJMeterEngine: Thread will continue on error
2017-07-24 21:56:54,251 INFO o.a.j.t.ThreadGroup: Starting thread group... number=1 threads=1 ramp-up=1 perThread=1000.0 delayedStart=false
2017-07-24 21:56:54,254 INFO o.a.j.t.ThreadGroup: Started thread group number 1
2017-07-24 21:56:54,254 INFO o.a.j.e.StandardJMeterEngine: All thread groups have been started
2017-07-24 21:56:54,338 INFO o.a.j.t.JMeterThread: Thread started: The thread Group 1-1
2017-07-24 21:56:54,341 INFO o.a.j.s.FileServer: Stored: /Users/jeb228/Development/DataDistributionAPI/testing/tests_and_results/OrganizationResearchAreas/OrganizationUris.csv
2017-07-24 21:56:54,353 INFO o.a.j.p.h.s.HTTPHCAbstractImpl: Local host = lib-jeb228-maclap.local
2017-07-24 21:56:54,356 INFO o.a.j.p.h.s.HTTPHC4Impl: HTTP request retry count = 0
2017-07-24 21:56:54,361 INFO o.a.j.s.SampleResult: Note: Sample TimeStamps are START times
2017-07-24 21:56:54,361 INFO o.a.j.s.SampleResult: sampleresult.default.encoding is set to ISO-8859-1
2017-07-24 21:56:54,361 INFO o.a.j.s.SampleResult: sampleresult.useNanoTime=true
2017-07-24 21:56:54,361 INFO o.a.j.s.SampleResult: sampleresult.nanoThreadSleep=5000
2017-07-24 21:57:00,310 INFO o.a.j.r.Summariser: summary +      2 in 00:00:06 =    0.3/s Avg:  2966 Min:  2606 Max:  3326 Err:     0 (0.00%) Active: 1 Started: 1 Finished: 0
2017-07-24 21:57:30,474 INFO o.a.j.r.Summariser: summary +     14 in 00:00:30 =    0.5/s Avg:  2153 Min:   391 Max:  3867 Err:     0 (0.00%) Active: 1 Started: 1 Finished: 0
2017-07-24 21:57:30,474 INFO o.a.j.r.Summariser: summary =     16 in 00:00:36 =    0.4/s Avg:  2255 Min:   391 Max:  3867 Err:     0 (0.00%)
2017-07-24 21:58:01,785 INFO o.a.j.r.Summariser: summary +     15 in 00:00:31 =    0.5/s Avg:  2087 Min:   412 Max:  3869 Err:     0 (0.00%) Active: 1 Started: 1 Finished: 0
2017-07-24 21:58:01,786 INFO o.a.j.r.Summariser: summary =     31 in 00:01:08 =    0.5/s Avg:  2173 Min:   391 Max:  3869 Err:     0 (0.00%)
2017-07-24 21:58:32,523 INFO o.a.j.r.Summariser: summary +     14 in 00:00:31 =    0.5/s Avg:  2195 Min:   413 Max:  3777 Err:     0 (0.00%) Active: 1 Started: 1 Finished: 0
2017-07-24 21:58:32,523 INFO o.a.j.r.Summariser: summary =     45 in 00:01:38 =    0.5/s Avg:  2180 Min:   391 Max:  3869 Err:     0 (0.00%)
2017-07-24 21:59:00,952 INFO o.a.j.r.Summariser: summary +     12 in 00:00:28 =    0.4/s Avg:  2368 Min:   412 Max:  3874 Err:     0 (0.00%) Active: 1 Started: 1 Finished: 0
2017-07-24 21:59:00,952 INFO o.a.j.r.Summariser: summary =     57 in 00:02:07 =    0.4/s Avg:  2220 Min:   391 Max:  3874 Err:     0 (0.00%)
2017-07-24 21:59:32,120 INFO o.a.j.r.Summariser: summary +     15 in 00:00:31 =    0.5/s Avg:  2077 Min:   412 Max:  3925 Err:     0 (0.00%) Active: 1 Started: 1 Finished: 0
2017-07-24 21:59:32,120 INFO o.a.j.r.Summariser: summary =     72 in 00:02:38 =    0.5/s Avg:  2190 Min:   391 Max:  3925 Err:     0 (0.00%)
2017-07-24 22:00:02,054 INFO o.a.j.r.Summariser: summary +     14 in 00:00:30 =    0.5/s Avg:  2137 Min:   398 Max:  3733 Err:     0 (0.00%) Active: 1 Started: 1 Finished: 0
2017-07-24 22:00:02,055 INFO o.a.j.r.Summariser: summary =     86 in 00:03:08 =    0.5/s Avg:  2181 Min:   391 Max:  3925 Err:     0 (0.00%)
2017-07-24 22:00:31,289 INFO o.a.j.r.Summariser: summary +     14 in 00:00:29 =    0.5/s Avg:  2087 Min:   423 Max:  3879 Err:     0 (0.00%) Active: 1 Started: 1 Finished: 0
2017-07-24 22:00:31,289 INFO o.a.j.r.Summariser: summary =    100 in 00:03:37 =    0.5/s Avg:  2168 Min:   391 Max:  3925 Err:     0 (0.00%)
2017-07-24 22:00:31,289 INFO o.a.j.t.JMeterThread: Thread is done: The thread Group 1-1
2017-07-24 22:00:31,289 INFO o.a.j.t.JMeterThread: Thread finished: The thread Group 1-1
2017-07-24 22:00:31,290 INFO o.a.j.e.StandardJMeterEngine: Notifying test listeners of end of test
2017-07-24 22:00:31,290 INFO o.a.j.s.FileServer: Close: /Users/jeb228/Development/DataDistributionAPI/testing/tests_and_results/OrganizationResearchAreas/OrganizationUris.csv
2017-07-24 22:00:31,290 INFO o.a.j.r.Summariser: summary =    100 in 00:03:37 =    0.5/s Avg:  2168 Min:   391 Max:  3925 Err:     0 (0.00%)
