2017-07-25 08:32:23,929 INFO o.a.j.u.JMeterUtils: Setting Locale to en_US
2017-07-25 08:32:23,937 INFO o.a.j.JMeter: Loading user properties from: /Users/jeb228/Software/forMac/JMeter/apache-jmeter-3.2/bin/user.properties
2017-07-25 08:32:23,938 INFO o.a.j.JMeter: Loading system properties from: /Users/jeb228/Software/forMac/JMeter/apache-jmeter-3.2/bin/system.properties
2017-07-25 08:32:23,938 INFO o.a.j.JMeter: Setting JMeter property: dir.base=/Users/jeb228/Development/DataDistributionAPI/testing/tests_and_results/DepartmentWordCloud/_results
2017-07-25 08:32:23,938 INFO o.a.j.JMeter: Setting JMeter property: dir.output=/Users/jeb228/Development/DataDistributionAPI/testing/tests_and_results/DepartmentWordCloud/_results/scholars_dwc_double_1
2017-07-25 08:32:23,938 INFO o.a.j.JMeter: Setting JMeter property: context.path=scholars
2017-07-25 08:32:23,939 INFO o.a.j.JMeter: Setting JMeter property: action.name=dwc_double
2017-07-25 08:32:23,939 INFO o.a.j.JMeter: Setting JMeter property: file.uris=/Users/jeb228/Development/DataDistributionAPI/testing/tests_and_results/DepartmentWordCloud/DepartmentUris.csv
2017-07-25 08:32:23,939 INFO o.a.j.JMeter: Setting JMeter property: sample_variables=LABEL
2017-07-25 08:32:23,942 INFO o.a.j.JMeter: Copyright (c) 1998-2017 The Apache Software Foundation
2017-07-25 08:32:23,942 INFO o.a.j.JMeter: Version 3.2 r1790748
2017-07-25 08:32:23,942 INFO o.a.j.JMeter: java.version=1.8.0_131
2017-07-25 08:32:23,942 INFO o.a.j.JMeter: java.vm.name=Java HotSpot(TM) 64-Bit Server VM
2017-07-25 08:32:23,942 INFO o.a.j.JMeter: os.name=Mac OS X
2017-07-25 08:32:23,943 INFO o.a.j.JMeter: os.arch=x86_64
2017-07-25 08:32:23,943 INFO o.a.j.JMeter: os.version=10.12.6
2017-07-25 08:32:23,943 INFO o.a.j.JMeter: file.encoding=UTF-8
2017-07-25 08:32:23,943 INFO o.a.j.JMeter: Max memory     =536870912
2017-07-25 08:32:23,943 INFO o.a.j.JMeter: Available Processors =4
2017-07-25 08:32:23,945 INFO o.a.j.JMeter: Default Locale=English (United States)
2017-07-25 08:32:23,946 INFO o.a.j.JMeter: JMeter  Locale=English (United States)
2017-07-25 08:32:23,946 INFO o.a.j.JMeter: JMeterHome=/Users/jeb228/Software/forMac/JMeter/apache-jmeter-3.2
2017-07-25 08:32:23,946 INFO o.a.j.JMeter: user.dir  =/Users/jeb228/Development/DataDistributionAPI/testing/tests_and_results/DepartmentWordCloud/_results
2017-07-25 08:32:23,946 INFO o.a.j.JMeter: PWD       =/Users/jeb228/Development/DataDistributionAPI/testing/tests_and_results/DepartmentWordCloud/_results
2017-07-25 08:32:23,952 INFO o.a.j.JMeter: IP: 10.0.1.36 Name: lib-jeb228-maclap.local FullName: 10.0.1.36
2017-07-25 08:32:23,955 INFO o.a.j.s.FileServer: Default base='/Users/jeb228/Development/DataDistributionAPI/testing/tests_and_results/DepartmentWordCloud/_results'
2017-07-25 08:32:23,955 INFO o.a.j.s.FileServer: Set new base='/Users/jeb228/Development/DataDistributionAPI/testing/tests_and_results/DepartmentWordCloud'
2017-07-25 08:32:24,035 INFO o.a.j.s.SaveService: Testplan (JMX) version: 2.2. Testlog (JTL) version: 2.2
2017-07-25 08:32:24,045 INFO o.a.j.s.SaveService: Using SaveService properties file encoding UTF-8
2017-07-25 08:32:24,056 INFO o.a.j.s.SaveService: Using SaveService properties version 3.2
2017-07-25 08:32:24,060 INFO o.a.j.s.SaveService: Loading file: /Users/jeb228/Development/DataDistributionAPI/testing/tests_and_results/DepartmentWordCloud/DepartmentWordClouds.jmx
2017-07-25 08:32:24,092 INFO o.a.j.p.h.s.HTTPSamplerBase: Parser for text/html is org.apache.jmeter.protocol.http.parser.LagartoBasedHtmlParser
2017-07-25 08:32:24,093 INFO o.a.j.p.h.s.HTTPSamplerBase: Parser for application/xhtml+xml is org.apache.jmeter.protocol.http.parser.LagartoBasedHtmlParser
2017-07-25 08:32:24,093 INFO o.a.j.p.h.s.HTTPSamplerBase: Parser for application/xml is org.apache.jmeter.protocol.http.parser.LagartoBasedHtmlParser
2017-07-25 08:32:24,093 INFO o.a.j.p.h.s.HTTPSamplerBase: Parser for text/xml is org.apache.jmeter.protocol.http.parser.LagartoBasedHtmlParser
2017-07-25 08:32:24,093 INFO o.a.j.p.h.s.HTTPSamplerBase: Parser for text/vnd.wap.wml is org.apache.jmeter.protocol.http.parser.RegexpHTMLParser
2017-07-25 08:32:24,093 INFO o.a.j.p.h.s.HTTPSamplerBase: Parser for text/css is org.apache.jmeter.protocol.http.parser.CssParser
2017-07-25 08:32:24,100 INFO o.a.j.JMeter: Creating summariser <summary>
2017-07-25 08:32:24,107 INFO o.a.j.e.StandardJMeterEngine: Running the test!
2017-07-25 08:32:24,107 INFO o.a.j.s.SampleEvent: List of sample_variables: [LABEL]
2017-07-25 08:32:24,107 INFO o.a.j.s.SampleEvent: List of sample_variables: [LABEL]
2017-07-25 08:32:24,110 INFO o.a.j.e.u.CompoundVariable: Note: Function class names must contain the string: '.functions.'
2017-07-25 08:32:24,110 INFO o.a.j.e.u.CompoundVariable: Note: Function class names must not contain the string: '.gui.'
2017-07-25 08:32:24,348 INFO o.a.j.JMeter: Running test (1500985944348)
2017-07-25 08:32:24,379 INFO o.a.j.e.StandardJMeterEngine: Starting ThreadGroup: 1 : The thread Group
2017-07-25 08:32:24,379 INFO o.a.j.e.StandardJMeterEngine: Starting 1 threads for group The thread Group.
2017-07-25 08:32:24,379 INFO o.a.j.e.StandardJMeterEngine: Thread will continue on error
2017-07-25 08:32:24,379 INFO o.a.j.t.ThreadGroup: Starting thread group... number=1 threads=1 ramp-up=1 perThread=1000.0 delayedStart=false
2017-07-25 08:32:24,382 INFO o.a.j.t.ThreadGroup: Started thread group number 1
2017-07-25 08:32:24,382 INFO o.a.j.e.StandardJMeterEngine: All thread groups have been started
2017-07-25 08:32:24,588 INFO o.a.j.t.JMeterThread: Thread started: The thread Group 1-1
2017-07-25 08:32:24,594 INFO o.a.j.s.FileServer: Stored: /Users/jeb228/Development/DataDistributionAPI/testing/tests_and_results/DepartmentWordCloud/DepartmentUris.csv
2017-07-25 08:32:24,617 INFO o.a.j.p.h.s.HTTPHCAbstractImpl: Local host = lib-jeb228-maclap.local
2017-07-25 08:32:24,622 INFO o.a.j.p.h.s.HTTPHC4Impl: HTTP request retry count = 0
2017-07-25 08:32:24,631 INFO o.a.j.s.SampleResult: Note: Sample TimeStamps are START times
2017-07-25 08:32:24,631 INFO o.a.j.s.SampleResult: sampleresult.default.encoding is set to ISO-8859-1
2017-07-25 08:32:24,632 INFO o.a.j.s.SampleResult: sampleresult.useNanoTime=true
2017-07-25 08:32:24,632 INFO o.a.j.s.SampleResult: sampleresult.nanoThreadSleep=5000
2017-07-25 08:32:31,975 INFO o.a.j.r.Summariser: summary +      2 in 00:00:08 =    0.3/s Avg:  3660 Min:  3482 Max:  3838 Err:     0 (0.00%) Active: 1 Started: 1 Finished: 0
2017-07-25 08:33:01,736 INFO o.a.j.r.Summariser: summary +     10 in 00:00:30 =    0.3/s Avg:  2975 Min:   429 Max:  4447 Err:     0 (0.00%) Active: 1 Started: 1 Finished: 0
2017-07-25 08:33:01,736 INFO o.a.j.r.Summariser: summary =     12 in 00:00:37 =    0.3/s Avg:  3089 Min:   429 Max:  4447 Err:     0 (0.00%)
2017-07-25 08:33:31,449 INFO o.a.j.r.Summariser: summary +     10 in 00:00:30 =    0.3/s Avg:  2970 Min:   424 Max:  4445 Err:     0 (0.00%) Active: 1 Started: 1 Finished: 0
2017-07-25 08:33:31,450 INFO o.a.j.r.Summariser: summary =     22 in 00:01:07 =    0.3/s Avg:  3035 Min:   424 Max:  4447 Err:     0 (0.00%)
2017-07-25 08:34:01,096 INFO o.a.j.r.Summariser: summary +     10 in 00:00:30 =    0.3/s Avg:  2964 Min:   426 Max:  4432 Err:     0 (0.00%) Active: 1 Started: 1 Finished: 0
2017-07-25 08:34:01,096 INFO o.a.j.r.Summariser: summary =     32 in 00:01:37 =    0.3/s Avg:  3013 Min:   424 Max:  4447 Err:     0 (0.00%)
2017-07-25 08:34:30,826 INFO o.a.j.r.Summariser: summary +     10 in 00:00:30 =    0.3/s Avg:  2972 Min:   428 Max:  4413 Err:     0 (0.00%) Active: 1 Started: 1 Finished: 0
2017-07-25 08:34:30,827 INFO o.a.j.r.Summariser: summary =     42 in 00:02:06 =    0.3/s Avg:  3003 Min:   424 Max:  4447 Err:     0 (0.00%)
2017-07-25 08:35:00,493 INFO o.a.j.r.Summariser: summary +     10 in 00:00:30 =    0.3/s Avg:  2966 Min:   419 Max:  4416 Err:     0 (0.00%) Active: 1 Started: 1 Finished: 0
2017-07-25 08:35:00,493 INFO o.a.j.r.Summariser: summary =     52 in 00:02:36 =    0.3/s Avg:  2996 Min:   419 Max:  4447 Err:     0 (0.00%)
2017-07-25 08:35:30,242 INFO o.a.j.r.Summariser: summary +     10 in 00:00:30 =    0.3/s Avg:  2974 Min:   424 Max:  4435 Err:     0 (0.00%) Active: 1 Started: 1 Finished: 0
2017-07-25 08:35:30,242 INFO o.a.j.r.Summariser: summary =     62 in 00:03:06 =    0.3/s Avg:  2992 Min:   419 Max:  4447 Err:     0 (0.00%)
2017-07-25 08:36:00,077 INFO o.a.j.r.Summariser: summary +     10 in 00:00:30 =    0.3/s Avg:  2983 Min:   436 Max:  4438 Err:     0 (0.00%) Active: 1 Started: 1 Finished: 0
2017-07-25 08:36:00,077 INFO o.a.j.r.Summariser: summary =     72 in 00:03:36 =    0.3/s Avg:  2991 Min:   419 Max:  4447 Err:     0 (0.00%)
2017-07-25 08:36:32,873 INFO o.a.j.r.Summariser: summary +     11 in 00:00:33 =    0.3/s Avg:  2980 Min:   413 Max:  4423 Err:     0 (0.00%) Active: 1 Started: 1 Finished: 0
2017-07-25 08:36:32,873 INFO o.a.j.r.Summariser: summary =     83 in 00:04:09 =    0.3/s Avg:  2990 Min:   413 Max:  4447 Err:     0 (0.00%)
2017-07-25 08:37:02,651 INFO o.a.j.r.Summariser: summary +     10 in 00:00:30 =    0.3/s Avg:  2976 Min:   422 Max:  4428 Err:     0 (0.00%) Active: 1 Started: 1 Finished: 0
2017-07-25 08:37:02,651 INFO o.a.j.r.Summariser: summary =     93 in 00:04:38 =    0.3/s Avg:  2988 Min:   413 Max:  4447 Err:     0 (0.00%)
2017-07-25 08:37:22,190 INFO o.a.j.t.JMeterThread: Thread is done: The thread Group 1-1
2017-07-25 08:37:22,190 INFO o.a.j.t.JMeterThread: Thread finished: The thread Group 1-1
2017-07-25 08:37:22,190 INFO o.a.j.e.StandardJMeterEngine: Notifying test listeners of end of test
2017-07-25 08:37:22,191 INFO o.a.j.s.FileServer: Close: /Users/jeb228/Development/DataDistributionAPI/testing/tests_and_results/DepartmentWordCloud/DepartmentUris.csv
2017-07-25 08:37:22,192 INFO o.a.j.r.Summariser: summary +      7 in 00:00:20 =    0.4/s Avg:  2791 Min:   421 Max:  4438 Err:     0 (0.00%) Active: 0 Started: 1 Finished: 1
2017-07-25 08:37:22,192 INFO o.a.j.r.Summariser: summary =    100 in 00:04:58 =    0.3/s Avg:  2974 Min:   413 Max:  4447 Err:     0 (0.00%)
