2017-07-24 20:49:16,738 INFO o.a.j.u.JMeterUtils: Setting Locale to en_US
2017-07-24 20:49:16,746 INFO o.a.j.JMeter: Loading user properties from: /Users/jeb228/Software/forMac/JMeter/apache-jmeter-3.2/bin/user.properties
2017-07-24 20:49:16,747 INFO o.a.j.JMeter: Loading system properties from: /Users/jeb228/Software/forMac/JMeter/apache-jmeter-3.2/bin/system.properties
2017-07-24 20:49:16,747 INFO o.a.j.JMeter: Setting JMeter property: dir.base=/Users/jeb228/Development/DataDistributionAPI/testing/tests_and_results/OrganizationResearchAreas/_results
2017-07-24 20:49:16,747 INFO o.a.j.JMeter: Setting JMeter property: dir.output=/Users/jeb228/Development/DataDistributionAPI/testing/tests_and_results/OrganizationResearchAreas/_results/vivo_ora_drill_L5_1
2017-07-24 20:49:16,747 INFO o.a.j.JMeter: Setting JMeter property: context.path=vivo
2017-07-24 20:49:16,747 INFO o.a.j.JMeter: Setting JMeter property: action.name=ora_drill_L5
2017-07-24 20:49:16,747 INFO o.a.j.JMeter: Setting JMeter property: file.uris=/Users/jeb228/Development/DataDistributionAPI/testing/tests_and_results/OrganizationResearchAreas/OrganizationUris.csv
2017-07-24 20:49:16,747 INFO o.a.j.JMeter: Setting JMeter property: sample_variables=LABEL
2017-07-24 20:49:16,751 INFO o.a.j.JMeter: Copyright (c) 1998-2017 The Apache Software Foundation
2017-07-24 20:49:16,751 INFO o.a.j.JMeter: Version 3.2 r1790748
2017-07-24 20:49:16,751 INFO o.a.j.JMeter: java.version=1.8.0_131
2017-07-24 20:49:16,751 INFO o.a.j.JMeter: java.vm.name=Java HotSpot(TM) 64-Bit Server VM
2017-07-24 20:49:16,752 INFO o.a.j.JMeter: os.name=Mac OS X
2017-07-24 20:49:16,752 INFO o.a.j.JMeter: os.arch=x86_64
2017-07-24 20:49:16,752 INFO o.a.j.JMeter: os.version=10.12.6
2017-07-24 20:49:16,752 INFO o.a.j.JMeter: file.encoding=UTF-8
2017-07-24 20:49:16,752 INFO o.a.j.JMeter: Max memory     =536870912
2017-07-24 20:49:16,752 INFO o.a.j.JMeter: Available Processors =4
2017-07-24 20:49:16,754 INFO o.a.j.JMeter: Default Locale=English (United States)
2017-07-24 20:49:16,755 INFO o.a.j.JMeter: JMeter  Locale=English (United States)
2017-07-24 20:49:16,755 INFO o.a.j.JMeter: JMeterHome=/Users/jeb228/Software/forMac/JMeter/apache-jmeter-3.2
2017-07-24 20:49:16,755 INFO o.a.j.JMeter: user.dir  =/Users/jeb228/Development/DataDistributionAPI/testing/tests_and_results/OrganizationResearchAreas/_results
2017-07-24 20:49:16,755 INFO o.a.j.JMeter: PWD       =/Users/jeb228/Development/DataDistributionAPI/testing/tests_and_results/OrganizationResearchAreas/_results
2017-07-24 20:49:16,761 INFO o.a.j.JMeter: IP: 10.0.1.36 Name: lib-jeb228-maclap.local FullName: 10.0.1.36
2017-07-24 20:49:16,764 INFO o.a.j.s.FileServer: Default base='/Users/jeb228/Development/DataDistributionAPI/testing/tests_and_results/OrganizationResearchAreas/_results'
2017-07-24 20:49:16,764 INFO o.a.j.s.FileServer: Set new base='/Users/jeb228/Development/DataDistributionAPI/testing/tests_and_results/OrganizationResearchAreas'
2017-07-24 20:49:16,845 INFO o.a.j.s.SaveService: Testplan (JMX) version: 2.2. Testlog (JTL) version: 2.2
2017-07-24 20:49:16,855 INFO o.a.j.s.SaveService: Using SaveService properties file encoding UTF-8
2017-07-24 20:49:16,866 INFO o.a.j.s.SaveService: Using SaveService properties version 3.2
2017-07-24 20:49:16,872 INFO o.a.j.s.SaveService: Loading file: /Users/jeb228/Development/DataDistributionAPI/testing/tests_and_results/OrganizationResearchAreas/OrganizationResearchAreas.jmx
2017-07-24 20:49:16,907 INFO o.a.j.p.h.s.HTTPSamplerBase: Parser for text/html is org.apache.jmeter.protocol.http.parser.LagartoBasedHtmlParser
2017-07-24 20:49:16,907 INFO o.a.j.p.h.s.HTTPSamplerBase: Parser for application/xhtml+xml is org.apache.jmeter.protocol.http.parser.LagartoBasedHtmlParser
2017-07-24 20:49:16,907 INFO o.a.j.p.h.s.HTTPSamplerBase: Parser for application/xml is org.apache.jmeter.protocol.http.parser.LagartoBasedHtmlParser
2017-07-24 20:49:16,907 INFO o.a.j.p.h.s.HTTPSamplerBase: Parser for text/xml is org.apache.jmeter.protocol.http.parser.LagartoBasedHtmlParser
2017-07-24 20:49:16,907 INFO o.a.j.p.h.s.HTTPSamplerBase: Parser for text/vnd.wap.wml is org.apache.jmeter.protocol.http.parser.RegexpHTMLParser
2017-07-24 20:49:16,907 INFO o.a.j.p.h.s.HTTPSamplerBase: Parser for text/css is org.apache.jmeter.protocol.http.parser.CssParser
2017-07-24 20:49:16,914 INFO o.a.j.JMeter: Creating summariser <summary>
2017-07-24 20:49:16,921 INFO o.a.j.e.StandardJMeterEngine: Running the test!
2017-07-24 20:49:16,922 INFO o.a.j.s.SampleEvent: List of sample_variables: [LABEL]
2017-07-24 20:49:16,922 INFO o.a.j.s.SampleEvent: List of sample_variables: [LABEL]
2017-07-24 20:49:16,925 INFO o.a.j.e.u.CompoundVariable: Note: Function class names must contain the string: '.functions.'
2017-07-24 20:49:16,925 INFO o.a.j.e.u.CompoundVariable: Note: Function class names must not contain the string: '.gui.'
2017-07-24 20:49:17,158 INFO o.a.j.JMeter: Running test (1500943757158)
2017-07-24 20:49:17,191 INFO o.a.j.e.StandardJMeterEngine: Starting ThreadGroup: 1 : The thread Group
2017-07-24 20:49:17,191 INFO o.a.j.e.StandardJMeterEngine: Starting 1 threads for group The thread Group.
2017-07-24 20:49:17,191 INFO o.a.j.e.StandardJMeterEngine: Thread will continue on error
2017-07-24 20:49:17,191 INFO o.a.j.t.ThreadGroup: Starting thread group... number=1 threads=1 ramp-up=1 perThread=1000.0 delayedStart=false
2017-07-24 20:49:17,194 INFO o.a.j.t.ThreadGroup: Started thread group number 1
2017-07-24 20:49:17,194 INFO o.a.j.e.StandardJMeterEngine: All thread groups have been started
2017-07-24 20:49:17,281 INFO o.a.j.t.JMeterThread: Thread started: The thread Group 1-1
2017-07-24 20:49:17,284 INFO o.a.j.s.FileServer: Stored: /Users/jeb228/Development/DataDistributionAPI/testing/tests_and_results/OrganizationResearchAreas/OrganizationUris.csv
2017-07-24 20:49:17,296 INFO o.a.j.p.h.s.HTTPHCAbstractImpl: Local host = lib-jeb228-maclap.local
2017-07-24 20:49:17,299 INFO o.a.j.p.h.s.HTTPHC4Impl: HTTP request retry count = 0
2017-07-24 20:49:17,304 INFO o.a.j.s.SampleResult: Note: Sample TimeStamps are START times
2017-07-24 20:49:17,304 INFO o.a.j.s.SampleResult: sampleresult.default.encoding is set to ISO-8859-1
2017-07-24 20:49:17,304 INFO o.a.j.s.SampleResult: sampleresult.useNanoTime=true
2017-07-24 20:49:17,304 INFO o.a.j.s.SampleResult: sampleresult.nanoThreadSleep=5000
2017-07-24 20:50:01,206 INFO o.a.j.r.Summariser: summary +      2 in 00:00:44 =    0.0/s Avg: 21942 Min: 21800 Max: 22085 Err:     0 (0.00%) Active: 1 Started: 1 Finished: 0
2017-07-24 20:52:32,791 INFO o.a.j.r.Summariser: summary +      7 in 00:02:32 =    0.0/s Avg: 21654 Min: 21340 Max: 22456 Err:     0 (0.00%) Active: 1 Started: 1 Finished: 0
2017-07-24 20:52:32,791 INFO o.a.j.r.Summariser: summary =      9 in 00:03:16 =    0.0/s Avg: 21718 Min: 21340 Max: 22456 Err:     0 (0.00%)
2017-07-24 20:55:03,350 INFO o.a.j.r.Summariser: summary +      8 in 00:02:31 =    0.1/s Avg: 18819 Min:   205 Max: 21576 Err:     0 (0.00%) Active: 1 Started: 1 Finished: 0
2017-07-24 20:55:03,350 INFO o.a.j.r.Summariser: summary =     17 in 00:05:46 =    0.0/s Avg: 20353 Min:   205 Max: 22456 Err:     0 (0.00%)
2017-07-24 20:57:34,714 INFO o.a.j.r.Summariser: summary +      8 in 00:02:31 =    0.1/s Avg: 18919 Min:   201 Max: 21742 Err:     0 (0.00%) Active: 1 Started: 1 Finished: 0
2017-07-24 20:57:34,714 INFO o.a.j.r.Summariser: summary =     25 in 00:08:18 =    0.1/s Avg: 19894 Min:   201 Max: 22456 Err:     0 (0.00%)
2017-07-24 20:59:00,621 INFO o.a.j.r.Summariser: summary +      4 in 00:01:26 =    0.0/s Avg: 21476 Min: 21360 Max: 21567 Err:     0 (0.00%) Active: 1 Started: 1 Finished: 0
2017-07-24 20:59:00,621 INFO o.a.j.r.Summariser: summary =     29 in 00:09:43 =    0.0/s Avg: 20113 Min:   201 Max: 22456 Err:     0 (0.00%)
2017-07-24 21:00:05,502 INFO o.a.j.r.Summariser: summary +      4 in 00:01:05 =    0.1/s Avg: 16219 Min:   193 Max: 21669 Err:     0 (0.00%) Active: 1 Started: 1 Finished: 0
2017-07-24 21:00:05,503 INFO o.a.j.r.Summariser: summary =     33 in 00:10:48 =    0.1/s Avg: 19641 Min:   193 Max: 22456 Err:     0 (0.00%)
2017-07-24 21:01:31,430 INFO o.a.j.r.Summariser: summary +      4 in 00:01:26 =    0.0/s Avg: 21481 Min: 21372 Max: 21594 Err:     0 (0.00%) Active: 1 Started: 1 Finished: 0
2017-07-24 21:01:31,430 INFO o.a.j.r.Summariser: summary =     37 in 00:12:14 =    0.1/s Avg: 19840 Min:   193 Max: 22456 Err:     0 (0.00%)
2017-07-24 21:04:02,591 INFO o.a.j.r.Summariser: summary +      8 in 00:02:31 =    0.1/s Avg: 18894 Min:   203 Max: 21726 Err:     0 (0.00%) Active: 1 Started: 1 Finished: 0
2017-07-24 21:04:02,591 INFO o.a.j.r.Summariser: summary =     45 in 00:14:45 =    0.1/s Avg: 19671 Min:   193 Max: 22456 Err:     0 (0.00%)
2017-07-24 21:06:33,281 INFO o.a.j.r.Summariser: summary +      8 in 00:02:31 =    0.1/s Avg: 18835 Min:   200 Max: 21624 Err:     0 (0.00%) Active: 1 Started: 1 Finished: 0
2017-07-24 21:06:33,282 INFO o.a.j.r.Summariser: summary =     53 in 00:17:16 =    0.1/s Avg: 19545 Min:   193 Max: 22456 Err:     0 (0.00%)
2017-07-24 21:09:04,227 INFO o.a.j.r.Summariser: summary +      8 in 00:02:31 =    0.1/s Avg: 18867 Min:   203 Max: 21602 Err:     0 (0.00%) Active: 1 Started: 1 Finished: 0
2017-07-24 21:09:04,227 INFO o.a.j.r.Summariser: summary =     61 in 00:19:47 =    0.1/s Avg: 19456 Min:   193 Max: 22456 Err:     0 (0.00%)
2017-07-24 21:10:30,528 INFO o.a.j.r.Summariser: summary +      4 in 00:01:26 =    0.0/s Avg: 21574 Min: 21470 Max: 21682 Err:     0 (0.00%) Active: 1 Started: 1 Finished: 0
2017-07-24 21:10:30,529 INFO o.a.j.r.Summariser: summary =     65 in 00:21:13 =    0.1/s Avg: 19587 Min:   193 Max: 22456 Err:     0 (0.00%)
2017-07-24 21:11:35,206 INFO o.a.j.r.Summariser: summary +      3 in 00:01:05 =    0.0/s Avg: 21558 Min: 21539 Max: 21594 Err:     0 (0.00%) Active: 1 Started: 1 Finished: 0
2017-07-24 21:11:35,206 INFO o.a.j.r.Summariser: summary =     68 in 00:22:18 =    0.1/s Avg: 19673 Min:   193 Max: 22456 Err:     0 (0.00%)
2017-07-24 21:13:01,799 INFO o.a.j.r.Summariser: summary +      5 in 00:01:27 =    0.1/s Avg: 17317 Min:   202 Max: 21705 Err:     0 (0.00%) Active: 1 Started: 1 Finished: 0
2017-07-24 21:13:01,799 INFO o.a.j.r.Summariser: summary =     73 in 00:23:45 =    0.1/s Avg: 19512 Min:   193 Max: 22456 Err:     0 (0.00%)
2017-07-24 21:15:32,823 INFO o.a.j.r.Summariser: summary +      8 in 00:02:31 =    0.1/s Avg: 18877 Min:   200 Max: 21627 Err:     0 (0.00%) Active: 1 Started: 1 Finished: 0
2017-07-24 21:15:32,823 INFO o.a.j.r.Summariser: summary =     81 in 00:26:16 =    0.1/s Avg: 19449 Min:   193 Max: 22456 Err:     0 (0.00%)
2017-07-24 21:18:03,633 INFO o.a.j.r.Summariser: summary +      7 in 00:02:31 =    0.0/s Avg: 21543 Min: 21429 Max: 21649 Err:     0 (0.00%) Active: 1 Started: 1 Finished: 0
2017-07-24 21:18:03,633 INFO o.a.j.r.Summariser: summary =     88 in 00:28:46 =    0.1/s Avg: 19616 Min:   193 Max: 22456 Err:     0 (0.00%)
2017-07-24 21:19:30,102 INFO o.a.j.r.Summariser: summary +      5 in 00:01:26 =    0.1/s Avg: 17293 Min:   188 Max: 21796 Err:     0 (0.00%) Active: 1 Started: 1 Finished: 0
2017-07-24 21:19:30,102 INFO o.a.j.r.Summariser: summary =     93 in 00:30:13 =    0.1/s Avg: 19491 Min:   188 Max: 22456 Err:     0 (0.00%)
2017-07-24 21:20:34,675 INFO o.a.j.r.Summariser: summary +      3 in 00:01:05 =    0.0/s Avg: 21523 Min: 21479 Max: 21562 Err:     0 (0.00%) Active: 1 Started: 1 Finished: 0
2017-07-24 21:20:34,675 INFO o.a.j.r.Summariser: summary =     96 in 00:31:18 =    0.1/s Avg: 19555 Min:   188 Max: 22456 Err:     0 (0.00%)
2017-07-24 21:21:39,336 INFO o.a.j.t.JMeterThread: Thread is done: The thread Group 1-1
2017-07-24 21:21:39,336 INFO o.a.j.t.JMeterThread: Thread finished: The thread Group 1-1
2017-07-24 21:21:39,337 INFO o.a.j.e.StandardJMeterEngine: Notifying test listeners of end of test
2017-07-24 21:21:39,337 INFO o.a.j.s.FileServer: Close: /Users/jeb228/Development/DataDistributionAPI/testing/tests_and_results/OrganizationResearchAreas/OrganizationUris.csv
2017-07-24 21:21:39,338 INFO o.a.j.r.Summariser: summary +      4 in 00:01:05 =    0.1/s Avg: 16164 Min:   203 Max: 21609 Err:     0 (0.00%) Active: 0 Started: 1 Finished: 1
2017-07-24 21:21:39,338 INFO o.a.j.r.Summariser: summary =    100 in 00:32:22 =    0.1/s Avg: 19419 Min:   188 Max: 22456 Err:     0 (0.00%)
