2017-08-08 22:37:49,004 INFO o.a.j.u.JMeterUtils: Setting Locale to en_US
2017-08-08 22:37:49,013 INFO o.a.j.JMeter: Loading user properties from: /Users/jeb228/Software/forMac/JMeter/apache-jmeter-3.2/bin/user.properties
2017-08-08 22:37:49,013 INFO o.a.j.JMeter: Loading system properties from: /Users/jeb228/Software/forMac/JMeter/apache-jmeter-3.2/bin/system.properties
2017-08-08 22:37:49,014 INFO o.a.j.JMeter: Setting JMeter property: dir.base=/Users/jeb228/Development/DataDistributionAPI/testing/tests_and_results/DepartmentWordCloud/_results
2017-08-08 22:37:49,014 INFO o.a.j.JMeter: Setting JMeter property: dir.output=/Users/jeb228/Development/DataDistributionAPI/testing/tests_and_results/DepartmentWordCloud/_results/vivo_dwc_drill_2
2017-08-08 22:37:49,014 INFO o.a.j.JMeter: Setting JMeter property: context.path=vivo
2017-08-08 22:37:49,014 INFO o.a.j.JMeter: Setting JMeter property: action.name=dwc_drill
2017-08-08 22:37:49,014 INFO o.a.j.JMeter: Setting JMeter property: file.uris=/Users/jeb228/Development/DataDistributionAPI/testing/tests_and_results/DepartmentWordCloud/DepartmentUris.csv
2017-08-08 22:37:49,014 INFO o.a.j.JMeter: Setting JMeter property: sample_variables=LABEL
2017-08-08 22:37:49,018 INFO o.a.j.JMeter: Copyright (c) 1998-2017 The Apache Software Foundation
2017-08-08 22:37:49,018 INFO o.a.j.JMeter: Version 3.2 r1790748
2017-08-08 22:37:49,018 INFO o.a.j.JMeter: java.version=1.8.0_131
2017-08-08 22:37:49,018 INFO o.a.j.JMeter: java.vm.name=Java HotSpot(TM) 64-Bit Server VM
2017-08-08 22:37:49,018 INFO o.a.j.JMeter: os.name=Mac OS X
2017-08-08 22:37:49,018 INFO o.a.j.JMeter: os.arch=x86_64
2017-08-08 22:37:49,018 INFO o.a.j.JMeter: os.version=10.12.6
2017-08-08 22:37:49,018 INFO o.a.j.JMeter: file.encoding=UTF-8
2017-08-08 22:37:49,018 INFO o.a.j.JMeter: Max memory     =536870912
2017-08-08 22:37:49,018 INFO o.a.j.JMeter: Available Processors =4
2017-08-08 22:37:49,021 INFO o.a.j.JMeter: Default Locale=English (United States)
2017-08-08 22:37:49,021 INFO o.a.j.JMeter: JMeter  Locale=English (United States)
2017-08-08 22:37:49,021 INFO o.a.j.JMeter: JMeterHome=/Users/jeb228/Software/forMac/JMeter/apache-jmeter-3.2
2017-08-08 22:37:49,021 INFO o.a.j.JMeter: user.dir  =/Users/jeb228/Development/DataDistributionAPI/testing/tests_and_results/DepartmentWordCloud/_results
2017-08-08 22:37:49,021 INFO o.a.j.JMeter: PWD       =/Users/jeb228/Development/DataDistributionAPI/testing/tests_and_results/DepartmentWordCloud/_results
2017-08-08 22:37:49,028 INFO o.a.j.JMeter: IP: 10.0.1.38 Name: lib-jeb228-maclap.local FullName: 10.0.1.38
2017-08-08 22:37:49,031 INFO o.a.j.s.FileServer: Default base='/Users/jeb228/Development/DataDistributionAPI/testing/tests_and_results/DepartmentWordCloud/_results'
2017-08-08 22:37:49,031 INFO o.a.j.s.FileServer: Set new base='/Users/jeb228/Development/DataDistributionAPI/testing/tests_and_results/DepartmentWordCloud'
2017-08-08 22:37:49,116 INFO o.a.j.s.SaveService: Testplan (JMX) version: 2.2. Testlog (JTL) version: 2.2
2017-08-08 22:37:49,126 INFO o.a.j.s.SaveService: Using SaveService properties file encoding UTF-8
2017-08-08 22:37:49,142 INFO o.a.j.s.SaveService: Using SaveService properties version 3.2
2017-08-08 22:37:49,146 INFO o.a.j.s.SaveService: Loading file: /Users/jeb228/Development/DataDistributionAPI/testing/tests_and_results/DepartmentWordCloud/DepartmentWordClouds.jmx
2017-08-08 22:37:49,180 INFO o.a.j.p.h.s.HTTPSamplerBase: Parser for text/html is org.apache.jmeter.protocol.http.parser.LagartoBasedHtmlParser
2017-08-08 22:37:49,180 INFO o.a.j.p.h.s.HTTPSamplerBase: Parser for application/xhtml+xml is org.apache.jmeter.protocol.http.parser.LagartoBasedHtmlParser
2017-08-08 22:37:49,180 INFO o.a.j.p.h.s.HTTPSamplerBase: Parser for application/xml is org.apache.jmeter.protocol.http.parser.LagartoBasedHtmlParser
2017-08-08 22:37:49,181 INFO o.a.j.p.h.s.HTTPSamplerBase: Parser for text/xml is org.apache.jmeter.protocol.http.parser.LagartoBasedHtmlParser
2017-08-08 22:37:49,181 INFO o.a.j.p.h.s.HTTPSamplerBase: Parser for text/vnd.wap.wml is org.apache.jmeter.protocol.http.parser.RegexpHTMLParser
2017-08-08 22:37:49,181 INFO o.a.j.p.h.s.HTTPSamplerBase: Parser for text/css is org.apache.jmeter.protocol.http.parser.CssParser
2017-08-08 22:37:49,188 INFO o.a.j.JMeter: Creating summariser <summary>
2017-08-08 22:37:49,195 INFO o.a.j.e.StandardJMeterEngine: Running the test!
2017-08-08 22:37:49,195 INFO o.a.j.s.SampleEvent: List of sample_variables: [LABEL]
2017-08-08 22:37:49,195 INFO o.a.j.s.SampleEvent: List of sample_variables: [LABEL]
2017-08-08 22:37:49,198 INFO o.a.j.e.u.CompoundVariable: Note: Function class names must contain the string: '.functions.'
2017-08-08 22:37:49,198 INFO o.a.j.e.u.CompoundVariable: Note: Function class names must not contain the string: '.gui.'
2017-08-08 22:37:49,432 INFO o.a.j.JMeter: Running test (1502246269432)
2017-08-08 22:37:49,465 INFO o.a.j.e.StandardJMeterEngine: Starting ThreadGroup: 1 : The thread Group
2017-08-08 22:37:49,465 INFO o.a.j.e.StandardJMeterEngine: Starting 1 threads for group The thread Group.
2017-08-08 22:37:49,465 INFO o.a.j.e.StandardJMeterEngine: Thread will continue on error
2017-08-08 22:37:49,466 INFO o.a.j.t.ThreadGroup: Starting thread group... number=1 threads=1 ramp-up=1 perThread=1000.0 delayedStart=false
2017-08-08 22:37:49,469 INFO o.a.j.t.ThreadGroup: Started thread group number 1
2017-08-08 22:37:49,469 INFO o.a.j.e.StandardJMeterEngine: All thread groups have been started
2017-08-08 22:37:49,552 INFO o.a.j.t.JMeterThread: Thread started: The thread Group 1-1
2017-08-08 22:37:49,555 INFO o.a.j.s.FileServer: Stored: /Users/jeb228/Development/DataDistributionAPI/testing/tests_and_results/DepartmentWordCloud/DepartmentUris.csv
2017-08-08 22:37:49,566 INFO o.a.j.p.h.s.HTTPHCAbstractImpl: Local host = lib-jeb228-maclap.local
2017-08-08 22:37:49,569 INFO o.a.j.p.h.s.HTTPHC4Impl: HTTP request retry count = 0
2017-08-08 22:37:49,574 INFO o.a.j.s.SampleResult: Note: Sample TimeStamps are START times
2017-08-08 22:37:49,574 INFO o.a.j.s.SampleResult: sampleresult.default.encoding is set to ISO-8859-1
2017-08-08 22:37:49,574 INFO o.a.j.s.SampleResult: sampleresult.useNanoTime=true
2017-08-08 22:37:49,574 INFO o.a.j.s.SampleResult: sampleresult.nanoThreadSleep=5000
2017-08-08 22:38:00,194 INFO o.a.j.r.Summariser: summary +      9 in 00:00:11 =    0.8/s Avg:  1177 Min:   567 Max:  2996 Err:     0 (0.00%) Active: 1 Started: 1 Finished: 0
2017-08-08 22:38:30,557 INFO o.a.j.r.Summariser: summary +     25 in 00:00:30 =    0.8/s Avg:  1214 Min:   571 Max:  3309 Err:     0 (0.00%) Active: 1 Started: 1 Finished: 0
2017-08-08 22:38:30,558 INFO o.a.j.r.Summariser: summary =     34 in 00:00:41 =    0.8/s Avg:  1204 Min:   567 Max:  3309 Err:     0 (0.00%)
2017-08-08 22:39:00,276 INFO o.a.j.r.Summariser: summary +     26 in 00:00:30 =    0.9/s Avg:  1142 Min:   585 Max:  3275 Err:     0 (0.00%) Active: 1 Started: 1 Finished: 0
2017-08-08 22:39:00,276 INFO o.a.j.r.Summariser: summary =     60 in 00:01:11 =    0.8/s Avg:  1177 Min:   567 Max:  3309 Err:     0 (0.00%)
2017-08-08 22:39:30,004 INFO o.a.j.r.Summariser: summary +     22 in 00:00:30 =    0.7/s Avg:  1350 Min:   589 Max:  3503 Err:     0 (0.00%) Active: 1 Started: 1 Finished: 0
2017-08-08 22:39:30,004 INFO o.a.j.r.Summariser: summary =     82 in 00:01:41 =    0.8/s Avg:  1224 Min:   567 Max:  3503 Err:     0 (0.00%)
2017-08-08 22:39:48,267 INFO o.a.j.t.JMeterThread: Thread is done: The thread Group 1-1
2017-08-08 22:39:48,267 INFO o.a.j.t.JMeterThread: Thread finished: The thread Group 1-1
2017-08-08 22:39:48,268 INFO o.a.j.e.StandardJMeterEngine: Notifying test listeners of end of test
2017-08-08 22:39:48,268 INFO o.a.j.s.FileServer: Close: /Users/jeb228/Development/DataDistributionAPI/testing/tests_and_results/DepartmentWordCloud/DepartmentUris.csv
2017-08-08 22:39:48,268 INFO o.a.j.r.Summariser: summary +     18 in 00:00:18 =    1.0/s Avg:  1013 Min:   588 Max:  2934 Err:     0 (0.00%) Active: 0 Started: 1 Finished: 1
2017-08-08 22:39:48,269 INFO o.a.j.r.Summariser: summary =    100 in 00:01:59 =    0.8/s Avg:  1186 Min:   567 Max:  3503 Err:     0 (0.00%)
