2017-07-25 08:37:23,790 INFO o.a.j.u.JMeterUtils: Setting Locale to en_US
2017-07-25 08:37:23,800 INFO o.a.j.JMeter: Loading user properties from: /Users/jeb228/Software/forMac/JMeter/apache-jmeter-3.2/bin/user.properties
2017-07-25 08:37:23,801 INFO o.a.j.JMeter: Loading system properties from: /Users/jeb228/Software/forMac/JMeter/apache-jmeter-3.2/bin/system.properties
2017-07-25 08:37:23,801 INFO o.a.j.JMeter: Setting JMeter property: dir.base=/Users/jeb228/Development/DataDistributionAPI/testing/tests_and_results/DepartmentWordCloud/_results
2017-07-25 08:37:23,801 INFO o.a.j.JMeter: Setting JMeter property: dir.output=/Users/jeb228/Development/DataDistributionAPI/testing/tests_and_results/DepartmentWordCloud/_results/scholars_dwc_deeper_1
2017-07-25 08:37:23,801 INFO o.a.j.JMeter: Setting JMeter property: context.path=scholars
2017-07-25 08:37:23,801 INFO o.a.j.JMeter: Setting JMeter property: action.name=dwc_deeper
2017-07-25 08:37:23,801 INFO o.a.j.JMeter: Setting JMeter property: file.uris=/Users/jeb228/Development/DataDistributionAPI/testing/tests_and_results/DepartmentWordCloud/DepartmentUris.csv
2017-07-25 08:37:23,801 INFO o.a.j.JMeter: Setting JMeter property: sample_variables=LABEL
2017-07-25 08:37:23,805 INFO o.a.j.JMeter: Copyright (c) 1998-2017 The Apache Software Foundation
2017-07-25 08:37:23,805 INFO o.a.j.JMeter: Version 3.2 r1790748
2017-07-25 08:37:23,805 INFO o.a.j.JMeter: java.version=1.8.0_131
2017-07-25 08:37:23,805 INFO o.a.j.JMeter: java.vm.name=Java HotSpot(TM) 64-Bit Server VM
2017-07-25 08:37:23,805 INFO o.a.j.JMeter: os.name=Mac OS X
2017-07-25 08:37:23,805 INFO o.a.j.JMeter: os.arch=x86_64
2017-07-25 08:37:23,805 INFO o.a.j.JMeter: os.version=10.12.6
2017-07-25 08:37:23,805 INFO o.a.j.JMeter: file.encoding=UTF-8
2017-07-25 08:37:23,805 INFO o.a.j.JMeter: Max memory     =536870912
2017-07-25 08:37:23,805 INFO o.a.j.JMeter: Available Processors =4
2017-07-25 08:37:23,808 INFO o.a.j.JMeter: Default Locale=English (United States)
2017-07-25 08:37:23,808 INFO o.a.j.JMeter: JMeter  Locale=English (United States)
2017-07-25 08:37:23,808 INFO o.a.j.JMeter: JMeterHome=/Users/jeb228/Software/forMac/JMeter/apache-jmeter-3.2
2017-07-25 08:37:23,808 INFO o.a.j.JMeter: user.dir  =/Users/jeb228/Development/DataDistributionAPI/testing/tests_and_results/DepartmentWordCloud/_results
2017-07-25 08:37:23,808 INFO o.a.j.JMeter: PWD       =/Users/jeb228/Development/DataDistributionAPI/testing/tests_and_results/DepartmentWordCloud/_results
2017-07-25 08:37:23,814 INFO o.a.j.JMeter: IP: 10.0.1.36 Name: lib-jeb228-maclap.local FullName: 10.0.1.36
2017-07-25 08:37:23,817 INFO o.a.j.s.FileServer: Default base='/Users/jeb228/Development/DataDistributionAPI/testing/tests_and_results/DepartmentWordCloud/_results'
2017-07-25 08:37:23,818 INFO o.a.j.s.FileServer: Set new base='/Users/jeb228/Development/DataDistributionAPI/testing/tests_and_results/DepartmentWordCloud'
2017-07-25 08:37:23,903 INFO o.a.j.s.SaveService: Testplan (JMX) version: 2.2. Testlog (JTL) version: 2.2
2017-07-25 08:37:23,913 INFO o.a.j.s.SaveService: Using SaveService properties file encoding UTF-8
2017-07-25 08:37:23,916 INFO o.a.j.s.SaveService: Using SaveService properties version 3.2
2017-07-25 08:37:23,929 INFO o.a.j.s.SaveService: Loading file: /Users/jeb228/Development/DataDistributionAPI/testing/tests_and_results/DepartmentWordCloud/DepartmentWordClouds.jmx
2017-07-25 08:37:23,962 INFO o.a.j.p.h.s.HTTPSamplerBase: Parser for text/html is org.apache.jmeter.protocol.http.parser.LagartoBasedHtmlParser
2017-07-25 08:37:23,962 INFO o.a.j.p.h.s.HTTPSamplerBase: Parser for application/xhtml+xml is org.apache.jmeter.protocol.http.parser.LagartoBasedHtmlParser
2017-07-25 08:37:23,962 INFO o.a.j.p.h.s.HTTPSamplerBase: Parser for application/xml is org.apache.jmeter.protocol.http.parser.LagartoBasedHtmlParser
2017-07-25 08:37:23,962 INFO o.a.j.p.h.s.HTTPSamplerBase: Parser for text/xml is org.apache.jmeter.protocol.http.parser.LagartoBasedHtmlParser
2017-07-25 08:37:23,963 INFO o.a.j.p.h.s.HTTPSamplerBase: Parser for text/vnd.wap.wml is org.apache.jmeter.protocol.http.parser.RegexpHTMLParser
2017-07-25 08:37:23,963 INFO o.a.j.p.h.s.HTTPSamplerBase: Parser for text/css is org.apache.jmeter.protocol.http.parser.CssParser
2017-07-25 08:37:23,970 INFO o.a.j.JMeter: Creating summariser <summary>
2017-07-25 08:37:23,977 INFO o.a.j.e.StandardJMeterEngine: Running the test!
2017-07-25 08:37:23,977 INFO o.a.j.s.SampleEvent: List of sample_variables: [LABEL]
2017-07-25 08:37:23,978 INFO o.a.j.s.SampleEvent: List of sample_variables: [LABEL]
2017-07-25 08:37:23,981 INFO o.a.j.e.u.CompoundVariable: Note: Function class names must contain the string: '.functions.'
2017-07-25 08:37:23,981 INFO o.a.j.e.u.CompoundVariable: Note: Function class names must not contain the string: '.gui.'
2017-07-25 08:37:24,224 INFO o.a.j.JMeter: Running test (1500986244224)
2017-07-25 08:37:24,265 INFO o.a.j.e.StandardJMeterEngine: Starting ThreadGroup: 1 : The thread Group
2017-07-25 08:37:24,265 INFO o.a.j.e.StandardJMeterEngine: Starting 1 threads for group The thread Group.
2017-07-25 08:37:24,265 INFO o.a.j.e.StandardJMeterEngine: Thread will continue on error
2017-07-25 08:37:24,266 INFO o.a.j.t.ThreadGroup: Starting thread group... number=1 threads=1 ramp-up=1 perThread=1000.0 delayedStart=false
2017-07-25 08:37:24,270 INFO o.a.j.t.ThreadGroup: Started thread group number 1
2017-07-25 08:37:24,270 INFO o.a.j.e.StandardJMeterEngine: All thread groups have been started
2017-07-25 08:37:24,462 INFO o.a.j.t.JMeterThread: Thread started: The thread Group 1-1
2017-07-25 08:37:24,467 INFO o.a.j.s.FileServer: Stored: /Users/jeb228/Development/DataDistributionAPI/testing/tests_and_results/DepartmentWordCloud/DepartmentUris.csv
2017-07-25 08:37:24,486 INFO o.a.j.p.h.s.HTTPHCAbstractImpl: Local host = lib-jeb228-maclap.local
2017-07-25 08:37:24,493 INFO o.a.j.p.h.s.HTTPHC4Impl: HTTP request retry count = 0
2017-07-25 08:37:24,498 INFO o.a.j.s.SampleResult: Note: Sample TimeStamps are START times
2017-07-25 08:37:24,498 INFO o.a.j.s.SampleResult: sampleresult.default.encoding is set to ISO-8859-1
2017-07-25 08:37:24,498 INFO o.a.j.s.SampleResult: sampleresult.useNanoTime=true
2017-07-25 08:37:24,499 INFO o.a.j.s.SampleResult: sampleresult.nanoThreadSleep=5000
2017-07-25 08:37:31,962 INFO o.a.j.r.Summariser: summary +      2 in 00:00:08 =    0.3/s Avg:  3718 Min:  3305 Max:  4132 Err:     0 (0.00%) Active: 1 Started: 1 Finished: 0
2017-07-25 08:38:00,881 INFO o.a.j.r.Summariser: summary +     10 in 00:00:29 =    0.3/s Avg:  2891 Min:   389 Max:  4332 Err:     0 (0.00%) Active: 1 Started: 1 Finished: 0
2017-07-25 08:38:00,881 INFO o.a.j.r.Summariser: summary =     12 in 00:00:37 =    0.3/s Avg:  3029 Min:   389 Max:  4332 Err:     0 (0.00%)
2017-07-25 08:38:32,591 INFO o.a.j.r.Summariser: summary +     10 in 00:00:32 =    0.3/s Avg:  3170 Min:   431 Max:  4784 Err:     0 (0.00%) Active: 1 Started: 1 Finished: 0
2017-07-25 08:38:32,592 INFO o.a.j.r.Summariser: summary =     22 in 00:01:08 =    0.3/s Avg:  3093 Min:   389 Max:  4784 Err:     0 (0.00%)
2017-07-25 08:39:01,065 INFO o.a.j.r.Summariser: summary +     10 in 00:00:28 =    0.4/s Avg:  2846 Min:   387 Max:  4215 Err:     0 (0.00%) Active: 1 Started: 1 Finished: 0
2017-07-25 08:39:01,065 INFO o.a.j.r.Summariser: summary =     32 in 00:01:37 =    0.3/s Avg:  3016 Min:   387 Max:  4784 Err:     0 (0.00%)
2017-07-25 08:39:30,566 INFO o.a.j.r.Summariser: summary +     10 in 00:00:30 =    0.3/s Avg:  2949 Min:   382 Max:  4710 Err:     0 (0.00%) Active: 1 Started: 1 Finished: 0
2017-07-25 08:39:30,567 INFO o.a.j.r.Summariser: summary =     42 in 00:02:06 =    0.3/s Avg:  3000 Min:   382 Max:  4784 Err:     0 (0.00%)
2017-07-25 08:40:04,015 INFO o.a.j.r.Summariser: summary +     10 in 00:00:33 =    0.3/s Avg:  3344 Min:   429 Max:  4758 Err:     0 (0.00%) Active: 1 Started: 1 Finished: 0
2017-07-25 08:40:04,015 INFO o.a.j.r.Summariser: summary =     52 in 00:02:40 =    0.3/s Avg:  3066 Min:   382 Max:  4784 Err:     0 (0.00%)
2017-07-25 08:40:32,571 INFO o.a.j.r.Summariser: summary +     10 in 00:00:29 =    0.4/s Avg:  2855 Min:   395 Max:  4198 Err:     0 (0.00%) Active: 1 Started: 1 Finished: 0
2017-07-25 08:40:32,571 INFO o.a.j.r.Summariser: summary =     62 in 00:03:08 =    0.3/s Avg:  3032 Min:   382 Max:  4784 Err:     0 (0.00%)
2017-07-25 08:41:01,019 INFO o.a.j.r.Summariser: summary +     10 in 00:00:28 =    0.4/s Avg:  2844 Min:   384 Max:  4220 Err:     0 (0.00%) Active: 1 Started: 1 Finished: 0
2017-07-25 08:41:01,020 INFO o.a.j.r.Summariser: summary =     72 in 00:03:37 =    0.3/s Avg:  3006 Min:   382 Max:  4784 Err:     0 (0.00%)
2017-07-25 08:41:32,458 INFO o.a.j.r.Summariser: summary +     11 in 00:00:31 =    0.3/s Avg:  2857 Min:   393 Max:  4220 Err:     0 (0.00%) Active: 1 Started: 1 Finished: 0
2017-07-25 08:41:32,458 INFO o.a.j.r.Summariser: summary =     83 in 00:04:08 =    0.3/s Avg:  2986 Min:   382 Max:  4784 Err:     0 (0.00%)
2017-07-25 08:42:01,230 INFO o.a.j.r.Summariser: summary +     10 in 00:00:29 =    0.3/s Avg:  2876 Min:   382 Max:  4511 Err:     0 (0.00%) Active: 1 Started: 1 Finished: 0
2017-07-25 08:42:01,230 INFO o.a.j.r.Summariser: summary =     93 in 00:04:37 =    0.3/s Avg:  2974 Min:   382 Max:  4784 Err:     0 (0.00%)
2017-07-25 08:42:19,914 INFO o.a.j.t.JMeterThread: Thread is done: The thread Group 1-1
2017-07-25 08:42:19,914 INFO o.a.j.t.JMeterThread: Thread finished: The thread Group 1-1
2017-07-25 08:42:19,915 INFO o.a.j.e.StandardJMeterEngine: Notifying test listeners of end of test
2017-07-25 08:42:19,915 INFO o.a.j.s.FileServer: Close: /Users/jeb228/Development/DataDistributionAPI/testing/tests_and_results/DepartmentWordCloud/DepartmentUris.csv
2017-07-25 08:42:19,916 INFO o.a.j.r.Summariser: summary +      7 in 00:00:19 =    0.4/s Avg:  2669 Min:   389 Max:  4245 Err:     0 (0.00%) Active: 0 Started: 1 Finished: 1
2017-07-25 08:42:19,916 INFO o.a.j.r.Summariser: summary =    100 in 00:04:56 =    0.3/s Avg:  2953 Min:   382 Max:  4784 Err:     0 (0.00%)
