2017-07-26 20:20:02,630 INFO o.a.j.u.JMeterUtils: Setting Locale to en_US
2017-07-26 20:20:02,642 INFO o.a.j.JMeter: Loading user properties from: /Users/jeb228/Software/forMac/JMeter/apache-jmeter-3.2/bin/user.properties
2017-07-26 20:20:02,643 INFO o.a.j.JMeter: Loading system properties from: /Users/jeb228/Software/forMac/JMeter/apache-jmeter-3.2/bin/system.properties
2017-07-26 20:20:02,643 INFO o.a.j.JMeter: Setting JMeter property: dir.base=/Users/jeb228/Development/DataDistributionAPI/testing/tests_and_results/OrganizationResearchAreas/_results
2017-07-26 20:20:02,643 INFO o.a.j.JMeter: Setting JMeter property: dir.output=/Users/jeb228/Development/DataDistributionAPI/testing/tests_and_results/OrganizationResearchAreas/_results/vivo_ora_drill_L1L2_1
2017-07-26 20:20:02,643 INFO o.a.j.JMeter: Setting JMeter property: context.path=vivo
2017-07-26 20:20:02,643 INFO o.a.j.JMeter: Setting JMeter property: action.name=ora_drill_L1L2
2017-07-26 20:20:02,644 INFO o.a.j.JMeter: Setting JMeter property: file.uris=/Users/jeb228/Development/DataDistributionAPI/testing/tests_and_results/OrganizationResearchAreas/OrganizationUris.csv
2017-07-26 20:20:02,644 INFO o.a.j.JMeter: Setting JMeter property: sample_variables=LABEL
2017-07-26 20:20:02,647 INFO o.a.j.JMeter: Copyright (c) 1998-2017 The Apache Software Foundation
2017-07-26 20:20:02,647 INFO o.a.j.JMeter: Version 3.2 r1790748
2017-07-26 20:20:02,647 INFO o.a.j.JMeter: java.version=1.8.0_131
2017-07-26 20:20:02,647 INFO o.a.j.JMeter: java.vm.name=Java HotSpot(TM) 64-Bit Server VM
2017-07-26 20:20:02,647 INFO o.a.j.JMeter: os.name=Mac OS X
2017-07-26 20:20:02,647 INFO o.a.j.JMeter: os.arch=x86_64
2017-07-26 20:20:02,647 INFO o.a.j.JMeter: os.version=10.12.6
2017-07-26 20:20:02,647 INFO o.a.j.JMeter: file.encoding=UTF-8
2017-07-26 20:20:02,647 INFO o.a.j.JMeter: Max memory     =536870912
2017-07-26 20:20:02,647 INFO o.a.j.JMeter: Available Processors =4
2017-07-26 20:20:02,650 INFO o.a.j.JMeter: Default Locale=English (United States)
2017-07-26 20:20:02,650 INFO o.a.j.JMeter: JMeter  Locale=English (United States)
2017-07-26 20:20:02,650 INFO o.a.j.JMeter: JMeterHome=/Users/jeb228/Software/forMac/JMeter/apache-jmeter-3.2
2017-07-26 20:20:02,650 INFO o.a.j.JMeter: user.dir  =/Users/jeb228/Development/DataDistributionAPI/testing/tests_and_results/OrganizationResearchAreas/_results
2017-07-26 20:20:02,650 INFO o.a.j.JMeter: PWD       =/Users/jeb228/Development/DataDistributionAPI/testing/tests_and_results/OrganizationResearchAreas/_results
2017-07-26 20:20:02,656 INFO o.a.j.JMeter: IP: 10.0.1.36 Name: lib-jeb228-maclap.local FullName: 10.0.1.36
2017-07-26 20:20:02,659 INFO o.a.j.s.FileServer: Default base='/Users/jeb228/Development/DataDistributionAPI/testing/tests_and_results/OrganizationResearchAreas/_results'
2017-07-26 20:20:02,659 INFO o.a.j.s.FileServer: Set new base='/Users/jeb228/Development/DataDistributionAPI/testing/tests_and_results/OrganizationResearchAreas'
2017-07-26 20:20:02,735 INFO o.a.j.s.SaveService: Testplan (JMX) version: 2.2. Testlog (JTL) version: 2.2
2017-07-26 20:20:02,748 INFO o.a.j.s.SaveService: Using SaveService properties file encoding UTF-8
2017-07-26 20:20:02,761 INFO o.a.j.s.SaveService: Using SaveService properties version 3.2
2017-07-26 20:20:02,766 INFO o.a.j.s.SaveService: Loading file: /Users/jeb228/Development/DataDistributionAPI/testing/tests_and_results/OrganizationResearchAreas/OrganizationResearchAreas.jmx
2017-07-26 20:20:02,800 INFO o.a.j.p.h.s.HTTPSamplerBase: Parser for text/html is org.apache.jmeter.protocol.http.parser.LagartoBasedHtmlParser
2017-07-26 20:20:02,800 INFO o.a.j.p.h.s.HTTPSamplerBase: Parser for application/xhtml+xml is org.apache.jmeter.protocol.http.parser.LagartoBasedHtmlParser
2017-07-26 20:20:02,800 INFO o.a.j.p.h.s.HTTPSamplerBase: Parser for application/xml is org.apache.jmeter.protocol.http.parser.LagartoBasedHtmlParser
2017-07-26 20:20:02,800 INFO o.a.j.p.h.s.HTTPSamplerBase: Parser for text/xml is org.apache.jmeter.protocol.http.parser.LagartoBasedHtmlParser
2017-07-26 20:20:02,800 INFO o.a.j.p.h.s.HTTPSamplerBase: Parser for text/vnd.wap.wml is org.apache.jmeter.protocol.http.parser.RegexpHTMLParser
2017-07-26 20:20:02,800 INFO o.a.j.p.h.s.HTTPSamplerBase: Parser for text/css is org.apache.jmeter.protocol.http.parser.CssParser
2017-07-26 20:20:02,807 INFO o.a.j.JMeter: Creating summariser <summary>
2017-07-26 20:20:02,814 INFO o.a.j.e.StandardJMeterEngine: Running the test!
2017-07-26 20:20:02,814 INFO o.a.j.s.SampleEvent: List of sample_variables: [LABEL]
2017-07-26 20:20:02,814 INFO o.a.j.s.SampleEvent: List of sample_variables: [LABEL]
2017-07-26 20:20:02,817 INFO o.a.j.e.u.CompoundVariable: Note: Function class names must contain the string: '.functions.'
2017-07-26 20:20:02,817 INFO o.a.j.e.u.CompoundVariable: Note: Function class names must not contain the string: '.gui.'
2017-07-26 20:20:03,054 INFO o.a.j.JMeter: Running test (1501114803054)
2017-07-26 20:20:03,092 INFO o.a.j.e.StandardJMeterEngine: Starting ThreadGroup: 1 : The thread Group
2017-07-26 20:20:03,092 INFO o.a.j.e.StandardJMeterEngine: Starting 1 threads for group The thread Group.
2017-07-26 20:20:03,092 INFO o.a.j.e.StandardJMeterEngine: Thread will continue on error
2017-07-26 20:20:03,092 INFO o.a.j.t.ThreadGroup: Starting thread group... number=1 threads=1 ramp-up=1 perThread=1000.0 delayedStart=false
2017-07-26 20:20:03,096 INFO o.a.j.t.ThreadGroup: Started thread group number 1
2017-07-26 20:20:03,096 INFO o.a.j.e.StandardJMeterEngine: All thread groups have been started
2017-07-26 20:20:03,188 INFO o.a.j.t.JMeterThread: Thread started: The thread Group 1-1
2017-07-26 20:20:03,190 INFO o.a.j.s.FileServer: Stored: /Users/jeb228/Development/DataDistributionAPI/testing/tests_and_results/OrganizationResearchAreas/OrganizationUris.csv
2017-07-26 20:20:03,202 INFO o.a.j.p.h.s.HTTPHCAbstractImpl: Local host = lib-jeb228-maclap.local
2017-07-26 20:20:03,205 INFO o.a.j.p.h.s.HTTPHC4Impl: HTTP request retry count = 0
2017-07-26 20:20:03,210 INFO o.a.j.s.SampleResult: Note: Sample TimeStamps are START times
2017-07-26 20:20:03,210 INFO o.a.j.s.SampleResult: sampleresult.default.encoding is set to ISO-8859-1
2017-07-26 20:20:03,210 INFO o.a.j.s.SampleResult: sampleresult.useNanoTime=true
2017-07-26 20:20:03,210 INFO o.a.j.s.SampleResult: sampleresult.nanoThreadSleep=5000
2017-07-26 20:20:31,877 INFO o.a.j.r.Summariser: summary +      6 in 00:00:29 =    0.2/s Avg:  4774 Min:  2051 Max: 11133 Err:     0 (0.00%) Active: 1 Started: 1 Finished: 0
2017-07-26 20:21:00,503 INFO o.a.j.r.Summariser: summary +      8 in 00:00:29 =    0.3/s Avg:  3577 Min:   462 Max: 11088 Err:     0 (0.00%) Active: 1 Started: 1 Finished: 0
2017-07-26 20:21:00,503 INFO o.a.j.r.Summariser: summary =     14 in 00:00:57 =    0.2/s Avg:  4090 Min:   462 Max: 11133 Err:     0 (0.00%)
2017-07-26 20:21:31,835 INFO o.a.j.r.Summariser: summary +      8 in 00:00:31 =    0.3/s Avg:  3915 Min:   467 Max: 11112 Err:     0 (0.00%) Active: 1 Started: 1 Finished: 0
2017-07-26 20:21:31,836 INFO o.a.j.r.Summariser: summary =     22 in 00:01:29 =    0.2/s Avg:  4027 Min:   462 Max: 11133 Err:     0 (0.00%)
2017-07-26 20:22:03,812 INFO o.a.j.r.Summariser: summary +      9 in 00:00:32 =    0.3/s Avg:  3552 Min:   461 Max: 11131 Err:     0 (0.00%) Active: 1 Started: 1 Finished: 0
2017-07-26 20:22:03,812 INFO o.a.j.r.Summariser: summary =     31 in 00:02:01 =    0.3/s Avg:  3889 Min:   461 Max: 11133 Err:     0 (0.00%)
2017-07-26 20:23:03,437 INFO o.a.j.r.Summariser: summary +     18 in 00:01:00 =    0.3/s Avg:  3312 Min:   463 Max: 11127 Err:     0 (0.00%) Active: 1 Started: 1 Finished: 0
2017-07-26 20:23:03,437 INFO o.a.j.r.Summariser: summary =     49 in 00:03:00 =    0.3/s Avg:  3677 Min:   461 Max: 11133 Err:     0 (0.00%)
2017-07-26 20:23:30,359 INFO o.a.j.r.Summariser: summary +      6 in 00:00:27 =    0.2/s Avg:  4486 Min:  2046 Max: 11131 Err:     0 (0.00%) Active: 1 Started: 1 Finished: 0
2017-07-26 20:23:30,359 INFO o.a.j.r.Summariser: summary =     55 in 00:03:27 =    0.3/s Avg:  3765 Min:   461 Max: 11133 Err:     0 (0.00%)
2017-07-26 20:24:01,349 INFO o.a.j.r.Summariser: summary +      8 in 00:00:31 =    0.3/s Avg:  3873 Min:   470 Max: 11156 Err:     0 (0.00%) Active: 1 Started: 1 Finished: 0
2017-07-26 20:24:01,349 INFO o.a.j.r.Summariser: summary =     63 in 00:03:58 =    0.3/s Avg:  3779 Min:   461 Max: 11156 Err:     0 (0.00%)
2017-07-26 20:24:30,475 INFO o.a.j.r.Summariser: summary +      8 in 00:00:29 =    0.3/s Avg:  3640 Min:   465 Max: 11157 Err:     0 (0.00%) Active: 1 Started: 1 Finished: 0
2017-07-26 20:24:30,475 INFO o.a.j.r.Summariser: summary =     71 in 00:04:27 =    0.3/s Avg:  3763 Min:   461 Max: 11157 Err:     0 (0.00%)
2017-07-26 20:25:30,005 INFO o.a.j.r.Summariser: summary +     18 in 00:01:00 =    0.3/s Avg:  3306 Min:   463 Max: 11112 Err:     0 (0.00%) Active: 1 Started: 1 Finished: 0
2017-07-26 20:25:30,005 INFO o.a.j.r.Summariser: summary =     89 in 00:05:27 =    0.3/s Avg:  3671 Min:   461 Max: 11157 Err:     0 (0.00%)
2017-07-26 20:26:01,240 INFO o.a.j.r.Summariser: summary +      7 in 00:00:31 =    0.2/s Avg:  4461 Min:  2075 Max: 11129 Err:     0 (0.00%) Active: 1 Started: 1 Finished: 0
2017-07-26 20:26:01,240 INFO o.a.j.r.Summariser: summary =     96 in 00:05:58 =    0.3/s Avg:  3728 Min:   461 Max: 11157 Err:     0 (0.00%)
2017-07-26 20:26:09,160 INFO o.a.j.t.JMeterThread: Thread is done: The thread Group 1-1
2017-07-26 20:26:09,160 INFO o.a.j.t.JMeterThread: Thread finished: The thread Group 1-1
2017-07-26 20:26:09,161 INFO o.a.j.e.StandardJMeterEngine: Notifying test listeners of end of test
2017-07-26 20:26:09,161 INFO o.a.j.s.FileServer: Close: /Users/jeb228/Development/DataDistributionAPI/testing/tests_and_results/OrganizationResearchAreas/OrganizationUris.csv
2017-07-26 20:26:09,162 INFO o.a.j.r.Summariser: summary +      4 in 00:00:08 =    0.5/s Avg:  1979 Min:   459 Max:  3442 Err:     0 (0.00%) Active: 0 Started: 1 Finished: 1
2017-07-26 20:26:09,163 INFO o.a.j.r.Summariser: summary =    100 in 00:06:06 =    0.3/s Avg:  3658 Min:   459 Max: 11157 Err:     0 (0.00%)
